ARM GAS  /tmp/cc5Lk92L.s 			page 1


   1              		.cpu cortex-m7
   2              		.eabi_attribute 27, 1
   3              		.eabi_attribute 28, 1
   4              		.eabi_attribute 20, 1
   5              		.eabi_attribute 21, 1
   6              		.eabi_attribute 23, 3
   7              		.eabi_attribute 24, 1
   8              		.eabi_attribute 25, 1
   9              		.eabi_attribute 26, 1
  10              		.eabi_attribute 30, 1
  11              		.eabi_attribute 34, 1
  12              		.eabi_attribute 18, 4
  13              		.file	"icmp.c"
  14              		.text
  15              	.Ltext0:
  16              		.cfi_sections	.debug_frame
  17              		.section	.text.icmp_send_response,"ax",%progbits
  18              		.align	1
  19              		.arch armv7e-m
  20              		.syntax unified
  21              		.thumb
  22              		.thumb_func
  23              		.fpu fpv5-sp-d16
  25              	icmp_send_response:
  26              	.LVL0:
  27              	.LFB163:
  28              		.file 1 "Middlewares/Third_Party/LwIP/src/core/ipv4/icmp.c"
   1:Middlewares/Third_Party/LwIP/src/core/ipv4/icmp.c **** /**
   2:Middlewares/Third_Party/LwIP/src/core/ipv4/icmp.c ****  * @file
   3:Middlewares/Third_Party/LwIP/src/core/ipv4/icmp.c ****  * ICMP - Internet Control Message Protocol
   4:Middlewares/Third_Party/LwIP/src/core/ipv4/icmp.c ****  *
   5:Middlewares/Third_Party/LwIP/src/core/ipv4/icmp.c ****  */
   6:Middlewares/Third_Party/LwIP/src/core/ipv4/icmp.c **** 
   7:Middlewares/Third_Party/LwIP/src/core/ipv4/icmp.c **** /*
   8:Middlewares/Third_Party/LwIP/src/core/ipv4/icmp.c ****  * Copyright (c) 2001-2004 Swedish Institute of Computer Science.
   9:Middlewares/Third_Party/LwIP/src/core/ipv4/icmp.c ****  * All rights reserved.
  10:Middlewares/Third_Party/LwIP/src/core/ipv4/icmp.c ****  *
  11:Middlewares/Third_Party/LwIP/src/core/ipv4/icmp.c ****  * Redistribution and use in source and binary forms, with or without modification,
  12:Middlewares/Third_Party/LwIP/src/core/ipv4/icmp.c ****  * are permitted provided that the following conditions are met:
  13:Middlewares/Third_Party/LwIP/src/core/ipv4/icmp.c ****  *
  14:Middlewares/Third_Party/LwIP/src/core/ipv4/icmp.c ****  * 1. Redistributions of source code must retain the above copyright notice,
  15:Middlewares/Third_Party/LwIP/src/core/ipv4/icmp.c ****  *    this list of conditions and the following disclaimer.
  16:Middlewares/Third_Party/LwIP/src/core/ipv4/icmp.c ****  * 2. Redistributions in binary form must reproduce the above copyright notice,
  17:Middlewares/Third_Party/LwIP/src/core/ipv4/icmp.c ****  *    this list of conditions and the following disclaimer in the documentation
  18:Middlewares/Third_Party/LwIP/src/core/ipv4/icmp.c ****  *    and/or other materials provided with the distribution.
  19:Middlewares/Third_Party/LwIP/src/core/ipv4/icmp.c ****  * 3. The name of the author may not be used to endorse or promote products
  20:Middlewares/Third_Party/LwIP/src/core/ipv4/icmp.c ****  *    derived from this software without specific prior written permission.
  21:Middlewares/Third_Party/LwIP/src/core/ipv4/icmp.c ****  *
  22:Middlewares/Third_Party/LwIP/src/core/ipv4/icmp.c ****  * THIS SOFTWARE IS PROVIDED BY THE AUTHOR ``AS IS'' AND ANY EXPRESS OR IMPLIED
  23:Middlewares/Third_Party/LwIP/src/core/ipv4/icmp.c ****  * WARRANTIES, INCLUDING, BUT NOT LIMITED TO, THE IMPLIED WARRANTIES OF
  24:Middlewares/Third_Party/LwIP/src/core/ipv4/icmp.c ****  * MERCHANTABILITY AND FITNESS FOR A PARTICULAR PURPOSE ARE DISCLAIMED. IN NO EVENT
  25:Middlewares/Third_Party/LwIP/src/core/ipv4/icmp.c ****  * SHALL THE AUTHOR BE LIABLE FOR ANY DIRECT, INDIRECT, INCIDENTAL, SPECIAL,
  26:Middlewares/Third_Party/LwIP/src/core/ipv4/icmp.c ****  * EXEMPLARY, OR CONSEQUENTIAL DAMAGES (INCLUDING, BUT NOT LIMITED TO, PROCUREMENT
  27:Middlewares/Third_Party/LwIP/src/core/ipv4/icmp.c ****  * OF SUBSTITUTE GOODS OR SERVICES; LOSS OF USE, DATA, OR PROFITS; OR BUSINESS
  28:Middlewares/Third_Party/LwIP/src/core/ipv4/icmp.c ****  * INTERRUPTION) HOWEVER CAUSED AND ON ANY THEORY OF LIABILITY, WHETHER IN
  29:Middlewares/Third_Party/LwIP/src/core/ipv4/icmp.c ****  * CONTRACT, STRICT LIABILITY, OR TORT (INCLUDING NEGLIGENCE OR OTHERWISE) ARISING
  30:Middlewares/Third_Party/LwIP/src/core/ipv4/icmp.c ****  * IN ANY WAY OUT OF THE USE OF THIS SOFTWARE, EVEN IF ADVISED OF THE POSSIBILITY
ARM GAS  /tmp/cc5Lk92L.s 			page 2


  31:Middlewares/Third_Party/LwIP/src/core/ipv4/icmp.c ****  * OF SUCH DAMAGE.
  32:Middlewares/Third_Party/LwIP/src/core/ipv4/icmp.c ****  *
  33:Middlewares/Third_Party/LwIP/src/core/ipv4/icmp.c ****  * This file is part of the lwIP TCP/IP stack.
  34:Middlewares/Third_Party/LwIP/src/core/ipv4/icmp.c ****  *
  35:Middlewares/Third_Party/LwIP/src/core/ipv4/icmp.c ****  * Author: Adam Dunkels <adam@sics.se>
  36:Middlewares/Third_Party/LwIP/src/core/ipv4/icmp.c ****  *
  37:Middlewares/Third_Party/LwIP/src/core/ipv4/icmp.c ****  */
  38:Middlewares/Third_Party/LwIP/src/core/ipv4/icmp.c **** 
  39:Middlewares/Third_Party/LwIP/src/core/ipv4/icmp.c **** /* Some ICMP messages should be passed to the transport protocols. This
  40:Middlewares/Third_Party/LwIP/src/core/ipv4/icmp.c ****    is not implemented. */
  41:Middlewares/Third_Party/LwIP/src/core/ipv4/icmp.c **** 
  42:Middlewares/Third_Party/LwIP/src/core/ipv4/icmp.c **** #include "lwip/opt.h"
  43:Middlewares/Third_Party/LwIP/src/core/ipv4/icmp.c **** 
  44:Middlewares/Third_Party/LwIP/src/core/ipv4/icmp.c **** #if LWIP_IPV4 && LWIP_ICMP /* don't build if not configured for use in lwipopts.h */
  45:Middlewares/Third_Party/LwIP/src/core/ipv4/icmp.c **** 
  46:Middlewares/Third_Party/LwIP/src/core/ipv4/icmp.c **** #include "lwip/icmp.h"
  47:Middlewares/Third_Party/LwIP/src/core/ipv4/icmp.c **** #include "lwip/inet_chksum.h"
  48:Middlewares/Third_Party/LwIP/src/core/ipv4/icmp.c **** #include "lwip/ip.h"
  49:Middlewares/Third_Party/LwIP/src/core/ipv4/icmp.c **** #include "lwip/def.h"
  50:Middlewares/Third_Party/LwIP/src/core/ipv4/icmp.c **** #include "lwip/stats.h"
  51:Middlewares/Third_Party/LwIP/src/core/ipv4/icmp.c **** 
  52:Middlewares/Third_Party/LwIP/src/core/ipv4/icmp.c **** #include <string.h>
  53:Middlewares/Third_Party/LwIP/src/core/ipv4/icmp.c **** 
  54:Middlewares/Third_Party/LwIP/src/core/ipv4/icmp.c **** #ifdef LWIP_HOOK_FILENAME
  55:Middlewares/Third_Party/LwIP/src/core/ipv4/icmp.c **** #include LWIP_HOOK_FILENAME
  56:Middlewares/Third_Party/LwIP/src/core/ipv4/icmp.c **** #endif
  57:Middlewares/Third_Party/LwIP/src/core/ipv4/icmp.c **** 
  58:Middlewares/Third_Party/LwIP/src/core/ipv4/icmp.c **** /** Small optimization: set to 0 if incoming PBUF_POOL pbuf always can be
  59:Middlewares/Third_Party/LwIP/src/core/ipv4/icmp.c ****  * used to modify and send a response packet (and to 1 if this is not the case,
  60:Middlewares/Third_Party/LwIP/src/core/ipv4/icmp.c ****  * e.g. when link header is stripped of when receiving) */
  61:Middlewares/Third_Party/LwIP/src/core/ipv4/icmp.c **** #ifndef LWIP_ICMP_ECHO_CHECK_INPUT_PBUF_LEN
  62:Middlewares/Third_Party/LwIP/src/core/ipv4/icmp.c **** #define LWIP_ICMP_ECHO_CHECK_INPUT_PBUF_LEN 1
  63:Middlewares/Third_Party/LwIP/src/core/ipv4/icmp.c **** #endif /* LWIP_ICMP_ECHO_CHECK_INPUT_PBUF_LEN */
  64:Middlewares/Third_Party/LwIP/src/core/ipv4/icmp.c **** 
  65:Middlewares/Third_Party/LwIP/src/core/ipv4/icmp.c **** /* The amount of data from the original packet to return in a dest-unreachable */
  66:Middlewares/Third_Party/LwIP/src/core/ipv4/icmp.c **** #define ICMP_DEST_UNREACH_DATASIZE 8
  67:Middlewares/Third_Party/LwIP/src/core/ipv4/icmp.c **** 
  68:Middlewares/Third_Party/LwIP/src/core/ipv4/icmp.c **** static void icmp_send_response(struct pbuf *p, u8_t type, u8_t code);
  69:Middlewares/Third_Party/LwIP/src/core/ipv4/icmp.c **** 
  70:Middlewares/Third_Party/LwIP/src/core/ipv4/icmp.c **** /**
  71:Middlewares/Third_Party/LwIP/src/core/ipv4/icmp.c ****  * Processes ICMP input packets, called from ip_input().
  72:Middlewares/Third_Party/LwIP/src/core/ipv4/icmp.c ****  *
  73:Middlewares/Third_Party/LwIP/src/core/ipv4/icmp.c ****  * Currently only processes icmp echo requests and sends
  74:Middlewares/Third_Party/LwIP/src/core/ipv4/icmp.c ****  * out the echo response.
  75:Middlewares/Third_Party/LwIP/src/core/ipv4/icmp.c ****  *
  76:Middlewares/Third_Party/LwIP/src/core/ipv4/icmp.c ****  * @param p the icmp echo request packet, p->payload pointing to the icmp header
  77:Middlewares/Third_Party/LwIP/src/core/ipv4/icmp.c ****  * @param inp the netif on which this packet was received
  78:Middlewares/Third_Party/LwIP/src/core/ipv4/icmp.c ****  */
  79:Middlewares/Third_Party/LwIP/src/core/ipv4/icmp.c **** void
  80:Middlewares/Third_Party/LwIP/src/core/ipv4/icmp.c **** icmp_input(struct pbuf *p, struct netif *inp)
  81:Middlewares/Third_Party/LwIP/src/core/ipv4/icmp.c **** {
  82:Middlewares/Third_Party/LwIP/src/core/ipv4/icmp.c ****   u8_t type;
  83:Middlewares/Third_Party/LwIP/src/core/ipv4/icmp.c **** #ifdef LWIP_DEBUG
  84:Middlewares/Third_Party/LwIP/src/core/ipv4/icmp.c ****   u8_t code;
  85:Middlewares/Third_Party/LwIP/src/core/ipv4/icmp.c **** #endif /* LWIP_DEBUG */
  86:Middlewares/Third_Party/LwIP/src/core/ipv4/icmp.c ****   struct icmp_echo_hdr *iecho;
  87:Middlewares/Third_Party/LwIP/src/core/ipv4/icmp.c ****   const struct ip_hdr *iphdr_in;
ARM GAS  /tmp/cc5Lk92L.s 			page 3


  88:Middlewares/Third_Party/LwIP/src/core/ipv4/icmp.c ****   u16_t hlen;
  89:Middlewares/Third_Party/LwIP/src/core/ipv4/icmp.c ****   const ip4_addr_t* src;
  90:Middlewares/Third_Party/LwIP/src/core/ipv4/icmp.c **** 
  91:Middlewares/Third_Party/LwIP/src/core/ipv4/icmp.c ****   ICMP_STATS_INC(icmp.recv);
  92:Middlewares/Third_Party/LwIP/src/core/ipv4/icmp.c ****   MIB2_STATS_INC(mib2.icmpinmsgs);
  93:Middlewares/Third_Party/LwIP/src/core/ipv4/icmp.c **** 
  94:Middlewares/Third_Party/LwIP/src/core/ipv4/icmp.c ****   iphdr_in = ip4_current_header();
  95:Middlewares/Third_Party/LwIP/src/core/ipv4/icmp.c ****   hlen = IPH_HL(iphdr_in) * 4;
  96:Middlewares/Third_Party/LwIP/src/core/ipv4/icmp.c ****   if (hlen < IP_HLEN) {
  97:Middlewares/Third_Party/LwIP/src/core/ipv4/icmp.c ****     LWIP_DEBUGF(ICMP_DEBUG, ("icmp_input: short IP header (%"S16_F" bytes) received\n", hlen));
  98:Middlewares/Third_Party/LwIP/src/core/ipv4/icmp.c ****     goto lenerr;
  99:Middlewares/Third_Party/LwIP/src/core/ipv4/icmp.c ****   }
 100:Middlewares/Third_Party/LwIP/src/core/ipv4/icmp.c ****   if (p->len < sizeof(u16_t)*2) {
 101:Middlewares/Third_Party/LwIP/src/core/ipv4/icmp.c ****     LWIP_DEBUGF(ICMP_DEBUG, ("icmp_input: short ICMP (%"U16_F" bytes) received\n", p->tot_len));
 102:Middlewares/Third_Party/LwIP/src/core/ipv4/icmp.c ****     goto lenerr;
 103:Middlewares/Third_Party/LwIP/src/core/ipv4/icmp.c ****   }
 104:Middlewares/Third_Party/LwIP/src/core/ipv4/icmp.c **** 
 105:Middlewares/Third_Party/LwIP/src/core/ipv4/icmp.c ****   type = *((u8_t *)p->payload);
 106:Middlewares/Third_Party/LwIP/src/core/ipv4/icmp.c **** #ifdef LWIP_DEBUG
 107:Middlewares/Third_Party/LwIP/src/core/ipv4/icmp.c ****   code = *(((u8_t *)p->payload)+1);
 108:Middlewares/Third_Party/LwIP/src/core/ipv4/icmp.c **** #endif /* LWIP_DEBUG */
 109:Middlewares/Third_Party/LwIP/src/core/ipv4/icmp.c ****   switch (type) {
 110:Middlewares/Third_Party/LwIP/src/core/ipv4/icmp.c ****   case ICMP_ER:
 111:Middlewares/Third_Party/LwIP/src/core/ipv4/icmp.c ****     /* This is OK, echo reply might have been parsed by a raw PCB
 112:Middlewares/Third_Party/LwIP/src/core/ipv4/icmp.c ****        (as obviously, an echo request has been sent, too). */
 113:Middlewares/Third_Party/LwIP/src/core/ipv4/icmp.c ****     MIB2_STATS_INC(mib2.icmpinechoreps);
 114:Middlewares/Third_Party/LwIP/src/core/ipv4/icmp.c ****     break;
 115:Middlewares/Third_Party/LwIP/src/core/ipv4/icmp.c ****   case ICMP_ECHO:
 116:Middlewares/Third_Party/LwIP/src/core/ipv4/icmp.c ****     MIB2_STATS_INC(mib2.icmpinechos);
 117:Middlewares/Third_Party/LwIP/src/core/ipv4/icmp.c ****     src = ip4_current_dest_addr();
 118:Middlewares/Third_Party/LwIP/src/core/ipv4/icmp.c ****     /* multicast destination address? */
 119:Middlewares/Third_Party/LwIP/src/core/ipv4/icmp.c ****     if (ip4_addr_ismulticast(ip4_current_dest_addr())) {
 120:Middlewares/Third_Party/LwIP/src/core/ipv4/icmp.c **** #if LWIP_MULTICAST_PING
 121:Middlewares/Third_Party/LwIP/src/core/ipv4/icmp.c ****       /* For multicast, use address of receiving interface as source address */
 122:Middlewares/Third_Party/LwIP/src/core/ipv4/icmp.c ****       src = netif_ip4_addr(inp);
 123:Middlewares/Third_Party/LwIP/src/core/ipv4/icmp.c **** #else /* LWIP_MULTICAST_PING */
 124:Middlewares/Third_Party/LwIP/src/core/ipv4/icmp.c ****       LWIP_DEBUGF(ICMP_DEBUG, ("icmp_input: Not echoing to multicast pings\n"));
 125:Middlewares/Third_Party/LwIP/src/core/ipv4/icmp.c ****       goto icmperr;
 126:Middlewares/Third_Party/LwIP/src/core/ipv4/icmp.c **** #endif /* LWIP_MULTICAST_PING */
 127:Middlewares/Third_Party/LwIP/src/core/ipv4/icmp.c ****     }
 128:Middlewares/Third_Party/LwIP/src/core/ipv4/icmp.c ****     /* broadcast destination address? */
 129:Middlewares/Third_Party/LwIP/src/core/ipv4/icmp.c ****     if (ip4_addr_isbroadcast(ip4_current_dest_addr(), ip_current_netif())) {
 130:Middlewares/Third_Party/LwIP/src/core/ipv4/icmp.c **** #if LWIP_BROADCAST_PING
 131:Middlewares/Third_Party/LwIP/src/core/ipv4/icmp.c ****       /* For broadcast, use address of receiving interface as source address */
 132:Middlewares/Third_Party/LwIP/src/core/ipv4/icmp.c ****       src = netif_ip4_addr(inp);
 133:Middlewares/Third_Party/LwIP/src/core/ipv4/icmp.c **** #else /* LWIP_BROADCAST_PING */
 134:Middlewares/Third_Party/LwIP/src/core/ipv4/icmp.c ****       LWIP_DEBUGF(ICMP_DEBUG, ("icmp_input: Not echoing to broadcast pings\n"));
 135:Middlewares/Third_Party/LwIP/src/core/ipv4/icmp.c ****       goto icmperr;
 136:Middlewares/Third_Party/LwIP/src/core/ipv4/icmp.c **** #endif /* LWIP_BROADCAST_PING */
 137:Middlewares/Third_Party/LwIP/src/core/ipv4/icmp.c ****     }
 138:Middlewares/Third_Party/LwIP/src/core/ipv4/icmp.c ****     LWIP_DEBUGF(ICMP_DEBUG, ("icmp_input: ping\n"));
 139:Middlewares/Third_Party/LwIP/src/core/ipv4/icmp.c ****     if (p->tot_len < sizeof(struct icmp_echo_hdr)) {
 140:Middlewares/Third_Party/LwIP/src/core/ipv4/icmp.c ****       LWIP_DEBUGF(ICMP_DEBUG, ("icmp_input: bad ICMP echo received\n"));
 141:Middlewares/Third_Party/LwIP/src/core/ipv4/icmp.c ****       goto lenerr;
 142:Middlewares/Third_Party/LwIP/src/core/ipv4/icmp.c ****     }
 143:Middlewares/Third_Party/LwIP/src/core/ipv4/icmp.c **** #if CHECKSUM_CHECK_ICMP
 144:Middlewares/Third_Party/LwIP/src/core/ipv4/icmp.c ****     IF__NETIF_CHECKSUM_ENABLED(inp, NETIF_CHECKSUM_CHECK_ICMP) {
ARM GAS  /tmp/cc5Lk92L.s 			page 4


 145:Middlewares/Third_Party/LwIP/src/core/ipv4/icmp.c ****       if (inet_chksum_pbuf(p) != 0) {
 146:Middlewares/Third_Party/LwIP/src/core/ipv4/icmp.c ****         LWIP_DEBUGF(ICMP_DEBUG, ("icmp_input: checksum failed for received ICMP echo\n"));
 147:Middlewares/Third_Party/LwIP/src/core/ipv4/icmp.c ****         pbuf_free(p);
 148:Middlewares/Third_Party/LwIP/src/core/ipv4/icmp.c ****         ICMP_STATS_INC(icmp.chkerr);
 149:Middlewares/Third_Party/LwIP/src/core/ipv4/icmp.c ****         MIB2_STATS_INC(mib2.icmpinerrors);
 150:Middlewares/Third_Party/LwIP/src/core/ipv4/icmp.c ****         return;
 151:Middlewares/Third_Party/LwIP/src/core/ipv4/icmp.c ****       }
 152:Middlewares/Third_Party/LwIP/src/core/ipv4/icmp.c ****     }
 153:Middlewares/Third_Party/LwIP/src/core/ipv4/icmp.c **** #endif
 154:Middlewares/Third_Party/LwIP/src/core/ipv4/icmp.c **** #if LWIP_ICMP_ECHO_CHECK_INPUT_PBUF_LEN
 155:Middlewares/Third_Party/LwIP/src/core/ipv4/icmp.c ****     if (pbuf_header(p, (s16_t)(hlen + PBUF_LINK_HLEN + PBUF_LINK_ENCAPSULATION_HLEN))) {
 156:Middlewares/Third_Party/LwIP/src/core/ipv4/icmp.c ****       /* p is not big enough to contain link headers
 157:Middlewares/Third_Party/LwIP/src/core/ipv4/icmp.c ****        * allocate a new one and copy p into it
 158:Middlewares/Third_Party/LwIP/src/core/ipv4/icmp.c ****        */
 159:Middlewares/Third_Party/LwIP/src/core/ipv4/icmp.c ****       struct pbuf *r;
 160:Middlewares/Third_Party/LwIP/src/core/ipv4/icmp.c ****       /* allocate new packet buffer with space for link headers */
 161:Middlewares/Third_Party/LwIP/src/core/ipv4/icmp.c ****       r = pbuf_alloc(PBUF_LINK, p->tot_len + hlen, PBUF_RAM);
 162:Middlewares/Third_Party/LwIP/src/core/ipv4/icmp.c ****       if (r == NULL) {
 163:Middlewares/Third_Party/LwIP/src/core/ipv4/icmp.c ****         LWIP_DEBUGF(ICMP_DEBUG, ("icmp_input: allocating new pbuf failed\n"));
 164:Middlewares/Third_Party/LwIP/src/core/ipv4/icmp.c ****         goto icmperr;
 165:Middlewares/Third_Party/LwIP/src/core/ipv4/icmp.c ****       }
 166:Middlewares/Third_Party/LwIP/src/core/ipv4/icmp.c ****       if (r->len < hlen + sizeof(struct icmp_echo_hdr)) {
 167:Middlewares/Third_Party/LwIP/src/core/ipv4/icmp.c ****         LWIP_DEBUGF(ICMP_DEBUG | LWIP_DBG_LEVEL_SERIOUS, ("first pbuf cannot hold the ICMP header")
 168:Middlewares/Third_Party/LwIP/src/core/ipv4/icmp.c ****         pbuf_free(r);
 169:Middlewares/Third_Party/LwIP/src/core/ipv4/icmp.c ****         goto icmperr;
 170:Middlewares/Third_Party/LwIP/src/core/ipv4/icmp.c ****       }
 171:Middlewares/Third_Party/LwIP/src/core/ipv4/icmp.c ****       /* copy the ip header */
 172:Middlewares/Third_Party/LwIP/src/core/ipv4/icmp.c ****       MEMCPY(r->payload, iphdr_in, hlen);
 173:Middlewares/Third_Party/LwIP/src/core/ipv4/icmp.c ****       /* switch r->payload back to icmp header (cannot fail) */
 174:Middlewares/Third_Party/LwIP/src/core/ipv4/icmp.c ****       if (pbuf_header(r, (s16_t)-hlen)) {
 175:Middlewares/Third_Party/LwIP/src/core/ipv4/icmp.c ****         LWIP_ASSERT("icmp_input: moving r->payload to icmp header failed\n", 0);
 176:Middlewares/Third_Party/LwIP/src/core/ipv4/icmp.c ****         pbuf_free(r);
 177:Middlewares/Third_Party/LwIP/src/core/ipv4/icmp.c ****         goto icmperr;
 178:Middlewares/Third_Party/LwIP/src/core/ipv4/icmp.c ****       }
 179:Middlewares/Third_Party/LwIP/src/core/ipv4/icmp.c ****       /* copy the rest of the packet without ip header */
 180:Middlewares/Third_Party/LwIP/src/core/ipv4/icmp.c ****       if (pbuf_copy(r, p) != ERR_OK) {
 181:Middlewares/Third_Party/LwIP/src/core/ipv4/icmp.c ****         LWIP_DEBUGF(ICMP_DEBUG | LWIP_DBG_LEVEL_SERIOUS, ("icmp_input: copying to new pbuf failed")
 182:Middlewares/Third_Party/LwIP/src/core/ipv4/icmp.c ****         pbuf_free(r);
 183:Middlewares/Third_Party/LwIP/src/core/ipv4/icmp.c ****         goto icmperr;
 184:Middlewares/Third_Party/LwIP/src/core/ipv4/icmp.c ****       }
 185:Middlewares/Third_Party/LwIP/src/core/ipv4/icmp.c ****       /* free the original p */
 186:Middlewares/Third_Party/LwIP/src/core/ipv4/icmp.c ****       pbuf_free(p);
 187:Middlewares/Third_Party/LwIP/src/core/ipv4/icmp.c ****       /* we now have an identical copy of p that has room for link headers */
 188:Middlewares/Third_Party/LwIP/src/core/ipv4/icmp.c ****       p = r;
 189:Middlewares/Third_Party/LwIP/src/core/ipv4/icmp.c ****     } else {
 190:Middlewares/Third_Party/LwIP/src/core/ipv4/icmp.c ****       /* restore p->payload to point to icmp header (cannot fail) */
 191:Middlewares/Third_Party/LwIP/src/core/ipv4/icmp.c ****       if (pbuf_header(p, -(s16_t)(hlen + PBUF_LINK_HLEN + PBUF_LINK_ENCAPSULATION_HLEN))) {
 192:Middlewares/Third_Party/LwIP/src/core/ipv4/icmp.c ****         LWIP_ASSERT("icmp_input: restoring original p->payload failed\n", 0);
 193:Middlewares/Third_Party/LwIP/src/core/ipv4/icmp.c ****         goto icmperr;
 194:Middlewares/Third_Party/LwIP/src/core/ipv4/icmp.c ****       }
 195:Middlewares/Third_Party/LwIP/src/core/ipv4/icmp.c ****     }
 196:Middlewares/Third_Party/LwIP/src/core/ipv4/icmp.c **** #endif /* LWIP_ICMP_ECHO_CHECK_INPUT_PBUF_LEN */
 197:Middlewares/Third_Party/LwIP/src/core/ipv4/icmp.c ****     /* At this point, all checks are OK. */
 198:Middlewares/Third_Party/LwIP/src/core/ipv4/icmp.c ****     /* We generate an answer by switching the dest and src ip addresses,
 199:Middlewares/Third_Party/LwIP/src/core/ipv4/icmp.c ****      * setting the icmp type to ECHO_RESPONSE and updating the checksum. */
 200:Middlewares/Third_Party/LwIP/src/core/ipv4/icmp.c ****     iecho = (struct icmp_echo_hdr *)p->payload;
 201:Middlewares/Third_Party/LwIP/src/core/ipv4/icmp.c ****     if (pbuf_header(p, (s16_t)hlen)) {
ARM GAS  /tmp/cc5Lk92L.s 			page 5


 202:Middlewares/Third_Party/LwIP/src/core/ipv4/icmp.c ****       LWIP_DEBUGF(ICMP_DEBUG | LWIP_DBG_LEVEL_SERIOUS, ("Can't move over header in packet"));
 203:Middlewares/Third_Party/LwIP/src/core/ipv4/icmp.c ****     } else {
 204:Middlewares/Third_Party/LwIP/src/core/ipv4/icmp.c ****       err_t ret;
 205:Middlewares/Third_Party/LwIP/src/core/ipv4/icmp.c ****       struct ip_hdr *iphdr = (struct ip_hdr*)p->payload;
 206:Middlewares/Third_Party/LwIP/src/core/ipv4/icmp.c ****       ip4_addr_copy(iphdr->src, *src);
 207:Middlewares/Third_Party/LwIP/src/core/ipv4/icmp.c ****       ip4_addr_copy(iphdr->dest, *ip4_current_src_addr());
 208:Middlewares/Third_Party/LwIP/src/core/ipv4/icmp.c ****       ICMPH_TYPE_SET(iecho, ICMP_ER);
 209:Middlewares/Third_Party/LwIP/src/core/ipv4/icmp.c **** #if CHECKSUM_GEN_ICMP
 210:Middlewares/Third_Party/LwIP/src/core/ipv4/icmp.c ****       IF__NETIF_CHECKSUM_ENABLED(inp, NETIF_CHECKSUM_GEN_ICMP) {
 211:Middlewares/Third_Party/LwIP/src/core/ipv4/icmp.c ****         /* adjust the checksum */
 212:Middlewares/Third_Party/LwIP/src/core/ipv4/icmp.c ****         if (iecho->chksum > PP_HTONS(0xffffU - (ICMP_ECHO << 8))) {
 213:Middlewares/Third_Party/LwIP/src/core/ipv4/icmp.c ****           iecho->chksum += PP_HTONS(ICMP_ECHO << 8) + 1;
 214:Middlewares/Third_Party/LwIP/src/core/ipv4/icmp.c ****         } else {
 215:Middlewares/Third_Party/LwIP/src/core/ipv4/icmp.c ****           iecho->chksum += PP_HTONS(ICMP_ECHO << 8);
 216:Middlewares/Third_Party/LwIP/src/core/ipv4/icmp.c ****         }
 217:Middlewares/Third_Party/LwIP/src/core/ipv4/icmp.c ****       }
 218:Middlewares/Third_Party/LwIP/src/core/ipv4/icmp.c **** #if LWIP_CHECKSUM_CTRL_PER_NETIF
 219:Middlewares/Third_Party/LwIP/src/core/ipv4/icmp.c ****       else {
 220:Middlewares/Third_Party/LwIP/src/core/ipv4/icmp.c ****         iecho->chksum = 0;
 221:Middlewares/Third_Party/LwIP/src/core/ipv4/icmp.c ****       }
 222:Middlewares/Third_Party/LwIP/src/core/ipv4/icmp.c **** #endif /* LWIP_CHECKSUM_CTRL_PER_NETIF */
 223:Middlewares/Third_Party/LwIP/src/core/ipv4/icmp.c **** #else /* CHECKSUM_GEN_ICMP */
 224:Middlewares/Third_Party/LwIP/src/core/ipv4/icmp.c ****       iecho->chksum = 0;
 225:Middlewares/Third_Party/LwIP/src/core/ipv4/icmp.c **** #endif /* CHECKSUM_GEN_ICMP */
 226:Middlewares/Third_Party/LwIP/src/core/ipv4/icmp.c **** 
 227:Middlewares/Third_Party/LwIP/src/core/ipv4/icmp.c ****       /* Set the correct TTL and recalculate the header checksum. */
 228:Middlewares/Third_Party/LwIP/src/core/ipv4/icmp.c ****       IPH_TTL_SET(iphdr, ICMP_TTL);
 229:Middlewares/Third_Party/LwIP/src/core/ipv4/icmp.c ****       IPH_CHKSUM_SET(iphdr, 0);
 230:Middlewares/Third_Party/LwIP/src/core/ipv4/icmp.c **** #if CHECKSUM_GEN_IP
 231:Middlewares/Third_Party/LwIP/src/core/ipv4/icmp.c ****       IF__NETIF_CHECKSUM_ENABLED(inp, NETIF_CHECKSUM_GEN_IP) {
 232:Middlewares/Third_Party/LwIP/src/core/ipv4/icmp.c ****         IPH_CHKSUM_SET(iphdr, inet_chksum(iphdr, hlen));
 233:Middlewares/Third_Party/LwIP/src/core/ipv4/icmp.c ****       }
 234:Middlewares/Third_Party/LwIP/src/core/ipv4/icmp.c **** #endif /* CHECKSUM_GEN_IP */
 235:Middlewares/Third_Party/LwIP/src/core/ipv4/icmp.c **** 
 236:Middlewares/Third_Party/LwIP/src/core/ipv4/icmp.c ****       ICMP_STATS_INC(icmp.xmit);
 237:Middlewares/Third_Party/LwIP/src/core/ipv4/icmp.c ****       /* increase number of messages attempted to send */
 238:Middlewares/Third_Party/LwIP/src/core/ipv4/icmp.c ****       MIB2_STATS_INC(mib2.icmpoutmsgs);
 239:Middlewares/Third_Party/LwIP/src/core/ipv4/icmp.c ****       /* increase number of echo replies attempted to send */
 240:Middlewares/Third_Party/LwIP/src/core/ipv4/icmp.c ****       MIB2_STATS_INC(mib2.icmpoutechoreps);
 241:Middlewares/Third_Party/LwIP/src/core/ipv4/icmp.c **** 
 242:Middlewares/Third_Party/LwIP/src/core/ipv4/icmp.c ****       /* send an ICMP packet */
 243:Middlewares/Third_Party/LwIP/src/core/ipv4/icmp.c ****       ret = ip4_output_if(p, src, LWIP_IP_HDRINCL,
 244:Middlewares/Third_Party/LwIP/src/core/ipv4/icmp.c ****                    ICMP_TTL, 0, IP_PROTO_ICMP, inp);
 245:Middlewares/Third_Party/LwIP/src/core/ipv4/icmp.c ****       if (ret != ERR_OK) {
 246:Middlewares/Third_Party/LwIP/src/core/ipv4/icmp.c ****         LWIP_DEBUGF(ICMP_DEBUG, ("icmp_input: ip_output_if returned an error: %s\n", lwip_strerr(re
 247:Middlewares/Third_Party/LwIP/src/core/ipv4/icmp.c ****       }
 248:Middlewares/Third_Party/LwIP/src/core/ipv4/icmp.c ****     }
 249:Middlewares/Third_Party/LwIP/src/core/ipv4/icmp.c ****     break;
 250:Middlewares/Third_Party/LwIP/src/core/ipv4/icmp.c ****   default:
 251:Middlewares/Third_Party/LwIP/src/core/ipv4/icmp.c ****     if (type == ICMP_DUR) {
 252:Middlewares/Third_Party/LwIP/src/core/ipv4/icmp.c ****       MIB2_STATS_INC(mib2.icmpindestunreachs);
 253:Middlewares/Third_Party/LwIP/src/core/ipv4/icmp.c ****     } else if (type == ICMP_TE) {
 254:Middlewares/Third_Party/LwIP/src/core/ipv4/icmp.c ****       MIB2_STATS_INC(mib2.icmpintimeexcds);
 255:Middlewares/Third_Party/LwIP/src/core/ipv4/icmp.c ****     } else if (type == ICMP_PP) {
 256:Middlewares/Third_Party/LwIP/src/core/ipv4/icmp.c ****       MIB2_STATS_INC(mib2.icmpinparmprobs);
 257:Middlewares/Third_Party/LwIP/src/core/ipv4/icmp.c ****     } else if (type == ICMP_SQ) {
 258:Middlewares/Third_Party/LwIP/src/core/ipv4/icmp.c ****       MIB2_STATS_INC(mib2.icmpinsrcquenchs);
ARM GAS  /tmp/cc5Lk92L.s 			page 6


 259:Middlewares/Third_Party/LwIP/src/core/ipv4/icmp.c ****     } else if (type == ICMP_RD) {
 260:Middlewares/Third_Party/LwIP/src/core/ipv4/icmp.c ****       MIB2_STATS_INC(mib2.icmpinredirects);
 261:Middlewares/Third_Party/LwIP/src/core/ipv4/icmp.c ****     } else if (type == ICMP_TS) {
 262:Middlewares/Third_Party/LwIP/src/core/ipv4/icmp.c ****       MIB2_STATS_INC(mib2.icmpintimestamps);
 263:Middlewares/Third_Party/LwIP/src/core/ipv4/icmp.c ****     } else if (type == ICMP_TSR) {
 264:Middlewares/Third_Party/LwIP/src/core/ipv4/icmp.c ****       MIB2_STATS_INC(mib2.icmpintimestampreps);
 265:Middlewares/Third_Party/LwIP/src/core/ipv4/icmp.c ****     } else if (type == ICMP_AM) {
 266:Middlewares/Third_Party/LwIP/src/core/ipv4/icmp.c ****       MIB2_STATS_INC(mib2.icmpinaddrmasks);
 267:Middlewares/Third_Party/LwIP/src/core/ipv4/icmp.c ****     } else if (type == ICMP_AMR) {
 268:Middlewares/Third_Party/LwIP/src/core/ipv4/icmp.c ****       MIB2_STATS_INC(mib2.icmpinaddrmaskreps);
 269:Middlewares/Third_Party/LwIP/src/core/ipv4/icmp.c ****     }
 270:Middlewares/Third_Party/LwIP/src/core/ipv4/icmp.c ****     LWIP_DEBUGF(ICMP_DEBUG, ("icmp_input: ICMP type %"S16_F" code %"S16_F" not supported.\n",
 271:Middlewares/Third_Party/LwIP/src/core/ipv4/icmp.c ****                 (s16_t)type, (s16_t)code));
 272:Middlewares/Third_Party/LwIP/src/core/ipv4/icmp.c ****     ICMP_STATS_INC(icmp.proterr);
 273:Middlewares/Third_Party/LwIP/src/core/ipv4/icmp.c ****     ICMP_STATS_INC(icmp.drop);
 274:Middlewares/Third_Party/LwIP/src/core/ipv4/icmp.c ****   }
 275:Middlewares/Third_Party/LwIP/src/core/ipv4/icmp.c ****   pbuf_free(p);
 276:Middlewares/Third_Party/LwIP/src/core/ipv4/icmp.c ****   return;
 277:Middlewares/Third_Party/LwIP/src/core/ipv4/icmp.c **** lenerr:
 278:Middlewares/Third_Party/LwIP/src/core/ipv4/icmp.c ****   pbuf_free(p);
 279:Middlewares/Third_Party/LwIP/src/core/ipv4/icmp.c ****   ICMP_STATS_INC(icmp.lenerr);
 280:Middlewares/Third_Party/LwIP/src/core/ipv4/icmp.c ****   MIB2_STATS_INC(mib2.icmpinerrors);
 281:Middlewares/Third_Party/LwIP/src/core/ipv4/icmp.c ****   return;
 282:Middlewares/Third_Party/LwIP/src/core/ipv4/icmp.c **** #if LWIP_ICMP_ECHO_CHECK_INPUT_PBUF_LEN || !LWIP_MULTICAST_PING || !LWIP_BROADCAST_PING
 283:Middlewares/Third_Party/LwIP/src/core/ipv4/icmp.c **** icmperr:
 284:Middlewares/Third_Party/LwIP/src/core/ipv4/icmp.c ****   pbuf_free(p);
 285:Middlewares/Third_Party/LwIP/src/core/ipv4/icmp.c ****   ICMP_STATS_INC(icmp.err);
 286:Middlewares/Third_Party/LwIP/src/core/ipv4/icmp.c ****   MIB2_STATS_INC(mib2.icmpinerrors);
 287:Middlewares/Third_Party/LwIP/src/core/ipv4/icmp.c ****   return;
 288:Middlewares/Third_Party/LwIP/src/core/ipv4/icmp.c **** #endif /* LWIP_ICMP_ECHO_CHECK_INPUT_PBUF_LEN || !LWIP_MULTICAST_PING || !LWIP_BROADCAST_PING */
 289:Middlewares/Third_Party/LwIP/src/core/ipv4/icmp.c **** }
 290:Middlewares/Third_Party/LwIP/src/core/ipv4/icmp.c **** 
 291:Middlewares/Third_Party/LwIP/src/core/ipv4/icmp.c **** /**
 292:Middlewares/Third_Party/LwIP/src/core/ipv4/icmp.c ****  * Send an icmp 'destination unreachable' packet, called from ip_input() if
 293:Middlewares/Third_Party/LwIP/src/core/ipv4/icmp.c ****  * the transport layer protocol is unknown and from udp_input() if the local
 294:Middlewares/Third_Party/LwIP/src/core/ipv4/icmp.c ****  * port is not bound.
 295:Middlewares/Third_Party/LwIP/src/core/ipv4/icmp.c ****  *
 296:Middlewares/Third_Party/LwIP/src/core/ipv4/icmp.c ****  * @param p the input packet for which the 'unreachable' should be sent,
 297:Middlewares/Third_Party/LwIP/src/core/ipv4/icmp.c ****  *          p->payload pointing to the IP header
 298:Middlewares/Third_Party/LwIP/src/core/ipv4/icmp.c ****  * @param t type of the 'unreachable' packet
 299:Middlewares/Third_Party/LwIP/src/core/ipv4/icmp.c ****  */
 300:Middlewares/Third_Party/LwIP/src/core/ipv4/icmp.c **** void
 301:Middlewares/Third_Party/LwIP/src/core/ipv4/icmp.c **** icmp_dest_unreach(struct pbuf *p, enum icmp_dur_type t)
 302:Middlewares/Third_Party/LwIP/src/core/ipv4/icmp.c **** {
 303:Middlewares/Third_Party/LwIP/src/core/ipv4/icmp.c ****   MIB2_STATS_INC(mib2.icmpoutdestunreachs);
 304:Middlewares/Third_Party/LwIP/src/core/ipv4/icmp.c ****   icmp_send_response(p, ICMP_DUR, t);
 305:Middlewares/Third_Party/LwIP/src/core/ipv4/icmp.c **** }
 306:Middlewares/Third_Party/LwIP/src/core/ipv4/icmp.c **** 
 307:Middlewares/Third_Party/LwIP/src/core/ipv4/icmp.c **** #if IP_FORWARD || IP_REASSEMBLY
 308:Middlewares/Third_Party/LwIP/src/core/ipv4/icmp.c **** /**
 309:Middlewares/Third_Party/LwIP/src/core/ipv4/icmp.c ****  * Send a 'time exceeded' packet, called from ip_forward() if TTL is 0.
 310:Middlewares/Third_Party/LwIP/src/core/ipv4/icmp.c ****  *
 311:Middlewares/Third_Party/LwIP/src/core/ipv4/icmp.c ****  * @param p the input packet for which the 'time exceeded' should be sent,
 312:Middlewares/Third_Party/LwIP/src/core/ipv4/icmp.c ****  *          p->payload pointing to the IP header
 313:Middlewares/Third_Party/LwIP/src/core/ipv4/icmp.c ****  * @param t type of the 'time exceeded' packet
 314:Middlewares/Third_Party/LwIP/src/core/ipv4/icmp.c ****  */
 315:Middlewares/Third_Party/LwIP/src/core/ipv4/icmp.c **** void
ARM GAS  /tmp/cc5Lk92L.s 			page 7


 316:Middlewares/Third_Party/LwIP/src/core/ipv4/icmp.c **** icmp_time_exceeded(struct pbuf *p, enum icmp_te_type t)
 317:Middlewares/Third_Party/LwIP/src/core/ipv4/icmp.c **** {
 318:Middlewares/Third_Party/LwIP/src/core/ipv4/icmp.c ****   MIB2_STATS_INC(mib2.icmpouttimeexcds);
 319:Middlewares/Third_Party/LwIP/src/core/ipv4/icmp.c ****   icmp_send_response(p, ICMP_TE, t);
 320:Middlewares/Third_Party/LwIP/src/core/ipv4/icmp.c **** }
 321:Middlewares/Third_Party/LwIP/src/core/ipv4/icmp.c **** 
 322:Middlewares/Third_Party/LwIP/src/core/ipv4/icmp.c **** #endif /* IP_FORWARD || IP_REASSEMBLY */
 323:Middlewares/Third_Party/LwIP/src/core/ipv4/icmp.c **** 
 324:Middlewares/Third_Party/LwIP/src/core/ipv4/icmp.c **** /**
 325:Middlewares/Third_Party/LwIP/src/core/ipv4/icmp.c ****  * Send an icmp packet in response to an incoming packet.
 326:Middlewares/Third_Party/LwIP/src/core/ipv4/icmp.c ****  *
 327:Middlewares/Third_Party/LwIP/src/core/ipv4/icmp.c ****  * @param p the input packet for which the 'unreachable' should be sent,
 328:Middlewares/Third_Party/LwIP/src/core/ipv4/icmp.c ****  *          p->payload pointing to the IP header
 329:Middlewares/Third_Party/LwIP/src/core/ipv4/icmp.c ****  * @param type Type of the ICMP header
 330:Middlewares/Third_Party/LwIP/src/core/ipv4/icmp.c ****  * @param code Code of the ICMP header
 331:Middlewares/Third_Party/LwIP/src/core/ipv4/icmp.c ****  */
 332:Middlewares/Third_Party/LwIP/src/core/ipv4/icmp.c **** static void
 333:Middlewares/Third_Party/LwIP/src/core/ipv4/icmp.c **** icmp_send_response(struct pbuf *p, u8_t type, u8_t code)
 334:Middlewares/Third_Party/LwIP/src/core/ipv4/icmp.c **** {
  29              		.loc 1 334 1 view -0
  30              		.cfi_startproc
  31              		@ args = 0, pretend = 0, frame = 8
  32              		@ frame_needed = 0, uses_anonymous_args = 0
  33              		.loc 1 334 1 is_stmt 0 view .LVU1
  34 0000 2DE9F041 		push	{r4, r5, r6, r7, r8, lr}
  35              	.LCFI0:
  36              		.cfi_def_cfa_offset 24
  37              		.cfi_offset 4, -24
  38              		.cfi_offset 5, -20
  39              		.cfi_offset 6, -16
  40              		.cfi_offset 7, -12
  41              		.cfi_offset 8, -8
  42              		.cfi_offset 14, -4
  43 0004 86B0     		sub	sp, sp, #24
  44              	.LCFI1:
  45              		.cfi_def_cfa_offset 48
  46 0006 0646     		mov	r6, r0
  47 0008 8846     		mov	r8, r1
  48 000a 1746     		mov	r7, r2
 335:Middlewares/Third_Party/LwIP/src/core/ipv4/icmp.c ****   struct pbuf *q;
  49              		.loc 1 335 3 is_stmt 1 view .LVU2
 336:Middlewares/Third_Party/LwIP/src/core/ipv4/icmp.c ****   struct ip_hdr *iphdr;
  50              		.loc 1 336 3 view .LVU3
 337:Middlewares/Third_Party/LwIP/src/core/ipv4/icmp.c ****   /* we can use the echo header here */
 338:Middlewares/Third_Party/LwIP/src/core/ipv4/icmp.c ****   struct icmp_echo_hdr *icmphdr;
  51              		.loc 1 338 3 view .LVU4
 339:Middlewares/Third_Party/LwIP/src/core/ipv4/icmp.c ****   ip4_addr_t iphdr_src;
  52              		.loc 1 339 3 view .LVU5
 340:Middlewares/Third_Party/LwIP/src/core/ipv4/icmp.c ****   struct netif *netif;
  53              		.loc 1 340 3 view .LVU6
 341:Middlewares/Third_Party/LwIP/src/core/ipv4/icmp.c **** 
 342:Middlewares/Third_Party/LwIP/src/core/ipv4/icmp.c ****   /* increase number of messages attempted to send */
 343:Middlewares/Third_Party/LwIP/src/core/ipv4/icmp.c ****   MIB2_STATS_INC(mib2.icmpoutmsgs);
  54              		.loc 1 343 35 view .LVU7
 344:Middlewares/Third_Party/LwIP/src/core/ipv4/icmp.c **** 
 345:Middlewares/Third_Party/LwIP/src/core/ipv4/icmp.c ****   /* ICMP header + IP header + 8 bytes of data */
 346:Middlewares/Third_Party/LwIP/src/core/ipv4/icmp.c ****   q = pbuf_alloc(PBUF_IP, sizeof(struct icmp_echo_hdr) + IP_HLEN + ICMP_DEST_UNREACH_DATASIZE,
ARM GAS  /tmp/cc5Lk92L.s 			page 8


  55              		.loc 1 346 3 view .LVU8
  56              		.loc 1 346 7 is_stmt 0 view .LVU9
  57 000c 0022     		movs	r2, #0
  58              	.LVL1:
  59              		.loc 1 346 7 view .LVU10
  60 000e 2421     		movs	r1, #36
  61              	.LVL2:
  62              		.loc 1 346 7 view .LVU11
  63 0010 0120     		movs	r0, #1
  64              	.LVL3:
  65              		.loc 1 346 7 view .LVU12
  66 0012 FFF7FEFF 		bl	pbuf_alloc
  67              	.LVL4:
 347:Middlewares/Third_Party/LwIP/src/core/ipv4/icmp.c ****                  PBUF_RAM);
 348:Middlewares/Third_Party/LwIP/src/core/ipv4/icmp.c ****   if (q == NULL) {
  68              		.loc 1 348 3 is_stmt 1 view .LVU13
  69              		.loc 1 348 6 is_stmt 0 view .LVU14
  70 0016 0028     		cmp	r0, #0
  71 0018 36D0     		beq	.L1
  72 001a 0546     		mov	r5, r0
 349:Middlewares/Third_Party/LwIP/src/core/ipv4/icmp.c ****     LWIP_DEBUGF(ICMP_DEBUG, ("icmp_time_exceeded: failed to allocate pbuf for ICMP packet.\n"));
 350:Middlewares/Third_Party/LwIP/src/core/ipv4/icmp.c ****     MIB2_STATS_INC(mib2.icmpouterrors);
 351:Middlewares/Third_Party/LwIP/src/core/ipv4/icmp.c ****     return;
 352:Middlewares/Third_Party/LwIP/src/core/ipv4/icmp.c ****   }
 353:Middlewares/Third_Party/LwIP/src/core/ipv4/icmp.c ****   LWIP_ASSERT("check that first pbuf can hold icmp message",
  73              		.loc 1 353 3 is_stmt 1 view .LVU15
  74              		.loc 1 353 3 view .LVU16
  75 001c 4389     		ldrh	r3, [r0, #10]
  76 001e 232B     		cmp	r3, #35
  77 0020 35D9     		bls	.L7
  78              	.LVL5:
  79              	.L4:
 354:Middlewares/Third_Party/LwIP/src/core/ipv4/icmp.c ****              (q->len >= (sizeof(struct icmp_echo_hdr) + IP_HLEN + ICMP_DEST_UNREACH_DATASIZE)));
 355:Middlewares/Third_Party/LwIP/src/core/ipv4/icmp.c **** 
 356:Middlewares/Third_Party/LwIP/src/core/ipv4/icmp.c ****   iphdr = (struct ip_hdr *)p->payload;
  80              		.loc 1 356 3 view .LVU17
  81              		.loc 1 356 9 is_stmt 0 view .LVU18
  82 0022 D6F804C0 		ldr	ip, [r6, #4]
  83              	.LVL6:
 357:Middlewares/Third_Party/LwIP/src/core/ipv4/icmp.c ****   LWIP_DEBUGF(ICMP_DEBUG, ("icmp_time_exceeded from "));
  84              		.loc 1 357 56 is_stmt 1 view .LVU19
 358:Middlewares/Third_Party/LwIP/src/core/ipv4/icmp.c ****   ip4_addr_debug_print_val(ICMP_DEBUG, iphdr->src);
  85              		.loc 1 358 51 view .LVU20
 359:Middlewares/Third_Party/LwIP/src/core/ipv4/icmp.c ****   LWIP_DEBUGF(ICMP_DEBUG, (" to "));
  86              		.loc 1 359 36 view .LVU21
 360:Middlewares/Third_Party/LwIP/src/core/ipv4/icmp.c ****   ip4_addr_debug_print_val(ICMP_DEBUG, iphdr->dest);
  87              		.loc 1 360 52 view .LVU22
 361:Middlewares/Third_Party/LwIP/src/core/ipv4/icmp.c ****   LWIP_DEBUGF(ICMP_DEBUG, ("\n"));
  88              		.loc 1 361 34 view .LVU23
 362:Middlewares/Third_Party/LwIP/src/core/ipv4/icmp.c **** 
 363:Middlewares/Third_Party/LwIP/src/core/ipv4/icmp.c ****   icmphdr = (struct icmp_echo_hdr *)q->payload;
  89              		.loc 1 363 3 view .LVU24
  90              		.loc 1 363 11 is_stmt 0 view .LVU25
  91 0026 6C68     		ldr	r4, [r5, #4]
  92              	.LVL7:
 364:Middlewares/Third_Party/LwIP/src/core/ipv4/icmp.c ****   icmphdr->type = type;
  93              		.loc 1 364 3 is_stmt 1 view .LVU26
ARM GAS  /tmp/cc5Lk92L.s 			page 9


  94              		.loc 1 364 17 is_stmt 0 view .LVU27
  95 0028 84F80080 		strb	r8, [r4]
 365:Middlewares/Third_Party/LwIP/src/core/ipv4/icmp.c ****   icmphdr->code = code;
  96              		.loc 1 365 3 is_stmt 1 view .LVU28
  97              		.loc 1 365 17 is_stmt 0 view .LVU29
  98 002c 6770     		strb	r7, [r4, #1]
 366:Middlewares/Third_Party/LwIP/src/core/ipv4/icmp.c ****   icmphdr->id = 0;
  99              		.loc 1 366 3 is_stmt 1 view .LVU30
 100              		.loc 1 366 15 is_stmt 0 view .LVU31
 101 002e 0023     		movs	r3, #0
 102 0030 2371     		strb	r3, [r4, #4]
 103 0032 6371     		strb	r3, [r4, #5]
 367:Middlewares/Third_Party/LwIP/src/core/ipv4/icmp.c ****   icmphdr->seqno = 0;
 104              		.loc 1 367 3 is_stmt 1 view .LVU32
 105              		.loc 1 367 18 is_stmt 0 view .LVU33
 106 0034 A371     		strb	r3, [r4, #6]
 107 0036 E371     		strb	r3, [r4, #7]
 368:Middlewares/Third_Party/LwIP/src/core/ipv4/icmp.c **** 
 369:Middlewares/Third_Party/LwIP/src/core/ipv4/icmp.c ****   /* copy fields from original packet */
 370:Middlewares/Third_Party/LwIP/src/core/ipv4/icmp.c ****   SMEMCPY((u8_t *)q->payload + sizeof(struct icmp_echo_hdr), (u8_t *)p->payload,
 108              		.loc 1 370 3 is_stmt 1 view .LVU34
 109 0038 6F68     		ldr	r7, [r5, #4]
 110 003a 7368     		ldr	r3, [r6, #4]
 111 003c 1E68     		ldr	r6, [r3]	@ unaligned
 112              	.LVL8:
 113              		.loc 1 370 3 is_stmt 0 view .LVU35
 114 003e 5868     		ldr	r0, [r3, #4]	@ unaligned
 115 0040 9968     		ldr	r1, [r3, #8]	@ unaligned
 116 0042 D3F80CE0 		ldr	lr, [r3, #12]	@ unaligned
 117 0046 BE60     		str	r6, [r7, #8]	@ unaligned
 118 0048 F860     		str	r0, [r7, #12]	@ unaligned
 119 004a 3961     		str	r1, [r7, #16]	@ unaligned
 120 004c C7F814E0 		str	lr, [r7, #20]	@ unaligned
 121 0050 1E69     		ldr	r6, [r3, #16]	@ unaligned
 122 0052 5869     		ldr	r0, [r3, #20]	@ unaligned
 123 0054 9969     		ldr	r1, [r3, #24]	@ unaligned
 124 0056 BE61     		str	r6, [r7, #24]	@ unaligned
 125 0058 F861     		str	r0, [r7, #28]	@ unaligned
 126 005a 3962     		str	r1, [r7, #32]	@ unaligned
 371:Middlewares/Third_Party/LwIP/src/core/ipv4/icmp.c ****           IP_HLEN + ICMP_DEST_UNREACH_DATASIZE);
 372:Middlewares/Third_Party/LwIP/src/core/ipv4/icmp.c **** 
 373:Middlewares/Third_Party/LwIP/src/core/ipv4/icmp.c ****   ip4_addr_copy(iphdr_src, iphdr->src);
 127              		.loc 1 373 3 is_stmt 1 view .LVU36
 128 005c DCF80C30 		ldr	r3, [ip, #12]	@ unaligned
 129 0060 0593     		str	r3, [sp, #20]
 374:Middlewares/Third_Party/LwIP/src/core/ipv4/icmp.c **** #ifdef LWIP_HOOK_IP4_ROUTE_SRC
 375:Middlewares/Third_Party/LwIP/src/core/ipv4/icmp.c ****   {
 376:Middlewares/Third_Party/LwIP/src/core/ipv4/icmp.c ****     ip4_addr_t iphdr_dst;
 377:Middlewares/Third_Party/LwIP/src/core/ipv4/icmp.c ****     ip4_addr_copy(iphdr_dst, iphdr->dest);
 378:Middlewares/Third_Party/LwIP/src/core/ipv4/icmp.c ****     netif = ip4_route_src(&iphdr_src, &iphdr_dst);
 379:Middlewares/Third_Party/LwIP/src/core/ipv4/icmp.c ****   }
 380:Middlewares/Third_Party/LwIP/src/core/ipv4/icmp.c **** #else
 381:Middlewares/Third_Party/LwIP/src/core/ipv4/icmp.c ****   netif = ip4_route(&iphdr_src);
 130              		.loc 1 381 3 view .LVU37
 131              		.loc 1 381 11 is_stmt 0 view .LVU38
 132 0062 05A8     		add	r0, sp, #20
 133 0064 FFF7FEFF 		bl	ip4_route
ARM GAS  /tmp/cc5Lk92L.s 			page 10


 134              	.LVL9:
 382:Middlewares/Third_Party/LwIP/src/core/ipv4/icmp.c **** #endif
 383:Middlewares/Third_Party/LwIP/src/core/ipv4/icmp.c ****   if (netif != NULL) {
 135              		.loc 1 383 3 is_stmt 1 view .LVU39
 136              		.loc 1 383 6 is_stmt 0 view .LVU40
 137 0068 58B1     		cbz	r0, .L5
 384:Middlewares/Third_Party/LwIP/src/core/ipv4/icmp.c ****     /* calculate checksum */
 385:Middlewares/Third_Party/LwIP/src/core/ipv4/icmp.c ****     icmphdr->chksum = 0;
 138              		.loc 1 385 5 is_stmt 1 view .LVU41
 139              		.loc 1 385 21 is_stmt 0 view .LVU42
 140 006a 0021     		movs	r1, #0
 141 006c A170     		strb	r1, [r4, #2]
 142 006e E170     		strb	r1, [r4, #3]
 386:Middlewares/Third_Party/LwIP/src/core/ipv4/icmp.c **** #if CHECKSUM_GEN_ICMP
 387:Middlewares/Third_Party/LwIP/src/core/ipv4/icmp.c ****     IF__NETIF_CHECKSUM_ENABLED(netif, NETIF_CHECKSUM_GEN_ICMP) {
 388:Middlewares/Third_Party/LwIP/src/core/ipv4/icmp.c ****       icmphdr->chksum = inet_chksum(icmphdr, q->len);
 389:Middlewares/Third_Party/LwIP/src/core/ipv4/icmp.c ****     }
 390:Middlewares/Third_Party/LwIP/src/core/ipv4/icmp.c **** #endif
 391:Middlewares/Third_Party/LwIP/src/core/ipv4/icmp.c ****     ICMP_STATS_INC(icmp.xmit);
 143              		.loc 1 391 30 is_stmt 1 view .LVU43
 392:Middlewares/Third_Party/LwIP/src/core/ipv4/icmp.c ****     ip4_output_if(q, NULL, &iphdr_src, ICMP_TTL, 0, IP_PROTO_ICMP, netif);
 144              		.loc 1 392 5 view .LVU44
 145 0070 0290     		str	r0, [sp, #8]
 146 0072 0123     		movs	r3, #1
 147 0074 0193     		str	r3, [sp, #4]
 148 0076 0091     		str	r1, [sp]
 149 0078 FF23     		movs	r3, #255
 150 007a 05AA     		add	r2, sp, #20
 151 007c 2846     		mov	r0, r5
 152              	.LVL10:
 153              		.loc 1 392 5 is_stmt 0 view .LVU45
 154 007e FFF7FEFF 		bl	ip4_output_if
 155              	.LVL11:
 156              	.L5:
 393:Middlewares/Third_Party/LwIP/src/core/ipv4/icmp.c ****   }
 394:Middlewares/Third_Party/LwIP/src/core/ipv4/icmp.c ****   pbuf_free(q);
 157              		.loc 1 394 3 is_stmt 1 view .LVU46
 158 0082 2846     		mov	r0, r5
 159 0084 FFF7FEFF 		bl	pbuf_free
 160              	.LVL12:
 161              	.L1:
 395:Middlewares/Third_Party/LwIP/src/core/ipv4/icmp.c **** }
 162              		.loc 1 395 1 is_stmt 0 view .LVU47
 163 0088 06B0     		add	sp, sp, #24
 164              	.LCFI2:
 165              		.cfi_remember_state
 166              		.cfi_def_cfa_offset 24
 167              		@ sp needed
 168 008a BDE8F081 		pop	{r4, r5, r6, r7, r8, pc}
 169              	.LVL13:
 170              	.L7:
 171              	.LCFI3:
 172              		.cfi_restore_state
 353:Middlewares/Third_Party/LwIP/src/core/ipv4/icmp.c ****              (q->len >= (sizeof(struct icmp_echo_hdr) + IP_HLEN + ICMP_DEST_UNREACH_DATASIZE)));
 173              		.loc 1 353 3 is_stmt 1 discriminator 1 view .LVU48
 353:Middlewares/Third_Party/LwIP/src/core/ipv4/icmp.c ****              (q->len >= (sizeof(struct icmp_echo_hdr) + IP_HLEN + ICMP_DEST_UNREACH_DATASIZE)));
 174              		.loc 1 353 3 discriminator 1 view .LVU49
ARM GAS  /tmp/cc5Lk92L.s 			page 11


 175 008e 044B     		ldr	r3, .L8
 176 0090 4FF4B172 		mov	r2, #354
 177 0094 0349     		ldr	r1, .L8+4
 178 0096 0448     		ldr	r0, .L8+8
 179              	.LVL14:
 353:Middlewares/Third_Party/LwIP/src/core/ipv4/icmp.c ****              (q->len >= (sizeof(struct icmp_echo_hdr) + IP_HLEN + ICMP_DEST_UNREACH_DATASIZE)));
 180              		.loc 1 353 3 is_stmt 0 discriminator 1 view .LVU50
 181 0098 FFF7FEFF 		bl	printf
 182              	.LVL15:
 183 009c C1E7     		b	.L4
 184              	.L9:
 185 009e 00BF     		.align	2
 186              	.L8:
 187 00a0 00000000 		.word	.LC0
 188 00a4 34000000 		.word	.LC1
 189 00a8 60000000 		.word	.LC2
 190              		.cfi_endproc
 191              	.LFE163:
 193              		.section	.text.icmp_input,"ax",%progbits
 194              		.align	1
 195              		.global	icmp_input
 196              		.syntax unified
 197              		.thumb
 198              		.thumb_func
 199              		.fpu fpv5-sp-d16
 201              	icmp_input:
 202              	.LVL16:
 203              	.LFB160:
  81:Middlewares/Third_Party/LwIP/src/core/ipv4/icmp.c ****   u8_t type;
 204              		.loc 1 81 1 is_stmt 1 view -0
 205              		.cfi_startproc
 206              		@ args = 0, pretend = 0, frame = 0
 207              		@ frame_needed = 0, uses_anonymous_args = 0
  81:Middlewares/Third_Party/LwIP/src/core/ipv4/icmp.c ****   u8_t type;
 208              		.loc 1 81 1 is_stmt 0 view .LVU52
 209 0000 2DE9F041 		push	{r4, r5, r6, r7, r8, lr}
 210              	.LCFI4:
 211              		.cfi_def_cfa_offset 24
 212              		.cfi_offset 4, -24
 213              		.cfi_offset 5, -20
 214              		.cfi_offset 6, -16
 215              		.cfi_offset 7, -12
 216              		.cfi_offset 8, -8
 217              		.cfi_offset 14, -4
 218 0004 84B0     		sub	sp, sp, #16
 219              	.LCFI5:
 220              		.cfi_def_cfa_offset 40
 221 0006 0546     		mov	r5, r0
  82:Middlewares/Third_Party/LwIP/src/core/ipv4/icmp.c **** #ifdef LWIP_DEBUG
 222              		.loc 1 82 3 is_stmt 1 view .LVU53
  86:Middlewares/Third_Party/LwIP/src/core/ipv4/icmp.c ****   const struct ip_hdr *iphdr_in;
 223              		.loc 1 86 3 view .LVU54
  87:Middlewares/Third_Party/LwIP/src/core/ipv4/icmp.c ****   u16_t hlen;
 224              		.loc 1 87 3 view .LVU55
  88:Middlewares/Third_Party/LwIP/src/core/ipv4/icmp.c ****   const ip4_addr_t* src;
 225              		.loc 1 88 3 view .LVU56
  89:Middlewares/Third_Party/LwIP/src/core/ipv4/icmp.c **** 
ARM GAS  /tmp/cc5Lk92L.s 			page 12


 226              		.loc 1 89 3 view .LVU57
  91:Middlewares/Third_Party/LwIP/src/core/ipv4/icmp.c ****   MIB2_STATS_INC(mib2.icmpinmsgs);
 227              		.loc 1 91 28 view .LVU58
  92:Middlewares/Third_Party/LwIP/src/core/ipv4/icmp.c **** 
 228              		.loc 1 92 34 view .LVU59
  94:Middlewares/Third_Party/LwIP/src/core/ipv4/icmp.c ****   hlen = IPH_HL(iphdr_in) * 4;
 229              		.loc 1 94 3 view .LVU60
  94:Middlewares/Third_Party/LwIP/src/core/ipv4/icmp.c ****   hlen = IPH_HL(iphdr_in) * 4;
 230              		.loc 1 94 12 is_stmt 0 view .LVU61
 231 0008 474B     		ldr	r3, .L27
 232 000a 9E68     		ldr	r6, [r3, #8]
 233              	.LVL17:
  95:Middlewares/Third_Party/LwIP/src/core/ipv4/icmp.c ****   if (hlen < IP_HLEN) {
 234              		.loc 1 95 3 is_stmt 1 view .LVU62
  95:Middlewares/Third_Party/LwIP/src/core/ipv4/icmp.c ****   if (hlen < IP_HLEN) {
 235              		.loc 1 95 10 is_stmt 0 view .LVU63
 236 000c 3478     		ldrb	r4, [r6]	@ zero_extendqisi2
  95:Middlewares/Third_Party/LwIP/src/core/ipv4/icmp.c ****   if (hlen < IP_HLEN) {
 237              		.loc 1 95 8 view .LVU64
 238 000e 04F00F04 		and	r4, r4, #15
 239 0012 A400     		lsls	r4, r4, #2
 240              	.LVL18:
  96:Middlewares/Third_Party/LwIP/src/core/ipv4/icmp.c ****     LWIP_DEBUGF(ICMP_DEBUG, ("icmp_input: short IP header (%"S16_F" bytes) received\n", hlen));
 241              		.loc 1 96 3 is_stmt 1 view .LVU65
  96:Middlewares/Third_Party/LwIP/src/core/ipv4/icmp.c ****     LWIP_DEBUGF(ICMP_DEBUG, ("icmp_input: short IP header (%"S16_F" bytes) received\n", hlen));
 242              		.loc 1 96 6 is_stmt 0 view .LVU66
 243 0014 132C     		cmp	r4, #19
 244 0016 15D9     		bls	.L11
 245 0018 0F46     		mov	r7, r1
 100:Middlewares/Third_Party/LwIP/src/core/ipv4/icmp.c ****     LWIP_DEBUGF(ICMP_DEBUG, ("icmp_input: short ICMP (%"U16_F" bytes) received\n", p->tot_len));
 246              		.loc 1 100 3 is_stmt 1 view .LVU67
 100:Middlewares/Third_Party/LwIP/src/core/ipv4/icmp.c ****     LWIP_DEBUGF(ICMP_DEBUG, ("icmp_input: short ICMP (%"U16_F" bytes) received\n", p->tot_len));
 247              		.loc 1 100 8 is_stmt 0 view .LVU68
 248 001a 4389     		ldrh	r3, [r0, #10]
 100:Middlewares/Third_Party/LwIP/src/core/ipv4/icmp.c ****     LWIP_DEBUGF(ICMP_DEBUG, ("icmp_input: short ICMP (%"U16_F" bytes) received\n", p->tot_len));
 249              		.loc 1 100 6 view .LVU69
 250 001c 032B     		cmp	r3, #3
 251 001e 11D9     		bls	.L11
 105:Middlewares/Third_Party/LwIP/src/core/ipv4/icmp.c **** #ifdef LWIP_DEBUG
 252              		.loc 1 105 3 is_stmt 1 view .LVU70
 105:Middlewares/Third_Party/LwIP/src/core/ipv4/icmp.c **** #ifdef LWIP_DEBUG
 253              		.loc 1 105 21 is_stmt 0 view .LVU71
 254 0020 4368     		ldr	r3, [r0, #4]
 105:Middlewares/Third_Party/LwIP/src/core/ipv4/icmp.c **** #ifdef LWIP_DEBUG
 255              		.loc 1 105 8 view .LVU72
 256 0022 1B78     		ldrb	r3, [r3]	@ zero_extendqisi2
 257              	.LVL19:
 109:Middlewares/Third_Party/LwIP/src/core/ipv4/icmp.c ****   case ICMP_ER:
 258              		.loc 1 109 3 is_stmt 1 view .LVU73
 259 0024 082B     		cmp	r3, #8
 260 0026 5DD1     		bne	.L12
 116:Middlewares/Third_Party/LwIP/src/core/ipv4/icmp.c ****     src = ip4_current_dest_addr();
 261              		.loc 1 116 37 view .LVU74
 117:Middlewares/Third_Party/LwIP/src/core/ipv4/icmp.c ****     /* multicast destination address? */
 262              		.loc 1 117 5 view .LVU75
 263              	.LVL20:
 119:Middlewares/Third_Party/LwIP/src/core/ipv4/icmp.c **** #if LWIP_MULTICAST_PING
ARM GAS  /tmp/cc5Lk92L.s 			page 13


 264              		.loc 1 119 5 view .LVU76
 119:Middlewares/Third_Party/LwIP/src/core/ipv4/icmp.c **** #if LWIP_MULTICAST_PING
 265              		.loc 1 119 9 is_stmt 0 view .LVU77
 266 0028 3F4B     		ldr	r3, .L27
 267              	.LVL21:
 119:Middlewares/Third_Party/LwIP/src/core/ipv4/icmp.c **** #if LWIP_MULTICAST_PING
 268              		.loc 1 119 9 view .LVU78
 269 002a 5869     		ldr	r0, [r3, #20]
 270              	.LVL22:
 119:Middlewares/Third_Party/LwIP/src/core/ipv4/icmp.c **** #if LWIP_MULTICAST_PING
 271              		.loc 1 119 9 view .LVU79
 272 002c 00F0F003 		and	r3, r0, #240
 119:Middlewares/Third_Party/LwIP/src/core/ipv4/icmp.c **** #if LWIP_MULTICAST_PING
 273              		.loc 1 119 8 view .LVU80
 274 0030 E02B     		cmp	r3, #224
 275 0032 37D0     		beq	.L13
 129:Middlewares/Third_Party/LwIP/src/core/ipv4/icmp.c **** #if LWIP_BROADCAST_PING
 276              		.loc 1 129 5 is_stmt 1 view .LVU81
 129:Middlewares/Third_Party/LwIP/src/core/ipv4/icmp.c **** #if LWIP_BROADCAST_PING
 277              		.loc 1 129 9 is_stmt 0 view .LVU82
 278 0034 3C4B     		ldr	r3, .L27
 279 0036 1968     		ldr	r1, [r3]
 280              	.LVL23:
 129:Middlewares/Third_Party/LwIP/src/core/ipv4/icmp.c **** #if LWIP_BROADCAST_PING
 281              		.loc 1 129 9 view .LVU83
 282 0038 FFF7FEFF 		bl	ip4_addr_isbroadcast_u32
 283              	.LVL24:
 129:Middlewares/Third_Party/LwIP/src/core/ipv4/icmp.c **** #if LWIP_BROADCAST_PING
 284              		.loc 1 129 8 view .LVU84
 285 003c 90BB     		cbnz	r0, .L13
 138:Middlewares/Third_Party/LwIP/src/core/ipv4/icmp.c ****     if (p->tot_len < sizeof(struct icmp_echo_hdr)) {
 286              		.loc 1 138 52 is_stmt 1 view .LVU85
 139:Middlewares/Third_Party/LwIP/src/core/ipv4/icmp.c ****       LWIP_DEBUGF(ICMP_DEBUG, ("icmp_input: bad ICMP echo received\n"));
 287              		.loc 1 139 5 view .LVU86
 139:Middlewares/Third_Party/LwIP/src/core/ipv4/icmp.c ****       LWIP_DEBUGF(ICMP_DEBUG, ("icmp_input: bad ICMP echo received\n"));
 288              		.loc 1 139 10 is_stmt 0 view .LVU87
 289 003e 2B89     		ldrh	r3, [r5, #8]
 139:Middlewares/Third_Party/LwIP/src/core/ipv4/icmp.c ****       LWIP_DEBUGF(ICMP_DEBUG, ("icmp_input: bad ICMP echo received\n"));
 290              		.loc 1 139 8 view .LVU88
 291 0040 072B     		cmp	r3, #7
 292 0042 05D8     		bhi	.L21
 293              	.LVL25:
 294              	.L11:
 278:Middlewares/Third_Party/LwIP/src/core/ipv4/icmp.c ****   ICMP_STATS_INC(icmp.lenerr);
 295              		.loc 1 278 3 is_stmt 1 view .LVU89
 296 0044 2846     		mov	r0, r5
 297 0046 FFF7FEFF 		bl	pbuf_free
 298              	.LVL26:
 279:Middlewares/Third_Party/LwIP/src/core/ipv4/icmp.c ****   MIB2_STATS_INC(mib2.icmpinerrors);
 299              		.loc 1 279 30 view .LVU90
 280:Middlewares/Third_Party/LwIP/src/core/ipv4/icmp.c ****   return;
 300              		.loc 1 280 36 view .LVU91
 281:Middlewares/Third_Party/LwIP/src/core/ipv4/icmp.c **** #if LWIP_ICMP_ECHO_CHECK_INPUT_PBUF_LEN || !LWIP_MULTICAST_PING || !LWIP_BROADCAST_PING
 301              		.loc 1 281 3 view .LVU92
 302              	.L10:
 289:Middlewares/Third_Party/LwIP/src/core/ipv4/icmp.c **** 
 303              		.loc 1 289 1 is_stmt 0 view .LVU93
ARM GAS  /tmp/cc5Lk92L.s 			page 14


 304 004a 04B0     		add	sp, sp, #16
 305              	.LCFI6:
 306              		.cfi_remember_state
 307              		.cfi_def_cfa_offset 24
 308              		@ sp needed
 309 004c BDE8F081 		pop	{r4, r5, r6, r7, r8, pc}
 310              	.LVL27:
 311              	.L21:
 312              	.LCFI7:
 313              		.cfi_restore_state
 155:Middlewares/Third_Party/LwIP/src/core/ipv4/icmp.c ****       /* p is not big enough to contain link headers
 314              		.loc 1 155 5 is_stmt 1 view .LVU94
 155:Middlewares/Third_Party/LwIP/src/core/ipv4/icmp.c ****       /* p is not big enough to contain link headers
 315              		.loc 1 155 9 is_stmt 0 view .LVU95
 316 0050 04F10E01 		add	r1, r4, #14
 317 0054 2846     		mov	r0, r5
 318 0056 FFF7FEFF 		bl	pbuf_header
 319              	.LVL28:
 155:Middlewares/Third_Party/LwIP/src/core/ipv4/icmp.c ****       /* p is not big enough to contain link headers
 320              		.loc 1 155 8 view .LVU96
 321 005a A8B3     		cbz	r0, .L14
 322              	.LBB2:
 159:Middlewares/Third_Party/LwIP/src/core/ipv4/icmp.c ****       /* allocate new packet buffer with space for link headers */
 323              		.loc 1 159 7 is_stmt 1 view .LVU97
 161:Middlewares/Third_Party/LwIP/src/core/ipv4/icmp.c ****       if (r == NULL) {
 324              		.loc 1 161 7 view .LVU98
 161:Middlewares/Third_Party/LwIP/src/core/ipv4/icmp.c ****       if (r == NULL) {
 325              		.loc 1 161 34 is_stmt 0 view .LVU99
 326 005c 2989     		ldrh	r1, [r5, #8]
 161:Middlewares/Third_Party/LwIP/src/core/ipv4/icmp.c ****       if (r == NULL) {
 327              		.loc 1 161 11 view .LVU100
 328 005e 2144     		add	r1, r1, r4
 329 0060 0022     		movs	r2, #0
 330 0062 89B2     		uxth	r1, r1
 331 0064 0220     		movs	r0, #2
 332 0066 FFF7FEFF 		bl	pbuf_alloc
 333              	.LVL29:
 162:Middlewares/Third_Party/LwIP/src/core/ipv4/icmp.c ****         LWIP_DEBUGF(ICMP_DEBUG, ("icmp_input: allocating new pbuf failed\n"));
 334              		.loc 1 162 7 is_stmt 1 view .LVU101
 162:Middlewares/Third_Party/LwIP/src/core/ipv4/icmp.c ****         LWIP_DEBUGF(ICMP_DEBUG, ("icmp_input: allocating new pbuf failed\n"));
 335              		.loc 1 162 10 is_stmt 0 view .LVU102
 336 006a 8046     		mov	r8, r0
 337 006c D0B1     		cbz	r0, .L13
 166:Middlewares/Third_Party/LwIP/src/core/ipv4/icmp.c ****         LWIP_DEBUGF(ICMP_DEBUG | LWIP_DBG_LEVEL_SERIOUS, ("first pbuf cannot hold the ICMP header")
 338              		.loc 1 166 7 is_stmt 1 view .LVU103
 166:Middlewares/Third_Party/LwIP/src/core/ipv4/icmp.c ****         LWIP_DEBUGF(ICMP_DEBUG | LWIP_DBG_LEVEL_SERIOUS, ("first pbuf cannot hold the ICMP header")
 339              		.loc 1 166 12 is_stmt 0 view .LVU104
 340 006e 4289     		ldrh	r2, [r0, #10]
 166:Middlewares/Third_Party/LwIP/src/core/ipv4/icmp.c ****         LWIP_DEBUGF(ICMP_DEBUG | LWIP_DBG_LEVEL_SERIOUS, ("first pbuf cannot hold the ICMP header")
 341              		.loc 1 166 25 view .LVU105
 342 0070 04F10803 		add	r3, r4, #8
 166:Middlewares/Third_Party/LwIP/src/core/ipv4/icmp.c ****         LWIP_DEBUGF(ICMP_DEBUG | LWIP_DBG_LEVEL_SERIOUS, ("first pbuf cannot hold the ICMP header")
 343              		.loc 1 166 10 view .LVU106
 344 0074 9A42     		cmp	r2, r3
 345 0076 13D3     		bcc	.L22
 172:Middlewares/Third_Party/LwIP/src/core/ipv4/icmp.c ****       /* switch r->payload back to icmp header (cannot fail) */
 346              		.loc 1 172 7 is_stmt 1 view .LVU107
ARM GAS  /tmp/cc5Lk92L.s 			page 15


 347 0078 2246     		mov	r2, r4
 348 007a 3146     		mov	r1, r6
 349 007c 4068     		ldr	r0, [r0, #4]
 350              	.LVL30:
 172:Middlewares/Third_Party/LwIP/src/core/ipv4/icmp.c ****       /* switch r->payload back to icmp header (cannot fail) */
 351              		.loc 1 172 7 is_stmt 0 view .LVU108
 352 007e FFF7FEFF 		bl	memcpy
 353              	.LVL31:
 174:Middlewares/Third_Party/LwIP/src/core/ipv4/icmp.c ****         LWIP_ASSERT("icmp_input: moving r->payload to icmp header failed\n", 0);
 354              		.loc 1 174 7 is_stmt 1 view .LVU109
 174:Middlewares/Third_Party/LwIP/src/core/ipv4/icmp.c ****         LWIP_ASSERT("icmp_input: moving r->payload to icmp header failed\n", 0);
 355              		.loc 1 174 11 is_stmt 0 view .LVU110
 356 0082 6142     		rsbs	r1, r4, #0
 357 0084 4046     		mov	r0, r8
 358 0086 FFF7FEFF 		bl	pbuf_header
 359              	.LVL32:
 174:Middlewares/Third_Party/LwIP/src/core/ipv4/icmp.c ****         LWIP_ASSERT("icmp_input: moving r->payload to icmp header failed\n", 0);
 360              		.loc 1 174 10 view .LVU111
 361 008a 78B9     		cbnz	r0, .L23
 180:Middlewares/Third_Party/LwIP/src/core/ipv4/icmp.c ****         LWIP_DEBUGF(ICMP_DEBUG | LWIP_DBG_LEVEL_SERIOUS, ("icmp_input: copying to new pbuf failed")
 362              		.loc 1 180 7 is_stmt 1 view .LVU112
 180:Middlewares/Third_Party/LwIP/src/core/ipv4/icmp.c ****         LWIP_DEBUGF(ICMP_DEBUG | LWIP_DBG_LEVEL_SERIOUS, ("icmp_input: copying to new pbuf failed")
 363              		.loc 1 180 11 is_stmt 0 view .LVU113
 364 008c 2946     		mov	r1, r5
 365 008e 4046     		mov	r0, r8
 366 0090 FFF7FEFF 		bl	pbuf_copy
 367              	.LVL33:
 180:Middlewares/Third_Party/LwIP/src/core/ipv4/icmp.c ****         LWIP_DEBUGF(ICMP_DEBUG | LWIP_DBG_LEVEL_SERIOUS, ("icmp_input: copying to new pbuf failed")
 368              		.loc 1 180 10 view .LVU114
 369 0094 A0B9     		cbnz	r0, .L24
 186:Middlewares/Third_Party/LwIP/src/core/ipv4/icmp.c ****       /* we now have an identical copy of p that has room for link headers */
 370              		.loc 1 186 7 is_stmt 1 view .LVU115
 371 0096 2846     		mov	r0, r5
 372 0098 FFF7FEFF 		bl	pbuf_free
 373              	.LVL34:
 188:Middlewares/Third_Party/LwIP/src/core/ipv4/icmp.c ****     } else {
 374              		.loc 1 188 7 view .LVU116
 188:Middlewares/Third_Party/LwIP/src/core/ipv4/icmp.c ****     } else {
 375              		.loc 1 188 9 is_stmt 0 view .LVU117
 376 009c 4546     		mov	r5, r8
 377              	.LBE2:
 378 009e 1BE0     		b	.L18
 379              	.LVL35:
 380              	.L22:
 381              	.LBB3:
 167:Middlewares/Third_Party/LwIP/src/core/ipv4/icmp.c ****         pbuf_free(r);
 382              		.loc 1 167 101 is_stmt 1 view .LVU118
 168:Middlewares/Third_Party/LwIP/src/core/ipv4/icmp.c ****         goto icmperr;
 383              		.loc 1 168 9 view .LVU119
 384 00a0 FFF7FEFF 		bl	pbuf_free
 385              	.LVL36:
 169:Middlewares/Third_Party/LwIP/src/core/ipv4/icmp.c ****       }
 386              		.loc 1 169 9 view .LVU120
 387              	.L13:
 169:Middlewares/Third_Party/LwIP/src/core/ipv4/icmp.c ****       }
 388              		.loc 1 169 9 is_stmt 0 view .LVU121
 389              	.LBE3:
ARM GAS  /tmp/cc5Lk92L.s 			page 16


 284:Middlewares/Third_Party/LwIP/src/core/ipv4/icmp.c ****   ICMP_STATS_INC(icmp.err);
 390              		.loc 1 284 3 is_stmt 1 view .LVU122
 391 00a4 2846     		mov	r0, r5
 392 00a6 FFF7FEFF 		bl	pbuf_free
 393              	.LVL37:
 285:Middlewares/Third_Party/LwIP/src/core/ipv4/icmp.c ****   MIB2_STATS_INC(mib2.icmpinerrors);
 394              		.loc 1 285 27 view .LVU123
 286:Middlewares/Third_Party/LwIP/src/core/ipv4/icmp.c ****   return;
 395              		.loc 1 286 36 view .LVU124
 287:Middlewares/Third_Party/LwIP/src/core/ipv4/icmp.c **** #endif /* LWIP_ICMP_ECHO_CHECK_INPUT_PBUF_LEN || !LWIP_MULTICAST_PING || !LWIP_BROADCAST_PING */
 396              		.loc 1 287 3 view .LVU125
 397 00aa CEE7     		b	.L10
 398              	.LVL38:
 399              	.L23:
 400              	.LBB4:
 175:Middlewares/Third_Party/LwIP/src/core/ipv4/icmp.c ****         pbuf_free(r);
 401              		.loc 1 175 9 discriminator 1 view .LVU126
 175:Middlewares/Third_Party/LwIP/src/core/ipv4/icmp.c ****         pbuf_free(r);
 402              		.loc 1 175 9 discriminator 1 view .LVU127
 175:Middlewares/Third_Party/LwIP/src/core/ipv4/icmp.c ****         pbuf_free(r);
 403              		.loc 1 175 9 discriminator 1 view .LVU128
 175:Middlewares/Third_Party/LwIP/src/core/ipv4/icmp.c ****         pbuf_free(r);
 404              		.loc 1 175 9 discriminator 1 view .LVU129
 405 00ac 1F4B     		ldr	r3, .L27+4
 406 00ae AF22     		movs	r2, #175
 407 00b0 1F49     		ldr	r1, .L27+8
 408 00b2 2048     		ldr	r0, .L27+12
 409 00b4 FFF7FEFF 		bl	printf
 410              	.LVL39:
 176:Middlewares/Third_Party/LwIP/src/core/ipv4/icmp.c ****         goto icmperr;
 411              		.loc 1 176 9 discriminator 1 view .LVU130
 412 00b8 4046     		mov	r0, r8
 413 00ba FFF7FEFF 		bl	pbuf_free
 414              	.LVL40:
 177:Middlewares/Third_Party/LwIP/src/core/ipv4/icmp.c ****       }
 415              		.loc 1 177 9 discriminator 1 view .LVU131
 416 00be F1E7     		b	.L13
 417              	.L24:
 181:Middlewares/Third_Party/LwIP/src/core/ipv4/icmp.c ****         pbuf_free(r);
 418              		.loc 1 181 101 view .LVU132
 182:Middlewares/Third_Party/LwIP/src/core/ipv4/icmp.c ****         goto icmperr;
 419              		.loc 1 182 9 view .LVU133
 420 00c0 4046     		mov	r0, r8
 421 00c2 FFF7FEFF 		bl	pbuf_free
 422              	.LVL41:
 183:Middlewares/Third_Party/LwIP/src/core/ipv4/icmp.c ****       }
 423              		.loc 1 183 9 view .LVU134
 424 00c6 EDE7     		b	.L13
 425              	.LVL42:
 426              	.L14:
 183:Middlewares/Third_Party/LwIP/src/core/ipv4/icmp.c ****       }
 427              		.loc 1 183 9 is_stmt 0 view .LVU135
 428              	.LBE4:
 191:Middlewares/Third_Party/LwIP/src/core/ipv4/icmp.c ****         LWIP_ASSERT("icmp_input: restoring original p->payload failed\n", 0);
 429              		.loc 1 191 7 is_stmt 1 view .LVU136
 191:Middlewares/Third_Party/LwIP/src/core/ipv4/icmp.c ****         LWIP_ASSERT("icmp_input: restoring original p->payload failed\n", 0);
 430              		.loc 1 191 11 is_stmt 0 view .LVU137
ARM GAS  /tmp/cc5Lk92L.s 			page 17


 431 00c8 4FF6F271 		movw	r1, #65522
 432 00cc 091B     		subs	r1, r1, r4
 433 00ce 09B2     		sxth	r1, r1
 434 00d0 2846     		mov	r0, r5
 435 00d2 FFF7FEFF 		bl	pbuf_header
 436              	.LVL43:
 191:Middlewares/Third_Party/LwIP/src/core/ipv4/icmp.c ****         LWIP_ASSERT("icmp_input: restoring original p->payload failed\n", 0);
 437              		.loc 1 191 10 view .LVU138
 438 00d6 48B9     		cbnz	r0, .L25
 439              	.L18:
 200:Middlewares/Third_Party/LwIP/src/core/ipv4/icmp.c ****     if (pbuf_header(p, (s16_t)hlen)) {
 440              		.loc 1 200 5 is_stmt 1 view .LVU139
 200:Middlewares/Third_Party/LwIP/src/core/ipv4/icmp.c ****     if (pbuf_header(p, (s16_t)hlen)) {
 441              		.loc 1 200 11 is_stmt 0 view .LVU140
 442 00d8 6E68     		ldr	r6, [r5, #4]
 443              	.LVL44:
 201:Middlewares/Third_Party/LwIP/src/core/ipv4/icmp.c ****       LWIP_DEBUGF(ICMP_DEBUG | LWIP_DBG_LEVEL_SERIOUS, ("Can't move over header in packet"));
 444              		.loc 1 201 5 is_stmt 1 view .LVU141
 201:Middlewares/Third_Party/LwIP/src/core/ipv4/icmp.c ****       LWIP_DEBUGF(ICMP_DEBUG | LWIP_DBG_LEVEL_SERIOUS, ("Can't move over header in packet"));
 445              		.loc 1 201 9 is_stmt 0 view .LVU142
 446 00da 2146     		mov	r1, r4
 447 00dc 2846     		mov	r0, r5
 448 00de FFF7FEFF 		bl	pbuf_header
 449              	.LVL45:
 201:Middlewares/Third_Party/LwIP/src/core/ipv4/icmp.c ****       LWIP_DEBUGF(ICMP_DEBUG | LWIP_DBG_LEVEL_SERIOUS, ("Can't move over header in packet"));
 450              		.loc 1 201 8 view .LVU143
 451 00e2 50B1     		cbz	r0, .L26
 452              	.LVL46:
 453              	.L12:
 268:Middlewares/Third_Party/LwIP/src/core/ipv4/icmp.c ****     }
 454              		.loc 1 268 46 is_stmt 1 view .LVU144
 271:Middlewares/Third_Party/LwIP/src/core/ipv4/icmp.c ****     ICMP_STATS_INC(icmp.proterr);
 455              		.loc 1 271 43 view .LVU145
 272:Middlewares/Third_Party/LwIP/src/core/ipv4/icmp.c ****     ICMP_STATS_INC(icmp.drop);
 456              		.loc 1 272 33 view .LVU146
 273:Middlewares/Third_Party/LwIP/src/core/ipv4/icmp.c ****   }
 457              		.loc 1 273 30 view .LVU147
 275:Middlewares/Third_Party/LwIP/src/core/ipv4/icmp.c ****   return;
 458              		.loc 1 275 3 view .LVU148
 459 00e4 2846     		mov	r0, r5
 460 00e6 FFF7FEFF 		bl	pbuf_free
 461              	.LVL47:
 276:Middlewares/Third_Party/LwIP/src/core/ipv4/icmp.c **** lenerr:
 462              		.loc 1 276 3 view .LVU149
 463 00ea AEE7     		b	.L10
 464              	.LVL48:
 465              	.L25:
 192:Middlewares/Third_Party/LwIP/src/core/ipv4/icmp.c ****         goto icmperr;
 466              		.loc 1 192 9 discriminator 1 view .LVU150
 192:Middlewares/Third_Party/LwIP/src/core/ipv4/icmp.c ****         goto icmperr;
 467              		.loc 1 192 9 discriminator 1 view .LVU151
 192:Middlewares/Third_Party/LwIP/src/core/ipv4/icmp.c ****         goto icmperr;
 468              		.loc 1 192 9 discriminator 1 view .LVU152
 192:Middlewares/Third_Party/LwIP/src/core/ipv4/icmp.c ****         goto icmperr;
 469              		.loc 1 192 9 discriminator 1 view .LVU153
 470 00ec 0F4B     		ldr	r3, .L27+4
 471 00ee C022     		movs	r2, #192
ARM GAS  /tmp/cc5Lk92L.s 			page 18


 472 00f0 1149     		ldr	r1, .L27+16
 473 00f2 1048     		ldr	r0, .L27+12
 474 00f4 FFF7FEFF 		bl	printf
 475              	.LVL49:
 193:Middlewares/Third_Party/LwIP/src/core/ipv4/icmp.c ****       }
 476              		.loc 1 193 9 discriminator 1 view .LVU154
 477 00f8 D4E7     		b	.L13
 478              	.LVL50:
 479              	.L26:
 480              	.LBB5:
 204:Middlewares/Third_Party/LwIP/src/core/ipv4/icmp.c ****       struct ip_hdr *iphdr = (struct ip_hdr*)p->payload;
 481              		.loc 1 204 7 view .LVU155
 205:Middlewares/Third_Party/LwIP/src/core/ipv4/icmp.c ****       ip4_addr_copy(iphdr->src, *src);
 482              		.loc 1 205 7 view .LVU156
 205:Middlewares/Third_Party/LwIP/src/core/ipv4/icmp.c ****       ip4_addr_copy(iphdr->src, *src);
 483              		.loc 1 205 22 is_stmt 0 view .LVU157
 484 00fa 6868     		ldr	r0, [r5, #4]
 485              	.LVL51:
 206:Middlewares/Third_Party/LwIP/src/core/ipv4/icmp.c ****       ip4_addr_copy(iphdr->dest, *ip4_current_src_addr());
 486              		.loc 1 206 7 is_stmt 1 view .LVU158
 487 00fc 0A49     		ldr	r1, .L27
 488 00fe 4B69     		ldr	r3, [r1, #20]
 489 0100 C360     		str	r3, [r0, #12]	@ unaligned
 207:Middlewares/Third_Party/LwIP/src/core/ipv4/icmp.c ****       ICMPH_TYPE_SET(iecho, ICMP_ER);
 490              		.loc 1 207 7 view .LVU159
 491 0102 0B69     		ldr	r3, [r1, #16]
 492 0104 0361     		str	r3, [r0, #16]	@ unaligned
 208:Middlewares/Third_Party/LwIP/src/core/ipv4/icmp.c **** #if CHECKSUM_GEN_ICMP
 493              		.loc 1 208 7 view .LVU160
 494 0106 0022     		movs	r2, #0
 495 0108 3270     		strb	r2, [r6]
 224:Middlewares/Third_Party/LwIP/src/core/ipv4/icmp.c **** #endif /* CHECKSUM_GEN_ICMP */
 496              		.loc 1 224 7 view .LVU161
 224:Middlewares/Third_Party/LwIP/src/core/ipv4/icmp.c **** #endif /* CHECKSUM_GEN_ICMP */
 497              		.loc 1 224 21 is_stmt 0 view .LVU162
 498 010a B270     		strb	r2, [r6, #2]
 499 010c F270     		strb	r2, [r6, #3]
 228:Middlewares/Third_Party/LwIP/src/core/ipv4/icmp.c ****       IPH_CHKSUM_SET(iphdr, 0);
 500              		.loc 1 228 7 is_stmt 1 view .LVU163
 501 010e FF23     		movs	r3, #255
 502 0110 0372     		strb	r3, [r0, #8]
 229:Middlewares/Third_Party/LwIP/src/core/ipv4/icmp.c **** #if CHECKSUM_GEN_IP
 503              		.loc 1 229 7 view .LVU164
 504 0112 8272     		strb	r2, [r0, #10]
 505 0114 C272     		strb	r2, [r0, #11]
 236:Middlewares/Third_Party/LwIP/src/core/ipv4/icmp.c ****       /* increase number of messages attempted to send */
 506              		.loc 1 236 32 view .LVU165
 238:Middlewares/Third_Party/LwIP/src/core/ipv4/icmp.c ****       /* increase number of echo replies attempted to send */
 507              		.loc 1 238 39 view .LVU166
 240:Middlewares/Third_Party/LwIP/src/core/ipv4/icmp.c **** 
 508              		.loc 1 240 43 view .LVU167
 243:Middlewares/Third_Party/LwIP/src/core/ipv4/icmp.c ****                    ICMP_TTL, 0, IP_PROTO_ICMP, inp);
 509              		.loc 1 243 7 view .LVU168
 243:Middlewares/Third_Party/LwIP/src/core/ipv4/icmp.c ****                    ICMP_TTL, 0, IP_PROTO_ICMP, inp);
 510              		.loc 1 243 13 is_stmt 0 view .LVU169
 511 0116 0297     		str	r7, [sp, #8]
 512 0118 0120     		movs	r0, #1
ARM GAS  /tmp/cc5Lk92L.s 			page 19


 513              	.LVL52:
 243:Middlewares/Third_Party/LwIP/src/core/ipv4/icmp.c ****                    ICMP_TTL, 0, IP_PROTO_ICMP, inp);
 514              		.loc 1 243 13 view .LVU170
 515 011a 0190     		str	r0, [sp, #4]
 516 011c 0092     		str	r2, [sp]
 517 011e 1431     		adds	r1, r1, #20
 518 0120 2846     		mov	r0, r5
 519 0122 FFF7FEFF 		bl	ip4_output_if
 520              	.LVL53:
 245:Middlewares/Third_Party/LwIP/src/core/ipv4/icmp.c ****         LWIP_DEBUGF(ICMP_DEBUG, ("icmp_input: ip_output_if returned an error: %s\n", lwip_strerr(re
 521              		.loc 1 245 7 is_stmt 1 view .LVU171
 522 0126 DDE7     		b	.L12
 523              	.L28:
 524              		.align	2
 525              	.L27:
 526 0128 00000000 		.word	ip_data
 527 012c 00000000 		.word	.LC0
 528 0130 00000000 		.word	.LC3
 529 0134 60000000 		.word	.LC2
 530 0138 38000000 		.word	.LC4
 531              	.LBE5:
 532              		.cfi_endproc
 533              	.LFE160:
 535              		.section	.text.icmp_dest_unreach,"ax",%progbits
 536              		.align	1
 537              		.global	icmp_dest_unreach
 538              		.syntax unified
 539              		.thumb
 540              		.thumb_func
 541              		.fpu fpv5-sp-d16
 543              	icmp_dest_unreach:
 544              	.LVL54:
 545              	.LFB161:
 302:Middlewares/Third_Party/LwIP/src/core/ipv4/icmp.c ****   MIB2_STATS_INC(mib2.icmpoutdestunreachs);
 546              		.loc 1 302 1 view -0
 547              		.cfi_startproc
 548              		@ args = 0, pretend = 0, frame = 0
 549              		@ frame_needed = 0, uses_anonymous_args = 0
 302:Middlewares/Third_Party/LwIP/src/core/ipv4/icmp.c ****   MIB2_STATS_INC(mib2.icmpoutdestunreachs);
 550              		.loc 1 302 1 is_stmt 0 view .LVU173
 551 0000 08B5     		push	{r3, lr}
 552              	.LCFI8:
 553              		.cfi_def_cfa_offset 8
 554              		.cfi_offset 3, -8
 555              		.cfi_offset 14, -4
 303:Middlewares/Third_Party/LwIP/src/core/ipv4/icmp.c ****   icmp_send_response(p, ICMP_DUR, t);
 556              		.loc 1 303 43 is_stmt 1 view .LVU174
 304:Middlewares/Third_Party/LwIP/src/core/ipv4/icmp.c **** }
 557              		.loc 1 304 3 view .LVU175
 558 0002 0A46     		mov	r2, r1
 559 0004 0321     		movs	r1, #3
 560              	.LVL55:
 304:Middlewares/Third_Party/LwIP/src/core/ipv4/icmp.c **** }
 561              		.loc 1 304 3 is_stmt 0 view .LVU176
 562 0006 FFF7FEFF 		bl	icmp_send_response
 563              	.LVL56:
 305:Middlewares/Third_Party/LwIP/src/core/ipv4/icmp.c **** 
ARM GAS  /tmp/cc5Lk92L.s 			page 20


 564              		.loc 1 305 1 view .LVU177
 565 000a 08BD     		pop	{r3, pc}
 566              		.cfi_endproc
 567              	.LFE161:
 569              		.section	.text.icmp_time_exceeded,"ax",%progbits
 570              		.align	1
 571              		.global	icmp_time_exceeded
 572              		.syntax unified
 573              		.thumb
 574              		.thumb_func
 575              		.fpu fpv5-sp-d16
 577              	icmp_time_exceeded:
 578              	.LVL57:
 579              	.LFB162:
 317:Middlewares/Third_Party/LwIP/src/core/ipv4/icmp.c ****   MIB2_STATS_INC(mib2.icmpouttimeexcds);
 580              		.loc 1 317 1 is_stmt 1 view -0
 581              		.cfi_startproc
 582              		@ args = 0, pretend = 0, frame = 0
 583              		@ frame_needed = 0, uses_anonymous_args = 0
 317:Middlewares/Third_Party/LwIP/src/core/ipv4/icmp.c ****   MIB2_STATS_INC(mib2.icmpouttimeexcds);
 584              		.loc 1 317 1 is_stmt 0 view .LVU179
 585 0000 08B5     		push	{r3, lr}
 586              	.LCFI9:
 587              		.cfi_def_cfa_offset 8
 588              		.cfi_offset 3, -8
 589              		.cfi_offset 14, -4
 318:Middlewares/Third_Party/LwIP/src/core/ipv4/icmp.c ****   icmp_send_response(p, ICMP_TE, t);
 590              		.loc 1 318 40 is_stmt 1 view .LVU180
 319:Middlewares/Third_Party/LwIP/src/core/ipv4/icmp.c **** }
 591              		.loc 1 319 3 view .LVU181
 592 0002 0A46     		mov	r2, r1
 593 0004 0B21     		movs	r1, #11
 594              	.LVL58:
 319:Middlewares/Third_Party/LwIP/src/core/ipv4/icmp.c **** }
 595              		.loc 1 319 3 is_stmt 0 view .LVU182
 596 0006 FFF7FEFF 		bl	icmp_send_response
 597              	.LVL59:
 320:Middlewares/Third_Party/LwIP/src/core/ipv4/icmp.c **** 
 598              		.loc 1 320 1 view .LVU183
 599 000a 08BD     		pop	{r3, pc}
 600              		.cfi_endproc
 601              	.LFE162:
 603              		.section	.rodata.icmp_input.str1.4,"aMS",%progbits,1
 604              		.align	2
 605              	.LC3:
 606 0000 69636D70 		.ascii	"icmp_input: moving r->payload to icmp header failed"
 606      5F696E70 
 606      75743A20 
 606      6D6F7669 
 606      6E672072 
 607 0033 0A00     		.ascii	"\012\000"
 608 0035 000000   		.space	3
 609              	.LC4:
 610 0038 69636D70 		.ascii	"icmp_input: restoring original p->payload failed\012"
 610      5F696E70 
 610      75743A20 
 610      72657374 
ARM GAS  /tmp/cc5Lk92L.s 			page 21


 610      6F72696E 
 611 0069 00       		.ascii	"\000"
 612              		.section	.rodata.icmp_send_response.str1.4,"aMS",%progbits,1
 613              		.align	2
 614              	.LC0:
 615 0000 4D696464 		.ascii	"Middlewares/Third_Party/LwIP/src/core/ipv4/icmp.c\000"
 615      6C657761 
 615      7265732F 
 615      54686972 
 615      645F5061 
 616 0032 0000     		.space	2
 617              	.LC1:
 618 0034 63686563 		.ascii	"check that first pbuf can hold icmp message\000"
 618      6B207468 
 618      61742066 
 618      69727374 
 618      20706275 
 619              	.LC2:
 620 0060 41737365 		.ascii	"Assertion \"%s\" failed at line %d in %s\012\000"
 620      7274696F 
 620      6E202225 
 620      73222066 
 620      61696C65 
 621              		.text
 622              	.Letext0:
 623              		.file 2 "/usr/arm-none-eabi/include/machine/_default_types.h"
 624              		.file 3 "/usr/arm-none-eabi/include/sys/_stdint.h"
 625              		.file 4 "Drivers/CMSIS/Include/core_cm7.h"
 626              		.file 5 "Drivers/CMSIS/Device/ST/STM32F7xx/Include/system_stm32f7xx.h"
 627              		.file 6 "/usr/arm-none-eabi/include/sys/lock.h"
 628              		.file 7 "/usr/arm-none-eabi/include/sys/_types.h"
 629              		.file 8 "/usr/lib/gcc/arm-none-eabi/8.3.0/include/stddef.h"
 630              		.file 9 "/usr/arm-none-eabi/include/sys/reent.h"
 631              		.file 10 "/usr/arm-none-eabi/include/stdlib.h"
 632              		.file 11 "/usr/arm-none-eabi/include/time.h"
 633              		.file 12 "Middlewares/Third_Party/LwIP/src/include/lwip/arch.h"
 634              		.file 13 "Middlewares/Third_Party/LwIP/src/include/lwip/err.h"
 635              		.file 14 "Middlewares/Third_Party/LwIP/src/include/lwip/pbuf.h"
 636              		.file 15 "Middlewares/Third_Party/LwIP/src/include/lwip/ip4_addr.h"
 637              		.file 16 "Middlewares/Third_Party/LwIP/src/include/lwip/ip_addr.h"
 638              		.file 17 "Middlewares/Third_Party/LwIP/src/include/lwip/priv/memp_priv.h"
 639              		.file 18 "Middlewares/Third_Party/LwIP/src/include/lwip/memp.h"
 640              		.file 19 "Middlewares/Third_Party/LwIP/src/include/lwip/netif.h"
 641              		.file 20 "Middlewares/Third_Party/LwIP/src/include/lwip/prot/icmp.h"
 642              		.file 21 "Middlewares/Third_Party/LwIP/src/include/lwip/icmp.h"
 643              		.file 22 "Middlewares/Third_Party/LwIP/src/include/lwip/prot/ip4.h"
 644              		.file 23 "Middlewares/Third_Party/LwIP/src/include/lwip/ip.h"
 645              		.file 24 "Middlewares/Third_Party/LwIP/src/include/lwip/ip4.h"
 646              		.file 25 "/usr/arm-none-eabi/include/stdio.h"
 647              		.file 26 "<built-in>"
ARM GAS  /tmp/cc5Lk92L.s 			page 22


DEFINED SYMBOLS
                            *ABS*:0000000000000000 icmp.c
     /tmp/cc5Lk92L.s:18     .text.icmp_send_response:0000000000000000 $t
     /tmp/cc5Lk92L.s:25     .text.icmp_send_response:0000000000000000 icmp_send_response
     /tmp/cc5Lk92L.s:187    .text.icmp_send_response:00000000000000a0 $d
     /tmp/cc5Lk92L.s:194    .text.icmp_input:0000000000000000 $t
     /tmp/cc5Lk92L.s:201    .text.icmp_input:0000000000000000 icmp_input
     /tmp/cc5Lk92L.s:526    .text.icmp_input:0000000000000128 $d
     /tmp/cc5Lk92L.s:536    .text.icmp_dest_unreach:0000000000000000 $t
     /tmp/cc5Lk92L.s:543    .text.icmp_dest_unreach:0000000000000000 icmp_dest_unreach
     /tmp/cc5Lk92L.s:570    .text.icmp_time_exceeded:0000000000000000 $t
     /tmp/cc5Lk92L.s:577    .text.icmp_time_exceeded:0000000000000000 icmp_time_exceeded
     /tmp/cc5Lk92L.s:604    .rodata.icmp_input.str1.4:0000000000000000 $d
     /tmp/cc5Lk92L.s:613    .rodata.icmp_send_response.str1.4:0000000000000000 $d

UNDEFINED SYMBOLS
pbuf_alloc
ip4_route
ip4_output_if
pbuf_free
printf
ip4_addr_isbroadcast_u32
pbuf_header
memcpy
pbuf_copy
ip_data
