ARM GAS  /tmp/ccFKdvGr.s 			page 1


   1              		.cpu cortex-m7
   2              		.eabi_attribute 27, 1
   3              		.eabi_attribute 28, 1
   4              		.eabi_attribute 20, 1
   5              		.eabi_attribute 21, 1
   6              		.eabi_attribute 23, 3
   7              		.eabi_attribute 24, 1
   8              		.eabi_attribute 25, 1
   9              		.eabi_attribute 26, 1
  10              		.eabi_attribute 30, 1
  11              		.eabi_attribute 34, 1
  12              		.eabi_attribute 18, 4
  13              		.file	"ip4_addr.c"
  14              		.text
  15              	.Ltext0:
  16              		.cfi_sections	.debug_frame
  17              		.section	.text.ip4_addr_isbroadcast_u32,"ax",%progbits
  18              		.align	1
  19              		.global	ip4_addr_isbroadcast_u32
  20              		.arch armv7e-m
  21              		.syntax unified
  22              		.thumb
  23              		.thumb_func
  24              		.fpu fpv5-sp-d16
  26              	ip4_addr_isbroadcast_u32:
  27              	.LVL0:
  28              	.LFB160:
  29              		.file 1 "Middlewares/Third_Party/LwIP/src/core/ipv4/ip4_addr.c"
   1:Middlewares/Third_Party/LwIP/src/core/ipv4/ip4_addr.c **** /**
   2:Middlewares/Third_Party/LwIP/src/core/ipv4/ip4_addr.c ****  * @file
   3:Middlewares/Third_Party/LwIP/src/core/ipv4/ip4_addr.c ****  * This is the IPv4 address tools implementation.
   4:Middlewares/Third_Party/LwIP/src/core/ipv4/ip4_addr.c ****  *
   5:Middlewares/Third_Party/LwIP/src/core/ipv4/ip4_addr.c ****  */
   6:Middlewares/Third_Party/LwIP/src/core/ipv4/ip4_addr.c **** 
   7:Middlewares/Third_Party/LwIP/src/core/ipv4/ip4_addr.c **** /*
   8:Middlewares/Third_Party/LwIP/src/core/ipv4/ip4_addr.c ****  * Copyright (c) 2001-2004 Swedish Institute of Computer Science.
   9:Middlewares/Third_Party/LwIP/src/core/ipv4/ip4_addr.c ****  * All rights reserved.
  10:Middlewares/Third_Party/LwIP/src/core/ipv4/ip4_addr.c ****  *
  11:Middlewares/Third_Party/LwIP/src/core/ipv4/ip4_addr.c ****  * Redistribution and use in source and binary forms, with or without modification,
  12:Middlewares/Third_Party/LwIP/src/core/ipv4/ip4_addr.c ****  * are permitted provided that the following conditions are met:
  13:Middlewares/Third_Party/LwIP/src/core/ipv4/ip4_addr.c ****  *
  14:Middlewares/Third_Party/LwIP/src/core/ipv4/ip4_addr.c ****  * 1. Redistributions of source code must retain the above copyright notice,
  15:Middlewares/Third_Party/LwIP/src/core/ipv4/ip4_addr.c ****  *    this list of conditions and the following disclaimer.
  16:Middlewares/Third_Party/LwIP/src/core/ipv4/ip4_addr.c ****  * 2. Redistributions in binary form must reproduce the above copyright notice,
  17:Middlewares/Third_Party/LwIP/src/core/ipv4/ip4_addr.c ****  *    this list of conditions and the following disclaimer in the documentation
  18:Middlewares/Third_Party/LwIP/src/core/ipv4/ip4_addr.c ****  *    and/or other materials provided with the distribution.
  19:Middlewares/Third_Party/LwIP/src/core/ipv4/ip4_addr.c ****  * 3. The name of the author may not be used to endorse or promote products
  20:Middlewares/Third_Party/LwIP/src/core/ipv4/ip4_addr.c ****  *    derived from this software without specific prior written permission.
  21:Middlewares/Third_Party/LwIP/src/core/ipv4/ip4_addr.c ****  *
  22:Middlewares/Third_Party/LwIP/src/core/ipv4/ip4_addr.c ****  * THIS SOFTWARE IS PROVIDED BY THE AUTHOR ``AS IS'' AND ANY EXPRESS OR IMPLIED
  23:Middlewares/Third_Party/LwIP/src/core/ipv4/ip4_addr.c ****  * WARRANTIES, INCLUDING, BUT NOT LIMITED TO, THE IMPLIED WARRANTIES OF
  24:Middlewares/Third_Party/LwIP/src/core/ipv4/ip4_addr.c ****  * MERCHANTABILITY AND FITNESS FOR A PARTICULAR PURPOSE ARE DISCLAIMED. IN NO EVENT
  25:Middlewares/Third_Party/LwIP/src/core/ipv4/ip4_addr.c ****  * SHALL THE AUTHOR BE LIABLE FOR ANY DIRECT, INDIRECT, INCIDENTAL, SPECIAL,
  26:Middlewares/Third_Party/LwIP/src/core/ipv4/ip4_addr.c ****  * EXEMPLARY, OR CONSEQUENTIAL DAMAGES (INCLUDING, BUT NOT LIMITED TO, PROCUREMENT
  27:Middlewares/Third_Party/LwIP/src/core/ipv4/ip4_addr.c ****  * OF SUBSTITUTE GOODS OR SERVICES; LOSS OF USE, DATA, OR PROFITS; OR BUSINESS
  28:Middlewares/Third_Party/LwIP/src/core/ipv4/ip4_addr.c ****  * INTERRUPTION) HOWEVER CAUSED AND ON ANY THEORY OF LIABILITY, WHETHER IN
  29:Middlewares/Third_Party/LwIP/src/core/ipv4/ip4_addr.c ****  * CONTRACT, STRICT LIABILITY, OR TORT (INCLUDING NEGLIGENCE OR OTHERWISE) ARISING
ARM GAS  /tmp/ccFKdvGr.s 			page 2


  30:Middlewares/Third_Party/LwIP/src/core/ipv4/ip4_addr.c ****  * IN ANY WAY OUT OF THE USE OF THIS SOFTWARE, EVEN IF ADVISED OF THE POSSIBILITY
  31:Middlewares/Third_Party/LwIP/src/core/ipv4/ip4_addr.c ****  * OF SUCH DAMAGE.
  32:Middlewares/Third_Party/LwIP/src/core/ipv4/ip4_addr.c ****  *
  33:Middlewares/Third_Party/LwIP/src/core/ipv4/ip4_addr.c ****  * This file is part of the lwIP TCP/IP stack.
  34:Middlewares/Third_Party/LwIP/src/core/ipv4/ip4_addr.c ****  *
  35:Middlewares/Third_Party/LwIP/src/core/ipv4/ip4_addr.c ****  * Author: Adam Dunkels <adam@sics.se>
  36:Middlewares/Third_Party/LwIP/src/core/ipv4/ip4_addr.c ****  *
  37:Middlewares/Third_Party/LwIP/src/core/ipv4/ip4_addr.c ****  */
  38:Middlewares/Third_Party/LwIP/src/core/ipv4/ip4_addr.c **** 
  39:Middlewares/Third_Party/LwIP/src/core/ipv4/ip4_addr.c **** #include "lwip/opt.h"
  40:Middlewares/Third_Party/LwIP/src/core/ipv4/ip4_addr.c **** 
  41:Middlewares/Third_Party/LwIP/src/core/ipv4/ip4_addr.c **** #if LWIP_IPV4
  42:Middlewares/Third_Party/LwIP/src/core/ipv4/ip4_addr.c **** 
  43:Middlewares/Third_Party/LwIP/src/core/ipv4/ip4_addr.c **** #include "lwip/ip_addr.h"
  44:Middlewares/Third_Party/LwIP/src/core/ipv4/ip4_addr.c **** #include "lwip/netif.h"
  45:Middlewares/Third_Party/LwIP/src/core/ipv4/ip4_addr.c **** 
  46:Middlewares/Third_Party/LwIP/src/core/ipv4/ip4_addr.c **** /* used by IP4_ADDR_ANY and IP_ADDR_BROADCAST in ip_addr.h */
  47:Middlewares/Third_Party/LwIP/src/core/ipv4/ip4_addr.c **** const ip_addr_t ip_addr_any = IPADDR4_INIT(IPADDR_ANY);
  48:Middlewares/Third_Party/LwIP/src/core/ipv4/ip4_addr.c **** const ip_addr_t ip_addr_broadcast = IPADDR4_INIT(IPADDR_BROADCAST);
  49:Middlewares/Third_Party/LwIP/src/core/ipv4/ip4_addr.c **** 
  50:Middlewares/Third_Party/LwIP/src/core/ipv4/ip4_addr.c **** /**
  51:Middlewares/Third_Party/LwIP/src/core/ipv4/ip4_addr.c ****  * Determine if an address is a broadcast address on a network interface
  52:Middlewares/Third_Party/LwIP/src/core/ipv4/ip4_addr.c ****  *
  53:Middlewares/Third_Party/LwIP/src/core/ipv4/ip4_addr.c ****  * @param addr address to be checked
  54:Middlewares/Third_Party/LwIP/src/core/ipv4/ip4_addr.c ****  * @param netif the network interface against which the address is checked
  55:Middlewares/Third_Party/LwIP/src/core/ipv4/ip4_addr.c ****  * @return returns non-zero if the address is a broadcast address
  56:Middlewares/Third_Party/LwIP/src/core/ipv4/ip4_addr.c ****  */
  57:Middlewares/Third_Party/LwIP/src/core/ipv4/ip4_addr.c **** u8_t
  58:Middlewares/Third_Party/LwIP/src/core/ipv4/ip4_addr.c **** ip4_addr_isbroadcast_u32(u32_t addr, const struct netif *netif)
  59:Middlewares/Third_Party/LwIP/src/core/ipv4/ip4_addr.c **** {
  30              		.loc 1 59 1 view -0
  31              		.cfi_startproc
  32              		@ args = 0, pretend = 0, frame = 0
  33              		@ frame_needed = 0, uses_anonymous_args = 0
  34              		@ link register save eliminated.
  60:Middlewares/Third_Party/LwIP/src/core/ipv4/ip4_addr.c ****   ip4_addr_t ipaddr;
  35              		.loc 1 60 3 view .LVU1
  61:Middlewares/Third_Party/LwIP/src/core/ipv4/ip4_addr.c ****   ip4_addr_set_u32(&ipaddr, addr);
  36              		.loc 1 61 3 view .LVU2
  62:Middlewares/Third_Party/LwIP/src/core/ipv4/ip4_addr.c **** 
  63:Middlewares/Third_Party/LwIP/src/core/ipv4/ip4_addr.c ****   /* all ones (broadcast) or all zeroes (old skool broadcast) */
  64:Middlewares/Third_Party/LwIP/src/core/ipv4/ip4_addr.c ****   if ((~addr == IPADDR_ANY) ||
  37              		.loc 1 64 3 view .LVU3
  38              		.loc 1 64 29 is_stmt 0 view .LVU4
  39 0000 431E     		subs	r3, r0, #1
  40              		.loc 1 64 6 view .LVU5
  41 0002 13F1030F 		cmn	r3, #3
  42 0006 11D8     		bhi	.L3
  65:Middlewares/Third_Party/LwIP/src/core/ipv4/ip4_addr.c ****       (addr == IPADDR_ANY)) {
  66:Middlewares/Third_Party/LwIP/src/core/ipv4/ip4_addr.c ****     return 1;
  67:Middlewares/Third_Party/LwIP/src/core/ipv4/ip4_addr.c ****   /* no broadcast support on this network interface? */
  68:Middlewares/Third_Party/LwIP/src/core/ipv4/ip4_addr.c ****   } else if ((netif->flags & NETIF_FLAG_BROADCAST) == 0) {
  43              		.loc 1 68 10 is_stmt 1 view .LVU6
  44              		.loc 1 68 20 is_stmt 0 view .LVU7
  45 0008 91F82F30 		ldrb	r3, [r1, #47]	@ zero_extendqisi2
  46              		.loc 1 68 13 view .LVU8
  47 000c 13F00203 		ands	r3, r3, #2
ARM GAS  /tmp/ccFKdvGr.s 			page 3


  48 0010 0DD0     		beq	.L2
  69:Middlewares/Third_Party/LwIP/src/core/ipv4/ip4_addr.c ****     /* the given address cannot be a broadcast address
  70:Middlewares/Third_Party/LwIP/src/core/ipv4/ip4_addr.c ****      * nor can we check against any broadcast addresses */
  71:Middlewares/Third_Party/LwIP/src/core/ipv4/ip4_addr.c ****     return 0;
  72:Middlewares/Third_Party/LwIP/src/core/ipv4/ip4_addr.c ****   /* address matches network interface address exactly? => no broadcast */
  73:Middlewares/Third_Party/LwIP/src/core/ipv4/ip4_addr.c ****   } else if (addr == ip4_addr_get_u32(netif_ip4_addr(netif))) {
  49              		.loc 1 73 10 is_stmt 1 view .LVU9
  50              		.loc 1 73 22 is_stmt 0 view .LVU10
  51 0012 4B68     		ldr	r3, [r1, #4]
  52              		.loc 1 73 13 view .LVU11
  53 0014 8342     		cmp	r3, r0
  54 0016 0CD0     		beq	.L4
  74:Middlewares/Third_Party/LwIP/src/core/ipv4/ip4_addr.c ****     return 0;
  75:Middlewares/Third_Party/LwIP/src/core/ipv4/ip4_addr.c ****   /*  on the same (sub) network... */
  76:Middlewares/Third_Party/LwIP/src/core/ipv4/ip4_addr.c ****   } else if (ip4_addr_netcmp(&ipaddr, netif_ip4_addr(netif), netif_ip4_netmask(netif))
  55              		.loc 1 76 10 is_stmt 1 view .LVU12
  56              		.loc 1 76 14 is_stmt 0 view .LVU13
  57 0018 8A68     		ldr	r2, [r1, #8]
  58 001a 4340     		eors	r3, r3, r0
  59              		.loc 1 76 13 view .LVU14
  60 001c 1342     		tst	r3, r2
  61 001e 0AD1     		bne	.L5
  77:Middlewares/Third_Party/LwIP/src/core/ipv4/ip4_addr.c ****          /* ...and host identifier bits are all ones? =>... */
  78:Middlewares/Third_Party/LwIP/src/core/ipv4/ip4_addr.c ****           && ((addr & ~ip4_addr_get_u32(netif_ip4_netmask(netif))) ==
  62              		.loc 1 78 23 view .LVU15
  63 0020 D243     		mvns	r2, r2
  64              		.loc 1 78 11 view .LVU16
  65 0022 32EA0003 		bics	r3, r2, r0
  66 0026 08D0     		beq	.L6
  79:Middlewares/Third_Party/LwIP/src/core/ipv4/ip4_addr.c ****            (IPADDR_BROADCAST & ~ip4_addr_get_u32(netif_ip4_netmask(netif))))) {
  80:Middlewares/Third_Party/LwIP/src/core/ipv4/ip4_addr.c ****     /* => network broadcast address */
  81:Middlewares/Third_Party/LwIP/src/core/ipv4/ip4_addr.c ****     return 1;
  82:Middlewares/Third_Party/LwIP/src/core/ipv4/ip4_addr.c ****   } else {
  83:Middlewares/Third_Party/LwIP/src/core/ipv4/ip4_addr.c ****     return 0;
  67              		.loc 1 83 12 view .LVU17
  68 0028 0023     		movs	r3, #0
  69 002a 00E0     		b	.L2
  70              	.L3:
  66:Middlewares/Third_Party/LwIP/src/core/ipv4/ip4_addr.c ****   /* no broadcast support on this network interface? */
  71              		.loc 1 66 12 view .LVU18
  72 002c 0123     		movs	r3, #1
  73              	.L2:
  84:Middlewares/Third_Party/LwIP/src/core/ipv4/ip4_addr.c ****   }
  85:Middlewares/Third_Party/LwIP/src/core/ipv4/ip4_addr.c **** }
  74              		.loc 1 85 1 view .LVU19
  75 002e 1846     		mov	r0, r3
  76              	.LVL1:
  77              		.loc 1 85 1 view .LVU20
  78 0030 7047     		bx	lr
  79              	.LVL2:
  80              	.L4:
  74:Middlewares/Third_Party/LwIP/src/core/ipv4/ip4_addr.c ****   /*  on the same (sub) network... */
  81              		.loc 1 74 12 view .LVU21
  82 0032 0023     		movs	r3, #0
  83 0034 FBE7     		b	.L2
  84              	.L5:
  83:Middlewares/Third_Party/LwIP/src/core/ipv4/ip4_addr.c ****   }
ARM GAS  /tmp/ccFKdvGr.s 			page 4


  85              		.loc 1 83 12 view .LVU22
  86 0036 0023     		movs	r3, #0
  87 0038 F9E7     		b	.L2
  88              	.L6:
  81:Middlewares/Third_Party/LwIP/src/core/ipv4/ip4_addr.c ****   } else {
  89              		.loc 1 81 12 view .LVU23
  90 003a 0123     		movs	r3, #1
  91 003c F7E7     		b	.L2
  92              		.cfi_endproc
  93              	.LFE160:
  95              		.section	.text.ip4_addr_netmask_valid,"ax",%progbits
  96              		.align	1
  97              		.global	ip4_addr_netmask_valid
  98              		.syntax unified
  99              		.thumb
 100              		.thumb_func
 101              		.fpu fpv5-sp-d16
 103              	ip4_addr_netmask_valid:
 104              	.LVL3:
 105              	.LFB161:
  86:Middlewares/Third_Party/LwIP/src/core/ipv4/ip4_addr.c **** 
  87:Middlewares/Third_Party/LwIP/src/core/ipv4/ip4_addr.c **** /** Checks if a netmask is valid (starting with ones, then only zeros)
  88:Middlewares/Third_Party/LwIP/src/core/ipv4/ip4_addr.c ****  *
  89:Middlewares/Third_Party/LwIP/src/core/ipv4/ip4_addr.c ****  * @param netmask the IPv4 netmask to check (in network byte order!)
  90:Middlewares/Third_Party/LwIP/src/core/ipv4/ip4_addr.c ****  * @return 1 if the netmask is valid, 0 if it is not
  91:Middlewares/Third_Party/LwIP/src/core/ipv4/ip4_addr.c ****  */
  92:Middlewares/Third_Party/LwIP/src/core/ipv4/ip4_addr.c **** u8_t
  93:Middlewares/Third_Party/LwIP/src/core/ipv4/ip4_addr.c **** ip4_addr_netmask_valid(u32_t netmask)
  94:Middlewares/Third_Party/LwIP/src/core/ipv4/ip4_addr.c **** {
 106              		.loc 1 94 1 is_stmt 1 view -0
 107              		.cfi_startproc
 108              		@ args = 0, pretend = 0, frame = 0
 109              		@ frame_needed = 0, uses_anonymous_args = 0
 110              		.loc 1 94 1 is_stmt 0 view .LVU25
 111 0000 08B5     		push	{r3, lr}
 112              	.LCFI0:
 113              		.cfi_def_cfa_offset 8
 114              		.cfi_offset 3, -8
 115              		.cfi_offset 14, -4
  95:Middlewares/Third_Party/LwIP/src/core/ipv4/ip4_addr.c ****   u32_t mask;
 116              		.loc 1 95 3 is_stmt 1 view .LVU26
  96:Middlewares/Third_Party/LwIP/src/core/ipv4/ip4_addr.c ****   u32_t nm_hostorder = lwip_htonl(netmask);
 117              		.loc 1 96 3 view .LVU27
 118              		.loc 1 96 24 is_stmt 0 view .LVU28
 119 0002 FFF7FEFF 		bl	lwip_htonl
 120              	.LVL4:
  97:Middlewares/Third_Party/LwIP/src/core/ipv4/ip4_addr.c **** 
  98:Middlewares/Third_Party/LwIP/src/core/ipv4/ip4_addr.c ****   /* first, check for the first zero */
  99:Middlewares/Third_Party/LwIP/src/core/ipv4/ip4_addr.c ****   for (mask = 1UL << 31 ; mask != 0; mask >>= 1) {
 121              		.loc 1 99 3 is_stmt 1 view .LVU29
 122              		.loc 1 99 13 is_stmt 0 view .LVU30
 123 0006 4FF00043 		mov	r3, #-2147483648
 124              	.LVL5:
 125              	.L8:
 126              		.loc 1 99 3 discriminator 1 view .LVU31
 127 000a 1BB1     		cbz	r3, .L12
 100:Middlewares/Third_Party/LwIP/src/core/ipv4/ip4_addr.c ****     if ((nm_hostorder & mask) == 0) {
ARM GAS  /tmp/ccFKdvGr.s 			page 5


 128              		.loc 1 100 5 is_stmt 1 view .LVU32
 129              		.loc 1 100 8 is_stmt 0 view .LVU33
 130 000c 0342     		tst	r3, r0
 131 000e 01D0     		beq	.L12
  99:Middlewares/Third_Party/LwIP/src/core/ipv4/ip4_addr.c ****     if ((nm_hostorder & mask) == 0) {
 132              		.loc 1 99 43 discriminator 2 view .LVU34
 133 0010 5B08     		lsrs	r3, r3, #1
 134              	.LVL6:
  99:Middlewares/Third_Party/LwIP/src/core/ipv4/ip4_addr.c ****     if ((nm_hostorder & mask) == 0) {
 135              		.loc 1 99 43 discriminator 2 view .LVU35
 136 0012 FAE7     		b	.L8
 137              	.L12:
 101:Middlewares/Third_Party/LwIP/src/core/ipv4/ip4_addr.c ****       break;
 102:Middlewares/Third_Party/LwIP/src/core/ipv4/ip4_addr.c ****     }
 103:Middlewares/Third_Party/LwIP/src/core/ipv4/ip4_addr.c ****   }
 104:Middlewares/Third_Party/LwIP/src/core/ipv4/ip4_addr.c ****   /* then check that there is no one */
 105:Middlewares/Third_Party/LwIP/src/core/ipv4/ip4_addr.c ****   for (; mask != 0; mask >>= 1) {
 138              		.loc 1 105 3 discriminator 1 view .LVU36
 139 0014 1BB1     		cbz	r3, .L16
 106:Middlewares/Third_Party/LwIP/src/core/ipv4/ip4_addr.c ****     if ((nm_hostorder & mask) != 0) {
 140              		.loc 1 106 5 is_stmt 1 view .LVU37
 141              		.loc 1 106 8 is_stmt 0 view .LVU38
 142 0016 0342     		tst	r3, r0
 143 0018 03D1     		bne	.L14
 105:Middlewares/Third_Party/LwIP/src/core/ipv4/ip4_addr.c ****     if ((nm_hostorder & mask) != 0) {
 144              		.loc 1 105 26 view .LVU39
 145 001a 5B08     		lsrs	r3, r3, #1
 146              	.LVL7:
 105:Middlewares/Third_Party/LwIP/src/core/ipv4/ip4_addr.c ****     if ((nm_hostorder & mask) != 0) {
 147              		.loc 1 105 26 view .LVU40
 148 001c FAE7     		b	.L12
 149              	.L16:
 107:Middlewares/Third_Party/LwIP/src/core/ipv4/ip4_addr.c ****       /* there is a one after the first zero -> invalid */
 108:Middlewares/Third_Party/LwIP/src/core/ipv4/ip4_addr.c ****       return 0;
 109:Middlewares/Third_Party/LwIP/src/core/ipv4/ip4_addr.c ****     }
 110:Middlewares/Third_Party/LwIP/src/core/ipv4/ip4_addr.c ****   }
 111:Middlewares/Third_Party/LwIP/src/core/ipv4/ip4_addr.c ****   /* no one after the first zero -> valid */
 112:Middlewares/Third_Party/LwIP/src/core/ipv4/ip4_addr.c ****   return 1;
 150              		.loc 1 112 10 view .LVU41
 151 001e 0120     		movs	r0, #1
 152              	.LVL8:
 153              	.L11:
 113:Middlewares/Third_Party/LwIP/src/core/ipv4/ip4_addr.c **** }
 154              		.loc 1 113 1 view .LVU42
 155 0020 08BD     		pop	{r3, pc}
 156              	.LVL9:
 157              	.L14:
 108:Middlewares/Third_Party/LwIP/src/core/ipv4/ip4_addr.c ****     }
 158              		.loc 1 108 14 view .LVU43
 159 0022 0020     		movs	r0, #0
 160              	.LVL10:
 108:Middlewares/Third_Party/LwIP/src/core/ipv4/ip4_addr.c ****     }
 161              		.loc 1 108 14 view .LVU44
 162 0024 FCE7     		b	.L11
 163              		.cfi_endproc
 164              	.LFE161:
 166              		.section	.text.ip4addr_aton,"ax",%progbits
ARM GAS  /tmp/ccFKdvGr.s 			page 6


 167              		.align	1
 168              		.global	ip4addr_aton
 169              		.syntax unified
 170              		.thumb
 171              		.thumb_func
 172              		.fpu fpv5-sp-d16
 174              	ip4addr_aton:
 175              	.LVL11:
 176              	.LFB163:
 114:Middlewares/Third_Party/LwIP/src/core/ipv4/ip4_addr.c **** 
 115:Middlewares/Third_Party/LwIP/src/core/ipv4/ip4_addr.c **** /* Here for now until needed in other places in lwIP */
 116:Middlewares/Third_Party/LwIP/src/core/ipv4/ip4_addr.c **** #ifndef isprint
 117:Middlewares/Third_Party/LwIP/src/core/ipv4/ip4_addr.c **** #define in_range(c, lo, up)  ((u8_t)c >= lo && (u8_t)c <= up)
 118:Middlewares/Third_Party/LwIP/src/core/ipv4/ip4_addr.c **** #define isprint(c)           in_range(c, 0x20, 0x7f)
 119:Middlewares/Third_Party/LwIP/src/core/ipv4/ip4_addr.c **** #define isdigit(c)           in_range(c, '0', '9')
 120:Middlewares/Third_Party/LwIP/src/core/ipv4/ip4_addr.c **** #define isxdigit(c)          (isdigit(c) || in_range(c, 'a', 'f') || in_range(c, 'A', 'F'))
 121:Middlewares/Third_Party/LwIP/src/core/ipv4/ip4_addr.c **** #define islower(c)           in_range(c, 'a', 'z')
 122:Middlewares/Third_Party/LwIP/src/core/ipv4/ip4_addr.c **** #define isspace(c)           (c == ' ' || c == '\f' || c == '\n' || c == '\r' || c == '\t' || c == 
 123:Middlewares/Third_Party/LwIP/src/core/ipv4/ip4_addr.c **** #endif
 124:Middlewares/Third_Party/LwIP/src/core/ipv4/ip4_addr.c **** 
 125:Middlewares/Third_Party/LwIP/src/core/ipv4/ip4_addr.c **** /**
 126:Middlewares/Third_Party/LwIP/src/core/ipv4/ip4_addr.c ****  * Ascii internet address interpretation routine.
 127:Middlewares/Third_Party/LwIP/src/core/ipv4/ip4_addr.c ****  * The value returned is in network order.
 128:Middlewares/Third_Party/LwIP/src/core/ipv4/ip4_addr.c ****  *
 129:Middlewares/Third_Party/LwIP/src/core/ipv4/ip4_addr.c ****  * @param cp IP address in ascii representation (e.g. "127.0.0.1")
 130:Middlewares/Third_Party/LwIP/src/core/ipv4/ip4_addr.c ****  * @return ip address in network order
 131:Middlewares/Third_Party/LwIP/src/core/ipv4/ip4_addr.c ****  */
 132:Middlewares/Third_Party/LwIP/src/core/ipv4/ip4_addr.c **** u32_t
 133:Middlewares/Third_Party/LwIP/src/core/ipv4/ip4_addr.c **** ipaddr_addr(const char *cp)
 134:Middlewares/Third_Party/LwIP/src/core/ipv4/ip4_addr.c **** {
 135:Middlewares/Third_Party/LwIP/src/core/ipv4/ip4_addr.c ****   ip4_addr_t val;
 136:Middlewares/Third_Party/LwIP/src/core/ipv4/ip4_addr.c **** 
 137:Middlewares/Third_Party/LwIP/src/core/ipv4/ip4_addr.c ****   if (ip4addr_aton(cp, &val)) {
 138:Middlewares/Third_Party/LwIP/src/core/ipv4/ip4_addr.c ****     return ip4_addr_get_u32(&val);
 139:Middlewares/Third_Party/LwIP/src/core/ipv4/ip4_addr.c ****   }
 140:Middlewares/Third_Party/LwIP/src/core/ipv4/ip4_addr.c ****   return (IPADDR_NONE);
 141:Middlewares/Third_Party/LwIP/src/core/ipv4/ip4_addr.c **** }
 142:Middlewares/Third_Party/LwIP/src/core/ipv4/ip4_addr.c **** 
 143:Middlewares/Third_Party/LwIP/src/core/ipv4/ip4_addr.c **** /**
 144:Middlewares/Third_Party/LwIP/src/core/ipv4/ip4_addr.c ****  * Check whether "cp" is a valid ascii representation
 145:Middlewares/Third_Party/LwIP/src/core/ipv4/ip4_addr.c ****  * of an Internet address and convert to a binary address.
 146:Middlewares/Third_Party/LwIP/src/core/ipv4/ip4_addr.c ****  * Returns 1 if the address is valid, 0 if not.
 147:Middlewares/Third_Party/LwIP/src/core/ipv4/ip4_addr.c ****  * This replaces inet_addr, the return value from which
 148:Middlewares/Third_Party/LwIP/src/core/ipv4/ip4_addr.c ****  * cannot distinguish between failure and a local broadcast address.
 149:Middlewares/Third_Party/LwIP/src/core/ipv4/ip4_addr.c ****  *
 150:Middlewares/Third_Party/LwIP/src/core/ipv4/ip4_addr.c ****  * @param cp IP address in ascii representation (e.g. "127.0.0.1")
 151:Middlewares/Third_Party/LwIP/src/core/ipv4/ip4_addr.c ****  * @param addr pointer to which to save the ip address in network order
 152:Middlewares/Third_Party/LwIP/src/core/ipv4/ip4_addr.c ****  * @return 1 if cp could be converted to addr, 0 on failure
 153:Middlewares/Third_Party/LwIP/src/core/ipv4/ip4_addr.c ****  */
 154:Middlewares/Third_Party/LwIP/src/core/ipv4/ip4_addr.c **** int
 155:Middlewares/Third_Party/LwIP/src/core/ipv4/ip4_addr.c **** ip4addr_aton(const char *cp, ip4_addr_t *addr)
 156:Middlewares/Third_Party/LwIP/src/core/ipv4/ip4_addr.c **** {
 177              		.loc 1 156 1 is_stmt 1 view -0
 178              		.cfi_startproc
 179              		@ args = 0, pretend = 0, frame = 16
 180              		@ frame_needed = 0, uses_anonymous_args = 0
 181              		.loc 1 156 1 is_stmt 0 view .LVU46
ARM GAS  /tmp/ccFKdvGr.s 			page 7


 182 0000 F0B5     		push	{r4, r5, r6, r7, lr}
 183              	.LCFI1:
 184              		.cfi_def_cfa_offset 20
 185              		.cfi_offset 4, -20
 186              		.cfi_offset 5, -16
 187              		.cfi_offset 6, -12
 188              		.cfi_offset 7, -8
 189              		.cfi_offset 14, -4
 190 0002 85B0     		sub	sp, sp, #20
 191              	.LCFI2:
 192              		.cfi_def_cfa_offset 40
 193 0004 0C46     		mov	r4, r1
 157:Middlewares/Third_Party/LwIP/src/core/ipv4/ip4_addr.c ****   u32_t val;
 194              		.loc 1 157 3 is_stmt 1 view .LVU47
 158:Middlewares/Third_Party/LwIP/src/core/ipv4/ip4_addr.c ****   u8_t base;
 195              		.loc 1 158 3 view .LVU48
 159:Middlewares/Third_Party/LwIP/src/core/ipv4/ip4_addr.c ****   char c;
 196              		.loc 1 159 3 view .LVU49
 160:Middlewares/Third_Party/LwIP/src/core/ipv4/ip4_addr.c ****   u32_t parts[4];
 197              		.loc 1 160 3 view .LVU50
 161:Middlewares/Third_Party/LwIP/src/core/ipv4/ip4_addr.c ****   u32_t *pp = parts;
 198              		.loc 1 161 3 view .LVU51
 199              	.LVL12:
 162:Middlewares/Third_Party/LwIP/src/core/ipv4/ip4_addr.c **** 
 163:Middlewares/Third_Party/LwIP/src/core/ipv4/ip4_addr.c ****   c = *cp;
 200              		.loc 1 163 3 view .LVU52
 201              		.loc 1 163 5 is_stmt 0 view .LVU53
 202 0006 0378     		ldrb	r3, [r0]	@ zero_extendqisi2
 203              	.LVL13:
 161:Middlewares/Third_Party/LwIP/src/core/ipv4/ip4_addr.c ****   u32_t *pp = parts;
 204              		.loc 1 161 10 view .LVU54
 205 0008 6F46     		mov	r7, sp
 206 000a 38E0     		b	.L27
 207              	.LVL14:
 208              	.L53:
 164:Middlewares/Third_Party/LwIP/src/core/ipv4/ip4_addr.c ****   for (;;) {
 165:Middlewares/Third_Party/LwIP/src/core/ipv4/ip4_addr.c ****     /*
 166:Middlewares/Third_Party/LwIP/src/core/ipv4/ip4_addr.c ****      * Collect number up to ``.''.
 167:Middlewares/Third_Party/LwIP/src/core/ipv4/ip4_addr.c ****      * Values are specified as for C:
 168:Middlewares/Third_Party/LwIP/src/core/ipv4/ip4_addr.c ****      * 0x=hex, 0=octal, 1-9=decimal.
 169:Middlewares/Third_Party/LwIP/src/core/ipv4/ip4_addr.c ****      */
 170:Middlewares/Third_Party/LwIP/src/core/ipv4/ip4_addr.c ****     if (!isdigit(c)) {
 171:Middlewares/Third_Party/LwIP/src/core/ipv4/ip4_addr.c ****       return 0;
 172:Middlewares/Third_Party/LwIP/src/core/ipv4/ip4_addr.c ****     }
 173:Middlewares/Third_Party/LwIP/src/core/ipv4/ip4_addr.c ****     val = 0;
 174:Middlewares/Third_Party/LwIP/src/core/ipv4/ip4_addr.c ****     base = 10;
 175:Middlewares/Third_Party/LwIP/src/core/ipv4/ip4_addr.c ****     if (c == '0') {
 176:Middlewares/Third_Party/LwIP/src/core/ipv4/ip4_addr.c ****       c = *++cp;
 209              		.loc 1 176 7 is_stmt 1 view .LVU55
 210              		.loc 1 176 9 is_stmt 0 view .LVU56
 211 000c 421C     		adds	r2, r0, #1
 212              	.LVL15:
 213              		.loc 1 176 9 view .LVU57
 214 000e 4378     		ldrb	r3, [r0, #1]	@ zero_extendqisi2
 215              	.LVL16:
 177:Middlewares/Third_Party/LwIP/src/core/ipv4/ip4_addr.c ****       if (c == 'x' || c == 'X') {
 216              		.loc 1 177 7 is_stmt 1 view .LVU58
ARM GAS  /tmp/ccFKdvGr.s 			page 8


 217              		.loc 1 177 10 is_stmt 0 view .LVU59
 218 0010 582B     		cmp	r3, #88
 219 0012 18BF     		it	ne
 220 0014 782B     		cmpne	r3, #120
 221 0016 03D1     		bne	.L38
 178:Middlewares/Third_Party/LwIP/src/core/ipv4/ip4_addr.c ****         base = 16;
 222              		.loc 1 178 9 is_stmt 1 view .LVU60
 223              	.LVL17:
 179:Middlewares/Third_Party/LwIP/src/core/ipv4/ip4_addr.c ****         c = *++cp;
 224              		.loc 1 179 9 view .LVU61
 225              		.loc 1 179 11 is_stmt 0 view .LVU62
 226 0018 8378     		ldrb	r3, [r0, #2]	@ zero_extendqisi2
 227              	.LVL18:
 228              		.loc 1 179 11 view .LVU63
 229 001a 0230     		adds	r0, r0, #2
 230              	.LVL19:
 178:Middlewares/Third_Party/LwIP/src/core/ipv4/ip4_addr.c ****         base = 16;
 231              		.loc 1 178 14 view .LVU64
 232 001c 1021     		movs	r1, #16
 233 001e 36E0     		b	.L19
 234              	.LVL20:
 235              	.L38:
 176:Middlewares/Third_Party/LwIP/src/core/ipv4/ip4_addr.c ****       if (c == 'x' || c == 'X') {
 236              		.loc 1 176 9 view .LVU65
 237 0020 1046     		mov	r0, r2
 180:Middlewares/Third_Party/LwIP/src/core/ipv4/ip4_addr.c ****       } else {
 181:Middlewares/Third_Party/LwIP/src/core/ipv4/ip4_addr.c ****         base = 8;
 238              		.loc 1 181 14 view .LVU66
 239 0022 0821     		movs	r1, #8
 240 0024 33E0     		b	.L19
 241              	.LVL21:
 242              	.L21:
 182:Middlewares/Third_Party/LwIP/src/core/ipv4/ip4_addr.c ****       }
 183:Middlewares/Third_Party/LwIP/src/core/ipv4/ip4_addr.c ****     }
 184:Middlewares/Third_Party/LwIP/src/core/ipv4/ip4_addr.c ****     for (;;) {
 185:Middlewares/Third_Party/LwIP/src/core/ipv4/ip4_addr.c ****       if (isdigit(c)) {
 186:Middlewares/Third_Party/LwIP/src/core/ipv4/ip4_addr.c ****         val = (val * base) + (u32_t)(c - '0');
 187:Middlewares/Third_Party/LwIP/src/core/ipv4/ip4_addr.c ****         c = *++cp;
 188:Middlewares/Third_Party/LwIP/src/core/ipv4/ip4_addr.c ****       } else if (base == 16 && isxdigit(c)) {
 243              		.loc 1 188 14 is_stmt 1 view .LVU67
 244              		.loc 1 188 17 is_stmt 0 view .LVU68
 245 0026 1029     		cmp	r1, #16
 246 0028 20D1     		bne	.L23
 247              		.loc 1 188 32 discriminator 1 view .LVU69
 248 002a A3F16102 		sub	r2, r3, #97
 249 002e D2B2     		uxtb	r2, r2
 250              		.loc 1 188 29 discriminator 1 view .LVU70
 251 0030 052A     		cmp	r2, #5
 252 0032 04D9     		bls	.L24
 253              		.loc 1 188 32 discriminator 2 view .LVU71
 254 0034 A3F14106 		sub	r6, r3, #65
 255 0038 F6B2     		uxtb	r6, r6
 256 003a 052E     		cmp	r6, #5
 257 003c 16D8     		bhi	.L23
 258              	.L24:
 189:Middlewares/Third_Party/LwIP/src/core/ipv4/ip4_addr.c ****         val = (val << 4) | (u32_t)(c + 10 - (islower(c) ? 'a' : 'A'));
 259              		.loc 1 189 9 is_stmt 1 view .LVU72
ARM GAS  /tmp/ccFKdvGr.s 			page 9


 260              		.loc 1 189 20 is_stmt 0 view .LVU73
 261 003e 2D01     		lsls	r5, r5, #4
 262              	.LVL22:
 263              		.loc 1 189 38 view .LVU74
 264 0040 0A33     		adds	r3, r3, #10
 265              	.LVL23:
 266              		.loc 1 189 63 view .LVU75
 267 0042 192A     		cmp	r2, #25
 268 0044 10D8     		bhi	.L39
 269 0046 6122     		movs	r2, #97
 270              	.L25:
 271              		.loc 1 189 43 discriminator 4 view .LVU76
 272 0048 9B1A     		subs	r3, r3, r2
 273              		.loc 1 189 13 discriminator 4 view .LVU77
 274 004a 1D43     		orrs	r5, r5, r3
 275              	.LVL24:
 190:Middlewares/Third_Party/LwIP/src/core/ipv4/ip4_addr.c ****         c = *++cp;
 276              		.loc 1 190 9 is_stmt 1 discriminator 4 view .LVU78
 277              		.loc 1 190 11 is_stmt 0 discriminator 4 view .LVU79
 278 004c 10F8013F 		ldrb	r3, [r0, #1]!	@ zero_extendqisi2
 279              	.LVL25:
 280              	.L20:
 184:Middlewares/Third_Party/LwIP/src/core/ipv4/ip4_addr.c ****       if (isdigit(c)) {
 281              		.loc 1 184 5 is_stmt 1 view .LVU80
 185:Middlewares/Third_Party/LwIP/src/core/ipv4/ip4_addr.c ****         val = (val * base) + (u32_t)(c - '0');
 282              		.loc 1 185 7 view .LVU81
 185:Middlewares/Third_Party/LwIP/src/core/ipv4/ip4_addr.c ****         val = (val * base) + (u32_t)(c - '0');
 283              		.loc 1 185 11 is_stmt 0 view .LVU82
 284 0050 A3F13002 		sub	r2, r3, #48
 285 0054 D2B2     		uxtb	r2, r2
 185:Middlewares/Third_Party/LwIP/src/core/ipv4/ip4_addr.c ****         val = (val * base) + (u32_t)(c - '0');
 286              		.loc 1 185 10 view .LVU83
 287 0056 092A     		cmp	r2, #9
 288 0058 E5D8     		bhi	.L21
 186:Middlewares/Third_Party/LwIP/src/core/ipv4/ip4_addr.c ****         c = *++cp;
 289              		.loc 1 186 9 is_stmt 1 view .LVU84
 186:Middlewares/Third_Party/LwIP/src/core/ipv4/ip4_addr.c ****         c = *++cp;
 290              		.loc 1 186 28 is_stmt 0 view .LVU85
 291 005a 05FB0133 		mla	r3, r5, r1, r3
 292              	.LVL26:
 186:Middlewares/Third_Party/LwIP/src/core/ipv4/ip4_addr.c ****         c = *++cp;
 293              		.loc 1 186 13 view .LVU86
 294 005e A3F13005 		sub	r5, r3, #48
 295              	.LVL27:
 187:Middlewares/Third_Party/LwIP/src/core/ipv4/ip4_addr.c ****       } else if (base == 16 && isxdigit(c)) {
 296              		.loc 1 187 9 is_stmt 1 view .LVU87
 187:Middlewares/Third_Party/LwIP/src/core/ipv4/ip4_addr.c ****       } else if (base == 16 && isxdigit(c)) {
 297              		.loc 1 187 11 is_stmt 0 view .LVU88
 298 0062 10F8013F 		ldrb	r3, [r0, #1]!	@ zero_extendqisi2
 299              	.LVL28:
 187:Middlewares/Third_Party/LwIP/src/core/ipv4/ip4_addr.c ****       } else if (base == 16 && isxdigit(c)) {
 300              		.loc 1 187 11 view .LVU89
 301 0066 F3E7     		b	.L20
 302              	.LVL29:
 303              	.L39:
 189:Middlewares/Third_Party/LwIP/src/core/ipv4/ip4_addr.c ****         c = *++cp;
 304              		.loc 1 189 63 view .LVU90
ARM GAS  /tmp/ccFKdvGr.s 			page 10


 305 0068 4122     		movs	r2, #65
 306 006a EDE7     		b	.L25
 307              	.LVL30:
 308              	.L23:
 191:Middlewares/Third_Party/LwIP/src/core/ipv4/ip4_addr.c ****       } else {
 192:Middlewares/Third_Party/LwIP/src/core/ipv4/ip4_addr.c ****         break;
 193:Middlewares/Third_Party/LwIP/src/core/ipv4/ip4_addr.c ****       }
 194:Middlewares/Third_Party/LwIP/src/core/ipv4/ip4_addr.c ****     }
 195:Middlewares/Third_Party/LwIP/src/core/ipv4/ip4_addr.c ****     if (c == '.') {
 309              		.loc 1 195 5 is_stmt 1 view .LVU91
 310              		.loc 1 195 8 is_stmt 0 view .LVU92
 311 006c 2E2B     		cmp	r3, #46
 312 006e 10D1     		bne	.L26
 196:Middlewares/Third_Party/LwIP/src/core/ipv4/ip4_addr.c ****       /*
 197:Middlewares/Third_Party/LwIP/src/core/ipv4/ip4_addr.c ****        * Internet format:
 198:Middlewares/Third_Party/LwIP/src/core/ipv4/ip4_addr.c ****        *  a.b.c.d
 199:Middlewares/Third_Party/LwIP/src/core/ipv4/ip4_addr.c ****        *  a.b.c   (with c treated as 16 bits)
 200:Middlewares/Third_Party/LwIP/src/core/ipv4/ip4_addr.c ****        *  a.b (with b treated as 24 bits)
 201:Middlewares/Third_Party/LwIP/src/core/ipv4/ip4_addr.c ****        */
 202:Middlewares/Third_Party/LwIP/src/core/ipv4/ip4_addr.c ****       if (pp >= parts + 3) {
 313              		.loc 1 202 7 is_stmt 1 view .LVU93
 314              		.loc 1 202 10 is_stmt 0 view .LVU94
 315 0070 03AB     		add	r3, sp, #12
 316              	.LVL31:
 317              		.loc 1 202 10 view .LVU95
 318 0072 9F42     		cmp	r7, r3
 319 0074 67D2     		bcs	.L40
 203:Middlewares/Third_Party/LwIP/src/core/ipv4/ip4_addr.c ****         return 0;
 204:Middlewares/Third_Party/LwIP/src/core/ipv4/ip4_addr.c ****       }
 205:Middlewares/Third_Party/LwIP/src/core/ipv4/ip4_addr.c ****       *pp++ = val;
 320              		.loc 1 205 7 is_stmt 1 view .LVU96
 321              		.loc 1 205 13 is_stmt 0 view .LVU97
 322 0076 47F8045B 		str	r5, [r7], #4
 323              	.LVL32:
 206:Middlewares/Third_Party/LwIP/src/core/ipv4/ip4_addr.c ****       c = *++cp;
 324              		.loc 1 206 7 is_stmt 1 view .LVU98
 325              		.loc 1 206 9 is_stmt 0 view .LVU99
 326 007a 4378     		ldrb	r3, [r0, #1]	@ zero_extendqisi2
 327              	.LVL33:
 328              		.loc 1 206 9 view .LVU100
 329 007c 0130     		adds	r0, r0, #1
 330              	.LVL34:
 331              	.L27:
 164:Middlewares/Third_Party/LwIP/src/core/ipv4/ip4_addr.c ****     /*
 332              		.loc 1 164 3 is_stmt 1 view .LVU101
 170:Middlewares/Third_Party/LwIP/src/core/ipv4/ip4_addr.c ****       return 0;
 333              		.loc 1 170 5 view .LVU102
 170:Middlewares/Third_Party/LwIP/src/core/ipv4/ip4_addr.c ****       return 0;
 334              		.loc 1 170 9 is_stmt 0 view .LVU103
 335 007e A3F13002 		sub	r2, r3, #48
 336 0082 D2B2     		uxtb	r2, r2
 170:Middlewares/Third_Party/LwIP/src/core/ipv4/ip4_addr.c ****       return 0;
 337              		.loc 1 170 8 view .LVU104
 338 0084 092A     		cmp	r2, #9
 339 0086 5CD8     		bhi	.L36
 173:Middlewares/Third_Party/LwIP/src/core/ipv4/ip4_addr.c ****     base = 10;
 340              		.loc 1 173 5 is_stmt 1 view .LVU105
ARM GAS  /tmp/ccFKdvGr.s 			page 11


 341              	.LVL35:
 174:Middlewares/Third_Party/LwIP/src/core/ipv4/ip4_addr.c ****     if (c == '0') {
 342              		.loc 1 174 5 view .LVU106
 175:Middlewares/Third_Party/LwIP/src/core/ipv4/ip4_addr.c ****       c = *++cp;
 343              		.loc 1 175 5 view .LVU107
 175:Middlewares/Third_Party/LwIP/src/core/ipv4/ip4_addr.c ****       c = *++cp;
 344              		.loc 1 175 8 is_stmt 0 view .LVU108
 345 0088 302B     		cmp	r3, #48
 346 008a BFD0     		beq	.L53
 174:Middlewares/Third_Party/LwIP/src/core/ipv4/ip4_addr.c ****     if (c == '0') {
 347              		.loc 1 174 10 view .LVU109
 348 008c 0A21     		movs	r1, #10
 349              	.LVL36:
 350              	.L19:
 181:Middlewares/Third_Party/LwIP/src/core/ipv4/ip4_addr.c ****       }
 351              		.loc 1 181 14 view .LVU110
 352 008e 0025     		movs	r5, #0
 353 0090 DEE7     		b	.L20
 354              	.LVL37:
 355              	.L26:
 207:Middlewares/Third_Party/LwIP/src/core/ipv4/ip4_addr.c ****     } else {
 208:Middlewares/Third_Party/LwIP/src/core/ipv4/ip4_addr.c ****       break;
 209:Middlewares/Third_Party/LwIP/src/core/ipv4/ip4_addr.c ****     }
 210:Middlewares/Third_Party/LwIP/src/core/ipv4/ip4_addr.c ****   }
 211:Middlewares/Third_Party/LwIP/src/core/ipv4/ip4_addr.c ****   /*
 212:Middlewares/Third_Party/LwIP/src/core/ipv4/ip4_addr.c ****    * Check for trailing characters.
 213:Middlewares/Third_Party/LwIP/src/core/ipv4/ip4_addr.c ****    */
 214:Middlewares/Third_Party/LwIP/src/core/ipv4/ip4_addr.c ****   if (c != '\0' && !isspace(c)) {
 356              		.loc 1 214 3 is_stmt 1 view .LVU111
 357              		.loc 1 214 6 is_stmt 0 view .LVU112
 358 0092 9BB1     		cbz	r3, .L28
 359              		.loc 1 214 17 discriminator 1 view .LVU113
 360 0094 202B     		cmp	r3, #32
 361 0096 18BF     		it	ne
 362 0098 0C2B     		cmpne	r3, #12
 363 009a 0FD0     		beq	.L28
 364              		.loc 1 214 21 discriminator 2 view .LVU114
 365 009c B3F10D02 		subs	r2, r3, #13
 366 00a0 18BF     		it	ne
 367 00a2 0122     		movne	r2, #1
 368 00a4 0A2B     		cmp	r3, #10
 369 00a6 09D0     		beq	.L28
 370 00a8 42B1     		cbz	r2, .L28
 371              		.loc 1 214 21 discriminator 3 view .LVU115
 372 00aa B3F10B02 		subs	r2, r3, #11
 373 00ae 18BF     		it	ne
 374 00b0 0122     		movne	r2, #1
 375              		.loc 1 214 20 discriminator 3 view .LVU116
 376 00b2 092B     		cmp	r3, #9
 377 00b4 02D0     		beq	.L28
 378 00b6 0AB1     		cbz	r2, .L28
 215:Middlewares/Third_Party/LwIP/src/core/ipv4/ip4_addr.c ****     return 0;
 379              		.loc 1 215 12 view .LVU117
 380 00b8 0020     		movs	r0, #0
 381              	.LVL38:
 382              		.loc 1 215 12 view .LVU118
 383 00ba 45E0     		b	.L17
ARM GAS  /tmp/ccFKdvGr.s 			page 12


 384              	.LVL39:
 385              	.L28:
 216:Middlewares/Third_Party/LwIP/src/core/ipv4/ip4_addr.c ****   }
 217:Middlewares/Third_Party/LwIP/src/core/ipv4/ip4_addr.c ****   /*
 218:Middlewares/Third_Party/LwIP/src/core/ipv4/ip4_addr.c ****    * Concoct the address according to
 219:Middlewares/Third_Party/LwIP/src/core/ipv4/ip4_addr.c ****    * the number of parts specified.
 220:Middlewares/Third_Party/LwIP/src/core/ipv4/ip4_addr.c ****    */
 221:Middlewares/Third_Party/LwIP/src/core/ipv4/ip4_addr.c ****   switch (pp - parts + 1) {
 386              		.loc 1 221 3 is_stmt 1 view .LVU119
 387              		.loc 1 221 14 is_stmt 0 view .LVU120
 388 00bc 6846     		mov	r0, sp
 389              	.LVL40:
 390              		.loc 1 221 14 view .LVU121
 391 00be 381A     		subs	r0, r7, r0
 392 00c0 8010     		asrs	r0, r0, #2
 393              		.loc 1 221 22 view .LVU122
 394 00c2 0130     		adds	r0, r0, #1
 395              		.loc 1 221 3 view .LVU123
 396 00c4 0428     		cmp	r0, #4
 397 00c6 34D8     		bhi	.L30
 398 00c8 DFE800F0 		tbb	[pc, r0]
 399              	.LVL41:
 400              	.L32:
 401 00cc 3E       		.byte	(.L17-.L32)/2
 402 00cd 0B       		.byte	(.L35-.L32)/2
 403 00ce 03       		.byte	(.L34-.L32)/2
 404 00cf 13       		.byte	(.L33-.L32)/2
 405 00d0 21       		.byte	(.L31-.L32)/2
 406 00d1 00       		.p2align 1
 407              	.L34:
 222:Middlewares/Third_Party/LwIP/src/core/ipv4/ip4_addr.c **** 
 223:Middlewares/Third_Party/LwIP/src/core/ipv4/ip4_addr.c ****   case 0:
 224:Middlewares/Third_Party/LwIP/src/core/ipv4/ip4_addr.c ****     return 0;       /* initial nondigit */
 225:Middlewares/Third_Party/LwIP/src/core/ipv4/ip4_addr.c **** 
 226:Middlewares/Third_Party/LwIP/src/core/ipv4/ip4_addr.c ****   case 1:             /* a -- 32 bits */
 227:Middlewares/Third_Party/LwIP/src/core/ipv4/ip4_addr.c ****     break;
 228:Middlewares/Third_Party/LwIP/src/core/ipv4/ip4_addr.c **** 
 229:Middlewares/Third_Party/LwIP/src/core/ipv4/ip4_addr.c ****   case 2:             /* a.b -- 8.24 bits */
 230:Middlewares/Third_Party/LwIP/src/core/ipv4/ip4_addr.c ****     if (val > 0xffffffUL) {
 408              		.loc 1 230 5 is_stmt 1 view .LVU124
 409              		.loc 1 230 8 is_stmt 0 view .LVU125
 410 00d2 B5F1807F 		cmp	r5, #16777216
 411 00d6 39D2     		bcs	.L42
 231:Middlewares/Third_Party/LwIP/src/core/ipv4/ip4_addr.c ****       return 0;
 232:Middlewares/Third_Party/LwIP/src/core/ipv4/ip4_addr.c ****     }
 233:Middlewares/Third_Party/LwIP/src/core/ipv4/ip4_addr.c ****     if (parts[0] > 0xff) {
 412              		.loc 1 233 5 is_stmt 1 view .LVU126
 413              		.loc 1 233 14 is_stmt 0 view .LVU127
 414 00d8 009B     		ldr	r3, [sp]
 415              		.loc 1 233 8 view .LVU128
 416 00da FF2B     		cmp	r3, #255
 417 00dc 38D8     		bhi	.L43
 234:Middlewares/Third_Party/LwIP/src/core/ipv4/ip4_addr.c ****       return 0;
 235:Middlewares/Third_Party/LwIP/src/core/ipv4/ip4_addr.c ****     }
 236:Middlewares/Third_Party/LwIP/src/core/ipv4/ip4_addr.c ****     val |= parts[0] << 24;
 418              		.loc 1 236 5 is_stmt 1 view .LVU129
 419              		.loc 1 236 9 is_stmt 0 view .LVU130
ARM GAS  /tmp/ccFKdvGr.s 			page 13


 420 00de 45EA0365 		orr	r5, r5, r3, lsl #24
 421              	.LVL42:
 237:Middlewares/Third_Party/LwIP/src/core/ipv4/ip4_addr.c ****     break;
 422              		.loc 1 237 5 is_stmt 1 view .LVU131
 423              	.L35:
 238:Middlewares/Third_Party/LwIP/src/core/ipv4/ip4_addr.c **** 
 239:Middlewares/Third_Party/LwIP/src/core/ipv4/ip4_addr.c ****   case 3:             /* a.b.c -- 8.8.16 bits */
 240:Middlewares/Third_Party/LwIP/src/core/ipv4/ip4_addr.c ****     if (val > 0xffff) {
 241:Middlewares/Third_Party/LwIP/src/core/ipv4/ip4_addr.c ****       return 0;
 242:Middlewares/Third_Party/LwIP/src/core/ipv4/ip4_addr.c ****     }
 243:Middlewares/Third_Party/LwIP/src/core/ipv4/ip4_addr.c ****     if ((parts[0] > 0xff) || (parts[1] > 0xff)) {
 244:Middlewares/Third_Party/LwIP/src/core/ipv4/ip4_addr.c ****       return 0;
 245:Middlewares/Third_Party/LwIP/src/core/ipv4/ip4_addr.c ****     }
 246:Middlewares/Third_Party/LwIP/src/core/ipv4/ip4_addr.c ****     val |= (parts[0] << 24) | (parts[1] << 16);
 247:Middlewares/Third_Party/LwIP/src/core/ipv4/ip4_addr.c ****     break;
 248:Middlewares/Third_Party/LwIP/src/core/ipv4/ip4_addr.c **** 
 249:Middlewares/Third_Party/LwIP/src/core/ipv4/ip4_addr.c ****   case 4:             /* a.b.c.d -- 8.8.8.8 bits */
 250:Middlewares/Third_Party/LwIP/src/core/ipv4/ip4_addr.c ****     if (val > 0xff) {
 251:Middlewares/Third_Party/LwIP/src/core/ipv4/ip4_addr.c ****       return 0;
 252:Middlewares/Third_Party/LwIP/src/core/ipv4/ip4_addr.c ****     }
 253:Middlewares/Third_Party/LwIP/src/core/ipv4/ip4_addr.c ****     if ((parts[0] > 0xff) || (parts[1] > 0xff) || (parts[2] > 0xff)) {
 254:Middlewares/Third_Party/LwIP/src/core/ipv4/ip4_addr.c ****       return 0;
 255:Middlewares/Third_Party/LwIP/src/core/ipv4/ip4_addr.c ****     }
 256:Middlewares/Third_Party/LwIP/src/core/ipv4/ip4_addr.c ****     val |= (parts[0] << 24) | (parts[1] << 16) | (parts[2] << 8);
 257:Middlewares/Third_Party/LwIP/src/core/ipv4/ip4_addr.c ****     break;
 258:Middlewares/Third_Party/LwIP/src/core/ipv4/ip4_addr.c ****   default:
 259:Middlewares/Third_Party/LwIP/src/core/ipv4/ip4_addr.c ****     LWIP_ASSERT("unhandled", 0);
 260:Middlewares/Third_Party/LwIP/src/core/ipv4/ip4_addr.c ****     break;
 261:Middlewares/Third_Party/LwIP/src/core/ipv4/ip4_addr.c ****   }
 262:Middlewares/Third_Party/LwIP/src/core/ipv4/ip4_addr.c ****   if (addr) {
 424              		.loc 1 262 3 view .LVU132
 425              		.loc 1 262 6 is_stmt 0 view .LVU133
 426 00e2 002C     		cmp	r4, #0
 427 00e4 44D0     		beq	.L51
 263:Middlewares/Third_Party/LwIP/src/core/ipv4/ip4_addr.c ****     ip4_addr_set_u32(addr, lwip_htonl(val));
 428              		.loc 1 263 5 is_stmt 1 view .LVU134
 429 00e6 2846     		mov	r0, r5
 430 00e8 FFF7FEFF 		bl	lwip_htonl
 431              	.LVL43:
 432 00ec 2060     		str	r0, [r4]
 264:Middlewares/Third_Party/LwIP/src/core/ipv4/ip4_addr.c ****   }
 265:Middlewares/Third_Party/LwIP/src/core/ipv4/ip4_addr.c ****   return 1;
 433              		.loc 1 265 10 is_stmt 0 view .LVU135
 434 00ee 0120     		movs	r0, #1
 435 00f0 2AE0     		b	.L17
 436              	.LVL44:
 437              	.L33:
 240:Middlewares/Third_Party/LwIP/src/core/ipv4/ip4_addr.c ****       return 0;
 438              		.loc 1 240 5 is_stmt 1 view .LVU136
 240:Middlewares/Third_Party/LwIP/src/core/ipv4/ip4_addr.c ****       return 0;
 439              		.loc 1 240 8 is_stmt 0 view .LVU137
 440 00f2 B5F5803F 		cmp	r5, #65536
 441 00f6 2DD2     		bcs	.L44
 243:Middlewares/Third_Party/LwIP/src/core/ipv4/ip4_addr.c ****       return 0;
 442              		.loc 1 243 5 is_stmt 1 view .LVU138
 243:Middlewares/Third_Party/LwIP/src/core/ipv4/ip4_addr.c ****       return 0;
 443              		.loc 1 243 15 is_stmt 0 view .LVU139
ARM GAS  /tmp/ccFKdvGr.s 			page 14


 444 00f8 009A     		ldr	r2, [sp]
 243:Middlewares/Third_Party/LwIP/src/core/ipv4/ip4_addr.c ****       return 0;
 445              		.loc 1 243 8 view .LVU140
 446 00fa FF2A     		cmp	r2, #255
 447 00fc 2CD8     		bhi	.L45
 243:Middlewares/Third_Party/LwIP/src/core/ipv4/ip4_addr.c ****       return 0;
 448              		.loc 1 243 36 discriminator 1 view .LVU141
 449 00fe 019B     		ldr	r3, [sp, #4]
 243:Middlewares/Third_Party/LwIP/src/core/ipv4/ip4_addr.c ****       return 0;
 450              		.loc 1 243 27 discriminator 1 view .LVU142
 451 0100 FF2B     		cmp	r3, #255
 452 0102 2BD8     		bhi	.L46
 246:Middlewares/Third_Party/LwIP/src/core/ipv4/ip4_addr.c ****     break;
 453              		.loc 1 246 5 is_stmt 1 view .LVU143
 246:Middlewares/Third_Party/LwIP/src/core/ipv4/ip4_addr.c ****     break;
 454              		.loc 1 246 41 is_stmt 0 view .LVU144
 455 0104 1B04     		lsls	r3, r3, #16
 246:Middlewares/Third_Party/LwIP/src/core/ipv4/ip4_addr.c ****     break;
 456              		.loc 1 246 29 view .LVU145
 457 0106 43EA0263 		orr	r3, r3, r2, lsl #24
 246:Middlewares/Third_Party/LwIP/src/core/ipv4/ip4_addr.c ****     break;
 458              		.loc 1 246 9 view .LVU146
 459 010a 1D43     		orrs	r5, r5, r3
 460              	.LVL45:
 247:Middlewares/Third_Party/LwIP/src/core/ipv4/ip4_addr.c **** 
 461              		.loc 1 247 5 is_stmt 1 view .LVU147
 462 010c E9E7     		b	.L35
 463              	.L31:
 250:Middlewares/Third_Party/LwIP/src/core/ipv4/ip4_addr.c ****       return 0;
 464              		.loc 1 250 5 view .LVU148
 250:Middlewares/Third_Party/LwIP/src/core/ipv4/ip4_addr.c ****       return 0;
 465              		.loc 1 250 8 is_stmt 0 view .LVU149
 466 010e FF2D     		cmp	r5, #255
 467 0110 26D8     		bhi	.L47
 253:Middlewares/Third_Party/LwIP/src/core/ipv4/ip4_addr.c ****       return 0;
 468              		.loc 1 253 5 is_stmt 1 view .LVU150
 253:Middlewares/Third_Party/LwIP/src/core/ipv4/ip4_addr.c ****       return 0;
 469              		.loc 1 253 15 is_stmt 0 view .LVU151
 470 0112 0099     		ldr	r1, [sp]
 471              	.LVL46:
 253:Middlewares/Third_Party/LwIP/src/core/ipv4/ip4_addr.c ****       return 0;
 472              		.loc 1 253 8 view .LVU152
 473 0114 FF29     		cmp	r1, #255
 474 0116 25D8     		bhi	.L48
 253:Middlewares/Third_Party/LwIP/src/core/ipv4/ip4_addr.c ****       return 0;
 475              		.loc 1 253 36 discriminator 1 view .LVU153
 476 0118 019B     		ldr	r3, [sp, #4]
 253:Middlewares/Third_Party/LwIP/src/core/ipv4/ip4_addr.c ****       return 0;
 477              		.loc 1 253 27 discriminator 1 view .LVU154
 478 011a FF2B     		cmp	r3, #255
 479 011c 24D8     		bhi	.L49
 253:Middlewares/Third_Party/LwIP/src/core/ipv4/ip4_addr.c ****       return 0;
 480              		.loc 1 253 57 discriminator 2 view .LVU155
 481 011e 029A     		ldr	r2, [sp, #8]
 253:Middlewares/Third_Party/LwIP/src/core/ipv4/ip4_addr.c ****       return 0;
 482              		.loc 1 253 48 discriminator 2 view .LVU156
 483 0120 FF2A     		cmp	r2, #255
ARM GAS  /tmp/ccFKdvGr.s 			page 15


 484 0122 23D8     		bhi	.L50
 256:Middlewares/Third_Party/LwIP/src/core/ipv4/ip4_addr.c ****     break;
 485              		.loc 1 256 5 is_stmt 1 view .LVU157
 256:Middlewares/Third_Party/LwIP/src/core/ipv4/ip4_addr.c ****     break;
 486              		.loc 1 256 41 is_stmt 0 view .LVU158
 487 0124 1B04     		lsls	r3, r3, #16
 256:Middlewares/Third_Party/LwIP/src/core/ipv4/ip4_addr.c ****     break;
 488              		.loc 1 256 29 view .LVU159
 489 0126 43EA0163 		orr	r3, r3, r1, lsl #24
 256:Middlewares/Third_Party/LwIP/src/core/ipv4/ip4_addr.c ****     break;
 490              		.loc 1 256 48 view .LVU160
 491 012a 43EA0223 		orr	r3, r3, r2, lsl #8
 256:Middlewares/Third_Party/LwIP/src/core/ipv4/ip4_addr.c ****     break;
 492              		.loc 1 256 9 view .LVU161
 493 012e 1D43     		orrs	r5, r5, r3
 494              	.LVL47:
 257:Middlewares/Third_Party/LwIP/src/core/ipv4/ip4_addr.c ****   default:
 495              		.loc 1 257 5 is_stmt 1 view .LVU162
 496 0130 D7E7     		b	.L35
 497              	.LVL48:
 498              	.L30:
 259:Middlewares/Third_Party/LwIP/src/core/ipv4/ip4_addr.c ****     break;
 499              		.loc 1 259 5 discriminator 1 view .LVU163
 259:Middlewares/Third_Party/LwIP/src/core/ipv4/ip4_addr.c ****     break;
 500              		.loc 1 259 5 discriminator 1 view .LVU164
 259:Middlewares/Third_Party/LwIP/src/core/ipv4/ip4_addr.c ****     break;
 501              		.loc 1 259 5 discriminator 1 view .LVU165
 259:Middlewares/Third_Party/LwIP/src/core/ipv4/ip4_addr.c ****     break;
 502              		.loc 1 259 5 discriminator 1 view .LVU166
 503 0132 104B     		ldr	r3, .L54
 504 0134 40F20312 		movw	r2, #259
 505 0138 0F49     		ldr	r1, .L54+4
 506              	.LVL49:
 259:Middlewares/Third_Party/LwIP/src/core/ipv4/ip4_addr.c ****     break;
 507              		.loc 1 259 5 is_stmt 0 discriminator 1 view .LVU167
 508 013a 1048     		ldr	r0, .L54+8
 509 013c FFF7FEFF 		bl	printf
 510              	.LVL50:
 260:Middlewares/Third_Party/LwIP/src/core/ipv4/ip4_addr.c ****   }
 511              		.loc 1 260 5 is_stmt 1 discriminator 1 view .LVU168
 512 0140 CFE7     		b	.L35
 513              	.LVL51:
 514              	.L36:
 171:Middlewares/Third_Party/LwIP/src/core/ipv4/ip4_addr.c ****     }
 515              		.loc 1 171 14 is_stmt 0 view .LVU169
 516 0142 0020     		movs	r0, #0
 517              	.LVL52:
 171:Middlewares/Third_Party/LwIP/src/core/ipv4/ip4_addr.c ****     }
 518              		.loc 1 171 14 view .LVU170
 519 0144 00E0     		b	.L17
 520              	.LVL53:
 521              	.L40:
 203:Middlewares/Third_Party/LwIP/src/core/ipv4/ip4_addr.c ****       }
 522              		.loc 1 203 16 view .LVU171
 523 0146 0020     		movs	r0, #0
 524              	.LVL54:
 525              	.L17:
ARM GAS  /tmp/ccFKdvGr.s 			page 16


 266:Middlewares/Third_Party/LwIP/src/core/ipv4/ip4_addr.c **** }
 526              		.loc 1 266 1 view .LVU172
 527 0148 05B0     		add	sp, sp, #20
 528              	.LCFI3:
 529              		.cfi_remember_state
 530              		.cfi_def_cfa_offset 20
 531              		@ sp needed
 532 014a F0BD     		pop	{r4, r5, r6, r7, pc}
 533              	.LVL55:
 534              	.L42:
 535              	.LCFI4:
 536              		.cfi_restore_state
 231:Middlewares/Third_Party/LwIP/src/core/ipv4/ip4_addr.c ****     }
 537              		.loc 1 231 14 view .LVU173
 538 014c 0020     		movs	r0, #0
 539 014e FBE7     		b	.L17
 540              	.L43:
 234:Middlewares/Third_Party/LwIP/src/core/ipv4/ip4_addr.c ****     }
 541              		.loc 1 234 14 view .LVU174
 542 0150 0020     		movs	r0, #0
 543 0152 F9E7     		b	.L17
 544              	.L44:
 241:Middlewares/Third_Party/LwIP/src/core/ipv4/ip4_addr.c ****     }
 545              		.loc 1 241 14 view .LVU175
 546 0154 0020     		movs	r0, #0
 547 0156 F7E7     		b	.L17
 548              	.L45:
 244:Middlewares/Third_Party/LwIP/src/core/ipv4/ip4_addr.c ****     }
 549              		.loc 1 244 14 view .LVU176
 550 0158 0020     		movs	r0, #0
 551 015a F5E7     		b	.L17
 552              	.L46:
 553 015c 0020     		movs	r0, #0
 554 015e F3E7     		b	.L17
 555              	.L47:
 251:Middlewares/Third_Party/LwIP/src/core/ipv4/ip4_addr.c ****     }
 556              		.loc 1 251 14 view .LVU177
 557 0160 0020     		movs	r0, #0
 558 0162 F1E7     		b	.L17
 559              	.LVL56:
 560              	.L48:
 254:Middlewares/Third_Party/LwIP/src/core/ipv4/ip4_addr.c ****     }
 561              		.loc 1 254 14 view .LVU178
 562 0164 0020     		movs	r0, #0
 563 0166 EFE7     		b	.L17
 564              	.L49:
 565 0168 0020     		movs	r0, #0
 566 016a EDE7     		b	.L17
 567              	.L50:
 568 016c 0020     		movs	r0, #0
 569 016e EBE7     		b	.L17
 570              	.L51:
 265:Middlewares/Third_Party/LwIP/src/core/ipv4/ip4_addr.c **** }
 571              		.loc 1 265 10 view .LVU179
 572 0170 0120     		movs	r0, #1
 573 0172 E9E7     		b	.L17
 574              	.L55:
ARM GAS  /tmp/ccFKdvGr.s 			page 17


 575              		.align	2
 576              	.L54:
 577 0174 00000000 		.word	.LC0
 578 0178 38000000 		.word	.LC1
 579 017c 44000000 		.word	.LC2
 580              		.cfi_endproc
 581              	.LFE163:
 583              		.section	.text.ipaddr_addr,"ax",%progbits
 584              		.align	1
 585              		.global	ipaddr_addr
 586              		.syntax unified
 587              		.thumb
 588              		.thumb_func
 589              		.fpu fpv5-sp-d16
 591              	ipaddr_addr:
 592              	.LVL57:
 593              	.LFB162:
 134:Middlewares/Third_Party/LwIP/src/core/ipv4/ip4_addr.c ****   ip4_addr_t val;
 594              		.loc 1 134 1 is_stmt 1 view -0
 595              		.cfi_startproc
 596              		@ args = 0, pretend = 0, frame = 8
 597              		@ frame_needed = 0, uses_anonymous_args = 0
 134:Middlewares/Third_Party/LwIP/src/core/ipv4/ip4_addr.c ****   ip4_addr_t val;
 598              		.loc 1 134 1 is_stmt 0 view .LVU181
 599 0000 00B5     		push	{lr}
 600              	.LCFI5:
 601              		.cfi_def_cfa_offset 4
 602              		.cfi_offset 14, -4
 603 0002 83B0     		sub	sp, sp, #12
 604              	.LCFI6:
 605              		.cfi_def_cfa_offset 16
 135:Middlewares/Third_Party/LwIP/src/core/ipv4/ip4_addr.c **** 
 606              		.loc 1 135 3 is_stmt 1 view .LVU182
 137:Middlewares/Third_Party/LwIP/src/core/ipv4/ip4_addr.c ****     return ip4_addr_get_u32(&val);
 607              		.loc 1 137 3 view .LVU183
 137:Middlewares/Third_Party/LwIP/src/core/ipv4/ip4_addr.c ****     return ip4_addr_get_u32(&val);
 608              		.loc 1 137 7 is_stmt 0 view .LVU184
 609 0004 01A9     		add	r1, sp, #4
 610 0006 FFF7FEFF 		bl	ip4addr_aton
 611              	.LVL58:
 137:Middlewares/Third_Party/LwIP/src/core/ipv4/ip4_addr.c ****     return ip4_addr_get_u32(&val);
 612              		.loc 1 137 6 view .LVU185
 613 000a 20B9     		cbnz	r0, .L60
 140:Middlewares/Third_Party/LwIP/src/core/ipv4/ip4_addr.c **** }
 614              		.loc 1 140 10 view .LVU186
 615 000c 4FF0FF30 		mov	r0, #-1
 616              	.L56:
 141:Middlewares/Third_Party/LwIP/src/core/ipv4/ip4_addr.c **** 
 617              		.loc 1 141 1 view .LVU187
 618 0010 03B0     		add	sp, sp, #12
 619              	.LCFI7:
 620              		.cfi_remember_state
 621              		.cfi_def_cfa_offset 4
 622              		@ sp needed
 623 0012 5DF804FB 		ldr	pc, [sp], #4
 624              	.L60:
 625              	.LCFI8:
ARM GAS  /tmp/ccFKdvGr.s 			page 18


 626              		.cfi_restore_state
 138:Middlewares/Third_Party/LwIP/src/core/ipv4/ip4_addr.c ****   }
 627              		.loc 1 138 5 is_stmt 1 view .LVU188
 138:Middlewares/Third_Party/LwIP/src/core/ipv4/ip4_addr.c ****   }
 628              		.loc 1 138 12 is_stmt 0 view .LVU189
 629 0016 0198     		ldr	r0, [sp, #4]
 630 0018 FAE7     		b	.L56
 631              		.cfi_endproc
 632              	.LFE162:
 634              		.section	.text.ip4addr_ntoa_r,"ax",%progbits
 635              		.align	1
 636              		.global	ip4addr_ntoa_r
 637              		.syntax unified
 638              		.thumb
 639              		.thumb_func
 640              		.fpu fpv5-sp-d16
 642              	ip4addr_ntoa_r:
 643              	.LVL59:
 644              	.LFB165:
 267:Middlewares/Third_Party/LwIP/src/core/ipv4/ip4_addr.c **** 
 268:Middlewares/Third_Party/LwIP/src/core/ipv4/ip4_addr.c **** /**
 269:Middlewares/Third_Party/LwIP/src/core/ipv4/ip4_addr.c ****  * Convert numeric IP address into decimal dotted ASCII representation.
 270:Middlewares/Third_Party/LwIP/src/core/ipv4/ip4_addr.c ****  * returns ptr to static buffer; not reentrant!
 271:Middlewares/Third_Party/LwIP/src/core/ipv4/ip4_addr.c ****  *
 272:Middlewares/Third_Party/LwIP/src/core/ipv4/ip4_addr.c ****  * @param addr ip address in network order to convert
 273:Middlewares/Third_Party/LwIP/src/core/ipv4/ip4_addr.c ****  * @return pointer to a global static (!) buffer that holds the ASCII
 274:Middlewares/Third_Party/LwIP/src/core/ipv4/ip4_addr.c ****  *         representation of addr
 275:Middlewares/Third_Party/LwIP/src/core/ipv4/ip4_addr.c ****  */
 276:Middlewares/Third_Party/LwIP/src/core/ipv4/ip4_addr.c **** char*
 277:Middlewares/Third_Party/LwIP/src/core/ipv4/ip4_addr.c **** ip4addr_ntoa(const ip4_addr_t *addr)
 278:Middlewares/Third_Party/LwIP/src/core/ipv4/ip4_addr.c **** {
 279:Middlewares/Third_Party/LwIP/src/core/ipv4/ip4_addr.c ****   static char str[IP4ADDR_STRLEN_MAX];
 280:Middlewares/Third_Party/LwIP/src/core/ipv4/ip4_addr.c ****   return ip4addr_ntoa_r(addr, str, IP4ADDR_STRLEN_MAX);
 281:Middlewares/Third_Party/LwIP/src/core/ipv4/ip4_addr.c **** }
 282:Middlewares/Third_Party/LwIP/src/core/ipv4/ip4_addr.c **** 
 283:Middlewares/Third_Party/LwIP/src/core/ipv4/ip4_addr.c **** /**
 284:Middlewares/Third_Party/LwIP/src/core/ipv4/ip4_addr.c ****  * Same as ipaddr_ntoa, but reentrant since a user-supplied buffer is used.
 285:Middlewares/Third_Party/LwIP/src/core/ipv4/ip4_addr.c ****  *
 286:Middlewares/Third_Party/LwIP/src/core/ipv4/ip4_addr.c ****  * @param addr ip address in network order to convert
 287:Middlewares/Third_Party/LwIP/src/core/ipv4/ip4_addr.c ****  * @param buf target buffer where the string is stored
 288:Middlewares/Third_Party/LwIP/src/core/ipv4/ip4_addr.c ****  * @param buflen length of buf
 289:Middlewares/Third_Party/LwIP/src/core/ipv4/ip4_addr.c ****  * @return either pointer to buf which now holds the ASCII
 290:Middlewares/Third_Party/LwIP/src/core/ipv4/ip4_addr.c ****  *         representation of addr or NULL if buf was too small
 291:Middlewares/Third_Party/LwIP/src/core/ipv4/ip4_addr.c ****  */
 292:Middlewares/Third_Party/LwIP/src/core/ipv4/ip4_addr.c **** char*
 293:Middlewares/Third_Party/LwIP/src/core/ipv4/ip4_addr.c **** ip4addr_ntoa_r(const ip4_addr_t *addr, char *buf, int buflen)
 294:Middlewares/Third_Party/LwIP/src/core/ipv4/ip4_addr.c **** {
 645              		.loc 1 294 1 is_stmt 1 view -0
 646              		.cfi_startproc
 647              		@ args = 0, pretend = 0, frame = 8
 648              		@ frame_needed = 0, uses_anonymous_args = 0
 649              		.loc 1 294 1 is_stmt 0 view .LVU191
 650 0000 2DE9F043 		push	{r4, r5, r6, r7, r8, r9, lr}
 651              	.LCFI9:
 652              		.cfi_def_cfa_offset 28
 653              		.cfi_offset 4, -28
 654              		.cfi_offset 5, -24
ARM GAS  /tmp/ccFKdvGr.s 			page 19


 655              		.cfi_offset 6, -20
 656              		.cfi_offset 7, -16
 657              		.cfi_offset 8, -12
 658              		.cfi_offset 9, -8
 659              		.cfi_offset 14, -4
 660 0004 83B0     		sub	sp, sp, #12
 661              	.LCFI10:
 662              		.cfi_def_cfa_offset 40
 663 0006 8946     		mov	r9, r1
 295:Middlewares/Third_Party/LwIP/src/core/ipv4/ip4_addr.c ****   u32_t s_addr;
 664              		.loc 1 295 3 is_stmt 1 view .LVU192
 296:Middlewares/Third_Party/LwIP/src/core/ipv4/ip4_addr.c ****   char inv[3];
 665              		.loc 1 296 3 view .LVU193
 297:Middlewares/Third_Party/LwIP/src/core/ipv4/ip4_addr.c ****   char *rp;
 666              		.loc 1 297 3 view .LVU194
 298:Middlewares/Third_Party/LwIP/src/core/ipv4/ip4_addr.c ****   u8_t *ap;
 667              		.loc 1 298 3 view .LVU195
 299:Middlewares/Third_Party/LwIP/src/core/ipv4/ip4_addr.c ****   u8_t rem;
 668              		.loc 1 299 3 view .LVU196
 300:Middlewares/Third_Party/LwIP/src/core/ipv4/ip4_addr.c ****   u8_t n;
 669              		.loc 1 300 3 view .LVU197
 301:Middlewares/Third_Party/LwIP/src/core/ipv4/ip4_addr.c ****   u8_t i;
 670              		.loc 1 301 3 view .LVU198
 302:Middlewares/Third_Party/LwIP/src/core/ipv4/ip4_addr.c ****   int len = 0;
 671              		.loc 1 302 3 view .LVU199
 672              	.LVL60:
 303:Middlewares/Third_Party/LwIP/src/core/ipv4/ip4_addr.c **** 
 304:Middlewares/Third_Party/LwIP/src/core/ipv4/ip4_addr.c ****   s_addr = ip4_addr_get_u32(addr);
 673              		.loc 1 304 3 view .LVU200
 674              		.loc 1 304 12 is_stmt 0 view .LVU201
 675 0008 0368     		ldr	r3, [r0]
 676              		.loc 1 304 10 view .LVU202
 677 000a 0193     		str	r3, [sp, #4]
 305:Middlewares/Third_Party/LwIP/src/core/ipv4/ip4_addr.c **** 
 306:Middlewares/Third_Party/LwIP/src/core/ipv4/ip4_addr.c ****   rp = buf;
 678              		.loc 1 306 3 is_stmt 1 view .LVU203
 679              	.LVL61:
 307:Middlewares/Third_Party/LwIP/src/core/ipv4/ip4_addr.c ****   ap = (u8_t *)&s_addr;
 680              		.loc 1 307 3 view .LVU204
 308:Middlewares/Third_Party/LwIP/src/core/ipv4/ip4_addr.c ****   for (n = 0; n < 4; n++) {
 681              		.loc 1 308 3 view .LVU205
 306:Middlewares/Third_Party/LwIP/src/core/ipv4/ip4_addr.c ****   ap = (u8_t *)&s_addr;
 682              		.loc 1 306 6 is_stmt 0 view .LVU206
 683 000c 0D46     		mov	r5, r1
 302:Middlewares/Third_Party/LwIP/src/core/ipv4/ip4_addr.c **** 
 684              		.loc 1 302 7 view .LVU207
 685 000e 0027     		movs	r7, #0
 686              		.loc 1 308 10 view .LVU208
 687 0010 3846     		mov	r0, r7
 688              	.LVL62:
 307:Middlewares/Third_Party/LwIP/src/core/ipv4/ip4_addr.c ****   for (n = 0; n < 4; n++) {
 689              		.loc 1 307 6 view .LVU209
 690 0012 0DF1040C 		add	ip, sp, #4
 691              	.LVL63:
 692              	.L62:
 693              		.loc 1 308 3 discriminator 1 view .LVU210
 694 0016 0328     		cmp	r0, #3
ARM GAS  /tmp/ccFKdvGr.s 			page 20


 695 0018 38D8     		bhi	.L71
 309:Middlewares/Third_Party/LwIP/src/core/ipv4/ip4_addr.c ****     i = 0;
 696              		.loc 1 309 7 view .LVU211
 697 001a 0026     		movs	r6, #0
 698              	.L63:
 699              	.LVL64:
 310:Middlewares/Third_Party/LwIP/src/core/ipv4/ip4_addr.c ****     do {
 700              		.loc 1 310 5 is_stmt 1 discriminator 1 view .LVU212
 311:Middlewares/Third_Party/LwIP/src/core/ipv4/ip4_addr.c ****       rem = *ap % (u8_t)10;
 701              		.loc 1 311 7 discriminator 1 view .LVU213
 702              		.loc 1 311 13 is_stmt 0 discriminator 1 view .LVU214
 703 001c 9CF80040 		ldrb	r4, [ip]	@ zero_extendqisi2
 704              		.loc 1 311 11 discriminator 1 view .LVU215
 705 0020 204B     		ldr	r3, .L73
 706 0022 A3FB0413 		umull	r1, r3, r3, r4
 707 0026 DB08     		lsrs	r3, r3, #3
 708 0028 03EB8308 		add	r8, r3, r3, lsl #2
 709 002c 4FEA480E 		lsl	lr, r8, #1
 710 0030 A4EB0E04 		sub	r4, r4, lr
 711 0034 E4B2     		uxtb	r4, r4
 712              	.LVL65:
 312:Middlewares/Third_Party/LwIP/src/core/ipv4/ip4_addr.c ****       *ap /= (u8_t)10;
 713              		.loc 1 312 7 is_stmt 1 discriminator 1 view .LVU216
 714              		.loc 1 312 11 is_stmt 0 discriminator 1 view .LVU217
 715 0036 DBB2     		uxtb	r3, r3
 716 0038 8CF80030 		strb	r3, [ip]
 313:Middlewares/Third_Party/LwIP/src/core/ipv4/ip4_addr.c ****       inv[i++] = (char)('0' + rem);
 717              		.loc 1 313 7 is_stmt 1 discriminator 1 view .LVU218
 718              		.loc 1 313 12 is_stmt 0 discriminator 1 view .LVU219
 719 003c 06F1010E 		add	lr, r6, #1
 720 0040 5FFA8EF1 		uxtb	r1, lr
 721              	.LVL66:
 722              		.loc 1 313 18 discriminator 1 view .LVU220
 723 0044 3034     		adds	r4, r4, #48
 724              	.LVL67:
 725              		.loc 1 313 16 discriminator 1 view .LVU221
 726 0046 0DF1080E 		add	lr, sp, #8
 727 004a 7644     		add	r6, r6, lr
 728 004c 06F8084C 		strb	r4, [r6, #-8]
 729              		.loc 1 313 12 discriminator 1 view .LVU222
 730 0050 0E46     		mov	r6, r1
 314:Middlewares/Third_Party/LwIP/src/core/ipv4/ip4_addr.c ****     } while (*ap);
 731              		.loc 1 314 5 discriminator 1 view .LVU223
 732 0052 002B     		cmp	r3, #0
 733 0054 E2D1     		bne	.L63
 734              	.LVL68:
 735              	.L64:
 315:Middlewares/Third_Party/LwIP/src/core/ipv4/ip4_addr.c ****     while (i--) {
 736              		.loc 1 315 13 view .LVU224
 737 0056 4B1E     		subs	r3, r1, #1
 738 0058 DBB2     		uxtb	r3, r3
 739              	.LVL69:
 740              		.loc 1 315 11 view .LVU225
 741 005a 59B1     		cbz	r1, .L72
 316:Middlewares/Third_Party/LwIP/src/core/ipv4/ip4_addr.c ****       if (len++ >= buflen) {
 742              		.loc 1 316 7 is_stmt 1 view .LVU226
 743              		.loc 1 316 14 is_stmt 0 view .LVU227
ARM GAS  /tmp/ccFKdvGr.s 			page 21


 744 005c 7C1C     		adds	r4, r7, #1
 745              	.LVL70:
 746              		.loc 1 316 10 view .LVU228
 747 005e 9742     		cmp	r7, r2
 748 0060 19DA     		bge	.L67
 317:Middlewares/Third_Party/LwIP/src/core/ipv4/ip4_addr.c ****         return NULL;
 318:Middlewares/Third_Party/LwIP/src/core/ipv4/ip4_addr.c ****       }
 319:Middlewares/Third_Party/LwIP/src/core/ipv4/ip4_addr.c ****       *rp++ = inv[i];
 749              		.loc 1 319 7 is_stmt 1 view .LVU229
 750              		.loc 1 319 18 is_stmt 0 view .LVU230
 751 0062 02A9     		add	r1, sp, #8
 752 0064 CE18     		adds	r6, r1, r3
 753 0066 16F8086C 		ldrb	r6, [r6, #-8]	@ zero_extendqisi2
 754              		.loc 1 319 13 view .LVU231
 755 006a 05F8016B 		strb	r6, [r5], #1
 756              	.LVL71:
 316:Middlewares/Third_Party/LwIP/src/core/ipv4/ip4_addr.c ****       if (len++ >= buflen) {
 757              		.loc 1 316 14 view .LVU232
 758 006e 2746     		mov	r7, r4
 315:Middlewares/Third_Party/LwIP/src/core/ipv4/ip4_addr.c ****       if (len++ >= buflen) {
 759              		.loc 1 315 13 view .LVU233
 760 0070 1946     		mov	r1, r3
 761 0072 F0E7     		b	.L64
 762              	.LVL72:
 763              	.L72:
 320:Middlewares/Third_Party/LwIP/src/core/ipv4/ip4_addr.c ****     }
 321:Middlewares/Third_Party/LwIP/src/core/ipv4/ip4_addr.c ****     if (len++ >= buflen) {
 764              		.loc 1 321 5 is_stmt 1 view .LVU234
 765              		.loc 1 321 12 is_stmt 0 view .LVU235
 766 0074 7B1C     		adds	r3, r7, #1
 767              	.LVL73:
 768              		.loc 1 321 8 view .LVU236
 769 0076 9742     		cmp	r7, r2
 770 0078 11DA     		bge	.L68
 322:Middlewares/Third_Party/LwIP/src/core/ipv4/ip4_addr.c ****       return NULL;
 323:Middlewares/Third_Party/LwIP/src/core/ipv4/ip4_addr.c ****     }
 324:Middlewares/Third_Party/LwIP/src/core/ipv4/ip4_addr.c ****     *rp++ = '.';
 771              		.loc 1 324 5 is_stmt 1 discriminator 2 view .LVU237
 772              		.loc 1 324 11 is_stmt 0 discriminator 2 view .LVU238
 773 007a 2E24     		movs	r4, #46
 774 007c 05F8014B 		strb	r4, [r5], #1
 775              	.LVL74:
 325:Middlewares/Third_Party/LwIP/src/core/ipv4/ip4_addr.c ****     ap++;
 776              		.loc 1 325 5 is_stmt 1 discriminator 2 view .LVU239
 777              		.loc 1 325 7 is_stmt 0 discriminator 2 view .LVU240
 778 0080 0CF1010C 		add	ip, ip, #1
 779              	.LVL75:
 308:Middlewares/Third_Party/LwIP/src/core/ipv4/ip4_addr.c ****     i = 0;
 780              		.loc 1 308 23 discriminator 2 view .LVU241
 781 0084 0130     		adds	r0, r0, #1
 782              	.LVL76:
 308:Middlewares/Third_Party/LwIP/src/core/ipv4/ip4_addr.c ****     i = 0;
 783              		.loc 1 308 23 discriminator 2 view .LVU242
 784 0086 C0B2     		uxtb	r0, r0
 785              	.LVL77:
 321:Middlewares/Third_Party/LwIP/src/core/ipv4/ip4_addr.c ****       return NULL;
 786              		.loc 1 321 12 discriminator 2 view .LVU243
ARM GAS  /tmp/ccFKdvGr.s 			page 22


 787 0088 1F46     		mov	r7, r3
 788 008a C4E7     		b	.L62
 789              	.LVL78:
 790              	.L71:
 326:Middlewares/Third_Party/LwIP/src/core/ipv4/ip4_addr.c ****   }
 327:Middlewares/Third_Party/LwIP/src/core/ipv4/ip4_addr.c ****   *--rp = 0;
 791              		.loc 1 327 3 is_stmt 1 view .LVU244
 792              		.loc 1 327 9 is_stmt 0 view .LVU245
 793 008c 0023     		movs	r3, #0
 794 008e 05F8013C 		strb	r3, [r5, #-1]
 328:Middlewares/Third_Party/LwIP/src/core/ipv4/ip4_addr.c ****   return buf;
 795              		.loc 1 328 3 is_stmt 1 view .LVU246
 796              		.loc 1 328 10 is_stmt 0 view .LVU247
 797 0092 4846     		mov	r0, r9
 798              	.LVL79:
 799              		.loc 1 328 10 view .LVU248
 800 0094 00E0     		b	.L61
 801              	.LVL80:
 802              	.L67:
 317:Middlewares/Third_Party/LwIP/src/core/ipv4/ip4_addr.c ****       }
 803              		.loc 1 317 16 view .LVU249
 804 0096 0020     		movs	r0, #0
 805              	.LVL81:
 806              	.L61:
 329:Middlewares/Third_Party/LwIP/src/core/ipv4/ip4_addr.c **** }
 807              		.loc 1 329 1 view .LVU250
 808 0098 03B0     		add	sp, sp, #12
 809              	.LCFI11:
 810              		.cfi_remember_state
 811              		.cfi_def_cfa_offset 28
 812              		@ sp needed
 813 009a BDE8F083 		pop	{r4, r5, r6, r7, r8, r9, pc}
 814              	.LVL82:
 815              	.L68:
 816              	.LCFI12:
 817              		.cfi_restore_state
 322:Middlewares/Third_Party/LwIP/src/core/ipv4/ip4_addr.c ****     }
 818              		.loc 1 322 14 view .LVU251
 819 009e 0020     		movs	r0, #0
 820              	.LVL83:
 322:Middlewares/Third_Party/LwIP/src/core/ipv4/ip4_addr.c ****     }
 821              		.loc 1 322 14 view .LVU252
 822 00a0 FAE7     		b	.L61
 823              	.L74:
 824 00a2 00BF     		.align	2
 825              	.L73:
 826 00a4 CDCCCCCC 		.word	-858993459
 827              		.cfi_endproc
 828              	.LFE165:
 830              		.section	.text.ip4addr_ntoa,"ax",%progbits
 831              		.align	1
 832              		.global	ip4addr_ntoa
 833              		.syntax unified
 834              		.thumb
 835              		.thumb_func
 836              		.fpu fpv5-sp-d16
 838              	ip4addr_ntoa:
ARM GAS  /tmp/ccFKdvGr.s 			page 23


 839              	.LVL84:
 840              	.LFB164:
 278:Middlewares/Third_Party/LwIP/src/core/ipv4/ip4_addr.c ****   static char str[IP4ADDR_STRLEN_MAX];
 841              		.loc 1 278 1 is_stmt 1 view -0
 842              		.cfi_startproc
 843              		@ args = 0, pretend = 0, frame = 0
 844              		@ frame_needed = 0, uses_anonymous_args = 0
 278:Middlewares/Third_Party/LwIP/src/core/ipv4/ip4_addr.c ****   static char str[IP4ADDR_STRLEN_MAX];
 845              		.loc 1 278 1 is_stmt 0 view .LVU254
 846 0000 08B5     		push	{r3, lr}
 847              	.LCFI13:
 848              		.cfi_def_cfa_offset 8
 849              		.cfi_offset 3, -8
 850              		.cfi_offset 14, -4
 279:Middlewares/Third_Party/LwIP/src/core/ipv4/ip4_addr.c ****   return ip4addr_ntoa_r(addr, str, IP4ADDR_STRLEN_MAX);
 851              		.loc 1 279 3 is_stmt 1 view .LVU255
 280:Middlewares/Third_Party/LwIP/src/core/ipv4/ip4_addr.c **** }
 852              		.loc 1 280 3 view .LVU256
 280:Middlewares/Third_Party/LwIP/src/core/ipv4/ip4_addr.c **** }
 853              		.loc 1 280 10 is_stmt 0 view .LVU257
 854 0002 1022     		movs	r2, #16
 855 0004 0149     		ldr	r1, .L77
 856 0006 FFF7FEFF 		bl	ip4addr_ntoa_r
 857              	.LVL85:
 281:Middlewares/Third_Party/LwIP/src/core/ipv4/ip4_addr.c **** 
 858              		.loc 1 281 1 view .LVU258
 859 000a 08BD     		pop	{r3, pc}
 860              	.L78:
 861              		.align	2
 862              	.L77:
 863 000c 00000000 		.word	.LANCHOR0
 864              		.cfi_endproc
 865              	.LFE164:
 867              		.global	ip_addr_broadcast
 868              		.global	ip_addr_any
 869              		.section	.bss.str.11578,"aw",%nobits
 870              		.align	2
 871              		.set	.LANCHOR0,. + 0
 874              	str.11578:
 875 0000 00000000 		.space	16
 875      00000000 
 875      00000000 
 875      00000000 
 876              		.section	.rodata.ip4addr_aton.str1.4,"aMS",%progbits,1
 877              		.align	2
 878              	.LC0:
 879 0000 4D696464 		.ascii	"Middlewares/Third_Party/LwIP/src/core/ipv4/ip4_addr"
 879      6C657761 
 879      7265732F 
 879      54686972 
 879      645F5061 
 880 0033 2E6300   		.ascii	".c\000"
 881 0036 0000     		.space	2
 882              	.LC1:
 883 0038 756E6861 		.ascii	"unhandled\000"
 883      6E646C65 
 883      6400
ARM GAS  /tmp/ccFKdvGr.s 			page 24


 884 0042 0000     		.space	2
 885              	.LC2:
 886 0044 41737365 		.ascii	"Assertion \"%s\" failed at line %d in %s\012\000"
 886      7274696F 
 886      6E202225 
 886      73222066 
 886      61696C65 
 887              		.section	.rodata.ip_addr_any,"a"
 888              		.align	2
 891              	ip_addr_any:
 892 0000 00000000 		.space	4
 893              		.section	.rodata.ip_addr_broadcast,"a"
 894              		.align	2
 897              	ip_addr_broadcast:
 898 0000 FFFFFFFF 		.word	-1
 899              		.text
 900              	.Letext0:
 901              		.file 2 "/usr/arm-none-eabi/include/machine/_default_types.h"
 902              		.file 3 "/usr/arm-none-eabi/include/sys/_stdint.h"
 903              		.file 4 "Drivers/CMSIS/Include/core_cm7.h"
 904              		.file 5 "Drivers/CMSIS/Device/ST/STM32F7xx/Include/system_stm32f7xx.h"
 905              		.file 6 "/usr/arm-none-eabi/include/sys/lock.h"
 906              		.file 7 "/usr/arm-none-eabi/include/sys/_types.h"
 907              		.file 8 "/usr/lib/gcc/arm-none-eabi/8.3.0/include/stddef.h"
 908              		.file 9 "/usr/arm-none-eabi/include/sys/reent.h"
 909              		.file 10 "/usr/arm-none-eabi/include/stdlib.h"
 910              		.file 11 "/usr/arm-none-eabi/include/time.h"
 911              		.file 12 "Middlewares/Third_Party/LwIP/src/include/lwip/arch.h"
 912              		.file 13 "Middlewares/Third_Party/LwIP/src/include/lwip/ip4_addr.h"
 913              		.file 14 "Middlewares/Third_Party/LwIP/src/include/lwip/ip_addr.h"
 914              		.file 15 "Middlewares/Third_Party/LwIP/src/include/lwip/err.h"
 915              		.file 16 "Middlewares/Third_Party/LwIP/src/include/lwip/pbuf.h"
 916              		.file 17 "Middlewares/Third_Party/LwIP/src/include/lwip/priv/memp_priv.h"
 917              		.file 18 "Middlewares/Third_Party/LwIP/src/include/lwip/memp.h"
 918              		.file 19 "Middlewares/Third_Party/LwIP/src/include/lwip/netif.h"
 919              		.file 20 "Middlewares/Third_Party/LwIP/src/include/lwip/def.h"
 920              		.file 21 "/usr/arm-none-eabi/include/stdio.h"
ARM GAS  /tmp/ccFKdvGr.s 			page 25


DEFINED SYMBOLS
                            *ABS*:0000000000000000 ip4_addr.c
     /tmp/ccFKdvGr.s:18     .text.ip4_addr_isbroadcast_u32:0000000000000000 $t
     /tmp/ccFKdvGr.s:26     .text.ip4_addr_isbroadcast_u32:0000000000000000 ip4_addr_isbroadcast_u32
     /tmp/ccFKdvGr.s:96     .text.ip4_addr_netmask_valid:0000000000000000 $t
     /tmp/ccFKdvGr.s:103    .text.ip4_addr_netmask_valid:0000000000000000 ip4_addr_netmask_valid
     /tmp/ccFKdvGr.s:167    .text.ip4addr_aton:0000000000000000 $t
     /tmp/ccFKdvGr.s:174    .text.ip4addr_aton:0000000000000000 ip4addr_aton
     /tmp/ccFKdvGr.s:401    .text.ip4addr_aton:00000000000000cc $d
     /tmp/ccFKdvGr.s:577    .text.ip4addr_aton:0000000000000174 $d
     /tmp/ccFKdvGr.s:584    .text.ipaddr_addr:0000000000000000 $t
     /tmp/ccFKdvGr.s:591    .text.ipaddr_addr:0000000000000000 ipaddr_addr
     /tmp/ccFKdvGr.s:635    .text.ip4addr_ntoa_r:0000000000000000 $t
     /tmp/ccFKdvGr.s:642    .text.ip4addr_ntoa_r:0000000000000000 ip4addr_ntoa_r
     /tmp/ccFKdvGr.s:826    .text.ip4addr_ntoa_r:00000000000000a4 $d
     /tmp/ccFKdvGr.s:831    .text.ip4addr_ntoa:0000000000000000 $t
     /tmp/ccFKdvGr.s:838    .text.ip4addr_ntoa:0000000000000000 ip4addr_ntoa
     /tmp/ccFKdvGr.s:863    .text.ip4addr_ntoa:000000000000000c $d
     /tmp/ccFKdvGr.s:897    .rodata.ip_addr_broadcast:0000000000000000 ip_addr_broadcast
     /tmp/ccFKdvGr.s:891    .rodata.ip_addr_any:0000000000000000 ip_addr_any
     /tmp/ccFKdvGr.s:870    .bss.str.11578:0000000000000000 $d
     /tmp/ccFKdvGr.s:874    .bss.str.11578:0000000000000000 str.11578
     /tmp/ccFKdvGr.s:877    .rodata.ip4addr_aton.str1.4:0000000000000000 $d
     /tmp/ccFKdvGr.s:888    .rodata.ip_addr_any:0000000000000000 $d
     /tmp/ccFKdvGr.s:894    .rodata.ip_addr_broadcast:0000000000000000 $d
     /tmp/ccFKdvGr.s:406    .text.ip4addr_aton:00000000000000d1 $d
     /tmp/ccFKdvGr.s:406    .text.ip4addr_aton:00000000000000d2 $t

UNDEFINED SYMBOLS
lwip_htonl
printf
