ARM GAS  /tmp/cc1c2EbK.s 			page 1


   1              		.cpu cortex-m7
   2              		.eabi_attribute 27, 1
   3              		.eabi_attribute 28, 1
   4              		.eabi_attribute 20, 1
   5              		.eabi_attribute 21, 1
   6              		.eabi_attribute 23, 3
   7              		.eabi_attribute 24, 1
   8              		.eabi_attribute 25, 1
   9              		.eabi_attribute 26, 1
  10              		.eabi_attribute 30, 1
  11              		.eabi_attribute 34, 1
  12              		.eabi_attribute 18, 4
  13              		.file	"memp.c"
  14              		.text
  15              	.Ltext0:
  16              		.cfi_sections	.debug_frame
  17              		.section	.text.do_memp_malloc_pool,"ax",%progbits
  18              		.align	1
  19              		.arch armv7e-m
  20              		.syntax unified
  21              		.thumb
  22              		.thumb_func
  23              		.fpu fpv5-sp-d16
  25              	do_memp_malloc_pool:
  26              	.LVL0:
  27              	.LFB162:
  28              		.file 1 "Middlewares/Third_Party/LwIP/src/core/memp.c"
   1:Middlewares/Third_Party/LwIP/src/core/memp.c **** /**
   2:Middlewares/Third_Party/LwIP/src/core/memp.c ****  * @file
   3:Middlewares/Third_Party/LwIP/src/core/memp.c ****  * Dynamic pool memory manager
   4:Middlewares/Third_Party/LwIP/src/core/memp.c ****  *
   5:Middlewares/Third_Party/LwIP/src/core/memp.c ****  * lwIP has dedicated pools for many structures (netconn, protocol control blocks,
   6:Middlewares/Third_Party/LwIP/src/core/memp.c ****  * packet buffers, ...). All these pools are managed here.
   7:Middlewares/Third_Party/LwIP/src/core/memp.c ****  *
   8:Middlewares/Third_Party/LwIP/src/core/memp.c ****  * @defgroup mempool Memory pools
   9:Middlewares/Third_Party/LwIP/src/core/memp.c ****  * @ingroup infrastructure
  10:Middlewares/Third_Party/LwIP/src/core/memp.c ****  * Custom memory pools
  11:Middlewares/Third_Party/LwIP/src/core/memp.c **** 
  12:Middlewares/Third_Party/LwIP/src/core/memp.c ****  */
  13:Middlewares/Third_Party/LwIP/src/core/memp.c **** 
  14:Middlewares/Third_Party/LwIP/src/core/memp.c **** /*
  15:Middlewares/Third_Party/LwIP/src/core/memp.c ****  * Copyright (c) 2001-2004 Swedish Institute of Computer Science.
  16:Middlewares/Third_Party/LwIP/src/core/memp.c ****  * All rights reserved.
  17:Middlewares/Third_Party/LwIP/src/core/memp.c ****  *
  18:Middlewares/Third_Party/LwIP/src/core/memp.c ****  * Redistribution and use in source and binary forms, with or without modification,
  19:Middlewares/Third_Party/LwIP/src/core/memp.c ****  * are permitted provided that the following conditions are met:
  20:Middlewares/Third_Party/LwIP/src/core/memp.c ****  *
  21:Middlewares/Third_Party/LwIP/src/core/memp.c ****  * 1. Redistributions of source code must retain the above copyright notice,
  22:Middlewares/Third_Party/LwIP/src/core/memp.c ****  *    this list of conditions and the following disclaimer.
  23:Middlewares/Third_Party/LwIP/src/core/memp.c ****  * 2. Redistributions in binary form must reproduce the above copyright notice,
  24:Middlewares/Third_Party/LwIP/src/core/memp.c ****  *    this list of conditions and the following disclaimer in the documentation
  25:Middlewares/Third_Party/LwIP/src/core/memp.c ****  *    and/or other materials provided with the distribution.
  26:Middlewares/Third_Party/LwIP/src/core/memp.c ****  * 3. The name of the author may not be used to endorse or promote products
  27:Middlewares/Third_Party/LwIP/src/core/memp.c ****  *    derived from this software without specific prior written permission.
  28:Middlewares/Third_Party/LwIP/src/core/memp.c ****  *
  29:Middlewares/Third_Party/LwIP/src/core/memp.c ****  * THIS SOFTWARE IS PROVIDED BY THE AUTHOR ``AS IS'' AND ANY EXPRESS OR IMPLIED
  30:Middlewares/Third_Party/LwIP/src/core/memp.c ****  * WARRANTIES, INCLUDING, BUT NOT LIMITED TO, THE IMPLIED WARRANTIES OF
ARM GAS  /tmp/cc1c2EbK.s 			page 2


  31:Middlewares/Third_Party/LwIP/src/core/memp.c ****  * MERCHANTABILITY AND FITNESS FOR A PARTICULAR PURPOSE ARE DISCLAIMED. IN NO EVENT
  32:Middlewares/Third_Party/LwIP/src/core/memp.c ****  * SHALL THE AUTHOR BE LIABLE FOR ANY DIRECT, INDIRECT, INCIDENTAL, SPECIAL,
  33:Middlewares/Third_Party/LwIP/src/core/memp.c ****  * EXEMPLARY, OR CONSEQUENTIAL DAMAGES (INCLUDING, BUT NOT LIMITED TO, PROCUREMENT
  34:Middlewares/Third_Party/LwIP/src/core/memp.c ****  * OF SUBSTITUTE GOODS OR SERVICES; LOSS OF USE, DATA, OR PROFITS; OR BUSINESS
  35:Middlewares/Third_Party/LwIP/src/core/memp.c ****  * INTERRUPTION) HOWEVER CAUSED AND ON ANY THEORY OF LIABILITY, WHETHER IN
  36:Middlewares/Third_Party/LwIP/src/core/memp.c ****  * CONTRACT, STRICT LIABILITY, OR TORT (INCLUDING NEGLIGENCE OR OTHERWISE) ARISING
  37:Middlewares/Third_Party/LwIP/src/core/memp.c ****  * IN ANY WAY OUT OF THE USE OF THIS SOFTWARE, EVEN IF ADVISED OF THE POSSIBILITY
  38:Middlewares/Third_Party/LwIP/src/core/memp.c ****  * OF SUCH DAMAGE.
  39:Middlewares/Third_Party/LwIP/src/core/memp.c ****  *
  40:Middlewares/Third_Party/LwIP/src/core/memp.c ****  * This file is part of the lwIP TCP/IP stack.
  41:Middlewares/Third_Party/LwIP/src/core/memp.c ****  *
  42:Middlewares/Third_Party/LwIP/src/core/memp.c ****  * Author: Adam Dunkels <adam@sics.se>
  43:Middlewares/Third_Party/LwIP/src/core/memp.c ****  *
  44:Middlewares/Third_Party/LwIP/src/core/memp.c ****  */
  45:Middlewares/Third_Party/LwIP/src/core/memp.c **** 
  46:Middlewares/Third_Party/LwIP/src/core/memp.c **** #include "lwip/opt.h"
  47:Middlewares/Third_Party/LwIP/src/core/memp.c **** 
  48:Middlewares/Third_Party/LwIP/src/core/memp.c **** #include "lwip/memp.h"
  49:Middlewares/Third_Party/LwIP/src/core/memp.c **** #include "lwip/sys.h"
  50:Middlewares/Third_Party/LwIP/src/core/memp.c **** #include "lwip/stats.h"
  51:Middlewares/Third_Party/LwIP/src/core/memp.c **** 
  52:Middlewares/Third_Party/LwIP/src/core/memp.c **** #include <string.h>
  53:Middlewares/Third_Party/LwIP/src/core/memp.c **** 
  54:Middlewares/Third_Party/LwIP/src/core/memp.c **** /* Make sure we include everything we need for size calculation required by memp_std.h */
  55:Middlewares/Third_Party/LwIP/src/core/memp.c **** #include "lwip/pbuf.h"
  56:Middlewares/Third_Party/LwIP/src/core/memp.c **** #include "lwip/raw.h"
  57:Middlewares/Third_Party/LwIP/src/core/memp.c **** #include "lwip/udp.h"
  58:Middlewares/Third_Party/LwIP/src/core/memp.c **** #include "lwip/tcp.h"
  59:Middlewares/Third_Party/LwIP/src/core/memp.c **** #include "lwip/priv/tcp_priv.h"
  60:Middlewares/Third_Party/LwIP/src/core/memp.c **** #include "lwip/ip4_frag.h"
  61:Middlewares/Third_Party/LwIP/src/core/memp.c **** #include "lwip/netbuf.h"
  62:Middlewares/Third_Party/LwIP/src/core/memp.c **** #include "lwip/api.h"
  63:Middlewares/Third_Party/LwIP/src/core/memp.c **** #include "lwip/priv/tcpip_priv.h"
  64:Middlewares/Third_Party/LwIP/src/core/memp.c **** #include "lwip/priv/api_msg.h"
  65:Middlewares/Third_Party/LwIP/src/core/memp.c **** #include "lwip/sockets.h"
  66:Middlewares/Third_Party/LwIP/src/core/memp.c **** #include "lwip/netifapi.h"
  67:Middlewares/Third_Party/LwIP/src/core/memp.c **** #include "lwip/etharp.h"
  68:Middlewares/Third_Party/LwIP/src/core/memp.c **** #include "lwip/igmp.h"
  69:Middlewares/Third_Party/LwIP/src/core/memp.c **** #include "lwip/timeouts.h"
  70:Middlewares/Third_Party/LwIP/src/core/memp.c **** /* needed by default MEMP_NUM_SYS_TIMEOUT */
  71:Middlewares/Third_Party/LwIP/src/core/memp.c **** #include "netif/ppp/ppp_opts.h"
  72:Middlewares/Third_Party/LwIP/src/core/memp.c **** #include "lwip/netdb.h"
  73:Middlewares/Third_Party/LwIP/src/core/memp.c **** #include "lwip/dns.h"
  74:Middlewares/Third_Party/LwIP/src/core/memp.c **** #include "lwip/priv/nd6_priv.h"
  75:Middlewares/Third_Party/LwIP/src/core/memp.c **** #include "lwip/ip6_frag.h"
  76:Middlewares/Third_Party/LwIP/src/core/memp.c **** #include "lwip/mld6.h"
  77:Middlewares/Third_Party/LwIP/src/core/memp.c **** 
  78:Middlewares/Third_Party/LwIP/src/core/memp.c **** #define LWIP_MEMPOOL(name,num,size,desc) LWIP_MEMPOOL_DECLARE(name,num,size,desc)
  79:Middlewares/Third_Party/LwIP/src/core/memp.c **** #include "lwip/priv/memp_std.h"
  80:Middlewares/Third_Party/LwIP/src/core/memp.c **** 
  81:Middlewares/Third_Party/LwIP/src/core/memp.c **** const struct memp_desc* const memp_pools[MEMP_MAX] = {
  82:Middlewares/Third_Party/LwIP/src/core/memp.c **** #define LWIP_MEMPOOL(name,num,size,desc) &memp_ ## name,
  83:Middlewares/Third_Party/LwIP/src/core/memp.c **** #include "lwip/priv/memp_std.h"
  84:Middlewares/Third_Party/LwIP/src/core/memp.c **** };
  85:Middlewares/Third_Party/LwIP/src/core/memp.c **** 
  86:Middlewares/Third_Party/LwIP/src/core/memp.c **** #ifdef LWIP_HOOK_FILENAME
  87:Middlewares/Third_Party/LwIP/src/core/memp.c **** #include LWIP_HOOK_FILENAME
ARM GAS  /tmp/cc1c2EbK.s 			page 3


  88:Middlewares/Third_Party/LwIP/src/core/memp.c **** #endif
  89:Middlewares/Third_Party/LwIP/src/core/memp.c **** 
  90:Middlewares/Third_Party/LwIP/src/core/memp.c **** #if MEMP_MEM_MALLOC && MEMP_OVERFLOW_CHECK >= 2
  91:Middlewares/Third_Party/LwIP/src/core/memp.c **** #undef MEMP_OVERFLOW_CHECK
  92:Middlewares/Third_Party/LwIP/src/core/memp.c **** /* MEMP_OVERFLOW_CHECK >= 2 does not work with MEMP_MEM_MALLOC, use 1 instead */
  93:Middlewares/Third_Party/LwIP/src/core/memp.c **** #define MEMP_OVERFLOW_CHECK 1
  94:Middlewares/Third_Party/LwIP/src/core/memp.c **** #endif
  95:Middlewares/Third_Party/LwIP/src/core/memp.c **** 
  96:Middlewares/Third_Party/LwIP/src/core/memp.c **** #if MEMP_SANITY_CHECK && !MEMP_MEM_MALLOC
  97:Middlewares/Third_Party/LwIP/src/core/memp.c **** /**
  98:Middlewares/Third_Party/LwIP/src/core/memp.c ****  * Check that memp-lists don't form a circle, using "Floyd's cycle-finding algorithm".
  99:Middlewares/Third_Party/LwIP/src/core/memp.c ****  */
 100:Middlewares/Third_Party/LwIP/src/core/memp.c **** static int
 101:Middlewares/Third_Party/LwIP/src/core/memp.c **** memp_sanity(const struct memp_desc *desc)
 102:Middlewares/Third_Party/LwIP/src/core/memp.c **** {
 103:Middlewares/Third_Party/LwIP/src/core/memp.c ****   struct memp *t, *h;
 104:Middlewares/Third_Party/LwIP/src/core/memp.c **** 
 105:Middlewares/Third_Party/LwIP/src/core/memp.c ****   t = *desc->tab;
 106:Middlewares/Third_Party/LwIP/src/core/memp.c ****   if (t != NULL) {
 107:Middlewares/Third_Party/LwIP/src/core/memp.c ****     for (h = t->next; (t != NULL) && (h != NULL); t = t->next,
 108:Middlewares/Third_Party/LwIP/src/core/memp.c ****       h = ((h->next != NULL) ? h->next->next : NULL)) {
 109:Middlewares/Third_Party/LwIP/src/core/memp.c ****       if (t == h) {
 110:Middlewares/Third_Party/LwIP/src/core/memp.c ****         return 0;
 111:Middlewares/Third_Party/LwIP/src/core/memp.c ****       }
 112:Middlewares/Third_Party/LwIP/src/core/memp.c ****     }
 113:Middlewares/Third_Party/LwIP/src/core/memp.c ****   }
 114:Middlewares/Third_Party/LwIP/src/core/memp.c **** 
 115:Middlewares/Third_Party/LwIP/src/core/memp.c ****   return 1;
 116:Middlewares/Third_Party/LwIP/src/core/memp.c **** }
 117:Middlewares/Third_Party/LwIP/src/core/memp.c **** #endif /* MEMP_SANITY_CHECK && !MEMP_MEM_MALLOC */
 118:Middlewares/Third_Party/LwIP/src/core/memp.c **** 
 119:Middlewares/Third_Party/LwIP/src/core/memp.c **** #if MEMP_OVERFLOW_CHECK
 120:Middlewares/Third_Party/LwIP/src/core/memp.c **** /**
 121:Middlewares/Third_Party/LwIP/src/core/memp.c ****  * Check if a memp element was victim of an overflow
 122:Middlewares/Third_Party/LwIP/src/core/memp.c ****  * (e.g. the restricted area after it has been altered)
 123:Middlewares/Third_Party/LwIP/src/core/memp.c ****  *
 124:Middlewares/Third_Party/LwIP/src/core/memp.c ****  * @param p the memp element to check
 125:Middlewares/Third_Party/LwIP/src/core/memp.c ****  * @param desc the pool p comes from
 126:Middlewares/Third_Party/LwIP/src/core/memp.c ****  */
 127:Middlewares/Third_Party/LwIP/src/core/memp.c **** static void
 128:Middlewares/Third_Party/LwIP/src/core/memp.c **** memp_overflow_check_element_overflow(struct memp *p, const struct memp_desc *desc)
 129:Middlewares/Third_Party/LwIP/src/core/memp.c **** {
 130:Middlewares/Third_Party/LwIP/src/core/memp.c **** #if MEMP_SANITY_REGION_AFTER_ALIGNED > 0
 131:Middlewares/Third_Party/LwIP/src/core/memp.c ****   u16_t k;
 132:Middlewares/Third_Party/LwIP/src/core/memp.c ****   u8_t *m;
 133:Middlewares/Third_Party/LwIP/src/core/memp.c ****   m = (u8_t*)p + MEMP_SIZE + desc->size;
 134:Middlewares/Third_Party/LwIP/src/core/memp.c ****   for (k = 0; k < MEMP_SANITY_REGION_AFTER_ALIGNED; k++) {
 135:Middlewares/Third_Party/LwIP/src/core/memp.c ****     if (m[k] != 0xcd) {
 136:Middlewares/Third_Party/LwIP/src/core/memp.c ****       char errstr[128] = "detected memp overflow in pool ";
 137:Middlewares/Third_Party/LwIP/src/core/memp.c ****       strcat(errstr, desc->desc);
 138:Middlewares/Third_Party/LwIP/src/core/memp.c ****       LWIP_ASSERT(errstr, 0);
 139:Middlewares/Third_Party/LwIP/src/core/memp.c ****     }
 140:Middlewares/Third_Party/LwIP/src/core/memp.c ****   }
 141:Middlewares/Third_Party/LwIP/src/core/memp.c **** #else /* MEMP_SANITY_REGION_AFTER_ALIGNED > 0 */
 142:Middlewares/Third_Party/LwIP/src/core/memp.c ****   LWIP_UNUSED_ARG(p);
 143:Middlewares/Third_Party/LwIP/src/core/memp.c ****   LWIP_UNUSED_ARG(desc);
 144:Middlewares/Third_Party/LwIP/src/core/memp.c **** #endif /* MEMP_SANITY_REGION_AFTER_ALIGNED > 0 */
ARM GAS  /tmp/cc1c2EbK.s 			page 4


 145:Middlewares/Third_Party/LwIP/src/core/memp.c **** }
 146:Middlewares/Third_Party/LwIP/src/core/memp.c **** 
 147:Middlewares/Third_Party/LwIP/src/core/memp.c **** /**
 148:Middlewares/Third_Party/LwIP/src/core/memp.c ****  * Check if a memp element was victim of an underflow
 149:Middlewares/Third_Party/LwIP/src/core/memp.c ****  * (e.g. the restricted area before it has been altered)
 150:Middlewares/Third_Party/LwIP/src/core/memp.c ****  *
 151:Middlewares/Third_Party/LwIP/src/core/memp.c ****  * @param p the memp element to check
 152:Middlewares/Third_Party/LwIP/src/core/memp.c ****  * @param desc the pool p comes from
 153:Middlewares/Third_Party/LwIP/src/core/memp.c ****  */
 154:Middlewares/Third_Party/LwIP/src/core/memp.c **** static void
 155:Middlewares/Third_Party/LwIP/src/core/memp.c **** memp_overflow_check_element_underflow(struct memp *p, const struct memp_desc *desc)
 156:Middlewares/Third_Party/LwIP/src/core/memp.c **** {
 157:Middlewares/Third_Party/LwIP/src/core/memp.c **** #if MEMP_SANITY_REGION_BEFORE_ALIGNED > 0
 158:Middlewares/Third_Party/LwIP/src/core/memp.c ****   u16_t k;
 159:Middlewares/Third_Party/LwIP/src/core/memp.c ****   u8_t *m;
 160:Middlewares/Third_Party/LwIP/src/core/memp.c ****   m = (u8_t*)p + MEMP_SIZE - MEMP_SANITY_REGION_BEFORE_ALIGNED;
 161:Middlewares/Third_Party/LwIP/src/core/memp.c ****   for (k = 0; k < MEMP_SANITY_REGION_BEFORE_ALIGNED; k++) {
 162:Middlewares/Third_Party/LwIP/src/core/memp.c ****     if (m[k] != 0xcd) {
 163:Middlewares/Third_Party/LwIP/src/core/memp.c ****       char errstr[128] = "detected memp underflow in pool ";
 164:Middlewares/Third_Party/LwIP/src/core/memp.c ****       strcat(errstr, desc->desc);
 165:Middlewares/Third_Party/LwIP/src/core/memp.c ****       LWIP_ASSERT(errstr, 0);
 166:Middlewares/Third_Party/LwIP/src/core/memp.c ****     }
 167:Middlewares/Third_Party/LwIP/src/core/memp.c ****   }
 168:Middlewares/Third_Party/LwIP/src/core/memp.c **** #else /* MEMP_SANITY_REGION_BEFORE_ALIGNED > 0 */
 169:Middlewares/Third_Party/LwIP/src/core/memp.c ****   LWIP_UNUSED_ARG(p);
 170:Middlewares/Third_Party/LwIP/src/core/memp.c ****   LWIP_UNUSED_ARG(desc);
 171:Middlewares/Third_Party/LwIP/src/core/memp.c **** #endif /* MEMP_SANITY_REGION_BEFORE_ALIGNED > 0 */
 172:Middlewares/Third_Party/LwIP/src/core/memp.c **** }
 173:Middlewares/Third_Party/LwIP/src/core/memp.c **** 
 174:Middlewares/Third_Party/LwIP/src/core/memp.c **** /**
 175:Middlewares/Third_Party/LwIP/src/core/memp.c ****  * Initialize the restricted area of on memp element.
 176:Middlewares/Third_Party/LwIP/src/core/memp.c ****  */
 177:Middlewares/Third_Party/LwIP/src/core/memp.c **** static void
 178:Middlewares/Third_Party/LwIP/src/core/memp.c **** memp_overflow_init_element(struct memp *p, const struct memp_desc *desc)
 179:Middlewares/Third_Party/LwIP/src/core/memp.c **** {
 180:Middlewares/Third_Party/LwIP/src/core/memp.c **** #if MEMP_SANITY_REGION_BEFORE_ALIGNED > 0 || MEMP_SANITY_REGION_AFTER_ALIGNED > 0
 181:Middlewares/Third_Party/LwIP/src/core/memp.c ****   u8_t *m;
 182:Middlewares/Third_Party/LwIP/src/core/memp.c **** #if MEMP_SANITY_REGION_BEFORE_ALIGNED > 0
 183:Middlewares/Third_Party/LwIP/src/core/memp.c ****   m = (u8_t*)p + MEMP_SIZE - MEMP_SANITY_REGION_BEFORE_ALIGNED;
 184:Middlewares/Third_Party/LwIP/src/core/memp.c ****   memset(m, 0xcd, MEMP_SANITY_REGION_BEFORE_ALIGNED);
 185:Middlewares/Third_Party/LwIP/src/core/memp.c **** #endif
 186:Middlewares/Third_Party/LwIP/src/core/memp.c **** #if MEMP_SANITY_REGION_AFTER_ALIGNED > 0
 187:Middlewares/Third_Party/LwIP/src/core/memp.c ****   m = (u8_t*)p + MEMP_SIZE + desc->size;
 188:Middlewares/Third_Party/LwIP/src/core/memp.c ****   memset(m, 0xcd, MEMP_SANITY_REGION_AFTER_ALIGNED);
 189:Middlewares/Third_Party/LwIP/src/core/memp.c **** #endif
 190:Middlewares/Third_Party/LwIP/src/core/memp.c **** #else /* MEMP_SANITY_REGION_BEFORE_ALIGNED > 0 || MEMP_SANITY_REGION_AFTER_ALIGNED > 0 */
 191:Middlewares/Third_Party/LwIP/src/core/memp.c ****   LWIP_UNUSED_ARG(p);
 192:Middlewares/Third_Party/LwIP/src/core/memp.c ****   LWIP_UNUSED_ARG(desc);
 193:Middlewares/Third_Party/LwIP/src/core/memp.c **** #endif /* MEMP_SANITY_REGION_BEFORE_ALIGNED > 0 || MEMP_SANITY_REGION_AFTER_ALIGNED > 0 */
 194:Middlewares/Third_Party/LwIP/src/core/memp.c **** }
 195:Middlewares/Third_Party/LwIP/src/core/memp.c **** 
 196:Middlewares/Third_Party/LwIP/src/core/memp.c **** #if MEMP_OVERFLOW_CHECK >= 2
 197:Middlewares/Third_Party/LwIP/src/core/memp.c **** /**
 198:Middlewares/Third_Party/LwIP/src/core/memp.c ****  * Do an overflow check for all elements in every pool.
 199:Middlewares/Third_Party/LwIP/src/core/memp.c ****  *
 200:Middlewares/Third_Party/LwIP/src/core/memp.c ****  * @see memp_overflow_check_element for a description of the check
 201:Middlewares/Third_Party/LwIP/src/core/memp.c ****  */
ARM GAS  /tmp/cc1c2EbK.s 			page 5


 202:Middlewares/Third_Party/LwIP/src/core/memp.c **** static void
 203:Middlewares/Third_Party/LwIP/src/core/memp.c **** memp_overflow_check_all(void)
 204:Middlewares/Third_Party/LwIP/src/core/memp.c **** {
 205:Middlewares/Third_Party/LwIP/src/core/memp.c ****   u16_t i, j;
 206:Middlewares/Third_Party/LwIP/src/core/memp.c ****   struct memp *p;
 207:Middlewares/Third_Party/LwIP/src/core/memp.c ****   SYS_ARCH_DECL_PROTECT(old_level);
 208:Middlewares/Third_Party/LwIP/src/core/memp.c ****   SYS_ARCH_PROTECT(old_level);
 209:Middlewares/Third_Party/LwIP/src/core/memp.c **** 
 210:Middlewares/Third_Party/LwIP/src/core/memp.c ****   for (i = 0; i < MEMP_MAX; ++i) {
 211:Middlewares/Third_Party/LwIP/src/core/memp.c ****     p = (struct memp*)LWIP_MEM_ALIGN(memp_pools[i]->base);
 212:Middlewares/Third_Party/LwIP/src/core/memp.c ****     for (j = 0; j < memp_pools[i]->num; ++j) {
 213:Middlewares/Third_Party/LwIP/src/core/memp.c ****       memp_overflow_check_element_overflow(p, memp_pools[i]);
 214:Middlewares/Third_Party/LwIP/src/core/memp.c ****       memp_overflow_check_element_underflow(p, memp_pools[i]);
 215:Middlewares/Third_Party/LwIP/src/core/memp.c ****       p = LWIP_ALIGNMENT_CAST(struct memp*, ((u8_t*)p + MEMP_SIZE + memp_pools[i]->size + MEMP_SANI
 216:Middlewares/Third_Party/LwIP/src/core/memp.c ****     }
 217:Middlewares/Third_Party/LwIP/src/core/memp.c ****   }
 218:Middlewares/Third_Party/LwIP/src/core/memp.c ****   SYS_ARCH_UNPROTECT(old_level);
 219:Middlewares/Third_Party/LwIP/src/core/memp.c **** }
 220:Middlewares/Third_Party/LwIP/src/core/memp.c **** #endif /* MEMP_OVERFLOW_CHECK >= 2 */
 221:Middlewares/Third_Party/LwIP/src/core/memp.c **** #endif /* MEMP_OVERFLOW_CHECK */
 222:Middlewares/Third_Party/LwIP/src/core/memp.c **** 
 223:Middlewares/Third_Party/LwIP/src/core/memp.c **** /**
 224:Middlewares/Third_Party/LwIP/src/core/memp.c ****  * Initialize custom memory pool.
 225:Middlewares/Third_Party/LwIP/src/core/memp.c ****  * Related functions: memp_malloc_pool, memp_free_pool
 226:Middlewares/Third_Party/LwIP/src/core/memp.c ****  *
 227:Middlewares/Third_Party/LwIP/src/core/memp.c ****  * @param desc pool to initialize
 228:Middlewares/Third_Party/LwIP/src/core/memp.c ****  */
 229:Middlewares/Third_Party/LwIP/src/core/memp.c **** void
 230:Middlewares/Third_Party/LwIP/src/core/memp.c **** memp_init_pool(const struct memp_desc *desc)
 231:Middlewares/Third_Party/LwIP/src/core/memp.c **** {
 232:Middlewares/Third_Party/LwIP/src/core/memp.c **** #if MEMP_MEM_MALLOC
 233:Middlewares/Third_Party/LwIP/src/core/memp.c ****   LWIP_UNUSED_ARG(desc);
 234:Middlewares/Third_Party/LwIP/src/core/memp.c **** #else
 235:Middlewares/Third_Party/LwIP/src/core/memp.c ****   int i;
 236:Middlewares/Third_Party/LwIP/src/core/memp.c ****   struct memp *memp;
 237:Middlewares/Third_Party/LwIP/src/core/memp.c **** 
 238:Middlewares/Third_Party/LwIP/src/core/memp.c ****   *desc->tab = NULL;
 239:Middlewares/Third_Party/LwIP/src/core/memp.c ****   memp = (struct memp*)LWIP_MEM_ALIGN(desc->base);
 240:Middlewares/Third_Party/LwIP/src/core/memp.c ****   /* create a linked list of memp elements */
 241:Middlewares/Third_Party/LwIP/src/core/memp.c ****   for (i = 0; i < desc->num; ++i) {
 242:Middlewares/Third_Party/LwIP/src/core/memp.c ****     memp->next = *desc->tab;
 243:Middlewares/Third_Party/LwIP/src/core/memp.c ****     *desc->tab = memp;
 244:Middlewares/Third_Party/LwIP/src/core/memp.c **** #if MEMP_OVERFLOW_CHECK
 245:Middlewares/Third_Party/LwIP/src/core/memp.c ****     memp_overflow_init_element(memp, desc);
 246:Middlewares/Third_Party/LwIP/src/core/memp.c **** #endif /* MEMP_OVERFLOW_CHECK */
 247:Middlewares/Third_Party/LwIP/src/core/memp.c ****    /* cast through void* to get rid of alignment warnings */
 248:Middlewares/Third_Party/LwIP/src/core/memp.c ****    memp = (struct memp *)(void *)((u8_t *)memp + MEMP_SIZE + desc->size
 249:Middlewares/Third_Party/LwIP/src/core/memp.c **** #if MEMP_OVERFLOW_CHECK
 250:Middlewares/Third_Party/LwIP/src/core/memp.c ****       + MEMP_SANITY_REGION_AFTER_ALIGNED
 251:Middlewares/Third_Party/LwIP/src/core/memp.c **** #endif
 252:Middlewares/Third_Party/LwIP/src/core/memp.c ****     );
 253:Middlewares/Third_Party/LwIP/src/core/memp.c ****   }
 254:Middlewares/Third_Party/LwIP/src/core/memp.c **** #if MEMP_STATS
 255:Middlewares/Third_Party/LwIP/src/core/memp.c ****   desc->stats->avail = desc->num;
 256:Middlewares/Third_Party/LwIP/src/core/memp.c **** #endif /* MEMP_STATS */
 257:Middlewares/Third_Party/LwIP/src/core/memp.c **** #endif /* !MEMP_MEM_MALLOC */
 258:Middlewares/Third_Party/LwIP/src/core/memp.c **** 
ARM GAS  /tmp/cc1c2EbK.s 			page 6


 259:Middlewares/Third_Party/LwIP/src/core/memp.c **** #if MEMP_STATS && (defined(LWIP_DEBUG) || LWIP_STATS_DISPLAY)
 260:Middlewares/Third_Party/LwIP/src/core/memp.c ****   desc->stats->name  = desc->desc;
 261:Middlewares/Third_Party/LwIP/src/core/memp.c **** #endif /* MEMP_STATS && (defined(LWIP_DEBUG) || LWIP_STATS_DISPLAY) */
 262:Middlewares/Third_Party/LwIP/src/core/memp.c **** }
 263:Middlewares/Third_Party/LwIP/src/core/memp.c **** 
 264:Middlewares/Third_Party/LwIP/src/core/memp.c **** /**
 265:Middlewares/Third_Party/LwIP/src/core/memp.c ****  * Initializes lwIP built-in pools.
 266:Middlewares/Third_Party/LwIP/src/core/memp.c ****  * Related functions: memp_malloc, memp_free
 267:Middlewares/Third_Party/LwIP/src/core/memp.c ****  *
 268:Middlewares/Third_Party/LwIP/src/core/memp.c ****  * Carves out memp_memory into linked lists for each pool-type.
 269:Middlewares/Third_Party/LwIP/src/core/memp.c ****  */
 270:Middlewares/Third_Party/LwIP/src/core/memp.c **** void
 271:Middlewares/Third_Party/LwIP/src/core/memp.c **** memp_init(void)
 272:Middlewares/Third_Party/LwIP/src/core/memp.c **** {
 273:Middlewares/Third_Party/LwIP/src/core/memp.c ****   u16_t i;
 274:Middlewares/Third_Party/LwIP/src/core/memp.c **** 
 275:Middlewares/Third_Party/LwIP/src/core/memp.c ****   /* for every pool: */
 276:Middlewares/Third_Party/LwIP/src/core/memp.c ****   for (i = 0; i < LWIP_ARRAYSIZE(memp_pools); i++) {
 277:Middlewares/Third_Party/LwIP/src/core/memp.c ****     memp_init_pool(memp_pools[i]);
 278:Middlewares/Third_Party/LwIP/src/core/memp.c **** 
 279:Middlewares/Third_Party/LwIP/src/core/memp.c **** #if LWIP_STATS && MEMP_STATS
 280:Middlewares/Third_Party/LwIP/src/core/memp.c ****     lwip_stats.memp[i] = memp_pools[i]->stats;
 281:Middlewares/Third_Party/LwIP/src/core/memp.c **** #endif
 282:Middlewares/Third_Party/LwIP/src/core/memp.c ****   }
 283:Middlewares/Third_Party/LwIP/src/core/memp.c **** 
 284:Middlewares/Third_Party/LwIP/src/core/memp.c **** #if MEMP_OVERFLOW_CHECK >= 2
 285:Middlewares/Third_Party/LwIP/src/core/memp.c ****   /* check everything a first time to see if it worked */
 286:Middlewares/Third_Party/LwIP/src/core/memp.c ****   memp_overflow_check_all();
 287:Middlewares/Third_Party/LwIP/src/core/memp.c **** #endif /* MEMP_OVERFLOW_CHECK >= 2 */
 288:Middlewares/Third_Party/LwIP/src/core/memp.c **** }
 289:Middlewares/Third_Party/LwIP/src/core/memp.c **** 
 290:Middlewares/Third_Party/LwIP/src/core/memp.c **** static void*
 291:Middlewares/Third_Party/LwIP/src/core/memp.c **** #if !MEMP_OVERFLOW_CHECK
 292:Middlewares/Third_Party/LwIP/src/core/memp.c **** do_memp_malloc_pool(const struct memp_desc *desc)
 293:Middlewares/Third_Party/LwIP/src/core/memp.c **** #else
 294:Middlewares/Third_Party/LwIP/src/core/memp.c **** do_memp_malloc_pool_fn(const struct memp_desc *desc, const char* file, const int line)
 295:Middlewares/Third_Party/LwIP/src/core/memp.c **** #endif
 296:Middlewares/Third_Party/LwIP/src/core/memp.c **** {
  29              		.loc 1 296 1 view -0
  30              		.cfi_startproc
  31              		@ args = 0, pretend = 0, frame = 0
  32              		@ frame_needed = 0, uses_anonymous_args = 0
  33              		.loc 1 296 1 is_stmt 0 view .LVU1
  34 0000 10B5     		push	{r4, lr}
  35              	.LCFI0:
  36              		.cfi_def_cfa_offset 8
  37              		.cfi_offset 4, -8
  38              		.cfi_offset 14, -4
 297:Middlewares/Third_Party/LwIP/src/core/memp.c ****   struct memp *memp;
  39              		.loc 1 297 3 is_stmt 1 view .LVU2
 298:Middlewares/Third_Party/LwIP/src/core/memp.c ****   SYS_ARCH_DECL_PROTECT(old_level);
  40              		.loc 1 298 35 view .LVU3
 299:Middlewares/Third_Party/LwIP/src/core/memp.c **** 
 300:Middlewares/Third_Party/LwIP/src/core/memp.c **** #if MEMP_MEM_MALLOC
 301:Middlewares/Third_Party/LwIP/src/core/memp.c ****   memp = (struct memp *)mem_malloc(MEMP_SIZE + MEMP_ALIGN_SIZE(desc->size));
 302:Middlewares/Third_Party/LwIP/src/core/memp.c ****   SYS_ARCH_PROTECT(old_level);
 303:Middlewares/Third_Party/LwIP/src/core/memp.c **** #else /* MEMP_MEM_MALLOC */
ARM GAS  /tmp/cc1c2EbK.s 			page 7


 304:Middlewares/Third_Party/LwIP/src/core/memp.c ****   SYS_ARCH_PROTECT(old_level);
  41              		.loc 1 304 30 view .LVU4
 305:Middlewares/Third_Party/LwIP/src/core/memp.c **** 
 306:Middlewares/Third_Party/LwIP/src/core/memp.c ****   memp = *desc->tab;
  42              		.loc 1 306 3 view .LVU5
  43              		.loc 1 306 15 is_stmt 0 view .LVU6
  44 0002 8368     		ldr	r3, [r0, #8]
  45              		.loc 1 306 8 view .LVU7
  46 0004 1C68     		ldr	r4, [r3]
  47              	.LVL1:
 307:Middlewares/Third_Party/LwIP/src/core/memp.c **** #endif /* MEMP_MEM_MALLOC */
 308:Middlewares/Third_Party/LwIP/src/core/memp.c **** 
 309:Middlewares/Third_Party/LwIP/src/core/memp.c ****   if (memp != NULL) {
  48              		.loc 1 309 3 is_stmt 1 view .LVU8
  49              		.loc 1 309 6 is_stmt 0 view .LVU9
  50 0006 24B1     		cbz	r4, .L1
 310:Middlewares/Third_Party/LwIP/src/core/memp.c **** #if !MEMP_MEM_MALLOC
 311:Middlewares/Third_Party/LwIP/src/core/memp.c **** #if MEMP_OVERFLOW_CHECK == 1
 312:Middlewares/Third_Party/LwIP/src/core/memp.c ****     memp_overflow_check_element_overflow(memp, desc);
 313:Middlewares/Third_Party/LwIP/src/core/memp.c ****     memp_overflow_check_element_underflow(memp, desc);
 314:Middlewares/Third_Party/LwIP/src/core/memp.c **** #endif /* MEMP_OVERFLOW_CHECK */
 315:Middlewares/Third_Party/LwIP/src/core/memp.c **** 
 316:Middlewares/Third_Party/LwIP/src/core/memp.c ****     *desc->tab = memp->next;
  51              		.loc 1 316 5 is_stmt 1 view .LVU10
  52              		.loc 1 316 22 is_stmt 0 view .LVU11
  53 0008 2268     		ldr	r2, [r4]
  54              		.loc 1 316 16 view .LVU12
  55 000a 1A60     		str	r2, [r3]
 317:Middlewares/Third_Party/LwIP/src/core/memp.c **** #if MEMP_OVERFLOW_CHECK
 318:Middlewares/Third_Party/LwIP/src/core/memp.c ****     memp->next = NULL;
 319:Middlewares/Third_Party/LwIP/src/core/memp.c **** #endif /* MEMP_OVERFLOW_CHECK */
 320:Middlewares/Third_Party/LwIP/src/core/memp.c **** #endif /* !MEMP_MEM_MALLOC */
 321:Middlewares/Third_Party/LwIP/src/core/memp.c **** #if MEMP_OVERFLOW_CHECK
 322:Middlewares/Third_Party/LwIP/src/core/memp.c ****     memp->file = file;
 323:Middlewares/Third_Party/LwIP/src/core/memp.c ****     memp->line = line;
 324:Middlewares/Third_Party/LwIP/src/core/memp.c **** #if MEMP_MEM_MALLOC
 325:Middlewares/Third_Party/LwIP/src/core/memp.c ****     memp_overflow_init_element(memp, desc);
 326:Middlewares/Third_Party/LwIP/src/core/memp.c **** #endif /* MEMP_MEM_MALLOC */
 327:Middlewares/Third_Party/LwIP/src/core/memp.c **** #endif /* MEMP_OVERFLOW_CHECK */
 328:Middlewares/Third_Party/LwIP/src/core/memp.c ****     LWIP_ASSERT("memp_malloc: memp properly aligned",
  56              		.loc 1 328 5 is_stmt 1 view .LVU13
  57              		.loc 1 328 5 view .LVU14
  58 000c 14F0030F 		tst	r4, #3
  59 0010 01D1     		bne	.L5
  60              	.LVL2:
  61              	.L1:
 329:Middlewares/Third_Party/LwIP/src/core/memp.c ****                 ((mem_ptr_t)memp % MEM_ALIGNMENT) == 0);
 330:Middlewares/Third_Party/LwIP/src/core/memp.c **** #if MEMP_STATS
 331:Middlewares/Third_Party/LwIP/src/core/memp.c ****     desc->stats->used++;
 332:Middlewares/Third_Party/LwIP/src/core/memp.c ****     if (desc->stats->used > desc->stats->max) {
 333:Middlewares/Third_Party/LwIP/src/core/memp.c ****       desc->stats->max = desc->stats->used;
 334:Middlewares/Third_Party/LwIP/src/core/memp.c ****     }
 335:Middlewares/Third_Party/LwIP/src/core/memp.c **** #endif
 336:Middlewares/Third_Party/LwIP/src/core/memp.c ****     SYS_ARCH_UNPROTECT(old_level);
 337:Middlewares/Third_Party/LwIP/src/core/memp.c ****     /* cast through u8_t* to get rid of alignment warnings */
 338:Middlewares/Third_Party/LwIP/src/core/memp.c ****     return ((u8_t*)memp + MEMP_SIZE);
 339:Middlewares/Third_Party/LwIP/src/core/memp.c ****   } else {
ARM GAS  /tmp/cc1c2EbK.s 			page 8


 340:Middlewares/Third_Party/LwIP/src/core/memp.c ****     LWIP_DEBUGF(MEMP_DEBUG | LWIP_DBG_LEVEL_SERIOUS, ("memp_malloc: out of memory in pool %s\n", de
 341:Middlewares/Third_Party/LwIP/src/core/memp.c **** #if MEMP_STATS
 342:Middlewares/Third_Party/LwIP/src/core/memp.c ****     desc->stats->err++;
 343:Middlewares/Third_Party/LwIP/src/core/memp.c **** #endif
 344:Middlewares/Third_Party/LwIP/src/core/memp.c ****   }
 345:Middlewares/Third_Party/LwIP/src/core/memp.c **** 
 346:Middlewares/Third_Party/LwIP/src/core/memp.c ****   SYS_ARCH_UNPROTECT(old_level);
 347:Middlewares/Third_Party/LwIP/src/core/memp.c ****   return NULL;
 348:Middlewares/Third_Party/LwIP/src/core/memp.c **** }
  62              		.loc 1 348 1 is_stmt 0 view .LVU15
  63 0012 2046     		mov	r0, r4
  64 0014 10BD     		pop	{r4, pc}
  65              	.LVL3:
  66              	.L5:
 328:Middlewares/Third_Party/LwIP/src/core/memp.c ****                 ((mem_ptr_t)memp % MEM_ALIGNMENT) == 0);
  67              		.loc 1 328 5 is_stmt 1 discriminator 1 view .LVU16
 328:Middlewares/Third_Party/LwIP/src/core/memp.c ****                 ((mem_ptr_t)memp % MEM_ALIGNMENT) == 0);
  68              		.loc 1 328 5 discriminator 1 view .LVU17
  69 0016 044B     		ldr	r3, .L6
  70 0018 40F24912 		movw	r2, #329
  71 001c 0349     		ldr	r1, .L6+4
  72 001e 0448     		ldr	r0, .L6+8
  73              	.LVL4:
 328:Middlewares/Third_Party/LwIP/src/core/memp.c ****                 ((mem_ptr_t)memp % MEM_ALIGNMENT) == 0);
  74              		.loc 1 328 5 is_stmt 0 discriminator 1 view .LVU18
  75 0020 FFF7FEFF 		bl	printf
  76              	.LVL5:
 336:Middlewares/Third_Party/LwIP/src/core/memp.c ****     /* cast through u8_t* to get rid of alignment warnings */
  77              		.loc 1 336 34 is_stmt 1 discriminator 1 view .LVU19
 338:Middlewares/Third_Party/LwIP/src/core/memp.c ****   } else {
  78              		.loc 1 338 5 discriminator 1 view .LVU20
 338:Middlewares/Third_Party/LwIP/src/core/memp.c ****   } else {
  79              		.loc 1 338 25 is_stmt 0 discriminator 1 view .LVU21
  80 0024 F5E7     		b	.L1
  81              	.L7:
  82 0026 00BF     		.align	2
  83              	.L6:
  84 0028 00000000 		.word	.LC0
  85 002c 30000000 		.word	.LC1
  86 0030 54000000 		.word	.LC2
  87              		.cfi_endproc
  88              	.LFE162:
  90              		.section	.text.do_memp_free_pool,"ax",%progbits
  91              		.align	1
  92              		.syntax unified
  93              		.thumb
  94              		.thumb_func
  95              		.fpu fpv5-sp-d16
  97              	do_memp_free_pool:
  98              	.LVL6:
  99              	.LFB165:
 349:Middlewares/Third_Party/LwIP/src/core/memp.c **** 
 350:Middlewares/Third_Party/LwIP/src/core/memp.c **** /**
 351:Middlewares/Third_Party/LwIP/src/core/memp.c ****  * Get an element from a custom pool.
 352:Middlewares/Third_Party/LwIP/src/core/memp.c ****  *
 353:Middlewares/Third_Party/LwIP/src/core/memp.c ****  * @param desc the pool to get an element from
 354:Middlewares/Third_Party/LwIP/src/core/memp.c ****  *
ARM GAS  /tmp/cc1c2EbK.s 			page 9


 355:Middlewares/Third_Party/LwIP/src/core/memp.c ****  * @return a pointer to the allocated memory or a NULL pointer on error
 356:Middlewares/Third_Party/LwIP/src/core/memp.c ****  */
 357:Middlewares/Third_Party/LwIP/src/core/memp.c **** void *
 358:Middlewares/Third_Party/LwIP/src/core/memp.c **** #if !MEMP_OVERFLOW_CHECK
 359:Middlewares/Third_Party/LwIP/src/core/memp.c **** memp_malloc_pool(const struct memp_desc *desc)
 360:Middlewares/Third_Party/LwIP/src/core/memp.c **** #else
 361:Middlewares/Third_Party/LwIP/src/core/memp.c **** memp_malloc_pool_fn(const struct memp_desc *desc, const char* file, const int line)
 362:Middlewares/Third_Party/LwIP/src/core/memp.c **** #endif
 363:Middlewares/Third_Party/LwIP/src/core/memp.c **** {
 364:Middlewares/Third_Party/LwIP/src/core/memp.c ****   LWIP_ASSERT("invalid pool desc", desc != NULL);
 365:Middlewares/Third_Party/LwIP/src/core/memp.c ****   if (desc == NULL) {
 366:Middlewares/Third_Party/LwIP/src/core/memp.c ****     return NULL;
 367:Middlewares/Third_Party/LwIP/src/core/memp.c ****   }
 368:Middlewares/Third_Party/LwIP/src/core/memp.c **** 
 369:Middlewares/Third_Party/LwIP/src/core/memp.c **** #if !MEMP_OVERFLOW_CHECK
 370:Middlewares/Third_Party/LwIP/src/core/memp.c ****   return do_memp_malloc_pool(desc);
 371:Middlewares/Third_Party/LwIP/src/core/memp.c **** #else
 372:Middlewares/Third_Party/LwIP/src/core/memp.c ****   return do_memp_malloc_pool_fn(desc, file, line);
 373:Middlewares/Third_Party/LwIP/src/core/memp.c **** #endif
 374:Middlewares/Third_Party/LwIP/src/core/memp.c **** }
 375:Middlewares/Third_Party/LwIP/src/core/memp.c **** 
 376:Middlewares/Third_Party/LwIP/src/core/memp.c **** /**
 377:Middlewares/Third_Party/LwIP/src/core/memp.c ****  * Get an element from a specific pool.
 378:Middlewares/Third_Party/LwIP/src/core/memp.c ****  *
 379:Middlewares/Third_Party/LwIP/src/core/memp.c ****  * @param type the pool to get an element from
 380:Middlewares/Third_Party/LwIP/src/core/memp.c ****  *
 381:Middlewares/Third_Party/LwIP/src/core/memp.c ****  * @return a pointer to the allocated memory or a NULL pointer on error
 382:Middlewares/Third_Party/LwIP/src/core/memp.c ****  */
 383:Middlewares/Third_Party/LwIP/src/core/memp.c **** void *
 384:Middlewares/Third_Party/LwIP/src/core/memp.c **** #if !MEMP_OVERFLOW_CHECK
 385:Middlewares/Third_Party/LwIP/src/core/memp.c **** memp_malloc(memp_t type)
 386:Middlewares/Third_Party/LwIP/src/core/memp.c **** #else
 387:Middlewares/Third_Party/LwIP/src/core/memp.c **** memp_malloc_fn(memp_t type, const char* file, const int line)
 388:Middlewares/Third_Party/LwIP/src/core/memp.c **** #endif
 389:Middlewares/Third_Party/LwIP/src/core/memp.c **** {
 390:Middlewares/Third_Party/LwIP/src/core/memp.c ****   void *memp;
 391:Middlewares/Third_Party/LwIP/src/core/memp.c ****   LWIP_ERROR("memp_malloc: type < MEMP_MAX", (type < MEMP_MAX), return NULL;);
 392:Middlewares/Third_Party/LwIP/src/core/memp.c **** 
 393:Middlewares/Third_Party/LwIP/src/core/memp.c **** #if MEMP_OVERFLOW_CHECK >= 2
 394:Middlewares/Third_Party/LwIP/src/core/memp.c ****   memp_overflow_check_all();
 395:Middlewares/Third_Party/LwIP/src/core/memp.c **** #endif /* MEMP_OVERFLOW_CHECK >= 2 */
 396:Middlewares/Third_Party/LwIP/src/core/memp.c **** 
 397:Middlewares/Third_Party/LwIP/src/core/memp.c **** #if !MEMP_OVERFLOW_CHECK
 398:Middlewares/Third_Party/LwIP/src/core/memp.c ****   memp = do_memp_malloc_pool(memp_pools[type]);
 399:Middlewares/Third_Party/LwIP/src/core/memp.c **** #else
 400:Middlewares/Third_Party/LwIP/src/core/memp.c ****   memp = do_memp_malloc_pool_fn(memp_pools[type], file, line);
 401:Middlewares/Third_Party/LwIP/src/core/memp.c **** #endif
 402:Middlewares/Third_Party/LwIP/src/core/memp.c **** 
 403:Middlewares/Third_Party/LwIP/src/core/memp.c ****   return memp;
 404:Middlewares/Third_Party/LwIP/src/core/memp.c **** }
 405:Middlewares/Third_Party/LwIP/src/core/memp.c **** 
 406:Middlewares/Third_Party/LwIP/src/core/memp.c **** static void
 407:Middlewares/Third_Party/LwIP/src/core/memp.c **** do_memp_free_pool(const struct memp_desc* desc, void *mem)
 408:Middlewares/Third_Party/LwIP/src/core/memp.c **** {
 100              		.loc 1 408 1 is_stmt 1 view -0
 101              		.cfi_startproc
 102              		@ args = 0, pretend = 0, frame = 0
ARM GAS  /tmp/cc1c2EbK.s 			page 10


 103              		@ frame_needed = 0, uses_anonymous_args = 0
 104              		.loc 1 408 1 is_stmt 0 view .LVU23
 105 0000 38B5     		push	{r3, r4, r5, lr}
 106              	.LCFI1:
 107              		.cfi_def_cfa_offset 16
 108              		.cfi_offset 3, -16
 109              		.cfi_offset 4, -12
 110              		.cfi_offset 5, -8
 111              		.cfi_offset 14, -4
 112 0002 0546     		mov	r5, r0
 113 0004 0C46     		mov	r4, r1
 409:Middlewares/Third_Party/LwIP/src/core/memp.c ****   struct memp *memp;
 114              		.loc 1 409 3 is_stmt 1 view .LVU24
 410:Middlewares/Third_Party/LwIP/src/core/memp.c ****   SYS_ARCH_DECL_PROTECT(old_level);
 115              		.loc 1 410 35 view .LVU25
 411:Middlewares/Third_Party/LwIP/src/core/memp.c **** 
 412:Middlewares/Third_Party/LwIP/src/core/memp.c ****   LWIP_ASSERT("memp_free: mem properly aligned",
 116              		.loc 1 412 3 view .LVU26
 117              		.loc 1 412 3 view .LVU27
 118 0006 11F0030F 		tst	r1, #3
 119 000a 05D1     		bne	.L11
 120              	.LVL7:
 121              	.L9:
 413:Middlewares/Third_Party/LwIP/src/core/memp.c ****                 ((mem_ptr_t)mem % MEM_ALIGNMENT) == 0);
 414:Middlewares/Third_Party/LwIP/src/core/memp.c **** 
 415:Middlewares/Third_Party/LwIP/src/core/memp.c ****   /* cast through void* to get rid of alignment warnings */
 416:Middlewares/Third_Party/LwIP/src/core/memp.c ****   memp = (struct memp *)(void *)((u8_t*)mem - MEMP_SIZE);
 122              		.loc 1 416 3 view .LVU28
 417:Middlewares/Third_Party/LwIP/src/core/memp.c **** 
 418:Middlewares/Third_Party/LwIP/src/core/memp.c ****   SYS_ARCH_PROTECT(old_level);
 123              		.loc 1 418 30 view .LVU29
 419:Middlewares/Third_Party/LwIP/src/core/memp.c **** 
 420:Middlewares/Third_Party/LwIP/src/core/memp.c **** #if MEMP_OVERFLOW_CHECK == 1
 421:Middlewares/Third_Party/LwIP/src/core/memp.c ****   memp_overflow_check_element_overflow(memp, desc);
 422:Middlewares/Third_Party/LwIP/src/core/memp.c ****   memp_overflow_check_element_underflow(memp, desc);
 423:Middlewares/Third_Party/LwIP/src/core/memp.c **** #endif /* MEMP_OVERFLOW_CHECK */
 424:Middlewares/Third_Party/LwIP/src/core/memp.c **** 
 425:Middlewares/Third_Party/LwIP/src/core/memp.c **** #if MEMP_STATS
 426:Middlewares/Third_Party/LwIP/src/core/memp.c ****   desc->stats->used--;
 427:Middlewares/Third_Party/LwIP/src/core/memp.c **** #endif
 428:Middlewares/Third_Party/LwIP/src/core/memp.c **** 
 429:Middlewares/Third_Party/LwIP/src/core/memp.c **** #if MEMP_MEM_MALLOC
 430:Middlewares/Third_Party/LwIP/src/core/memp.c ****   LWIP_UNUSED_ARG(desc);
 431:Middlewares/Third_Party/LwIP/src/core/memp.c ****   SYS_ARCH_UNPROTECT(old_level);
 432:Middlewares/Third_Party/LwIP/src/core/memp.c ****   mem_free(memp);
 433:Middlewares/Third_Party/LwIP/src/core/memp.c **** #else /* MEMP_MEM_MALLOC */
 434:Middlewares/Third_Party/LwIP/src/core/memp.c ****   memp->next = *desc->tab;
 124              		.loc 1 434 3 view .LVU30
 125              		.loc 1 434 21 is_stmt 0 view .LVU31
 126 000c AB68     		ldr	r3, [r5, #8]
 127              		.loc 1 434 16 view .LVU32
 128 000e 1B68     		ldr	r3, [r3]
 129              		.loc 1 434 14 view .LVU33
 130 0010 2360     		str	r3, [r4]
 435:Middlewares/Third_Party/LwIP/src/core/memp.c ****   *desc->tab = memp;
 131              		.loc 1 435 3 is_stmt 1 view .LVU34
 132              		.loc 1 435 8 is_stmt 0 view .LVU35
ARM GAS  /tmp/cc1c2EbK.s 			page 11


 133 0012 AB68     		ldr	r3, [r5, #8]
 134              		.loc 1 435 14 view .LVU36
 135 0014 1C60     		str	r4, [r3]
 436:Middlewares/Third_Party/LwIP/src/core/memp.c **** 
 437:Middlewares/Third_Party/LwIP/src/core/memp.c **** #if MEMP_SANITY_CHECK
 438:Middlewares/Third_Party/LwIP/src/core/memp.c ****   LWIP_ASSERT("memp sanity", memp_sanity(desc));
 439:Middlewares/Third_Party/LwIP/src/core/memp.c **** #endif /* MEMP_SANITY_CHECK */
 440:Middlewares/Third_Party/LwIP/src/core/memp.c **** 
 441:Middlewares/Third_Party/LwIP/src/core/memp.c ****   SYS_ARCH_UNPROTECT(old_level);
 136              		.loc 1 441 32 is_stmt 1 view .LVU37
 442:Middlewares/Third_Party/LwIP/src/core/memp.c **** #endif /* !MEMP_MEM_MALLOC */
 443:Middlewares/Third_Party/LwIP/src/core/memp.c **** }
 137              		.loc 1 443 1 is_stmt 0 view .LVU38
 138 0016 38BD     		pop	{r3, r4, r5, pc}
 139              	.LVL8:
 140              	.L11:
 412:Middlewares/Third_Party/LwIP/src/core/memp.c ****                 ((mem_ptr_t)mem % MEM_ALIGNMENT) == 0);
 141              		.loc 1 412 3 is_stmt 1 discriminator 1 view .LVU39
 412:Middlewares/Third_Party/LwIP/src/core/memp.c ****                 ((mem_ptr_t)mem % MEM_ALIGNMENT) == 0);
 142              		.loc 1 412 3 discriminator 1 view .LVU40
 143 0018 034B     		ldr	r3, .L12
 144 001a 40F29D12 		movw	r2, #413
 145 001e 0349     		ldr	r1, .L12+4
 146              	.LVL9:
 412:Middlewares/Third_Party/LwIP/src/core/memp.c ****                 ((mem_ptr_t)mem % MEM_ALIGNMENT) == 0);
 147              		.loc 1 412 3 is_stmt 0 discriminator 1 view .LVU41
 148 0020 0348     		ldr	r0, .L12+8
 149              	.LVL10:
 412:Middlewares/Third_Party/LwIP/src/core/memp.c ****                 ((mem_ptr_t)mem % MEM_ALIGNMENT) == 0);
 150              		.loc 1 412 3 discriminator 1 view .LVU42
 151 0022 FFF7FEFF 		bl	printf
 152              	.LVL11:
 153 0026 F1E7     		b	.L9
 154              	.L13:
 155              		.align	2
 156              	.L12:
 157 0028 00000000 		.word	.LC0
 158 002c 00000000 		.word	.LC3
 159 0030 54000000 		.word	.LC2
 160              		.cfi_endproc
 161              	.LFE165:
 163              		.section	.text.memp_init_pool,"ax",%progbits
 164              		.align	1
 165              		.global	memp_init_pool
 166              		.syntax unified
 167              		.thumb
 168              		.thumb_func
 169              		.fpu fpv5-sp-d16
 171              	memp_init_pool:
 172              	.LVL12:
 173              	.LFB160:
 231:Middlewares/Third_Party/LwIP/src/core/memp.c **** #if MEMP_MEM_MALLOC
 174              		.loc 1 231 1 is_stmt 1 view -0
 175              		.cfi_startproc
 176              		@ args = 0, pretend = 0, frame = 0
 177              		@ frame_needed = 0, uses_anonymous_args = 0
 178              		@ link register save eliminated.
ARM GAS  /tmp/cc1c2EbK.s 			page 12


 235:Middlewares/Third_Party/LwIP/src/core/memp.c ****   struct memp *memp;
 179              		.loc 1 235 3 view .LVU44
 236:Middlewares/Third_Party/LwIP/src/core/memp.c **** 
 180              		.loc 1 236 3 view .LVU45
 238:Middlewares/Third_Party/LwIP/src/core/memp.c ****   memp = (struct memp*)LWIP_MEM_ALIGN(desc->base);
 181              		.loc 1 238 3 view .LVU46
 238:Middlewares/Third_Party/LwIP/src/core/memp.c ****   memp = (struct memp*)LWIP_MEM_ALIGN(desc->base);
 182              		.loc 1 238 8 is_stmt 0 view .LVU47
 183 0000 8368     		ldr	r3, [r0, #8]
 238:Middlewares/Third_Party/LwIP/src/core/memp.c ****   memp = (struct memp*)LWIP_MEM_ALIGN(desc->base);
 184              		.loc 1 238 14 view .LVU48
 185 0002 0022     		movs	r2, #0
 186 0004 1A60     		str	r2, [r3]
 239:Middlewares/Third_Party/LwIP/src/core/memp.c ****   /* create a linked list of memp elements */
 187              		.loc 1 239 3 is_stmt 1 view .LVU49
 239:Middlewares/Third_Party/LwIP/src/core/memp.c ****   /* create a linked list of memp elements */
 188              		.loc 1 239 24 is_stmt 0 view .LVU50
 189 0006 4368     		ldr	r3, [r0, #4]
 190 0008 0333     		adds	r3, r3, #3
 191 000a 23F00303 		bic	r3, r3, #3
 192              	.LVL13:
 241:Middlewares/Third_Party/LwIP/src/core/memp.c ****     memp->next = *desc->tab;
 193              		.loc 1 241 3 is_stmt 1 view .LVU51
 194              	.L15:
 241:Middlewares/Third_Party/LwIP/src/core/memp.c ****     memp->next = *desc->tab;
 195              		.loc 1 241 23 is_stmt 0 discriminator 1 view .LVU52
 196 000e 4188     		ldrh	r1, [r0, #2]
 241:Middlewares/Third_Party/LwIP/src/core/memp.c ****     memp->next = *desc->tab;
 197              		.loc 1 241 3 discriminator 1 view .LVU53
 198 0010 9142     		cmp	r1, r2
 199 0012 08DD     		ble	.L17
 242:Middlewares/Third_Party/LwIP/src/core/memp.c ****     *desc->tab = memp;
 200              		.loc 1 242 5 is_stmt 1 discriminator 3 view .LVU54
 242:Middlewares/Third_Party/LwIP/src/core/memp.c ****     *desc->tab = memp;
 201              		.loc 1 242 23 is_stmt 0 discriminator 3 view .LVU55
 202 0014 8168     		ldr	r1, [r0, #8]
 242:Middlewares/Third_Party/LwIP/src/core/memp.c ****     *desc->tab = memp;
 203              		.loc 1 242 18 discriminator 3 view .LVU56
 204 0016 0968     		ldr	r1, [r1]
 242:Middlewares/Third_Party/LwIP/src/core/memp.c ****     *desc->tab = memp;
 205              		.loc 1 242 16 discriminator 3 view .LVU57
 206 0018 1960     		str	r1, [r3]
 243:Middlewares/Third_Party/LwIP/src/core/memp.c **** #if MEMP_OVERFLOW_CHECK
 207              		.loc 1 243 5 is_stmt 1 discriminator 3 view .LVU58
 243:Middlewares/Third_Party/LwIP/src/core/memp.c **** #if MEMP_OVERFLOW_CHECK
 208              		.loc 1 243 10 is_stmt 0 discriminator 3 view .LVU59
 209 001a 8168     		ldr	r1, [r0, #8]
 243:Middlewares/Third_Party/LwIP/src/core/memp.c **** #if MEMP_OVERFLOW_CHECK
 210              		.loc 1 243 16 discriminator 3 view .LVU60
 211 001c 0B60     		str	r3, [r1]
 248:Middlewares/Third_Party/LwIP/src/core/memp.c **** #if MEMP_OVERFLOW_CHECK
 212              		.loc 1 248 4 is_stmt 1 discriminator 3 view .LVU61
 248:Middlewares/Third_Party/LwIP/src/core/memp.c **** #if MEMP_OVERFLOW_CHECK
 213              		.loc 1 248 66 is_stmt 0 discriminator 3 view .LVU62
 214 001e 0188     		ldrh	r1, [r0]
 248:Middlewares/Third_Party/LwIP/src/core/memp.c **** #if MEMP_OVERFLOW_CHECK
 215              		.loc 1 248 9 discriminator 3 view .LVU63
ARM GAS  /tmp/cc1c2EbK.s 			page 13


 216 0020 0B44     		add	r3, r3, r1
 217              	.LVL14:
 241:Middlewares/Third_Party/LwIP/src/core/memp.c ****     memp->next = *desc->tab;
 218              		.loc 1 241 30 discriminator 3 view .LVU64
 219 0022 0132     		adds	r2, r2, #1
 220              	.LVL15:
 241:Middlewares/Third_Party/LwIP/src/core/memp.c ****     memp->next = *desc->tab;
 221              		.loc 1 241 30 discriminator 3 view .LVU65
 222 0024 F3E7     		b	.L15
 223              	.L17:
 262:Middlewares/Third_Party/LwIP/src/core/memp.c **** 
 224              		.loc 1 262 1 view .LVU66
 225 0026 7047     		bx	lr
 226              		.cfi_endproc
 227              	.LFE160:
 229              		.section	.text.memp_init,"ax",%progbits
 230              		.align	1
 231              		.global	memp_init
 232              		.syntax unified
 233              		.thumb
 234              		.thumb_func
 235              		.fpu fpv5-sp-d16
 237              	memp_init:
 238              	.LFB161:
 272:Middlewares/Third_Party/LwIP/src/core/memp.c ****   u16_t i;
 239              		.loc 1 272 1 is_stmt 1 view -0
 240              		.cfi_startproc
 241              		@ args = 0, pretend = 0, frame = 0
 242              		@ frame_needed = 0, uses_anonymous_args = 0
 243 0000 10B5     		push	{r4, lr}
 244              	.LCFI2:
 245              		.cfi_def_cfa_offset 8
 246              		.cfi_offset 4, -8
 247              		.cfi_offset 14, -4
 273:Middlewares/Third_Party/LwIP/src/core/memp.c **** 
 248              		.loc 1 273 3 view .LVU68
 276:Middlewares/Third_Party/LwIP/src/core/memp.c ****     memp_init_pool(memp_pools[i]);
 249              		.loc 1 276 3 view .LVU69
 250              	.LVL16:
 276:Middlewares/Third_Party/LwIP/src/core/memp.c ****     memp_init_pool(memp_pools[i]);
 251              		.loc 1 276 10 is_stmt 0 view .LVU70
 252 0002 0024     		movs	r4, #0
 276:Middlewares/Third_Party/LwIP/src/core/memp.c ****     memp_init_pool(memp_pools[i]);
 253              		.loc 1 276 3 view .LVU71
 254 0004 06E0     		b	.L19
 255              	.LVL17:
 256              	.L20:
 277:Middlewares/Third_Party/LwIP/src/core/memp.c **** 
 257              		.loc 1 277 5 is_stmt 1 discriminator 3 view .LVU72
 258 0006 054B     		ldr	r3, .L22
 259 0008 53F82400 		ldr	r0, [r3, r4, lsl #2]
 260 000c FFF7FEFF 		bl	memp_init_pool
 261              	.LVL18:
 276:Middlewares/Third_Party/LwIP/src/core/memp.c ****     memp_init_pool(memp_pools[i]);
 262              		.loc 1 276 48 is_stmt 0 discriminator 3 view .LVU73
 263 0010 0134     		adds	r4, r4, #1
 264              	.LVL19:
ARM GAS  /tmp/cc1c2EbK.s 			page 14


 276:Middlewares/Third_Party/LwIP/src/core/memp.c ****     memp_init_pool(memp_pools[i]);
 265              		.loc 1 276 48 discriminator 3 view .LVU74
 266 0012 A4B2     		uxth	r4, r4
 267              	.LVL20:
 268              	.L19:
 276:Middlewares/Third_Party/LwIP/src/core/memp.c ****     memp_init_pool(memp_pools[i]);
 269              		.loc 1 276 3 discriminator 1 view .LVU75
 270 0014 082C     		cmp	r4, #8
 271 0016 F6D9     		bls	.L20
 288:Middlewares/Third_Party/LwIP/src/core/memp.c **** 
 272              		.loc 1 288 1 view .LVU76
 273 0018 10BD     		pop	{r4, pc}
 274              	.LVL21:
 275              	.L23:
 288:Middlewares/Third_Party/LwIP/src/core/memp.c **** 
 276              		.loc 1 288 1 view .LVU77
 277 001a 00BF     		.align	2
 278              	.L22:
 279 001c 00000000 		.word	.LANCHOR0
 280              		.cfi_endproc
 281              	.LFE161:
 283              		.section	.text.memp_malloc_pool,"ax",%progbits
 284              		.align	1
 285              		.global	memp_malloc_pool
 286              		.syntax unified
 287              		.thumb
 288              		.thumb_func
 289              		.fpu fpv5-sp-d16
 291              	memp_malloc_pool:
 292              	.LVL22:
 293              	.LFB163:
 363:Middlewares/Third_Party/LwIP/src/core/memp.c ****   LWIP_ASSERT("invalid pool desc", desc != NULL);
 294              		.loc 1 363 1 is_stmt 1 view -0
 295              		.cfi_startproc
 296              		@ args = 0, pretend = 0, frame = 0
 297              		@ frame_needed = 0, uses_anonymous_args = 0
 363:Middlewares/Third_Party/LwIP/src/core/memp.c ****   LWIP_ASSERT("invalid pool desc", desc != NULL);
 298              		.loc 1 363 1 is_stmt 0 view .LVU79
 299 0000 10B5     		push	{r4, lr}
 300              	.LCFI3:
 301              		.cfi_def_cfa_offset 8
 302              		.cfi_offset 4, -8
 303              		.cfi_offset 14, -4
 364:Middlewares/Third_Party/LwIP/src/core/memp.c ****   if (desc == NULL) {
 304              		.loc 1 364 3 is_stmt 1 view .LVU80
 364:Middlewares/Third_Party/LwIP/src/core/memp.c ****   if (desc == NULL) {
 305              		.loc 1 364 3 view .LVU81
 306 0002 0446     		mov	r4, r0
 307 0004 20B1     		cbz	r0, .L29
 308              	.LVL23:
 309              	.L25:
 365:Middlewares/Third_Party/LwIP/src/core/memp.c ****     return NULL;
 310              		.loc 1 365 3 view .LVU82
 365:Middlewares/Third_Party/LwIP/src/core/memp.c ****     return NULL;
 311              		.loc 1 365 6 is_stmt 0 view .LVU83
 312 0006 5CB1     		cbz	r4, .L27
 370:Middlewares/Third_Party/LwIP/src/core/memp.c **** #else
ARM GAS  /tmp/cc1c2EbK.s 			page 15


 313              		.loc 1 370 3 is_stmt 1 view .LVU84
 370:Middlewares/Third_Party/LwIP/src/core/memp.c **** #else
 314              		.loc 1 370 10 is_stmt 0 view .LVU85
 315 0008 2046     		mov	r0, r4
 316 000a FFF7FEFF 		bl	do_memp_malloc_pool
 317              	.LVL24:
 318              	.L24:
 374:Middlewares/Third_Party/LwIP/src/core/memp.c **** 
 319              		.loc 1 374 1 view .LVU86
 320 000e 10BD     		pop	{r4, pc}
 321              	.LVL25:
 322              	.L29:
 364:Middlewares/Third_Party/LwIP/src/core/memp.c ****   if (desc == NULL) {
 323              		.loc 1 364 3 is_stmt 1 discriminator 1 view .LVU87
 364:Middlewares/Third_Party/LwIP/src/core/memp.c ****   if (desc == NULL) {
 324              		.loc 1 364 3 discriminator 1 view .LVU88
 325 0010 044B     		ldr	r3, .L30
 326 0012 4FF4B672 		mov	r2, #364
 327 0016 0449     		ldr	r1, .L30+4
 328 0018 0448     		ldr	r0, .L30+8
 329              	.LVL26:
 364:Middlewares/Third_Party/LwIP/src/core/memp.c ****   if (desc == NULL) {
 330              		.loc 1 364 3 is_stmt 0 discriminator 1 view .LVU89
 331 001a FFF7FEFF 		bl	printf
 332              	.LVL27:
 333 001e F2E7     		b	.L25
 334              	.L27:
 366:Middlewares/Third_Party/LwIP/src/core/memp.c ****   }
 335              		.loc 1 366 12 view .LVU90
 336 0020 2046     		mov	r0, r4
 337 0022 F4E7     		b	.L24
 338              	.L31:
 339              		.align	2
 340              	.L30:
 341 0024 00000000 		.word	.LC0
 342 0028 00000000 		.word	.LC4
 343 002c 54000000 		.word	.LC2
 344              		.cfi_endproc
 345              	.LFE163:
 347              		.section	.text.memp_malloc,"ax",%progbits
 348              		.align	1
 349              		.global	memp_malloc
 350              		.syntax unified
 351              		.thumb
 352              		.thumb_func
 353              		.fpu fpv5-sp-d16
 355              	memp_malloc:
 356              	.LVL28:
 357              	.LFB164:
 389:Middlewares/Third_Party/LwIP/src/core/memp.c ****   void *memp;
 358              		.loc 1 389 1 is_stmt 1 view -0
 359              		.cfi_startproc
 360              		@ args = 0, pretend = 0, frame = 0
 361              		@ frame_needed = 0, uses_anonymous_args = 0
 389:Middlewares/Third_Party/LwIP/src/core/memp.c ****   void *memp;
 362              		.loc 1 389 1 is_stmt 0 view .LVU92
 363 0000 08B5     		push	{r3, lr}
ARM GAS  /tmp/cc1c2EbK.s 			page 16


 364              	.LCFI4:
 365              		.cfi_def_cfa_offset 8
 366              		.cfi_offset 3, -8
 367              		.cfi_offset 14, -4
 390:Middlewares/Third_Party/LwIP/src/core/memp.c ****   LWIP_ERROR("memp_malloc: type < MEMP_MAX", (type < MEMP_MAX), return NULL;);
 368              		.loc 1 390 3 is_stmt 1 view .LVU93
 391:Middlewares/Third_Party/LwIP/src/core/memp.c **** 
 369              		.loc 1 391 3 view .LVU94
 391:Middlewares/Third_Party/LwIP/src/core/memp.c **** 
 370              		.loc 1 391 3 view .LVU95
 371 0002 0828     		cmp	r0, #8
 372 0004 05D8     		bhi	.L36
 391:Middlewares/Third_Party/LwIP/src/core/memp.c **** 
 373              		.loc 1 391 3 discriminator 2 view .LVU96
 398:Middlewares/Third_Party/LwIP/src/core/memp.c **** #else
 374              		.loc 1 398 3 discriminator 2 view .LVU97
 398:Middlewares/Third_Party/LwIP/src/core/memp.c **** #else
 375              		.loc 1 398 10 is_stmt 0 discriminator 2 view .LVU98
 376 0006 074B     		ldr	r3, .L37
 377 0008 53F82000 		ldr	r0, [r3, r0, lsl #2]
 378              	.LVL29:
 398:Middlewares/Third_Party/LwIP/src/core/memp.c **** #else
 379              		.loc 1 398 10 discriminator 2 view .LVU99
 380 000c FFF7FEFF 		bl	do_memp_malloc_pool
 381              	.LVL30:
 403:Middlewares/Third_Party/LwIP/src/core/memp.c **** }
 382              		.loc 1 403 3 is_stmt 1 discriminator 2 view .LVU100
 383              	.L32:
 404:Middlewares/Third_Party/LwIP/src/core/memp.c **** 
 384              		.loc 1 404 1 is_stmt 0 view .LVU101
 385 0010 08BD     		pop	{r3, pc}
 386              	.LVL31:
 387              	.L36:
 391:Middlewares/Third_Party/LwIP/src/core/memp.c **** 
 388              		.loc 1 391 3 is_stmt 1 discriminator 1 view .LVU102
 391:Middlewares/Third_Party/LwIP/src/core/memp.c **** 
 389              		.loc 1 391 3 discriminator 1 view .LVU103
 390 0012 054B     		ldr	r3, .L37+4
 391 0014 40F28712 		movw	r2, #391
 392 0018 0449     		ldr	r1, .L37+8
 393 001a 0548     		ldr	r0, .L37+12
 394              	.LVL32:
 391:Middlewares/Third_Party/LwIP/src/core/memp.c **** 
 395              		.loc 1 391 3 is_stmt 0 discriminator 1 view .LVU104
 396 001c FFF7FEFF 		bl	printf
 397              	.LVL33:
 391:Middlewares/Third_Party/LwIP/src/core/memp.c **** 
 398              		.loc 1 391 3 is_stmt 1 discriminator 1 view .LVU105
 399 0020 0020     		movs	r0, #0
 400 0022 F5E7     		b	.L32
 401              	.L38:
 402              		.align	2
 403              	.L37:
 404 0024 00000000 		.word	.LANCHOR0
 405 0028 00000000 		.word	.LC0
 406 002c 00000000 		.word	.LC5
 407 0030 54000000 		.word	.LC2
ARM GAS  /tmp/cc1c2EbK.s 			page 17


 408              		.cfi_endproc
 409              	.LFE164:
 411              		.section	.text.memp_free_pool,"ax",%progbits
 412              		.align	1
 413              		.global	memp_free_pool
 414              		.syntax unified
 415              		.thumb
 416              		.thumb_func
 417              		.fpu fpv5-sp-d16
 419              	memp_free_pool:
 420              	.LVL34:
 421              	.LFB166:
 444:Middlewares/Third_Party/LwIP/src/core/memp.c **** 
 445:Middlewares/Third_Party/LwIP/src/core/memp.c **** /**
 446:Middlewares/Third_Party/LwIP/src/core/memp.c ****  * Put a custom pool element back into its pool.
 447:Middlewares/Third_Party/LwIP/src/core/memp.c ****  *
 448:Middlewares/Third_Party/LwIP/src/core/memp.c ****  * @param desc the pool where to put mem
 449:Middlewares/Third_Party/LwIP/src/core/memp.c ****  * @param mem the memp element to free
 450:Middlewares/Third_Party/LwIP/src/core/memp.c ****  */
 451:Middlewares/Third_Party/LwIP/src/core/memp.c **** void
 452:Middlewares/Third_Party/LwIP/src/core/memp.c **** memp_free_pool(const struct memp_desc* desc, void *mem)
 453:Middlewares/Third_Party/LwIP/src/core/memp.c **** {
 422              		.loc 1 453 1 view -0
 423              		.cfi_startproc
 424              		@ args = 0, pretend = 0, frame = 0
 425              		@ frame_needed = 0, uses_anonymous_args = 0
 426              		.loc 1 453 1 is_stmt 0 view .LVU107
 427 0000 38B5     		push	{r3, r4, r5, lr}
 428              	.LCFI5:
 429              		.cfi_def_cfa_offset 16
 430              		.cfi_offset 3, -16
 431              		.cfi_offset 4, -12
 432              		.cfi_offset 5, -8
 433              		.cfi_offset 14, -4
 434 0002 0D46     		mov	r5, r1
 454:Middlewares/Third_Party/LwIP/src/core/memp.c ****   LWIP_ASSERT("invalid pool desc", desc != NULL);
 435              		.loc 1 454 3 is_stmt 1 view .LVU108
 436              		.loc 1 454 3 view .LVU109
 437 0004 0446     		mov	r4, r0
 438 0006 38B1     		cbz	r0, .L43
 439              	.LVL35:
 440              	.L40:
 455:Middlewares/Third_Party/LwIP/src/core/memp.c ****   if ((desc == NULL) || (mem == NULL)) {
 441              		.loc 1 455 3 view .LVU110
 442              		.loc 1 455 30 is_stmt 0 view .LVU111
 443 0008 B5FA85F3 		clz	r3, r5
 444 000c 5B09     		lsrs	r3, r3, #5
 445              		.loc 1 455 22 view .LVU112
 446 000e 002C     		cmp	r4, #0
 447 0010 08BF     		it	eq
 448 0012 0123     		moveq	r3, #1
 449              		.loc 1 455 6 view .LVU113
 450 0014 43B1     		cbz	r3, .L44
 451              	.L39:
 456:Middlewares/Third_Party/LwIP/src/core/memp.c ****     return;
 457:Middlewares/Third_Party/LwIP/src/core/memp.c ****   }
 458:Middlewares/Third_Party/LwIP/src/core/memp.c **** 
ARM GAS  /tmp/cc1c2EbK.s 			page 18


 459:Middlewares/Third_Party/LwIP/src/core/memp.c ****   do_memp_free_pool(desc, mem);
 460:Middlewares/Third_Party/LwIP/src/core/memp.c **** }
 452              		.loc 1 460 1 view .LVU114
 453 0016 38BD     		pop	{r3, r4, r5, pc}
 454              	.LVL36:
 455              	.L43:
 454:Middlewares/Third_Party/LwIP/src/core/memp.c ****   if ((desc == NULL) || (mem == NULL)) {
 456              		.loc 1 454 3 is_stmt 1 discriminator 1 view .LVU115
 454:Middlewares/Third_Party/LwIP/src/core/memp.c ****   if ((desc == NULL) || (mem == NULL)) {
 457              		.loc 1 454 3 discriminator 1 view .LVU116
 458 0018 064B     		ldr	r3, .L45
 459 001a 4FF4E372 		mov	r2, #454
 460 001e 0649     		ldr	r1, .L45+4
 461              	.LVL37:
 454:Middlewares/Third_Party/LwIP/src/core/memp.c ****   if ((desc == NULL) || (mem == NULL)) {
 462              		.loc 1 454 3 is_stmt 0 discriminator 1 view .LVU117
 463 0020 0648     		ldr	r0, .L45+8
 464              	.LVL38:
 454:Middlewares/Third_Party/LwIP/src/core/memp.c ****   if ((desc == NULL) || (mem == NULL)) {
 465              		.loc 1 454 3 discriminator 1 view .LVU118
 466 0022 FFF7FEFF 		bl	printf
 467              	.LVL39:
 468 0026 EFE7     		b	.L40
 469              	.L44:
 459:Middlewares/Third_Party/LwIP/src/core/memp.c **** }
 470              		.loc 1 459 3 is_stmt 1 view .LVU119
 471 0028 2946     		mov	r1, r5
 472 002a 2046     		mov	r0, r4
 473 002c FFF7FEFF 		bl	do_memp_free_pool
 474              	.LVL40:
 475 0030 F1E7     		b	.L39
 476              	.L46:
 477 0032 00BF     		.align	2
 478              	.L45:
 479 0034 00000000 		.word	.LC0
 480 0038 00000000 		.word	.LC4
 481 003c 54000000 		.word	.LC2
 482              		.cfi_endproc
 483              	.LFE166:
 485              		.section	.text.memp_free,"ax",%progbits
 486              		.align	1
 487              		.global	memp_free
 488              		.syntax unified
 489              		.thumb
 490              		.thumb_func
 491              		.fpu fpv5-sp-d16
 493              	memp_free:
 494              	.LVL41:
 495              	.LFB167:
 461:Middlewares/Third_Party/LwIP/src/core/memp.c **** 
 462:Middlewares/Third_Party/LwIP/src/core/memp.c **** /**
 463:Middlewares/Third_Party/LwIP/src/core/memp.c ****  * Put an element back into its pool.
 464:Middlewares/Third_Party/LwIP/src/core/memp.c ****  *
 465:Middlewares/Third_Party/LwIP/src/core/memp.c ****  * @param type the pool where to put mem
 466:Middlewares/Third_Party/LwIP/src/core/memp.c ****  * @param mem the memp element to free
 467:Middlewares/Third_Party/LwIP/src/core/memp.c ****  */
 468:Middlewares/Third_Party/LwIP/src/core/memp.c **** void
ARM GAS  /tmp/cc1c2EbK.s 			page 19


 469:Middlewares/Third_Party/LwIP/src/core/memp.c **** memp_free(memp_t type, void *mem)
 470:Middlewares/Third_Party/LwIP/src/core/memp.c **** {
 496              		.loc 1 470 1 view -0
 497              		.cfi_startproc
 498              		@ args = 0, pretend = 0, frame = 0
 499              		@ frame_needed = 0, uses_anonymous_args = 0
 500              		.loc 1 470 1 is_stmt 0 view .LVU121
 501 0000 08B5     		push	{r3, lr}
 502              	.LCFI6:
 503              		.cfi_def_cfa_offset 8
 504              		.cfi_offset 3, -8
 505              		.cfi_offset 14, -4
 471:Middlewares/Third_Party/LwIP/src/core/memp.c **** #ifdef LWIP_HOOK_MEMP_AVAILABLE
 472:Middlewares/Third_Party/LwIP/src/core/memp.c ****   struct memp *old_first;
 473:Middlewares/Third_Party/LwIP/src/core/memp.c **** #endif
 474:Middlewares/Third_Party/LwIP/src/core/memp.c **** 
 475:Middlewares/Third_Party/LwIP/src/core/memp.c ****   LWIP_ERROR("memp_free: type < MEMP_MAX", (type < MEMP_MAX), return;);
 506              		.loc 1 475 3 is_stmt 1 view .LVU122
 507              		.loc 1 475 3 view .LVU123
 508 0002 0828     		cmp	r0, #8
 509 0004 06D8     		bhi	.L51
 510              		.loc 1 475 3 discriminator 2 view .LVU124
 476:Middlewares/Third_Party/LwIP/src/core/memp.c **** 
 477:Middlewares/Third_Party/LwIP/src/core/memp.c ****   if (mem == NULL) {
 511              		.loc 1 477 3 discriminator 2 view .LVU125
 512              		.loc 1 477 6 is_stmt 0 discriminator 2 view .LVU126
 513 0006 21B1     		cbz	r1, .L47
 478:Middlewares/Third_Party/LwIP/src/core/memp.c ****     return;
 479:Middlewares/Third_Party/LwIP/src/core/memp.c ****   }
 480:Middlewares/Third_Party/LwIP/src/core/memp.c **** 
 481:Middlewares/Third_Party/LwIP/src/core/memp.c **** #if MEMP_OVERFLOW_CHECK >= 2
 482:Middlewares/Third_Party/LwIP/src/core/memp.c ****   memp_overflow_check_all();
 483:Middlewares/Third_Party/LwIP/src/core/memp.c **** #endif /* MEMP_OVERFLOW_CHECK >= 2 */
 484:Middlewares/Third_Party/LwIP/src/core/memp.c **** 
 485:Middlewares/Third_Party/LwIP/src/core/memp.c **** #ifdef LWIP_HOOK_MEMP_AVAILABLE
 486:Middlewares/Third_Party/LwIP/src/core/memp.c ****   old_first = *memp_pools[type]->tab;
 487:Middlewares/Third_Party/LwIP/src/core/memp.c **** #endif
 488:Middlewares/Third_Party/LwIP/src/core/memp.c **** 
 489:Middlewares/Third_Party/LwIP/src/core/memp.c ****   do_memp_free_pool(memp_pools[type], mem);
 514              		.loc 1 489 3 is_stmt 1 view .LVU127
 515 0008 064B     		ldr	r3, .L52
 516 000a 53F82000 		ldr	r0, [r3, r0, lsl #2]
 517              	.LVL42:
 518              		.loc 1 489 3 is_stmt 0 view .LVU128
 519 000e FFF7FEFF 		bl	do_memp_free_pool
 520              	.LVL43:
 521              	.L47:
 490:Middlewares/Third_Party/LwIP/src/core/memp.c **** 
 491:Middlewares/Third_Party/LwIP/src/core/memp.c **** #ifdef LWIP_HOOK_MEMP_AVAILABLE
 492:Middlewares/Third_Party/LwIP/src/core/memp.c ****   if (old_first == NULL) {
 493:Middlewares/Third_Party/LwIP/src/core/memp.c ****     LWIP_HOOK_MEMP_AVAILABLE(type);
 494:Middlewares/Third_Party/LwIP/src/core/memp.c ****   }
 495:Middlewares/Third_Party/LwIP/src/core/memp.c **** #endif
 496:Middlewares/Third_Party/LwIP/src/core/memp.c **** }
 522              		.loc 1 496 1 view .LVU129
 523 0012 08BD     		pop	{r3, pc}
 524              	.LVL44:
ARM GAS  /tmp/cc1c2EbK.s 			page 20


 525              	.L51:
 475:Middlewares/Third_Party/LwIP/src/core/memp.c **** 
 526              		.loc 1 475 3 is_stmt 1 discriminator 1 view .LVU130
 475:Middlewares/Third_Party/LwIP/src/core/memp.c **** 
 527              		.loc 1 475 3 discriminator 1 view .LVU131
 528 0014 044B     		ldr	r3, .L52+4
 529 0016 40F2DB12 		movw	r2, #475
 530 001a 0449     		ldr	r1, .L52+8
 531              	.LVL45:
 475:Middlewares/Third_Party/LwIP/src/core/memp.c **** 
 532              		.loc 1 475 3 is_stmt 0 discriminator 1 view .LVU132
 533 001c 0448     		ldr	r0, .L52+12
 534              	.LVL46:
 475:Middlewares/Third_Party/LwIP/src/core/memp.c **** 
 535              		.loc 1 475 3 discriminator 1 view .LVU133
 536 001e FFF7FEFF 		bl	printf
 537              	.LVL47:
 475:Middlewares/Third_Party/LwIP/src/core/memp.c **** 
 538              		.loc 1 475 3 is_stmt 1 discriminator 1 view .LVU134
 539 0022 F6E7     		b	.L47
 540              	.L53:
 541              		.align	2
 542              	.L52:
 543 0024 00000000 		.word	.LANCHOR0
 544 0028 00000000 		.word	.LC0
 545 002c 00000000 		.word	.LC6
 546 0030 54000000 		.word	.LC2
 547              		.cfi_endproc
 548              	.LFE167:
 550              		.global	memp_pools
 551              		.global	memp_PBUF_POOL
 552              		.comm	memp_memory_PBUF_POOL_base,9731,4
 553              		.global	memp_PBUF
 554              		.comm	memp_memory_PBUF_base,259,4
 555              		.global	memp_SYS_TIMEOUT
 556              		.comm	memp_memory_SYS_TIMEOUT_base,83,4
 557              		.global	memp_FRAG_PBUF
 558              		.comm	memp_memory_FRAG_PBUF_base,363,4
 559              		.global	memp_REASSDATA
 560              		.comm	memp_memory_REASSDATA_base,163,4
 561              		.global	memp_TCP_SEG
 562              		.comm	memp_memory_TCP_SEG_base,259,4
 563              		.global	memp_TCP_PCB_LISTEN
 564              		.comm	memp_memory_TCP_PCB_LISTEN_base,227,4
 565              		.global	memp_TCP_PCB
 566              		.comm	memp_memory_TCP_PCB_base,155,4
 567              		.global	memp_UDP_PCB
 568              		.comm	memp_memory_UDP_PCB_base,35,4
 569              		.section	.bss.memp_tab_FRAG_PBUF,"aw",%nobits
 570              		.align	2
 573              	memp_tab_FRAG_PBUF:
 574 0000 00000000 		.space	4
 575              		.section	.bss.memp_tab_PBUF,"aw",%nobits
 576              		.align	2
 579              	memp_tab_PBUF:
 580 0000 00000000 		.space	4
 581              		.section	.bss.memp_tab_PBUF_POOL,"aw",%nobits
ARM GAS  /tmp/cc1c2EbK.s 			page 21


 582              		.align	2
 585              	memp_tab_PBUF_POOL:
 586 0000 00000000 		.space	4
 587              		.section	.bss.memp_tab_REASSDATA,"aw",%nobits
 588              		.align	2
 591              	memp_tab_REASSDATA:
 592 0000 00000000 		.space	4
 593              		.section	.bss.memp_tab_SYS_TIMEOUT,"aw",%nobits
 594              		.align	2
 597              	memp_tab_SYS_TIMEOUT:
 598 0000 00000000 		.space	4
 599              		.section	.bss.memp_tab_TCP_PCB,"aw",%nobits
 600              		.align	2
 603              	memp_tab_TCP_PCB:
 604 0000 00000000 		.space	4
 605              		.section	.bss.memp_tab_TCP_PCB_LISTEN,"aw",%nobits
 606              		.align	2
 609              	memp_tab_TCP_PCB_LISTEN:
 610 0000 00000000 		.space	4
 611              		.section	.bss.memp_tab_TCP_SEG,"aw",%nobits
 612              		.align	2
 615              	memp_tab_TCP_SEG:
 616 0000 00000000 		.space	4
 617              		.section	.bss.memp_tab_UDP_PCB,"aw",%nobits
 618              		.align	2
 621              	memp_tab_UDP_PCB:
 622 0000 00000000 		.space	4
 623              		.section	.rodata.do_memp_free_pool.str1.4,"aMS",%progbits,1
 624              		.align	2
 625              	.LC3:
 626 0000 6D656D70 		.ascii	"memp_free: mem properly aligned\000"
 626      5F667265 
 626      653A206D 
 626      656D2070 
 626      726F7065 
 627              		.section	.rodata.do_memp_malloc_pool.str1.4,"aMS",%progbits,1
 628              		.align	2
 629              	.LC0:
 630 0000 4D696464 		.ascii	"Middlewares/Third_Party/LwIP/src/core/memp.c\000"
 630      6C657761 
 630      7265732F 
 630      54686972 
 630      645F5061 
 631 002d 000000   		.space	3
 632              	.LC1:
 633 0030 6D656D70 		.ascii	"memp_malloc: memp properly aligned\000"
 633      5F6D616C 
 633      6C6F633A 
 633      206D656D 
 633      70207072 
 634 0053 00       		.space	1
 635              	.LC2:
 636 0054 41737365 		.ascii	"Assertion \"%s\" failed at line %d in %s\012\000"
 636      7274696F 
 636      6E202225 
 636      73222066 
 636      61696C65 
ARM GAS  /tmp/cc1c2EbK.s 			page 22


 637              		.section	.rodata.memp_FRAG_PBUF,"a"
 638              		.align	2
 641              	memp_FRAG_PBUF:
 642 0000 1800     		.short	24
 643 0002 0F00     		.short	15
 644 0004 00000000 		.word	memp_memory_FRAG_PBUF_base
 645 0008 00000000 		.word	memp_tab_FRAG_PBUF
 646              		.section	.rodata.memp_PBUF,"a"
 647              		.align	2
 650              	memp_PBUF:
 651 0000 1000     		.short	16
 652 0002 1000     		.short	16
 653 0004 00000000 		.word	memp_memory_PBUF_base
 654 0008 00000000 		.word	memp_tab_PBUF
 655              		.section	.rodata.memp_PBUF_POOL,"a"
 656              		.align	2
 659              	memp_PBUF_POOL:
 660 0000 6002     		.short	608
 661 0002 1000     		.short	16
 662 0004 00000000 		.word	memp_memory_PBUF_POOL_base
 663 0008 00000000 		.word	memp_tab_PBUF_POOL
 664              		.section	.rodata.memp_REASSDATA,"a"
 665              		.align	2
 668              	memp_REASSDATA:
 669 0000 2000     		.short	32
 670 0002 0500     		.short	5
 671 0004 00000000 		.word	memp_memory_REASSDATA_base
 672 0008 00000000 		.word	memp_tab_REASSDATA
 673              		.section	.rodata.memp_SYS_TIMEOUT,"a"
 674              		.align	2
 677              	memp_SYS_TIMEOUT:
 678 0000 1000     		.short	16
 679 0002 0500     		.short	5
 680 0004 00000000 		.word	memp_memory_SYS_TIMEOUT_base
 681 0008 00000000 		.word	memp_tab_SYS_TIMEOUT
 682              		.section	.rodata.memp_TCP_PCB,"a"
 683              		.align	2
 686              	memp_TCP_PCB:
 687 0000 9800     		.short	152
 688 0002 0100     		.short	1
 689 0004 00000000 		.word	memp_memory_TCP_PCB_base
 690 0008 00000000 		.word	memp_tab_TCP_PCB
 691              		.section	.rodata.memp_TCP_PCB_LISTEN,"a"
 692              		.align	2
 695              	memp_TCP_PCB_LISTEN:
 696 0000 1C00     		.short	28
 697 0002 0800     		.short	8
 698 0004 00000000 		.word	memp_memory_TCP_PCB_LISTEN_base
 699 0008 00000000 		.word	memp_tab_TCP_PCB_LISTEN
 700              		.section	.rodata.memp_TCP_SEG,"a"
 701              		.align	2
 704              	memp_TCP_SEG:
 705 0000 1000     		.short	16
 706 0002 1000     		.short	16
 707 0004 00000000 		.word	memp_memory_TCP_SEG_base
 708 0008 00000000 		.word	memp_tab_TCP_SEG
 709              		.section	.rodata.memp_UDP_PCB,"a"
ARM GAS  /tmp/cc1c2EbK.s 			page 23


 710              		.align	2
 713              	memp_UDP_PCB:
 714 0000 2000     		.short	32
 715 0002 0100     		.short	1
 716 0004 00000000 		.word	memp_memory_UDP_PCB_base
 717 0008 00000000 		.word	memp_tab_UDP_PCB
 718              		.section	.rodata.memp_free.str1.4,"aMS",%progbits,1
 719              		.align	2
 720              	.LC6:
 721 0000 6D656D70 		.ascii	"memp_free: type < MEMP_MAX\000"
 721      5F667265 
 721      653A2074 
 721      79706520 
 721      3C204D45 
 722              		.section	.rodata.memp_malloc.str1.4,"aMS",%progbits,1
 723              		.align	2
 724              	.LC5:
 725 0000 6D656D70 		.ascii	"memp_malloc: type < MEMP_MAX\000"
 725      5F6D616C 
 725      6C6F633A 
 725      20747970 
 725      65203C20 
 726              		.section	.rodata.memp_malloc_pool.str1.4,"aMS",%progbits,1
 727              		.align	2
 728              	.LC4:
 729 0000 696E7661 		.ascii	"invalid pool desc\000"
 729      6C696420 
 729      706F6F6C 
 729      20646573 
 729      6300
 730              		.section	.rodata.memp_pools,"a"
 731              		.align	2
 732              		.set	.LANCHOR0,. + 0
 735              	memp_pools:
 736 0000 00000000 		.word	memp_UDP_PCB
 737 0004 00000000 		.word	memp_TCP_PCB
 738 0008 00000000 		.word	memp_TCP_PCB_LISTEN
 739 000c 00000000 		.word	memp_TCP_SEG
 740 0010 00000000 		.word	memp_REASSDATA
 741 0014 00000000 		.word	memp_FRAG_PBUF
 742 0018 00000000 		.word	memp_SYS_TIMEOUT
 743 001c 00000000 		.word	memp_PBUF
 744 0020 00000000 		.word	memp_PBUF_POOL
 745              		.text
 746              	.Letext0:
 747              		.file 2 "/usr/arm-none-eabi/include/machine/_default_types.h"
 748              		.file 3 "/usr/arm-none-eabi/include/sys/_stdint.h"
 749              		.file 4 "Drivers/CMSIS/Include/core_cm7.h"
 750              		.file 5 "Drivers/CMSIS/Device/ST/STM32F7xx/Include/system_stm32f7xx.h"
 751              		.file 6 "/usr/arm-none-eabi/include/sys/lock.h"
 752              		.file 7 "/usr/arm-none-eabi/include/sys/_types.h"
 753              		.file 8 "/usr/lib/gcc/arm-none-eabi/8.3.0/include/stddef.h"
 754              		.file 9 "/usr/arm-none-eabi/include/sys/reent.h"
 755              		.file 10 "/usr/arm-none-eabi/include/stdlib.h"
 756              		.file 11 "/usr/arm-none-eabi/include/time.h"
 757              		.file 12 "Middlewares/Third_Party/LwIP/src/include/lwip/arch.h"
 758              		.file 13 "Middlewares/Third_Party/LwIP/src/include/lwip/memp.h"
ARM GAS  /tmp/cc1c2EbK.s 			page 24


 759              		.file 14 "Middlewares/Third_Party/LwIP/src/include/lwip/priv/memp_priv.h"
 760              		.file 15 "Middlewares/Third_Party/LwIP/src/include/lwip/err.h"
 761              		.file 16 "Middlewares/Third_Party/LwIP/src/include/lwip/pbuf.h"
 762              		.file 17 "Middlewares/Third_Party/LwIP/src/include/lwip/ip4_addr.h"
 763              		.file 18 "Middlewares/Third_Party/LwIP/src/include/lwip/ip_addr.h"
 764              		.file 19 "Middlewares/Third_Party/LwIP/src/include/lwip/netif.h"
 765              		.file 20 "Middlewares/Third_Party/LwIP/src/include/lwip/prot/ip4.h"
 766              		.file 21 "Middlewares/Third_Party/LwIP/src/include/lwip/ip.h"
 767              		.file 22 "Middlewares/Third_Party/LwIP/src/include/lwip/udp.h"
 768              		.file 23 "Middlewares/Third_Party/LwIP/src/include/lwip/tcp.h"
 769              		.file 24 "Middlewares/Third_Party/LwIP/src/include/lwip/priv/tcp_priv.h"
 770              		.file 25 "Middlewares/Third_Party/LwIP/src/include/lwip/prot/tcp.h"
 771              		.file 26 "Middlewares/Third_Party/LwIP/src/include/lwip/timeouts.h"
 772              		.file 27 "Middlewares/Third_Party/LwIP/src/include/lwip/priv/memp_std.h"
 773              		.file 28 "/usr/arm-none-eabi/include/stdio.h"
ARM GAS  /tmp/cc1c2EbK.s 			page 25


DEFINED SYMBOLS
                            *ABS*:0000000000000000 memp.c
     /tmp/cc1c2EbK.s:18     .text.do_memp_malloc_pool:0000000000000000 $t
     /tmp/cc1c2EbK.s:25     .text.do_memp_malloc_pool:0000000000000000 do_memp_malloc_pool
     /tmp/cc1c2EbK.s:84     .text.do_memp_malloc_pool:0000000000000028 $d
     /tmp/cc1c2EbK.s:91     .text.do_memp_free_pool:0000000000000000 $t
     /tmp/cc1c2EbK.s:97     .text.do_memp_free_pool:0000000000000000 do_memp_free_pool
     /tmp/cc1c2EbK.s:157    .text.do_memp_free_pool:0000000000000028 $d
     /tmp/cc1c2EbK.s:164    .text.memp_init_pool:0000000000000000 $t
     /tmp/cc1c2EbK.s:171    .text.memp_init_pool:0000000000000000 memp_init_pool
     /tmp/cc1c2EbK.s:230    .text.memp_init:0000000000000000 $t
     /tmp/cc1c2EbK.s:237    .text.memp_init:0000000000000000 memp_init
     /tmp/cc1c2EbK.s:279    .text.memp_init:000000000000001c $d
     /tmp/cc1c2EbK.s:284    .text.memp_malloc_pool:0000000000000000 $t
     /tmp/cc1c2EbK.s:291    .text.memp_malloc_pool:0000000000000000 memp_malloc_pool
     /tmp/cc1c2EbK.s:341    .text.memp_malloc_pool:0000000000000024 $d
     /tmp/cc1c2EbK.s:348    .text.memp_malloc:0000000000000000 $t
     /tmp/cc1c2EbK.s:355    .text.memp_malloc:0000000000000000 memp_malloc
     /tmp/cc1c2EbK.s:404    .text.memp_malloc:0000000000000024 $d
     /tmp/cc1c2EbK.s:412    .text.memp_free_pool:0000000000000000 $t
     /tmp/cc1c2EbK.s:419    .text.memp_free_pool:0000000000000000 memp_free_pool
     /tmp/cc1c2EbK.s:479    .text.memp_free_pool:0000000000000034 $d
     /tmp/cc1c2EbK.s:486    .text.memp_free:0000000000000000 $t
     /tmp/cc1c2EbK.s:493    .text.memp_free:0000000000000000 memp_free
     /tmp/cc1c2EbK.s:543    .text.memp_free:0000000000000024 $d
     /tmp/cc1c2EbK.s:735    .rodata.memp_pools:0000000000000000 memp_pools
     /tmp/cc1c2EbK.s:659    .rodata.memp_PBUF_POOL:0000000000000000 memp_PBUF_POOL
                            *COM*:0000000000002603 memp_memory_PBUF_POOL_base
     /tmp/cc1c2EbK.s:650    .rodata.memp_PBUF:0000000000000000 memp_PBUF
                            *COM*:0000000000000103 memp_memory_PBUF_base
     /tmp/cc1c2EbK.s:677    .rodata.memp_SYS_TIMEOUT:0000000000000000 memp_SYS_TIMEOUT
                            *COM*:0000000000000053 memp_memory_SYS_TIMEOUT_base
     /tmp/cc1c2EbK.s:641    .rodata.memp_FRAG_PBUF:0000000000000000 memp_FRAG_PBUF
                            *COM*:000000000000016b memp_memory_FRAG_PBUF_base
     /tmp/cc1c2EbK.s:668    .rodata.memp_REASSDATA:0000000000000000 memp_REASSDATA
                            *COM*:00000000000000a3 memp_memory_REASSDATA_base
     /tmp/cc1c2EbK.s:704    .rodata.memp_TCP_SEG:0000000000000000 memp_TCP_SEG
                            *COM*:0000000000000103 memp_memory_TCP_SEG_base
     /tmp/cc1c2EbK.s:695    .rodata.memp_TCP_PCB_LISTEN:0000000000000000 memp_TCP_PCB_LISTEN
                            *COM*:00000000000000e3 memp_memory_TCP_PCB_LISTEN_base
     /tmp/cc1c2EbK.s:686    .rodata.memp_TCP_PCB:0000000000000000 memp_TCP_PCB
                            *COM*:000000000000009b memp_memory_TCP_PCB_base
     /tmp/cc1c2EbK.s:713    .rodata.memp_UDP_PCB:0000000000000000 memp_UDP_PCB
                            *COM*:0000000000000023 memp_memory_UDP_PCB_base
     /tmp/cc1c2EbK.s:570    .bss.memp_tab_FRAG_PBUF:0000000000000000 $d
     /tmp/cc1c2EbK.s:573    .bss.memp_tab_FRAG_PBUF:0000000000000000 memp_tab_FRAG_PBUF
     /tmp/cc1c2EbK.s:576    .bss.memp_tab_PBUF:0000000000000000 $d
     /tmp/cc1c2EbK.s:579    .bss.memp_tab_PBUF:0000000000000000 memp_tab_PBUF
     /tmp/cc1c2EbK.s:582    .bss.memp_tab_PBUF_POOL:0000000000000000 $d
     /tmp/cc1c2EbK.s:585    .bss.memp_tab_PBUF_POOL:0000000000000000 memp_tab_PBUF_POOL
     /tmp/cc1c2EbK.s:588    .bss.memp_tab_REASSDATA:0000000000000000 $d
     /tmp/cc1c2EbK.s:591    .bss.memp_tab_REASSDATA:0000000000000000 memp_tab_REASSDATA
     /tmp/cc1c2EbK.s:594    .bss.memp_tab_SYS_TIMEOUT:0000000000000000 $d
     /tmp/cc1c2EbK.s:597    .bss.memp_tab_SYS_TIMEOUT:0000000000000000 memp_tab_SYS_TIMEOUT
     /tmp/cc1c2EbK.s:600    .bss.memp_tab_TCP_PCB:0000000000000000 $d
     /tmp/cc1c2EbK.s:603    .bss.memp_tab_TCP_PCB:0000000000000000 memp_tab_TCP_PCB
     /tmp/cc1c2EbK.s:606    .bss.memp_tab_TCP_PCB_LISTEN:0000000000000000 $d
ARM GAS  /tmp/cc1c2EbK.s 			page 26


     /tmp/cc1c2EbK.s:609    .bss.memp_tab_TCP_PCB_LISTEN:0000000000000000 memp_tab_TCP_PCB_LISTEN
     /tmp/cc1c2EbK.s:612    .bss.memp_tab_TCP_SEG:0000000000000000 $d
     /tmp/cc1c2EbK.s:615    .bss.memp_tab_TCP_SEG:0000000000000000 memp_tab_TCP_SEG
     /tmp/cc1c2EbK.s:618    .bss.memp_tab_UDP_PCB:0000000000000000 $d
     /tmp/cc1c2EbK.s:621    .bss.memp_tab_UDP_PCB:0000000000000000 memp_tab_UDP_PCB
     /tmp/cc1c2EbK.s:624    .rodata.do_memp_free_pool.str1.4:0000000000000000 $d
     /tmp/cc1c2EbK.s:628    .rodata.do_memp_malloc_pool.str1.4:0000000000000000 $d
     /tmp/cc1c2EbK.s:638    .rodata.memp_FRAG_PBUF:0000000000000000 $d
     /tmp/cc1c2EbK.s:647    .rodata.memp_PBUF:0000000000000000 $d
     /tmp/cc1c2EbK.s:656    .rodata.memp_PBUF_POOL:0000000000000000 $d
     /tmp/cc1c2EbK.s:665    .rodata.memp_REASSDATA:0000000000000000 $d
     /tmp/cc1c2EbK.s:674    .rodata.memp_SYS_TIMEOUT:0000000000000000 $d
     /tmp/cc1c2EbK.s:683    .rodata.memp_TCP_PCB:0000000000000000 $d
     /tmp/cc1c2EbK.s:692    .rodata.memp_TCP_PCB_LISTEN:0000000000000000 $d
     /tmp/cc1c2EbK.s:701    .rodata.memp_TCP_SEG:0000000000000000 $d
     /tmp/cc1c2EbK.s:710    .rodata.memp_UDP_PCB:0000000000000000 $d
     /tmp/cc1c2EbK.s:719    .rodata.memp_free.str1.4:0000000000000000 $d
     /tmp/cc1c2EbK.s:723    .rodata.memp_malloc.str1.4:0000000000000000 $d
     /tmp/cc1c2EbK.s:727    .rodata.memp_malloc_pool.str1.4:0000000000000000 $d
     /tmp/cc1c2EbK.s:731    .rodata.memp_pools:0000000000000000 $d

UNDEFINED SYMBOLS
printf
