ARM GAS  /tmp/cctAVnoP.s 			page 1


   1              		.cpu cortex-m7
   2              		.eabi_attribute 27, 1
   3              		.eabi_attribute 28, 1
   4              		.eabi_attribute 20, 1
   5              		.eabi_attribute 21, 1
   6              		.eabi_attribute 23, 3
   7              		.eabi_attribute 24, 1
   8              		.eabi_attribute 25, 1
   9              		.eabi_attribute 26, 1
  10              		.eabi_attribute 30, 1
  11              		.eabi_attribute 34, 1
  12              		.eabi_attribute 18, 4
  13              		.file	"slipif.c"
  14              		.text
  15              	.Ltext0:
  16              		.cfi_sections	.debug_frame
  17              		.section	.text.slipif_output,"ax",%progbits
  18              		.align	1
  19              		.arch armv7e-m
  20              		.syntax unified
  21              		.thumb
  22              		.thumb_func
  23              		.fpu fpv5-sp-d16
  25              	slipif_output:
  26              	.LVL0:
  27              	.LFB160:
  28              		.file 1 "Middlewares/Third_Party/LwIP/src/netif/slipif.c"
   1:Middlewares/Third_Party/LwIP/src/netif/slipif.c **** /**
   2:Middlewares/Third_Party/LwIP/src/netif/slipif.c ****  * @file
   3:Middlewares/Third_Party/LwIP/src/netif/slipif.c ****  * SLIP Interface
   4:Middlewares/Third_Party/LwIP/src/netif/slipif.c ****  *
   5:Middlewares/Third_Party/LwIP/src/netif/slipif.c ****  */
   6:Middlewares/Third_Party/LwIP/src/netif/slipif.c **** 
   7:Middlewares/Third_Party/LwIP/src/netif/slipif.c **** /*
   8:Middlewares/Third_Party/LwIP/src/netif/slipif.c ****  * Copyright (c) 2001-2004 Swedish Institute of Computer Science.
   9:Middlewares/Third_Party/LwIP/src/netif/slipif.c ****  * All rights reserved.
  10:Middlewares/Third_Party/LwIP/src/netif/slipif.c ****  *
  11:Middlewares/Third_Party/LwIP/src/netif/slipif.c ****  * Redistribution and use in source and binary forms, with or without
  12:Middlewares/Third_Party/LwIP/src/netif/slipif.c ****  * modification, are permitted provided that the following conditions
  13:Middlewares/Third_Party/LwIP/src/netif/slipif.c ****  * are met:
  14:Middlewares/Third_Party/LwIP/src/netif/slipif.c ****  * 1. Redistributions of source code must retain the above copyright
  15:Middlewares/Third_Party/LwIP/src/netif/slipif.c ****  *    notice, this list of conditions and the following disclaimer.
  16:Middlewares/Third_Party/LwIP/src/netif/slipif.c ****  * 2. Redistributions in binary form must reproduce the above copyright
  17:Middlewares/Third_Party/LwIP/src/netif/slipif.c ****  *    notice, this list of conditions and the following disclaimer in the
  18:Middlewares/Third_Party/LwIP/src/netif/slipif.c ****  *    documentation and/or other materials provided with the distribution.
  19:Middlewares/Third_Party/LwIP/src/netif/slipif.c ****  * 3. Neither the name of the Institute nor the names of its contributors
  20:Middlewares/Third_Party/LwIP/src/netif/slipif.c ****  *    may be used to endorse or promote products derived from this software
  21:Middlewares/Third_Party/LwIP/src/netif/slipif.c ****  *    without specific prior written permission.
  22:Middlewares/Third_Party/LwIP/src/netif/slipif.c ****  *
  23:Middlewares/Third_Party/LwIP/src/netif/slipif.c ****  * THIS SOFTWARE IS PROVIDED BY THE INSTITUTE AND CONTRIBUTORS ``AS IS'' AND
  24:Middlewares/Third_Party/LwIP/src/netif/slipif.c ****  * ANY EXPRESS OR IMPLIED WARRANTIES, INCLUDING, BUT NOT LIMITED TO, THE
  25:Middlewares/Third_Party/LwIP/src/netif/slipif.c ****  * IMPLIED WARRANTIES OF MERCHANTABILITY AND FITNESS FOR A PARTICULAR PURPOSE
  26:Middlewares/Third_Party/LwIP/src/netif/slipif.c ****  * ARE DISCLAIMED.  IN NO EVENT SHALL THE INSTITUTE OR CONTRIBUTORS BE LIABLE
  27:Middlewares/Third_Party/LwIP/src/netif/slipif.c ****  * FOR ANY DIRECT, INDIRECT, INCIDENTAL, SPECIAL, EXEMPLARY, OR CONSEQUENTIAL
  28:Middlewares/Third_Party/LwIP/src/netif/slipif.c ****  * DAMAGES (INCLUDING, BUT NOT LIMITED TO, PROCUREMENT OF SUBSTITUTE GOODS
  29:Middlewares/Third_Party/LwIP/src/netif/slipif.c ****  * OR SERVICES; LOSS OF USE, DATA, OR PROFITS; OR BUSINESS INTERRUPTION)
  30:Middlewares/Third_Party/LwIP/src/netif/slipif.c ****  * HOWEVER CAUSED AND ON ANY THEORY OF LIABILITY, WHETHER IN CONTRACT, STRICT
ARM GAS  /tmp/cctAVnoP.s 			page 2


  31:Middlewares/Third_Party/LwIP/src/netif/slipif.c ****  * LIABILITY, OR TORT (INCLUDING NEGLIGENCE OR OTHERWISE) ARISING IN ANY WAY
  32:Middlewares/Third_Party/LwIP/src/netif/slipif.c ****  * OUT OF THE USE OF THIS SOFTWARE, EVEN IF ADVISED OF THE POSSIBILITY OF
  33:Middlewares/Third_Party/LwIP/src/netif/slipif.c ****  * SUCH DAMAGE.
  34:Middlewares/Third_Party/LwIP/src/netif/slipif.c ****  *
  35:Middlewares/Third_Party/LwIP/src/netif/slipif.c ****  * This file is built upon the file: src/arch/rtxc/netif/sioslip.c
  36:Middlewares/Third_Party/LwIP/src/netif/slipif.c ****  *
  37:Middlewares/Third_Party/LwIP/src/netif/slipif.c ****  * Author: Magnus Ivarsson <magnus.ivarsson(at)volvo.com>
  38:Middlewares/Third_Party/LwIP/src/netif/slipif.c ****  *         Simon Goldschmidt
  39:Middlewares/Third_Party/LwIP/src/netif/slipif.c ****  */
  40:Middlewares/Third_Party/LwIP/src/netif/slipif.c **** 
  41:Middlewares/Third_Party/LwIP/src/netif/slipif.c **** 
  42:Middlewares/Third_Party/LwIP/src/netif/slipif.c **** /**
  43:Middlewares/Third_Party/LwIP/src/netif/slipif.c ****  * @defgroup slipif SLIP netif
  44:Middlewares/Third_Party/LwIP/src/netif/slipif.c ****  * @ingroup addons
  45:Middlewares/Third_Party/LwIP/src/netif/slipif.c ****  *
  46:Middlewares/Third_Party/LwIP/src/netif/slipif.c ****  * This is an arch independent SLIP netif. The specific serial hooks must be
  47:Middlewares/Third_Party/LwIP/src/netif/slipif.c ****  * provided by another file. They are sio_open, sio_read/sio_tryread and sio_send
  48:Middlewares/Third_Party/LwIP/src/netif/slipif.c ****  *
  49:Middlewares/Third_Party/LwIP/src/netif/slipif.c ****  * Usage: This netif can be used in three ways:\n
  50:Middlewares/Third_Party/LwIP/src/netif/slipif.c ****  *        1) For NO_SYS==0, an RX thread can be used which blocks on sio_read()
  51:Middlewares/Third_Party/LwIP/src/netif/slipif.c ****  *           until data is received.\n
  52:Middlewares/Third_Party/LwIP/src/netif/slipif.c ****  *        2) In your main loop, call slipif_poll() to check for new RX bytes,
  53:Middlewares/Third_Party/LwIP/src/netif/slipif.c ****  *           completed packets are fed into netif->input().\n
  54:Middlewares/Third_Party/LwIP/src/netif/slipif.c ****  *        3) Call slipif_received_byte[s]() from your serial RX ISR and
  55:Middlewares/Third_Party/LwIP/src/netif/slipif.c ****  *           slipif_process_rxqueue() from your main loop. ISR level decodes
  56:Middlewares/Third_Party/LwIP/src/netif/slipif.c ****  *           packets and puts completed packets on a queue which is fed into
  57:Middlewares/Third_Party/LwIP/src/netif/slipif.c ****  *           the stack from the main loop (needs SYS_LIGHTWEIGHT_PROT for
  58:Middlewares/Third_Party/LwIP/src/netif/slipif.c ****  *           pbuf_alloc to work on ISR level!).
  59:Middlewares/Third_Party/LwIP/src/netif/slipif.c ****  *
  60:Middlewares/Third_Party/LwIP/src/netif/slipif.c ****  */
  61:Middlewares/Third_Party/LwIP/src/netif/slipif.c **** 
  62:Middlewares/Third_Party/LwIP/src/netif/slipif.c **** #include "netif/slipif.h"
  63:Middlewares/Third_Party/LwIP/src/netif/slipif.c **** #include "lwip/opt.h"
  64:Middlewares/Third_Party/LwIP/src/netif/slipif.c **** 
  65:Middlewares/Third_Party/LwIP/src/netif/slipif.c **** #include "lwip/def.h"
  66:Middlewares/Third_Party/LwIP/src/netif/slipif.c **** #include "lwip/pbuf.h"
  67:Middlewares/Third_Party/LwIP/src/netif/slipif.c **** #include "lwip/stats.h"
  68:Middlewares/Third_Party/LwIP/src/netif/slipif.c **** #include "lwip/snmp.h"
  69:Middlewares/Third_Party/LwIP/src/netif/slipif.c **** #include "lwip/sys.h"
  70:Middlewares/Third_Party/LwIP/src/netif/slipif.c **** #include "lwip/sio.h"
  71:Middlewares/Third_Party/LwIP/src/netif/slipif.c **** 
  72:Middlewares/Third_Party/LwIP/src/netif/slipif.c **** #define SLIP_END     0xC0 /* 0300: start and end of every packet */
  73:Middlewares/Third_Party/LwIP/src/netif/slipif.c **** #define SLIP_ESC     0xDB /* 0333: escape start (one byte escaped data follows) */
  74:Middlewares/Third_Party/LwIP/src/netif/slipif.c **** #define SLIP_ESC_END 0xDC /* 0334: following escape: original byte is 0xC0 (END) */
  75:Middlewares/Third_Party/LwIP/src/netif/slipif.c **** #define SLIP_ESC_ESC 0xDD /* 0335: following escape: original byte is 0xDB (ESC) */
  76:Middlewares/Third_Party/LwIP/src/netif/slipif.c **** 
  77:Middlewares/Third_Party/LwIP/src/netif/slipif.c **** /** Maximum packet size that is received by this netif */
  78:Middlewares/Third_Party/LwIP/src/netif/slipif.c **** #ifndef SLIP_MAX_SIZE
  79:Middlewares/Third_Party/LwIP/src/netif/slipif.c **** #define SLIP_MAX_SIZE 1500
  80:Middlewares/Third_Party/LwIP/src/netif/slipif.c **** #endif
  81:Middlewares/Third_Party/LwIP/src/netif/slipif.c **** 
  82:Middlewares/Third_Party/LwIP/src/netif/slipif.c **** /** Define this to the interface speed for SNMP
  83:Middlewares/Third_Party/LwIP/src/netif/slipif.c ****  * (sio_fd is the sio_fd_t returned by sio_open).
  84:Middlewares/Third_Party/LwIP/src/netif/slipif.c ****  * The default value of zero means 'unknown'.
  85:Middlewares/Third_Party/LwIP/src/netif/slipif.c ****  */
  86:Middlewares/Third_Party/LwIP/src/netif/slipif.c **** #ifndef SLIP_SIO_SPEED
  87:Middlewares/Third_Party/LwIP/src/netif/slipif.c **** #define SLIP_SIO_SPEED(sio_fd) 0
ARM GAS  /tmp/cctAVnoP.s 			page 3


  88:Middlewares/Third_Party/LwIP/src/netif/slipif.c **** #endif
  89:Middlewares/Third_Party/LwIP/src/netif/slipif.c **** 
  90:Middlewares/Third_Party/LwIP/src/netif/slipif.c **** enum slipif_recv_state {
  91:Middlewares/Third_Party/LwIP/src/netif/slipif.c ****     SLIP_RECV_NORMAL,
  92:Middlewares/Third_Party/LwIP/src/netif/slipif.c ****     SLIP_RECV_ESCAPE
  93:Middlewares/Third_Party/LwIP/src/netif/slipif.c **** };
  94:Middlewares/Third_Party/LwIP/src/netif/slipif.c **** 
  95:Middlewares/Third_Party/LwIP/src/netif/slipif.c **** struct slipif_priv {
  96:Middlewares/Third_Party/LwIP/src/netif/slipif.c ****   sio_fd_t sd;
  97:Middlewares/Third_Party/LwIP/src/netif/slipif.c ****   /* q is the whole pbuf chain for a packet, p is the current pbuf in the chain */
  98:Middlewares/Third_Party/LwIP/src/netif/slipif.c ****   struct pbuf *p, *q;
  99:Middlewares/Third_Party/LwIP/src/netif/slipif.c ****   u8_t state;
 100:Middlewares/Third_Party/LwIP/src/netif/slipif.c ****   u16_t i, recved;
 101:Middlewares/Third_Party/LwIP/src/netif/slipif.c **** #if SLIP_RX_FROM_ISR
 102:Middlewares/Third_Party/LwIP/src/netif/slipif.c ****   struct pbuf *rxpackets;
 103:Middlewares/Third_Party/LwIP/src/netif/slipif.c **** #endif
 104:Middlewares/Third_Party/LwIP/src/netif/slipif.c **** };
 105:Middlewares/Third_Party/LwIP/src/netif/slipif.c **** 
 106:Middlewares/Third_Party/LwIP/src/netif/slipif.c **** /**
 107:Middlewares/Third_Party/LwIP/src/netif/slipif.c ****  * Send a pbuf doing the necessary SLIP encapsulation
 108:Middlewares/Third_Party/LwIP/src/netif/slipif.c ****  *
 109:Middlewares/Third_Party/LwIP/src/netif/slipif.c ****  * Uses the serial layer's sio_send()
 110:Middlewares/Third_Party/LwIP/src/netif/slipif.c ****  *
 111:Middlewares/Third_Party/LwIP/src/netif/slipif.c ****  * @param netif the lwip network interface structure for this slipif
 112:Middlewares/Third_Party/LwIP/src/netif/slipif.c ****  * @param p the pbuf chain packet to send
 113:Middlewares/Third_Party/LwIP/src/netif/slipif.c ****  * @return always returns ERR_OK since the serial layer does not provide return values
 114:Middlewares/Third_Party/LwIP/src/netif/slipif.c ****  */
 115:Middlewares/Third_Party/LwIP/src/netif/slipif.c **** static err_t
 116:Middlewares/Third_Party/LwIP/src/netif/slipif.c **** slipif_output(struct netif *netif, struct pbuf *p)
 117:Middlewares/Third_Party/LwIP/src/netif/slipif.c **** {
  29              		.loc 1 117 1 view -0
  30              		.cfi_startproc
  31              		@ args = 0, pretend = 0, frame = 0
  32              		@ frame_needed = 0, uses_anonymous_args = 0
  33              		.loc 1 117 1 is_stmt 0 view .LVU1
  34 0000 70B5     		push	{r4, r5, r6, lr}
  35              	.LCFI0:
  36              		.cfi_def_cfa_offset 16
  37              		.cfi_offset 4, -16
  38              		.cfi_offset 5, -12
  39              		.cfi_offset 6, -8
  40              		.cfi_offset 14, -4
  41 0002 0D46     		mov	r5, r1
 118:Middlewares/Third_Party/LwIP/src/netif/slipif.c ****   struct slipif_priv *priv;
  42              		.loc 1 118 3 is_stmt 1 view .LVU2
 119:Middlewares/Third_Party/LwIP/src/netif/slipif.c ****   struct pbuf *q;
  43              		.loc 1 119 3 view .LVU3
 120:Middlewares/Third_Party/LwIP/src/netif/slipif.c ****   u16_t i;
  44              		.loc 1 120 3 view .LVU4
 121:Middlewares/Third_Party/LwIP/src/netif/slipif.c ****   u8_t c;
  45              		.loc 1 121 3 view .LVU5
 122:Middlewares/Third_Party/LwIP/src/netif/slipif.c **** 
 123:Middlewares/Third_Party/LwIP/src/netif/slipif.c ****   LWIP_ASSERT("netif != NULL", (netif != NULL));
  46              		.loc 1 123 3 view .LVU6
  47              		.loc 1 123 3 view .LVU7
  48 0004 0446     		mov	r4, r0
  49 0006 40B1     		cbz	r0, .L15
ARM GAS  /tmp/cctAVnoP.s 			page 4


  50              	.LVL1:
  51              	.L2:
 124:Middlewares/Third_Party/LwIP/src/netif/slipif.c ****   LWIP_ASSERT("netif->state != NULL", (netif->state != NULL));
  52              		.loc 1 124 3 view .LVU8
  53              		.loc 1 124 3 view .LVU9
  54 0008 E369     		ldr	r3, [r4, #28]
  55 000a 6BB1     		cbz	r3, .L16
  56              	.L3:
 125:Middlewares/Third_Party/LwIP/src/netif/slipif.c ****   LWIP_ASSERT("p != NULL", (p != NULL));
  57              		.loc 1 125 3 view .LVU10
  58              		.loc 1 125 3 view .LVU11
  59 000c 9DB1     		cbz	r5, .L17
  60              	.L4:
 126:Middlewares/Third_Party/LwIP/src/netif/slipif.c **** 
 127:Middlewares/Third_Party/LwIP/src/netif/slipif.c ****   LWIP_DEBUGF(SLIP_DEBUG, ("slipif_output(%"U16_F"): sending %"U16_F" bytes\n", (u16_t)netif->num, 
  61              		.loc 1 127 112 view .LVU12
 128:Middlewares/Third_Party/LwIP/src/netif/slipif.c ****   priv = (struct slipif_priv *)netif->state;
  62              		.loc 1 128 3 view .LVU13
  63              		.loc 1 128 8 is_stmt 0 view .LVU14
  64 000e E669     		ldr	r6, [r4, #28]
  65              	.LVL2:
 129:Middlewares/Third_Party/LwIP/src/netif/slipif.c **** 
 130:Middlewares/Third_Party/LwIP/src/netif/slipif.c ****   /* Send pbuf out on the serial I/O device. */
 131:Middlewares/Third_Party/LwIP/src/netif/slipif.c ****   /* Start with packet delimiter. */
 132:Middlewares/Third_Party/LwIP/src/netif/slipif.c ****   sio_send(SLIP_END, priv->sd);
  66              		.loc 1 132 3 is_stmt 1 view .LVU15
  67 0010 3168     		ldr	r1, [r6]
  68 0012 C020     		movs	r0, #192
  69 0014 FFF7FEFF 		bl	sio_send
  70              	.LVL3:
 133:Middlewares/Third_Party/LwIP/src/netif/slipif.c **** 
 134:Middlewares/Third_Party/LwIP/src/netif/slipif.c ****   for (q = p; q != NULL; q = q->next) {
  71              		.loc 1 134 3 view .LVU16
  72              		.loc 1 134 3 is_stmt 0 view .LVU17
  73 0018 35E0     		b	.L5
  74              	.LVL4:
  75              	.L15:
 123:Middlewares/Third_Party/LwIP/src/netif/slipif.c ****   LWIP_ASSERT("netif->state != NULL", (netif->state != NULL));
  76              		.loc 1 123 3 is_stmt 1 discriminator 1 view .LVU18
 123:Middlewares/Third_Party/LwIP/src/netif/slipif.c ****   LWIP_ASSERT("netif->state != NULL", (netif->state != NULL));
  77              		.loc 1 123 3 discriminator 1 view .LVU19
  78 001a 1F4B     		ldr	r3, .L20
  79 001c 7B22     		movs	r2, #123
  80 001e 1F49     		ldr	r1, .L20+4
  81              	.LVL5:
 123:Middlewares/Third_Party/LwIP/src/netif/slipif.c ****   LWIP_ASSERT("netif->state != NULL", (netif->state != NULL));
  82              		.loc 1 123 3 is_stmt 0 discriminator 1 view .LVU20
  83 0020 1F48     		ldr	r0, .L20+8
  84              	.LVL6:
 123:Middlewares/Third_Party/LwIP/src/netif/slipif.c ****   LWIP_ASSERT("netif->state != NULL", (netif->state != NULL));
  85              		.loc 1 123 3 discriminator 1 view .LVU21
  86 0022 FFF7FEFF 		bl	printf
  87              	.LVL7:
  88 0026 EFE7     		b	.L2
  89              	.L16:
 124:Middlewares/Third_Party/LwIP/src/netif/slipif.c ****   LWIP_ASSERT("p != NULL", (p != NULL));
  90              		.loc 1 124 3 is_stmt 1 discriminator 1 view .LVU22
ARM GAS  /tmp/cctAVnoP.s 			page 5


 124:Middlewares/Third_Party/LwIP/src/netif/slipif.c ****   LWIP_ASSERT("p != NULL", (p != NULL));
  91              		.loc 1 124 3 discriminator 1 view .LVU23
  92 0028 1B4B     		ldr	r3, .L20
  93 002a 7C22     		movs	r2, #124
  94 002c 1D49     		ldr	r1, .L20+12
  95 002e 1C48     		ldr	r0, .L20+8
  96 0030 FFF7FEFF 		bl	printf
  97              	.LVL8:
  98 0034 EAE7     		b	.L3
  99              	.L17:
 125:Middlewares/Third_Party/LwIP/src/netif/slipif.c **** 
 100              		.loc 1 125 3 discriminator 1 view .LVU24
 125:Middlewares/Third_Party/LwIP/src/netif/slipif.c **** 
 101              		.loc 1 125 3 discriminator 1 view .LVU25
 102 0036 184B     		ldr	r3, .L20
 103 0038 7D22     		movs	r2, #125
 104 003a 1B49     		ldr	r1, .L20+16
 105 003c 1848     		ldr	r0, .L20+8
 106 003e FFF7FEFF 		bl	printf
 107              	.LVL9:
 108 0042 E4E7     		b	.L4
 109              	.LVL10:
 110              	.L6:
 135:Middlewares/Third_Party/LwIP/src/netif/slipif.c ****     for (i = 0; i < q->len; i++) {
 136:Middlewares/Third_Party/LwIP/src/netif/slipif.c ****       c = ((u8_t *)q->payload)[i];
 137:Middlewares/Third_Party/LwIP/src/netif/slipif.c ****       switch (c) {
 138:Middlewares/Third_Party/LwIP/src/netif/slipif.c ****       case SLIP_END:
 139:Middlewares/Third_Party/LwIP/src/netif/slipif.c ****         /* need to escape this byte (0xC0 -> 0xDB, 0xDC) */
 140:Middlewares/Third_Party/LwIP/src/netif/slipif.c ****         sio_send(SLIP_ESC, priv->sd);
 111              		.loc 1 140 9 view .LVU26
 112 0044 3168     		ldr	r1, [r6]
 113 0046 DB20     		movs	r0, #219
 114              	.LVL11:
 115              		.loc 1 140 9 is_stmt 0 view .LVU27
 116 0048 FFF7FEFF 		bl	sio_send
 117              	.LVL12:
 141:Middlewares/Third_Party/LwIP/src/netif/slipif.c ****         sio_send(SLIP_ESC_END, priv->sd);
 118              		.loc 1 141 9 is_stmt 1 view .LVU28
 119 004c 3168     		ldr	r1, [r6]
 120 004e DC20     		movs	r0, #220
 121 0050 FFF7FEFF 		bl	sio_send
 122              	.LVL13:
 142:Middlewares/Third_Party/LwIP/src/netif/slipif.c ****         break;
 123              		.loc 1 142 9 view .LVU29
 124              	.L9:
 135:Middlewares/Third_Party/LwIP/src/netif/slipif.c ****     for (i = 0; i < q->len; i++) {
 125              		.loc 1 135 30 is_stmt 0 discriminator 2 view .LVU30
 126 0054 0134     		adds	r4, r4, #1
 127              	.LVL14:
 135:Middlewares/Third_Party/LwIP/src/netif/slipif.c ****     for (i = 0; i < q->len; i++) {
 128              		.loc 1 135 30 discriminator 2 view .LVU31
 129 0056 A4B2     		uxth	r4, r4
 130              	.LVL15:
 131              	.L11:
 135:Middlewares/Third_Party/LwIP/src/netif/slipif.c ****     for (i = 0; i < q->len; i++) {
 132              		.loc 1 135 22 discriminator 1 view .LVU32
 133 0058 6B89     		ldrh	r3, [r5, #10]
ARM GAS  /tmp/cctAVnoP.s 			page 6


 135:Middlewares/Third_Party/LwIP/src/netif/slipif.c ****     for (i = 0; i < q->len; i++) {
 134              		.loc 1 135 5 discriminator 1 view .LVU33
 135 005a A342     		cmp	r3, r4
 136 005c 12D9     		bls	.L18
 136:Middlewares/Third_Party/LwIP/src/netif/slipif.c ****       switch (c) {
 137              		.loc 1 136 7 is_stmt 1 view .LVU34
 136:Middlewares/Third_Party/LwIP/src/netif/slipif.c ****       switch (c) {
 138              		.loc 1 136 21 is_stmt 0 view .LVU35
 139 005e 6B68     		ldr	r3, [r5, #4]
 136:Middlewares/Third_Party/LwIP/src/netif/slipif.c ****       switch (c) {
 140              		.loc 1 136 9 view .LVU36
 141 0060 185D     		ldrb	r0, [r3, r4]	@ zero_extendqisi2
 142              	.LVL16:
 137:Middlewares/Third_Party/LwIP/src/netif/slipif.c ****       case SLIP_END:
 143              		.loc 1 137 7 is_stmt 1 view .LVU37
 144 0062 C028     		cmp	r0, #192
 145 0064 EED0     		beq	.L6
 146 0066 DB28     		cmp	r0, #219
 147 0068 03D0     		beq	.L7
 143:Middlewares/Third_Party/LwIP/src/netif/slipif.c ****       case SLIP_ESC:
 144:Middlewares/Third_Party/LwIP/src/netif/slipif.c ****         /* need to escape this byte (0xDB -> 0xDB, 0xDD) */
 145:Middlewares/Third_Party/LwIP/src/netif/slipif.c ****         sio_send(SLIP_ESC, priv->sd);
 146:Middlewares/Third_Party/LwIP/src/netif/slipif.c ****         sio_send(SLIP_ESC_ESC, priv->sd);
 147:Middlewares/Third_Party/LwIP/src/netif/slipif.c ****         break;
 148:Middlewares/Third_Party/LwIP/src/netif/slipif.c ****       default:
 149:Middlewares/Third_Party/LwIP/src/netif/slipif.c ****         /* normal byte - no need for escaping */
 150:Middlewares/Third_Party/LwIP/src/netif/slipif.c ****         sio_send(c, priv->sd);
 148              		.loc 1 150 9 view .LVU38
 149 006a 3168     		ldr	r1, [r6]
 150 006c FFF7FEFF 		bl	sio_send
 151              	.LVL17:
 151:Middlewares/Third_Party/LwIP/src/netif/slipif.c ****         break;
 152              		.loc 1 151 9 view .LVU39
 153 0070 F0E7     		b	.L9
 154              	.LVL18:
 155              	.L7:
 145:Middlewares/Third_Party/LwIP/src/netif/slipif.c ****         sio_send(SLIP_ESC_ESC, priv->sd);
 156              		.loc 1 145 9 view .LVU40
 157 0072 3168     		ldr	r1, [r6]
 158 0074 DB20     		movs	r0, #219
 159              	.LVL19:
 145:Middlewares/Third_Party/LwIP/src/netif/slipif.c ****         sio_send(SLIP_ESC_ESC, priv->sd);
 160              		.loc 1 145 9 is_stmt 0 view .LVU41
 161 0076 FFF7FEFF 		bl	sio_send
 162              	.LVL20:
 146:Middlewares/Third_Party/LwIP/src/netif/slipif.c ****         break;
 163              		.loc 1 146 9 is_stmt 1 view .LVU42
 164 007a 3168     		ldr	r1, [r6]
 165 007c DD20     		movs	r0, #221
 166 007e FFF7FEFF 		bl	sio_send
 167              	.LVL21:
 147:Middlewares/Third_Party/LwIP/src/netif/slipif.c ****       default:
 168              		.loc 1 147 9 view .LVU43
 169 0082 E7E7     		b	.L9
 170              	.L18:
 134:Middlewares/Third_Party/LwIP/src/netif/slipif.c ****     for (i = 0; i < q->len; i++) {
 171              		.loc 1 134 28 is_stmt 0 discriminator 2 view .LVU44
ARM GAS  /tmp/cctAVnoP.s 			page 7


 172 0084 2D68     		ldr	r5, [r5]
 173              	.LVL22:
 174              	.L5:
 134:Middlewares/Third_Party/LwIP/src/netif/slipif.c ****     for (i = 0; i < q->len; i++) {
 175              		.loc 1 134 3 discriminator 1 view .LVU45
 176 0086 0DB1     		cbz	r5, .L19
 135:Middlewares/Third_Party/LwIP/src/netif/slipif.c ****       c = ((u8_t *)q->payload)[i];
 177              		.loc 1 135 12 view .LVU46
 178 0088 0024     		movs	r4, #0
 179 008a E5E7     		b	.L11
 180              	.L19:
 152:Middlewares/Third_Party/LwIP/src/netif/slipif.c ****       }
 153:Middlewares/Third_Party/LwIP/src/netif/slipif.c ****     }
 154:Middlewares/Third_Party/LwIP/src/netif/slipif.c ****   }
 155:Middlewares/Third_Party/LwIP/src/netif/slipif.c ****   /* End with packet delimiter. */
 156:Middlewares/Third_Party/LwIP/src/netif/slipif.c ****   sio_send(SLIP_END, priv->sd);
 181              		.loc 1 156 3 is_stmt 1 view .LVU47
 182 008c 3168     		ldr	r1, [r6]
 183 008e C020     		movs	r0, #192
 184 0090 FFF7FEFF 		bl	sio_send
 185              	.LVL23:
 157:Middlewares/Third_Party/LwIP/src/netif/slipif.c ****   return ERR_OK;
 186              		.loc 1 157 3 view .LVU48
 158:Middlewares/Third_Party/LwIP/src/netif/slipif.c **** }
 187              		.loc 1 158 1 is_stmt 0 view .LVU49
 188 0094 0020     		movs	r0, #0
 189 0096 70BD     		pop	{r4, r5, r6, pc}
 190              	.LVL24:
 191              	.L21:
 192              		.loc 1 158 1 view .LVU50
 193              		.align	2
 194              	.L20:
 195 0098 00000000 		.word	.LC0
 196 009c 30000000 		.word	.LC1
 197 00a0 40000000 		.word	.LC2
 198 00a4 68000000 		.word	.LC3
 199 00a8 80000000 		.word	.LC4
 200              		.cfi_endproc
 201              	.LFE160:
 203              		.section	.text.slipif_output_v4,"ax",%progbits
 204              		.align	1
 205              		.syntax unified
 206              		.thumb
 207              		.thumb_func
 208              		.fpu fpv5-sp-d16
 210              	slipif_output_v4:
 211              	.LVL25:
 212              	.LFB161:
 159:Middlewares/Third_Party/LwIP/src/netif/slipif.c **** 
 160:Middlewares/Third_Party/LwIP/src/netif/slipif.c **** #if LWIP_IPV4
 161:Middlewares/Third_Party/LwIP/src/netif/slipif.c **** /**
 162:Middlewares/Third_Party/LwIP/src/netif/slipif.c ****  * Send a pbuf doing the necessary SLIP encapsulation
 163:Middlewares/Third_Party/LwIP/src/netif/slipif.c ****  *
 164:Middlewares/Third_Party/LwIP/src/netif/slipif.c ****  * Uses the serial layer's sio_send()
 165:Middlewares/Third_Party/LwIP/src/netif/slipif.c ****  *
 166:Middlewares/Third_Party/LwIP/src/netif/slipif.c ****  * @param netif the lwip network interface structure for this slipif
 167:Middlewares/Third_Party/LwIP/src/netif/slipif.c ****  * @param p the pbuf chain packet to send
ARM GAS  /tmp/cctAVnoP.s 			page 8


 168:Middlewares/Third_Party/LwIP/src/netif/slipif.c ****  * @param ipaddr the ip address to send the packet to (not used for slipif)
 169:Middlewares/Third_Party/LwIP/src/netif/slipif.c ****  * @return always returns ERR_OK since the serial layer does not provide return values
 170:Middlewares/Third_Party/LwIP/src/netif/slipif.c ****  */
 171:Middlewares/Third_Party/LwIP/src/netif/slipif.c **** static err_t
 172:Middlewares/Third_Party/LwIP/src/netif/slipif.c **** slipif_output_v4(struct netif *netif, struct pbuf *p, const ip4_addr_t *ipaddr)
 173:Middlewares/Third_Party/LwIP/src/netif/slipif.c **** {
 213              		.loc 1 173 1 is_stmt 1 view -0
 214              		.cfi_startproc
 215              		@ args = 0, pretend = 0, frame = 0
 216              		@ frame_needed = 0, uses_anonymous_args = 0
 217              		.loc 1 173 1 is_stmt 0 view .LVU52
 218 0000 08B5     		push	{r3, lr}
 219              	.LCFI1:
 220              		.cfi_def_cfa_offset 8
 221              		.cfi_offset 3, -8
 222              		.cfi_offset 14, -4
 174:Middlewares/Third_Party/LwIP/src/netif/slipif.c ****   LWIP_UNUSED_ARG(ipaddr);
 223              		.loc 1 174 3 is_stmt 1 view .LVU53
 175:Middlewares/Third_Party/LwIP/src/netif/slipif.c ****   return slipif_output(netif, p);
 224              		.loc 1 175 3 view .LVU54
 225              		.loc 1 175 10 is_stmt 0 view .LVU55
 226 0002 FFF7FEFF 		bl	slipif_output
 227              	.LVL26:
 176:Middlewares/Third_Party/LwIP/src/netif/slipif.c **** }
 228              		.loc 1 176 1 view .LVU56
 229 0006 08BD     		pop	{r3, pc}
 230              		.cfi_endproc
 231              	.LFE161:
 233              		.section	.text.slipif_rxbyte,"ax",%progbits
 234              		.align	1
 235              		.syntax unified
 236              		.thumb
 237              		.thumb_func
 238              		.fpu fpv5-sp-d16
 240              	slipif_rxbyte:
 241              	.LVL27:
 242              	.LFB162:
 177:Middlewares/Third_Party/LwIP/src/netif/slipif.c **** #endif /* LWIP_IPV4 */
 178:Middlewares/Third_Party/LwIP/src/netif/slipif.c **** 
 179:Middlewares/Third_Party/LwIP/src/netif/slipif.c **** #if LWIP_IPV6
 180:Middlewares/Third_Party/LwIP/src/netif/slipif.c **** /**
 181:Middlewares/Third_Party/LwIP/src/netif/slipif.c ****  * Send a pbuf doing the necessary SLIP encapsulation
 182:Middlewares/Third_Party/LwIP/src/netif/slipif.c ****  *
 183:Middlewares/Third_Party/LwIP/src/netif/slipif.c ****  * Uses the serial layer's sio_send()
 184:Middlewares/Third_Party/LwIP/src/netif/slipif.c ****  *
 185:Middlewares/Third_Party/LwIP/src/netif/slipif.c ****  * @param netif the lwip network interface structure for this slipif
 186:Middlewares/Third_Party/LwIP/src/netif/slipif.c ****  * @param p the pbuf chain packet to send
 187:Middlewares/Third_Party/LwIP/src/netif/slipif.c ****  * @param ipaddr the ip address to send the packet to (not used for slipif)
 188:Middlewares/Third_Party/LwIP/src/netif/slipif.c ****  * @return always returns ERR_OK since the serial layer does not provide return values
 189:Middlewares/Third_Party/LwIP/src/netif/slipif.c ****  */
 190:Middlewares/Third_Party/LwIP/src/netif/slipif.c **** static err_t
 191:Middlewares/Third_Party/LwIP/src/netif/slipif.c **** slipif_output_v6(struct netif *netif, struct pbuf *p, const ip6_addr_t *ipaddr)
 192:Middlewares/Third_Party/LwIP/src/netif/slipif.c **** {
 193:Middlewares/Third_Party/LwIP/src/netif/slipif.c ****   LWIP_UNUSED_ARG(ipaddr);
 194:Middlewares/Third_Party/LwIP/src/netif/slipif.c ****   return slipif_output(netif, p);
 195:Middlewares/Third_Party/LwIP/src/netif/slipif.c **** }
 196:Middlewares/Third_Party/LwIP/src/netif/slipif.c **** #endif /* LWIP_IPV6 */
ARM GAS  /tmp/cctAVnoP.s 			page 9


 197:Middlewares/Third_Party/LwIP/src/netif/slipif.c **** 
 198:Middlewares/Third_Party/LwIP/src/netif/slipif.c **** /**
 199:Middlewares/Third_Party/LwIP/src/netif/slipif.c ****  * Handle the incoming SLIP stream character by character
 200:Middlewares/Third_Party/LwIP/src/netif/slipif.c ****  *
 201:Middlewares/Third_Party/LwIP/src/netif/slipif.c ****  * @param netif the lwip network interface structure for this slipif
 202:Middlewares/Third_Party/LwIP/src/netif/slipif.c ****  * @param c received character (multiple calls to this function will
 203:Middlewares/Third_Party/LwIP/src/netif/slipif.c ****  *        return a complete packet, NULL is returned before - used for polling)
 204:Middlewares/Third_Party/LwIP/src/netif/slipif.c ****  * @return The IP packet when SLIP_END is received
 205:Middlewares/Third_Party/LwIP/src/netif/slipif.c ****  */
 206:Middlewares/Third_Party/LwIP/src/netif/slipif.c **** static struct pbuf*
 207:Middlewares/Third_Party/LwIP/src/netif/slipif.c **** slipif_rxbyte(struct netif *netif, u8_t c)
 208:Middlewares/Third_Party/LwIP/src/netif/slipif.c **** {
 243              		.loc 1 208 1 is_stmt 1 view -0
 244              		.cfi_startproc
 245              		@ args = 0, pretend = 0, frame = 0
 246              		@ frame_needed = 0, uses_anonymous_args = 0
 247              		.loc 1 208 1 is_stmt 0 view .LVU58
 248 0000 38B5     		push	{r3, r4, r5, lr}
 249              	.LCFI2:
 250              		.cfi_def_cfa_offset 16
 251              		.cfi_offset 3, -16
 252              		.cfi_offset 4, -12
 253              		.cfi_offset 5, -8
 254              		.cfi_offset 14, -4
 255 0002 0D46     		mov	r5, r1
 209:Middlewares/Third_Party/LwIP/src/netif/slipif.c ****   struct slipif_priv *priv;
 256              		.loc 1 209 3 is_stmt 1 view .LVU59
 210:Middlewares/Third_Party/LwIP/src/netif/slipif.c ****   struct pbuf *t;
 257              		.loc 1 210 3 view .LVU60
 211:Middlewares/Third_Party/LwIP/src/netif/slipif.c **** 
 212:Middlewares/Third_Party/LwIP/src/netif/slipif.c ****   LWIP_ASSERT("netif != NULL", (netif != NULL));
 258              		.loc 1 212 3 view .LVU61
 259              		.loc 1 212 3 view .LVU62
 260 0004 0446     		mov	r4, r0
 261 0006 0028     		cmp	r0, #0
 262 0008 2CD0     		beq	.L43
 263              	.LVL28:
 264              	.L25:
 213:Middlewares/Third_Party/LwIP/src/netif/slipif.c ****   LWIP_ASSERT("netif->state != NULL", (netif->state != NULL));
 265              		.loc 1 213 3 view .LVU63
 266              		.loc 1 213 3 view .LVU64
 267 000a E369     		ldr	r3, [r4, #28]
 268 000c 002B     		cmp	r3, #0
 269 000e 30D0     		beq	.L44
 270              	.L26:
 214:Middlewares/Third_Party/LwIP/src/netif/slipif.c **** 
 215:Middlewares/Third_Party/LwIP/src/netif/slipif.c ****   priv = (struct slipif_priv *)netif->state;
 271              		.loc 1 215 3 view .LVU65
 272              		.loc 1 215 8 is_stmt 0 view .LVU66
 273 0010 E469     		ldr	r4, [r4, #28]
 274              	.LVL29:
 216:Middlewares/Third_Party/LwIP/src/netif/slipif.c **** 
 217:Middlewares/Third_Party/LwIP/src/netif/slipif.c ****   switch (priv->state) {
 275              		.loc 1 217 3 is_stmt 1 view .LVU67
 276              		.loc 1 217 15 is_stmt 0 view .LVU68
 277 0012 237B     		ldrb	r3, [r4, #12]	@ zero_extendqisi2
 278              		.loc 1 217 3 view .LVU69
ARM GAS  /tmp/cctAVnoP.s 			page 10


 279 0014 002B     		cmp	r3, #0
 280 0016 33D0     		beq	.L27
 281 0018 012B     		cmp	r3, #1
 282 001a 47D0     		beq	.L28
 283              	.LVL30:
 284              	.L29:
 218:Middlewares/Third_Party/LwIP/src/netif/slipif.c ****   case SLIP_RECV_NORMAL:
 219:Middlewares/Third_Party/LwIP/src/netif/slipif.c ****     switch (c) {
 220:Middlewares/Third_Party/LwIP/src/netif/slipif.c ****     case SLIP_END:
 221:Middlewares/Third_Party/LwIP/src/netif/slipif.c ****       if (priv->recved > 0) {
 222:Middlewares/Third_Party/LwIP/src/netif/slipif.c ****         /* Received whole packet. */
 223:Middlewares/Third_Party/LwIP/src/netif/slipif.c ****         /* Trim the pbuf to the size of the received packet. */
 224:Middlewares/Third_Party/LwIP/src/netif/slipif.c ****         pbuf_realloc(priv->q, priv->recved);
 225:Middlewares/Third_Party/LwIP/src/netif/slipif.c **** 
 226:Middlewares/Third_Party/LwIP/src/netif/slipif.c ****         LINK_STATS_INC(link.recv);
 227:Middlewares/Third_Party/LwIP/src/netif/slipif.c **** 
 228:Middlewares/Third_Party/LwIP/src/netif/slipif.c ****         LWIP_DEBUGF(SLIP_DEBUG, ("slipif: Got packet (%"U16_F" bytes)\n", priv->recved));
 229:Middlewares/Third_Party/LwIP/src/netif/slipif.c ****         t = priv->q;
 230:Middlewares/Third_Party/LwIP/src/netif/slipif.c ****         priv->p = priv->q = NULL;
 231:Middlewares/Third_Party/LwIP/src/netif/slipif.c ****         priv->i = priv->recved = 0;
 232:Middlewares/Third_Party/LwIP/src/netif/slipif.c ****         return t;
 233:Middlewares/Third_Party/LwIP/src/netif/slipif.c ****       }
 234:Middlewares/Third_Party/LwIP/src/netif/slipif.c ****       return NULL;
 235:Middlewares/Third_Party/LwIP/src/netif/slipif.c ****     case SLIP_ESC:
 236:Middlewares/Third_Party/LwIP/src/netif/slipif.c ****       priv->state = SLIP_RECV_ESCAPE;
 237:Middlewares/Third_Party/LwIP/src/netif/slipif.c ****       return NULL;
 238:Middlewares/Third_Party/LwIP/src/netif/slipif.c ****     default:
 239:Middlewares/Third_Party/LwIP/src/netif/slipif.c ****       break;
 240:Middlewares/Third_Party/LwIP/src/netif/slipif.c ****     } /* end switch (c) */
 241:Middlewares/Third_Party/LwIP/src/netif/slipif.c ****     break;
 242:Middlewares/Third_Party/LwIP/src/netif/slipif.c ****   case SLIP_RECV_ESCAPE:
 243:Middlewares/Third_Party/LwIP/src/netif/slipif.c ****     /* un-escape END or ESC bytes, leave other bytes
 244:Middlewares/Third_Party/LwIP/src/netif/slipif.c ****        (although that would be a protocol error) */
 245:Middlewares/Third_Party/LwIP/src/netif/slipif.c ****     switch (c) {
 246:Middlewares/Third_Party/LwIP/src/netif/slipif.c ****     case SLIP_ESC_END:
 247:Middlewares/Third_Party/LwIP/src/netif/slipif.c ****       c = SLIP_END;
 248:Middlewares/Third_Party/LwIP/src/netif/slipif.c ****       break;
 249:Middlewares/Third_Party/LwIP/src/netif/slipif.c ****     case SLIP_ESC_ESC:
 250:Middlewares/Third_Party/LwIP/src/netif/slipif.c ****       c = SLIP_ESC;
 251:Middlewares/Third_Party/LwIP/src/netif/slipif.c ****       break;
 252:Middlewares/Third_Party/LwIP/src/netif/slipif.c ****     default:
 253:Middlewares/Third_Party/LwIP/src/netif/slipif.c ****       break;
 254:Middlewares/Third_Party/LwIP/src/netif/slipif.c ****     }
 255:Middlewares/Third_Party/LwIP/src/netif/slipif.c ****     priv->state = SLIP_RECV_NORMAL;
 256:Middlewares/Third_Party/LwIP/src/netif/slipif.c ****     break;
 257:Middlewares/Third_Party/LwIP/src/netif/slipif.c ****   default:
 258:Middlewares/Third_Party/LwIP/src/netif/slipif.c ****     break;
 259:Middlewares/Third_Party/LwIP/src/netif/slipif.c ****   } /* end switch (priv->state) */
 260:Middlewares/Third_Party/LwIP/src/netif/slipif.c **** 
 261:Middlewares/Third_Party/LwIP/src/netif/slipif.c ****   /* byte received, packet not yet completely received */
 262:Middlewares/Third_Party/LwIP/src/netif/slipif.c ****   if (priv->p == NULL) {
 285              		.loc 1 262 3 is_stmt 1 view .LVU70
 286              		.loc 1 262 11 is_stmt 0 view .LVU71
 287 001c 6368     		ldr	r3, [r4, #4]
 288              		.loc 1 262 6 view .LVU72
 289 001e 002B     		cmp	r3, #0
 290 0020 4FD0     		beq	.L45
ARM GAS  /tmp/cctAVnoP.s 			page 11


 291              	.L34:
 263:Middlewares/Third_Party/LwIP/src/netif/slipif.c ****     /* allocate a new pbuf */
 264:Middlewares/Third_Party/LwIP/src/netif/slipif.c ****     LWIP_DEBUGF(SLIP_DEBUG, ("slipif_input: alloc\n"));
 265:Middlewares/Third_Party/LwIP/src/netif/slipif.c ****     priv->p = pbuf_alloc(PBUF_LINK, (PBUF_POOL_BUFSIZE - PBUF_LINK_HLEN - PBUF_LINK_ENCAPSULATION_H
 266:Middlewares/Third_Party/LwIP/src/netif/slipif.c **** 
 267:Middlewares/Third_Party/LwIP/src/netif/slipif.c ****     if (priv->p == NULL) {
 268:Middlewares/Third_Party/LwIP/src/netif/slipif.c ****       LINK_STATS_INC(link.drop);
 269:Middlewares/Third_Party/LwIP/src/netif/slipif.c ****       LWIP_DEBUGF(SLIP_DEBUG, ("slipif_input: no new pbuf! (DROP)\n"));
 270:Middlewares/Third_Party/LwIP/src/netif/slipif.c ****       /* don't process any further since we got no pbuf to receive to */
 271:Middlewares/Third_Party/LwIP/src/netif/slipif.c ****       return NULL;
 272:Middlewares/Third_Party/LwIP/src/netif/slipif.c ****     }
 273:Middlewares/Third_Party/LwIP/src/netif/slipif.c **** 
 274:Middlewares/Third_Party/LwIP/src/netif/slipif.c ****     if (priv->q != NULL) {
 275:Middlewares/Third_Party/LwIP/src/netif/slipif.c ****       /* 'chain' the pbuf to the existing chain */
 276:Middlewares/Third_Party/LwIP/src/netif/slipif.c ****       pbuf_cat(priv->q, priv->p);
 277:Middlewares/Third_Party/LwIP/src/netif/slipif.c ****     } else {
 278:Middlewares/Third_Party/LwIP/src/netif/slipif.c ****       /* p is the first pbuf in the chain */
 279:Middlewares/Third_Party/LwIP/src/netif/slipif.c ****       priv->q = priv->p;
 280:Middlewares/Third_Party/LwIP/src/netif/slipif.c ****     }
 281:Middlewares/Third_Party/LwIP/src/netif/slipif.c ****   }
 282:Middlewares/Third_Party/LwIP/src/netif/slipif.c **** 
 283:Middlewares/Third_Party/LwIP/src/netif/slipif.c ****   /* this automatically drops bytes if > SLIP_MAX_SIZE */
 284:Middlewares/Third_Party/LwIP/src/netif/slipif.c ****   if ((priv->p != NULL) && (priv->recved <= SLIP_MAX_SIZE)) {
 292              		.loc 1 284 3 is_stmt 1 view .LVU73
 293              		.loc 1 284 12 is_stmt 0 view .LVU74
 294 0022 6068     		ldr	r0, [r4, #4]
 295              		.loc 1 284 6 view .LVU75
 296 0024 0028     		cmp	r0, #0
 297 0026 61D0     		beq	.L24
 298              		.loc 1 284 33 discriminator 1 view .LVU76
 299 0028 228A     		ldrh	r2, [r4, #16]
 300              		.loc 1 284 25 discriminator 1 view .LVU77
 301 002a 40F2DC53 		movw	r3, #1500
 302 002e 9A42     		cmp	r2, r3
 303 0030 5BD8     		bhi	.L40
 285:Middlewares/Third_Party/LwIP/src/netif/slipif.c ****     ((u8_t *)priv->p->payload)[priv->i] = c;
 304              		.loc 1 285 5 is_stmt 1 view .LVU78
 305              		.loc 1 285 21 is_stmt 0 view .LVU79
 306 0032 4268     		ldr	r2, [r0, #4]
 307              		.loc 1 285 36 view .LVU80
 308 0034 E389     		ldrh	r3, [r4, #14]
 309              		.loc 1 285 41 view .LVU81
 310 0036 D554     		strb	r5, [r2, r3]
 286:Middlewares/Third_Party/LwIP/src/netif/slipif.c ****     priv->recved++;
 311              		.loc 1 286 5 is_stmt 1 view .LVU82
 312              		.loc 1 286 9 is_stmt 0 view .LVU83
 313 0038 238A     		ldrh	r3, [r4, #16]
 314              		.loc 1 286 17 view .LVU84
 315 003a 0133     		adds	r3, r3, #1
 316 003c 2382     		strh	r3, [r4, #16]	@ movhi
 287:Middlewares/Third_Party/LwIP/src/netif/slipif.c ****     priv->i++;
 317              		.loc 1 287 5 is_stmt 1 view .LVU85
 318              		.loc 1 287 9 is_stmt 0 view .LVU86
 319 003e E389     		ldrh	r3, [r4, #14]
 320              		.loc 1 287 12 view .LVU87
 321 0040 0133     		adds	r3, r3, #1
 322 0042 9BB2     		uxth	r3, r3
ARM GAS  /tmp/cctAVnoP.s 			page 12


 323 0044 E381     		strh	r3, [r4, #14]	@ movhi
 288:Middlewares/Third_Party/LwIP/src/netif/slipif.c ****     if (priv->i >= priv->p->len) {
 324              		.loc 1 288 5 is_stmt 1 view .LVU88
 325              		.loc 1 288 24 is_stmt 0 view .LVU89
 326 0046 6268     		ldr	r2, [r4, #4]
 327              		.loc 1 288 27 view .LVU90
 328 0048 5189     		ldrh	r1, [r2, #10]
 329              		.loc 1 288 8 view .LVU91
 330 004a 8B42     		cmp	r3, r1
 331 004c 4FD3     		bcc	.L41
 289:Middlewares/Third_Party/LwIP/src/netif/slipif.c ****       /* on to the next pbuf */
 290:Middlewares/Third_Party/LwIP/src/netif/slipif.c ****       priv->i = 0;
 332              		.loc 1 290 7 is_stmt 1 view .LVU92
 333              		.loc 1 290 15 is_stmt 0 view .LVU93
 334 004e 0023     		movs	r3, #0
 335 0050 E381     		strh	r3, [r4, #14]	@ movhi
 291:Middlewares/Third_Party/LwIP/src/netif/slipif.c ****       if (priv->p->next != NULL && priv->p->next->len > 0) {
 336              		.loc 1 291 7 is_stmt 1 view .LVU94
 337              		.loc 1 291 18 is_stmt 0 view .LVU95
 338 0052 1368     		ldr	r3, [r2]
 339              		.loc 1 291 10 view .LVU96
 340 0054 002B     		cmp	r3, #0
 341 0056 45D0     		beq	.L36
 342              		.loc 1 291 49 discriminator 1 view .LVU97
 343 0058 5A89     		ldrh	r2, [r3, #10]
 344              		.loc 1 291 33 discriminator 1 view .LVU98
 345 005a 002A     		cmp	r2, #0
 346 005c 42D0     		beq	.L36
 292:Middlewares/Third_Party/LwIP/src/netif/slipif.c ****         /* p is a chain, on to the next in the chain */
 293:Middlewares/Third_Party/LwIP/src/netif/slipif.c ****           priv->p = priv->p->next;
 347              		.loc 1 293 11 is_stmt 1 view .LVU99
 348              		.loc 1 293 19 is_stmt 0 view .LVU100
 349 005e 6360     		str	r3, [r4, #4]
 294:Middlewares/Third_Party/LwIP/src/netif/slipif.c ****       } else {
 295:Middlewares/Third_Party/LwIP/src/netif/slipif.c ****         /* p is a single pbuf, set it to NULL so next time a new
 296:Middlewares/Third_Party/LwIP/src/netif/slipif.c ****          * pbuf is allocated */
 297:Middlewares/Third_Party/LwIP/src/netif/slipif.c ****           priv->p = NULL;
 298:Middlewares/Third_Party/LwIP/src/netif/slipif.c ****       }
 299:Middlewares/Third_Party/LwIP/src/netif/slipif.c ****     }
 300:Middlewares/Third_Party/LwIP/src/netif/slipif.c ****   }
 301:Middlewares/Third_Party/LwIP/src/netif/slipif.c ****   return NULL;
 350              		.loc 1 301 10 view .LVU101
 351 0060 0020     		movs	r0, #0
 293:Middlewares/Third_Party/LwIP/src/netif/slipif.c ****       } else {
 352              		.loc 1 293 19 view .LVU102
 353 0062 43E0     		b	.L24
 354              	.LVL31:
 355              	.L43:
 212:Middlewares/Third_Party/LwIP/src/netif/slipif.c ****   LWIP_ASSERT("netif->state != NULL", (netif->state != NULL));
 356              		.loc 1 212 3 is_stmt 1 discriminator 1 view .LVU103
 212:Middlewares/Third_Party/LwIP/src/netif/slipif.c ****   LWIP_ASSERT("netif->state != NULL", (netif->state != NULL));
 357              		.loc 1 212 3 discriminator 1 view .LVU104
 358 0064 234B     		ldr	r3, .L47
 359 0066 D422     		movs	r2, #212
 360 0068 2349     		ldr	r1, .L47+4
 361              	.LVL32:
 212:Middlewares/Third_Party/LwIP/src/netif/slipif.c ****   LWIP_ASSERT("netif->state != NULL", (netif->state != NULL));
ARM GAS  /tmp/cctAVnoP.s 			page 13


 362              		.loc 1 212 3 is_stmt 0 discriminator 1 view .LVU105
 363 006a 2448     		ldr	r0, .L47+8
 364              	.LVL33:
 212:Middlewares/Third_Party/LwIP/src/netif/slipif.c ****   LWIP_ASSERT("netif->state != NULL", (netif->state != NULL));
 365              		.loc 1 212 3 discriminator 1 view .LVU106
 366 006c FFF7FEFF 		bl	printf
 367              	.LVL34:
 368 0070 CBE7     		b	.L25
 369              	.L44:
 213:Middlewares/Third_Party/LwIP/src/netif/slipif.c **** 
 370              		.loc 1 213 3 is_stmt 1 discriminator 1 view .LVU107
 213:Middlewares/Third_Party/LwIP/src/netif/slipif.c **** 
 371              		.loc 1 213 3 discriminator 1 view .LVU108
 372 0072 204B     		ldr	r3, .L47
 373 0074 D522     		movs	r2, #213
 374 0076 2249     		ldr	r1, .L47+12
 375 0078 2048     		ldr	r0, .L47+8
 376 007a FFF7FEFF 		bl	printf
 377              	.LVL35:
 378 007e C7E7     		b	.L26
 379              	.LVL36:
 380              	.L27:
 219:Middlewares/Third_Party/LwIP/src/netif/slipif.c ****     case SLIP_END:
 381              		.loc 1 219 5 view .LVU109
 382 0080 C02D     		cmp	r5, #192
 383 0082 05D0     		beq	.L30
 384 0084 DB2D     		cmp	r5, #219
 385 0086 C9D1     		bne	.L29
 236:Middlewares/Third_Party/LwIP/src/netif/slipif.c ****       return NULL;
 386              		.loc 1 236 7 view .LVU110
 236:Middlewares/Third_Party/LwIP/src/netif/slipif.c ****       return NULL;
 387              		.loc 1 236 19 is_stmt 0 view .LVU111
 388 0088 0123     		movs	r3, #1
 389 008a 2373     		strb	r3, [r4, #12]
 237:Middlewares/Third_Party/LwIP/src/netif/slipif.c ****     default:
 390              		.loc 1 237 7 is_stmt 1 view .LVU112
 237:Middlewares/Third_Party/LwIP/src/netif/slipif.c ****     default:
 391              		.loc 1 237 14 is_stmt 0 view .LVU113
 392 008c 0020     		movs	r0, #0
 393 008e 2DE0     		b	.L24
 394              	.L30:
 221:Middlewares/Third_Party/LwIP/src/netif/slipif.c ****         /* Received whole packet. */
 395              		.loc 1 221 7 is_stmt 1 view .LVU114
 221:Middlewares/Third_Party/LwIP/src/netif/slipif.c ****         /* Received whole packet. */
 396              		.loc 1 221 15 is_stmt 0 view .LVU115
 397 0090 218A     		ldrh	r1, [r4, #16]
 221:Middlewares/Third_Party/LwIP/src/netif/slipif.c ****         /* Received whole packet. */
 398              		.loc 1 221 10 view .LVU116
 399 0092 09B9     		cbnz	r1, .L46
 234:Middlewares/Third_Party/LwIP/src/netif/slipif.c ****     case SLIP_ESC:
 400              		.loc 1 234 14 view .LVU117
 401 0094 0020     		movs	r0, #0
 402 0096 29E0     		b	.L24
 403              	.L46:
 224:Middlewares/Third_Party/LwIP/src/netif/slipif.c **** 
 404              		.loc 1 224 9 is_stmt 1 view .LVU118
 405 0098 A068     		ldr	r0, [r4, #8]
ARM GAS  /tmp/cctAVnoP.s 			page 14


 406 009a FFF7FEFF 		bl	pbuf_realloc
 407              	.LVL37:
 226:Middlewares/Third_Party/LwIP/src/netif/slipif.c **** 
 408              		.loc 1 226 34 view .LVU119
 228:Middlewares/Third_Party/LwIP/src/netif/slipif.c ****         t = priv->q;
 409              		.loc 1 228 89 view .LVU120
 229:Middlewares/Third_Party/LwIP/src/netif/slipif.c ****         priv->p = priv->q = NULL;
 410              		.loc 1 229 9 view .LVU121
 229:Middlewares/Third_Party/LwIP/src/netif/slipif.c ****         priv->p = priv->q = NULL;
 411              		.loc 1 229 11 is_stmt 0 view .LVU122
 412 009e A068     		ldr	r0, [r4, #8]
 413              	.LVL38:
 230:Middlewares/Third_Party/LwIP/src/netif/slipif.c ****         priv->i = priv->recved = 0;
 414              		.loc 1 230 9 is_stmt 1 view .LVU123
 230:Middlewares/Third_Party/LwIP/src/netif/slipif.c ****         priv->i = priv->recved = 0;
 415              		.loc 1 230 27 is_stmt 0 view .LVU124
 416 00a0 0023     		movs	r3, #0
 417 00a2 A360     		str	r3, [r4, #8]
 230:Middlewares/Third_Party/LwIP/src/netif/slipif.c ****         priv->i = priv->recved = 0;
 418              		.loc 1 230 17 view .LVU125
 419 00a4 6360     		str	r3, [r4, #4]
 231:Middlewares/Third_Party/LwIP/src/netif/slipif.c ****         return t;
 420              		.loc 1 231 9 is_stmt 1 view .LVU126
 231:Middlewares/Third_Party/LwIP/src/netif/slipif.c ****         return t;
 421              		.loc 1 231 32 is_stmt 0 view .LVU127
 422 00a6 2382     		strh	r3, [r4, #16]	@ movhi
 231:Middlewares/Third_Party/LwIP/src/netif/slipif.c ****         return t;
 423              		.loc 1 231 17 view .LVU128
 424 00a8 E381     		strh	r3, [r4, #14]	@ movhi
 232:Middlewares/Third_Party/LwIP/src/netif/slipif.c ****       }
 425              		.loc 1 232 9 is_stmt 1 view .LVU129
 232:Middlewares/Third_Party/LwIP/src/netif/slipif.c ****       }
 426              		.loc 1 232 16 is_stmt 0 view .LVU130
 427 00aa 1FE0     		b	.L24
 428              	.LVL39:
 429              	.L28:
 245:Middlewares/Third_Party/LwIP/src/netif/slipif.c ****     case SLIP_ESC_END:
 430              		.loc 1 245 5 is_stmt 1 view .LVU131
 431 00ac DC2D     		cmp	r5, #220
 432 00ae 04D0     		beq	.L38
 433 00b0 DD2D     		cmp	r5, #221
 434 00b2 04D0     		beq	.L39
 435              	.L33:
 436              	.LVL40:
 255:Middlewares/Third_Party/LwIP/src/netif/slipif.c ****     break;
 437              		.loc 1 255 5 view .LVU132
 255:Middlewares/Third_Party/LwIP/src/netif/slipif.c ****     break;
 438              		.loc 1 255 17 is_stmt 0 view .LVU133
 439 00b4 0023     		movs	r3, #0
 440 00b6 2373     		strb	r3, [r4, #12]
 256:Middlewares/Third_Party/LwIP/src/netif/slipif.c ****   default:
 441              		.loc 1 256 5 is_stmt 1 view .LVU134
 442 00b8 B0E7     		b	.L29
 443              	.LVL41:
 444              	.L38:
 247:Middlewares/Third_Party/LwIP/src/netif/slipif.c ****       break;
 445              		.loc 1 247 9 is_stmt 0 view .LVU135
ARM GAS  /tmp/cctAVnoP.s 			page 15


 446 00ba C025     		movs	r5, #192
 447 00bc FAE7     		b	.L33
 448              	.L39:
 250:Middlewares/Third_Party/LwIP/src/netif/slipif.c ****       break;
 449              		.loc 1 250 9 view .LVU136
 450 00be DB25     		movs	r5, #219
 451 00c0 F8E7     		b	.L33
 452              	.LVL42:
 453              	.L45:
 264:Middlewares/Third_Party/LwIP/src/netif/slipif.c ****     priv->p = pbuf_alloc(PBUF_LINK, (PBUF_POOL_BUFSIZE - PBUF_LINK_HLEN - PBUF_LINK_ENCAPSULATION_H
 454              		.loc 1 264 55 is_stmt 1 view .LVU137
 265:Middlewares/Third_Party/LwIP/src/netif/slipif.c **** 
 455              		.loc 1 265 5 view .LVU138
 265:Middlewares/Third_Party/LwIP/src/netif/slipif.c **** 
 456              		.loc 1 265 15 is_stmt 0 view .LVU139
 457 00c2 0322     		movs	r2, #3
 458 00c4 40F24221 		movw	r1, #578
 459 00c8 0220     		movs	r0, #2
 460 00ca FFF7FEFF 		bl	pbuf_alloc
 461              	.LVL43:
 265:Middlewares/Third_Party/LwIP/src/netif/slipif.c **** 
 462              		.loc 1 265 13 view .LVU140
 463 00ce 6060     		str	r0, [r4, #4]
 267:Middlewares/Third_Party/LwIP/src/netif/slipif.c ****       LINK_STATS_INC(link.drop);
 464              		.loc 1 267 5 is_stmt 1 view .LVU141
 267:Middlewares/Third_Party/LwIP/src/netif/slipif.c ****       LINK_STATS_INC(link.drop);
 465              		.loc 1 267 8 is_stmt 0 view .LVU142
 466 00d0 60B1     		cbz	r0, .L24
 274:Middlewares/Third_Party/LwIP/src/netif/slipif.c ****       /* 'chain' the pbuf to the existing chain */
 467              		.loc 1 274 5 is_stmt 1 view .LVU143
 274:Middlewares/Third_Party/LwIP/src/netif/slipif.c ****       /* 'chain' the pbuf to the existing chain */
 468              		.loc 1 274 13 is_stmt 0 view .LVU144
 469 00d2 A368     		ldr	r3, [r4, #8]
 274:Middlewares/Third_Party/LwIP/src/netif/slipif.c ****       /* 'chain' the pbuf to the existing chain */
 470              		.loc 1 274 8 view .LVU145
 471 00d4 23B1     		cbz	r3, .L35
 276:Middlewares/Third_Party/LwIP/src/netif/slipif.c ****     } else {
 472              		.loc 1 276 7 is_stmt 1 view .LVU146
 473 00d6 0146     		mov	r1, r0
 474 00d8 1846     		mov	r0, r3
 475 00da FFF7FEFF 		bl	pbuf_cat
 476              	.LVL44:
 477 00de A0E7     		b	.L34
 478              	.L35:
 279:Middlewares/Third_Party/LwIP/src/netif/slipif.c ****     }
 479              		.loc 1 279 7 view .LVU147
 279:Middlewares/Third_Party/LwIP/src/netif/slipif.c ****     }
 480              		.loc 1 279 15 is_stmt 0 view .LVU148
 481 00e0 A060     		str	r0, [r4, #8]
 482 00e2 9EE7     		b	.L34
 483              	.L36:
 297:Middlewares/Third_Party/LwIP/src/netif/slipif.c ****       }
 484              		.loc 1 297 11 is_stmt 1 view .LVU149
 297:Middlewares/Third_Party/LwIP/src/netif/slipif.c ****       }
 485              		.loc 1 297 19 is_stmt 0 view .LVU150
 486 00e4 0020     		movs	r0, #0
 487 00e6 6060     		str	r0, [r4, #4]
ARM GAS  /tmp/cctAVnoP.s 			page 16


 488 00e8 00E0     		b	.L24
 489              	.L40:
 490              		.loc 1 301 10 view .LVU151
 491 00ea 0020     		movs	r0, #0
 492              	.LVL45:
 493              	.L24:
 302:Middlewares/Third_Party/LwIP/src/netif/slipif.c **** }
 494              		.loc 1 302 1 view .LVU152
 495 00ec 38BD     		pop	{r3, r4, r5, pc}
 496              	.LVL46:
 497              	.L41:
 301:Middlewares/Third_Party/LwIP/src/netif/slipif.c **** }
 498              		.loc 1 301 10 view .LVU153
 499 00ee 0020     		movs	r0, #0
 500 00f0 FCE7     		b	.L24
 501              	.L48:
 502 00f2 00BF     		.align	2
 503              	.L47:
 504 00f4 00000000 		.word	.LC0
 505 00f8 30000000 		.word	.LC1
 506 00fc 40000000 		.word	.LC2
 507 0100 68000000 		.word	.LC3
 508              		.cfi_endproc
 509              	.LFE162:
 511              		.section	.text.slipif_rxbyte_input,"ax",%progbits
 512              		.align	1
 513              		.syntax unified
 514              		.thumb
 515              		.thumb_func
 516              		.fpu fpv5-sp-d16
 518              	slipif_rxbyte_input:
 519              	.LVL47:
 520              	.LFB163:
 303:Middlewares/Third_Party/LwIP/src/netif/slipif.c **** 
 304:Middlewares/Third_Party/LwIP/src/netif/slipif.c **** /** Like slipif_rxbyte, but passes completed packets to netif->input
 305:Middlewares/Third_Party/LwIP/src/netif/slipif.c ****  *
 306:Middlewares/Third_Party/LwIP/src/netif/slipif.c ****  * @param netif The lwip network interface structure for this slipif
 307:Middlewares/Third_Party/LwIP/src/netif/slipif.c ****  * @param c received character
 308:Middlewares/Third_Party/LwIP/src/netif/slipif.c ****  */
 309:Middlewares/Third_Party/LwIP/src/netif/slipif.c **** static void
 310:Middlewares/Third_Party/LwIP/src/netif/slipif.c **** slipif_rxbyte_input(struct netif *netif, u8_t c)
 311:Middlewares/Third_Party/LwIP/src/netif/slipif.c **** {
 521              		.loc 1 311 1 is_stmt 1 view -0
 522              		.cfi_startproc
 523              		@ args = 0, pretend = 0, frame = 0
 524              		@ frame_needed = 0, uses_anonymous_args = 0
 525              		.loc 1 311 1 is_stmt 0 view .LVU155
 526 0000 38B5     		push	{r3, r4, r5, lr}
 527              	.LCFI3:
 528              		.cfi_def_cfa_offset 16
 529              		.cfi_offset 3, -16
 530              		.cfi_offset 4, -12
 531              		.cfi_offset 5, -8
 532              		.cfi_offset 14, -4
 533 0002 0446     		mov	r4, r0
 312:Middlewares/Third_Party/LwIP/src/netif/slipif.c ****   struct pbuf *p;
 534              		.loc 1 312 3 is_stmt 1 view .LVU156
ARM GAS  /tmp/cctAVnoP.s 			page 17


 313:Middlewares/Third_Party/LwIP/src/netif/slipif.c ****   p = slipif_rxbyte(netif, c);
 535              		.loc 1 313 3 view .LVU157
 536              		.loc 1 313 7 is_stmt 0 view .LVU158
 537 0004 FFF7FEFF 		bl	slipif_rxbyte
 538              	.LVL48:
 314:Middlewares/Third_Party/LwIP/src/netif/slipif.c ****   if (p != NULL) {
 539              		.loc 1 314 3 is_stmt 1 view .LVU159
 540              		.loc 1 314 6 is_stmt 0 view .LVU160
 541 0008 20B1     		cbz	r0, .L49
 542 000a 0546     		mov	r5, r0
 315:Middlewares/Third_Party/LwIP/src/netif/slipif.c ****     if (netif->input(p, netif) != ERR_OK) {
 543              		.loc 1 315 5 is_stmt 1 view .LVU161
 544              		.loc 1 315 14 is_stmt 0 view .LVU162
 545 000c 2369     		ldr	r3, [r4, #16]
 546              		.loc 1 315 9 view .LVU163
 547 000e 2146     		mov	r1, r4
 548 0010 9847     		blx	r3
 549              	.LVL49:
 550              		.loc 1 315 8 view .LVU164
 551 0012 00B9     		cbnz	r0, .L52
 552              	.LVL50:
 553              	.L49:
 316:Middlewares/Third_Party/LwIP/src/netif/slipif.c ****       pbuf_free(p);
 317:Middlewares/Third_Party/LwIP/src/netif/slipif.c ****     }
 318:Middlewares/Third_Party/LwIP/src/netif/slipif.c ****   }
 319:Middlewares/Third_Party/LwIP/src/netif/slipif.c **** }
 554              		.loc 1 319 1 view .LVU165
 555 0014 38BD     		pop	{r3, r4, r5, pc}
 556              	.LVL51:
 557              	.L52:
 316:Middlewares/Third_Party/LwIP/src/netif/slipif.c ****       pbuf_free(p);
 558              		.loc 1 316 7 is_stmt 1 view .LVU166
 559 0016 2846     		mov	r0, r5
 560 0018 FFF7FEFF 		bl	pbuf_free
 561              	.LVL52:
 562              		.loc 1 319 1 is_stmt 0 view .LVU167
 563 001c FAE7     		b	.L49
 564              		.cfi_endproc
 565              	.LFE163:
 567              		.section	.text.slipif_init,"ax",%progbits
 568              		.align	1
 569              		.global	slipif_init
 570              		.syntax unified
 571              		.thumb
 572              		.thumb_func
 573              		.fpu fpv5-sp-d16
 575              	slipif_init:
 576              	.LVL53:
 577              	.LFB164:
 320:Middlewares/Third_Party/LwIP/src/netif/slipif.c **** 
 321:Middlewares/Third_Party/LwIP/src/netif/slipif.c **** #if SLIP_USE_RX_THREAD
 322:Middlewares/Third_Party/LwIP/src/netif/slipif.c **** /**
 323:Middlewares/Third_Party/LwIP/src/netif/slipif.c ****  * The SLIP input thread.
 324:Middlewares/Third_Party/LwIP/src/netif/slipif.c ****  *
 325:Middlewares/Third_Party/LwIP/src/netif/slipif.c ****  * Feed the IP layer with incoming packets
 326:Middlewares/Third_Party/LwIP/src/netif/slipif.c ****  *
 327:Middlewares/Third_Party/LwIP/src/netif/slipif.c ****  * @param nf the lwip network interface structure for this slipif
ARM GAS  /tmp/cctAVnoP.s 			page 18


 328:Middlewares/Third_Party/LwIP/src/netif/slipif.c ****  */
 329:Middlewares/Third_Party/LwIP/src/netif/slipif.c **** static void
 330:Middlewares/Third_Party/LwIP/src/netif/slipif.c **** slipif_loop_thread(void *nf)
 331:Middlewares/Third_Party/LwIP/src/netif/slipif.c **** {
 332:Middlewares/Third_Party/LwIP/src/netif/slipif.c ****   u8_t c;
 333:Middlewares/Third_Party/LwIP/src/netif/slipif.c ****   struct netif *netif = (struct netif *)nf;
 334:Middlewares/Third_Party/LwIP/src/netif/slipif.c ****   struct slipif_priv *priv = (struct slipif_priv *)netif->state;
 335:Middlewares/Third_Party/LwIP/src/netif/slipif.c **** 
 336:Middlewares/Third_Party/LwIP/src/netif/slipif.c ****   while (1) {
 337:Middlewares/Third_Party/LwIP/src/netif/slipif.c ****     if (sio_read(priv->sd, &c, 1) > 0) {
 338:Middlewares/Third_Party/LwIP/src/netif/slipif.c ****       slipif_rxbyte_input(netif, c);
 339:Middlewares/Third_Party/LwIP/src/netif/slipif.c ****     }
 340:Middlewares/Third_Party/LwIP/src/netif/slipif.c ****   }
 341:Middlewares/Third_Party/LwIP/src/netif/slipif.c **** }
 342:Middlewares/Third_Party/LwIP/src/netif/slipif.c **** #endif /* SLIP_USE_RX_THREAD */
 343:Middlewares/Third_Party/LwIP/src/netif/slipif.c **** 
 344:Middlewares/Third_Party/LwIP/src/netif/slipif.c **** /**
 345:Middlewares/Third_Party/LwIP/src/netif/slipif.c ****  * SLIP netif initialization
 346:Middlewares/Third_Party/LwIP/src/netif/slipif.c ****  *
 347:Middlewares/Third_Party/LwIP/src/netif/slipif.c ****  * Call the arch specific sio_open and remember
 348:Middlewares/Third_Party/LwIP/src/netif/slipif.c ****  * the opened device in the state field of the netif.
 349:Middlewares/Third_Party/LwIP/src/netif/slipif.c ****  *
 350:Middlewares/Third_Party/LwIP/src/netif/slipif.c ****  * @param netif the lwip network interface structure for this slipif
 351:Middlewares/Third_Party/LwIP/src/netif/slipif.c ****  * @return ERR_OK if serial line could be opened,
 352:Middlewares/Third_Party/LwIP/src/netif/slipif.c ****  *         ERR_MEM if no memory could be allocated,
 353:Middlewares/Third_Party/LwIP/src/netif/slipif.c ****  *         ERR_IF is serial line couldn't be opened
 354:Middlewares/Third_Party/LwIP/src/netif/slipif.c ****  *
 355:Middlewares/Third_Party/LwIP/src/netif/slipif.c ****  * @note netif->num must contain the number of the serial port to open
 356:Middlewares/Third_Party/LwIP/src/netif/slipif.c ****  *       (0 by default). If netif->state is != NULL, it is interpreted as an
 357:Middlewares/Third_Party/LwIP/src/netif/slipif.c ****  *       u8_t pointer pointing to the serial port number instead of netif->num.
 358:Middlewares/Third_Party/LwIP/src/netif/slipif.c ****  *
 359:Middlewares/Third_Party/LwIP/src/netif/slipif.c ****  */
 360:Middlewares/Third_Party/LwIP/src/netif/slipif.c **** err_t
 361:Middlewares/Third_Party/LwIP/src/netif/slipif.c **** slipif_init(struct netif *netif)
 362:Middlewares/Third_Party/LwIP/src/netif/slipif.c **** {
 578              		.loc 1 362 1 is_stmt 1 view -0
 579              		.cfi_startproc
 580              		@ args = 0, pretend = 0, frame = 0
 581              		@ frame_needed = 0, uses_anonymous_args = 0
 582              		.loc 1 362 1 is_stmt 0 view .LVU169
 583 0000 38B5     		push	{r3, r4, r5, lr}
 584              	.LCFI4:
 585              		.cfi_def_cfa_offset 16
 586              		.cfi_offset 3, -16
 587              		.cfi_offset 4, -12
 588              		.cfi_offset 5, -8
 589              		.cfi_offset 14, -4
 590 0002 0546     		mov	r5, r0
 363:Middlewares/Third_Party/LwIP/src/netif/slipif.c ****   struct slipif_priv *priv;
 591              		.loc 1 363 3 is_stmt 1 view .LVU170
 364:Middlewares/Third_Party/LwIP/src/netif/slipif.c ****   u8_t sio_num;
 592              		.loc 1 364 3 view .LVU171
 365:Middlewares/Third_Party/LwIP/src/netif/slipif.c **** 
 366:Middlewares/Third_Party/LwIP/src/netif/slipif.c ****   LWIP_DEBUGF(SLIP_DEBUG, ("slipif_init: netif->num=%"U16_F"\n", (u16_t)netif->num));
 593              		.loc 1 366 85 view .LVU172
 367:Middlewares/Third_Party/LwIP/src/netif/slipif.c **** 
 368:Middlewares/Third_Party/LwIP/src/netif/slipif.c ****   /* Allocate private data */
ARM GAS  /tmp/cctAVnoP.s 			page 19


 369:Middlewares/Third_Party/LwIP/src/netif/slipif.c ****   priv = (struct slipif_priv *)mem_malloc(sizeof(struct slipif_priv));
 594              		.loc 1 369 3 view .LVU173
 595              		.loc 1 369 32 is_stmt 0 view .LVU174
 596 0004 1420     		movs	r0, #20
 597              	.LVL54:
 598              		.loc 1 369 32 view .LVU175
 599 0006 FFF7FEFF 		bl	mem_malloc
 600              	.LVL55:
 370:Middlewares/Third_Party/LwIP/src/netif/slipif.c ****   if (!priv) {
 601              		.loc 1 370 3 is_stmt 1 view .LVU176
 602              		.loc 1 370 6 is_stmt 0 view .LVU177
 603 000a 18B3     		cbz	r0, .L58
 604 000c 0446     		mov	r4, r0
 371:Middlewares/Third_Party/LwIP/src/netif/slipif.c ****     return ERR_MEM;
 372:Middlewares/Third_Party/LwIP/src/netif/slipif.c ****   }
 373:Middlewares/Third_Party/LwIP/src/netif/slipif.c **** 
 374:Middlewares/Third_Party/LwIP/src/netif/slipif.c ****   netif->name[0] = 's';
 605              		.loc 1 374 3 is_stmt 1 view .LVU178
 606              		.loc 1 374 18 is_stmt 0 view .LVU179
 607 000e 7323     		movs	r3, #115
 608 0010 85F83030 		strb	r3, [r5, #48]
 375:Middlewares/Third_Party/LwIP/src/netif/slipif.c ****   netif->name[1] = 'l';
 609              		.loc 1 375 3 is_stmt 1 view .LVU180
 610              		.loc 1 375 18 is_stmt 0 view .LVU181
 611 0014 6C23     		movs	r3, #108
 612 0016 85F83130 		strb	r3, [r5, #49]
 376:Middlewares/Third_Party/LwIP/src/netif/slipif.c **** #if LWIP_IPV4
 377:Middlewares/Third_Party/LwIP/src/netif/slipif.c ****   netif->output = slipif_output_v4;
 613              		.loc 1 377 3 is_stmt 1 view .LVU182
 614              		.loc 1 377 17 is_stmt 0 view .LVU183
 615 001a 104B     		ldr	r3, .L61
 616 001c 6B61     		str	r3, [r5, #20]
 378:Middlewares/Third_Party/LwIP/src/netif/slipif.c **** #endif /* LWIP_IPV4 */
 379:Middlewares/Third_Party/LwIP/src/netif/slipif.c **** #if LWIP_IPV6
 380:Middlewares/Third_Party/LwIP/src/netif/slipif.c ****   netif->output_ip6 = slipif_output_v6;
 381:Middlewares/Third_Party/LwIP/src/netif/slipif.c **** #endif /* LWIP_IPV6 */
 382:Middlewares/Third_Party/LwIP/src/netif/slipif.c ****   netif->mtu = SLIP_MAX_SIZE;
 617              		.loc 1 382 3 is_stmt 1 view .LVU184
 618              		.loc 1 382 14 is_stmt 0 view .LVU185
 619 001e 40F2DC53 		movw	r3, #1500
 620 0022 EB84     		strh	r3, [r5, #38]	@ movhi
 383:Middlewares/Third_Party/LwIP/src/netif/slipif.c **** 
 384:Middlewares/Third_Party/LwIP/src/netif/slipif.c ****   /* netif->state or netif->num contain the port number */
 385:Middlewares/Third_Party/LwIP/src/netif/slipif.c ****   if (netif->state != NULL) {
 621              		.loc 1 385 3 is_stmt 1 view .LVU186
 622              		.loc 1 385 12 is_stmt 0 view .LVU187
 623 0024 EB69     		ldr	r3, [r5, #28]
 624              		.loc 1 385 6 view .LVU188
 625 0026 63B1     		cbz	r3, .L55
 386:Middlewares/Third_Party/LwIP/src/netif/slipif.c ****     sio_num = *(u8_t*)netif->state;
 626              		.loc 1 386 5 is_stmt 1 view .LVU189
 627              		.loc 1 386 13 is_stmt 0 view .LVU190
 628 0028 1878     		ldrb	r0, [r3]	@ zero_extendqisi2
 629              	.LVL56:
 630              	.L56:
 387:Middlewares/Third_Party/LwIP/src/netif/slipif.c ****   } else {
 388:Middlewares/Third_Party/LwIP/src/netif/slipif.c ****     sio_num = netif->num;
ARM GAS  /tmp/cctAVnoP.s 			page 20


 389:Middlewares/Third_Party/LwIP/src/netif/slipif.c ****   }
 390:Middlewares/Third_Party/LwIP/src/netif/slipif.c ****   /* Try to open the serial port. */
 391:Middlewares/Third_Party/LwIP/src/netif/slipif.c ****   priv->sd = sio_open(sio_num);
 631              		.loc 1 391 3 is_stmt 1 view .LVU191
 632              		.loc 1 391 14 is_stmt 0 view .LVU192
 633 002a FFF7FEFF 		bl	sio_open
 634              	.LVL57:
 635              		.loc 1 391 12 view .LVU193
 636 002e 2060     		str	r0, [r4]
 392:Middlewares/Third_Party/LwIP/src/netif/slipif.c ****   if (!priv->sd) {
 637              		.loc 1 392 3 is_stmt 1 view .LVU194
 638              		.loc 1 392 6 is_stmt 0 view .LVU195
 639 0030 50B1     		cbz	r0, .L60
 393:Middlewares/Third_Party/LwIP/src/netif/slipif.c ****     /* Opening the serial port failed. */
 394:Middlewares/Third_Party/LwIP/src/netif/slipif.c ****     mem_free(priv);
 395:Middlewares/Third_Party/LwIP/src/netif/slipif.c ****     return ERR_IF;
 396:Middlewares/Third_Party/LwIP/src/netif/slipif.c ****   }
 397:Middlewares/Third_Party/LwIP/src/netif/slipif.c **** 
 398:Middlewares/Third_Party/LwIP/src/netif/slipif.c ****   /* Initialize private data */
 399:Middlewares/Third_Party/LwIP/src/netif/slipif.c ****   priv->p = NULL;
 640              		.loc 1 399 3 is_stmt 1 view .LVU196
 641              		.loc 1 399 11 is_stmt 0 view .LVU197
 642 0032 0020     		movs	r0, #0
 643 0034 6060     		str	r0, [r4, #4]
 400:Middlewares/Third_Party/LwIP/src/netif/slipif.c ****   priv->q = NULL;
 644              		.loc 1 400 3 is_stmt 1 view .LVU198
 645              		.loc 1 400 11 is_stmt 0 view .LVU199
 646 0036 A060     		str	r0, [r4, #8]
 401:Middlewares/Third_Party/LwIP/src/netif/slipif.c ****   priv->state = SLIP_RECV_NORMAL;
 647              		.loc 1 401 3 is_stmt 1 view .LVU200
 648              		.loc 1 401 15 is_stmt 0 view .LVU201
 649 0038 2073     		strb	r0, [r4, #12]
 402:Middlewares/Third_Party/LwIP/src/netif/slipif.c ****   priv->i = 0;
 650              		.loc 1 402 3 is_stmt 1 view .LVU202
 651              		.loc 1 402 11 is_stmt 0 view .LVU203
 652 003a E081     		strh	r0, [r4, #14]	@ movhi
 403:Middlewares/Third_Party/LwIP/src/netif/slipif.c ****   priv->recved = 0;
 653              		.loc 1 403 3 is_stmt 1 view .LVU204
 654              		.loc 1 403 16 is_stmt 0 view .LVU205
 655 003c 2082     		strh	r0, [r4, #16]	@ movhi
 404:Middlewares/Third_Party/LwIP/src/netif/slipif.c **** #if SLIP_RX_FROM_ISR
 405:Middlewares/Third_Party/LwIP/src/netif/slipif.c ****   priv->rxpackets = NULL;
 406:Middlewares/Third_Party/LwIP/src/netif/slipif.c **** #endif
 407:Middlewares/Third_Party/LwIP/src/netif/slipif.c **** 
 408:Middlewares/Third_Party/LwIP/src/netif/slipif.c ****   netif->state = priv;
 656              		.loc 1 408 3 is_stmt 1 view .LVU206
 657              		.loc 1 408 16 is_stmt 0 view .LVU207
 658 003e EC61     		str	r4, [r5, #28]
 409:Middlewares/Third_Party/LwIP/src/netif/slipif.c **** 
 410:Middlewares/Third_Party/LwIP/src/netif/slipif.c ****   /* initialize the snmp variables and counters inside the struct netif */
 411:Middlewares/Third_Party/LwIP/src/netif/slipif.c ****   MIB2_INIT_NETIF(netif, snmp_ifType_slip, SLIP_SIO_SPEED(priv->sd));
 659              		.loc 1 411 69 is_stmt 1 view .LVU208
 412:Middlewares/Third_Party/LwIP/src/netif/slipif.c **** 
 413:Middlewares/Third_Party/LwIP/src/netif/slipif.c **** #if SLIP_USE_RX_THREAD
 414:Middlewares/Third_Party/LwIP/src/netif/slipif.c ****   /* Create a thread to poll the serial line. */
 415:Middlewares/Third_Party/LwIP/src/netif/slipif.c ****   sys_thread_new(SLIPIF_THREAD_NAME, slipif_loop_thread, netif,
 416:Middlewares/Third_Party/LwIP/src/netif/slipif.c ****     SLIPIF_THREAD_STACKSIZE, SLIPIF_THREAD_PRIO);
ARM GAS  /tmp/cctAVnoP.s 			page 21


 417:Middlewares/Third_Party/LwIP/src/netif/slipif.c **** #endif /* SLIP_USE_RX_THREAD */
 418:Middlewares/Third_Party/LwIP/src/netif/slipif.c ****   return ERR_OK;
 660              		.loc 1 418 3 view .LVU209
 661              	.LVL58:
 662              	.L54:
 419:Middlewares/Third_Party/LwIP/src/netif/slipif.c **** }
 663              		.loc 1 419 1 is_stmt 0 view .LVU210
 664 0040 38BD     		pop	{r3, r4, r5, pc}
 665              	.LVL59:
 666              	.L55:
 388:Middlewares/Third_Party/LwIP/src/netif/slipif.c ****   }
 667              		.loc 1 388 5 is_stmt 1 view .LVU211
 388:Middlewares/Third_Party/LwIP/src/netif/slipif.c ****   }
 668              		.loc 1 388 13 is_stmt 0 view .LVU212
 669 0042 95F83200 		ldrb	r0, [r5, #50]	@ zero_extendqisi2
 670              	.LVL60:
 388:Middlewares/Third_Party/LwIP/src/netif/slipif.c ****   }
 671              		.loc 1 388 13 view .LVU213
 672 0046 F0E7     		b	.L56
 673              	.LVL61:
 674              	.L60:
 394:Middlewares/Third_Party/LwIP/src/netif/slipif.c ****     return ERR_IF;
 675              		.loc 1 394 5 is_stmt 1 view .LVU214
 676 0048 2046     		mov	r0, r4
 677 004a FFF7FEFF 		bl	mem_free
 678              	.LVL62:
 395:Middlewares/Third_Party/LwIP/src/netif/slipif.c ****   }
 679              		.loc 1 395 5 view .LVU215
 395:Middlewares/Third_Party/LwIP/src/netif/slipif.c ****   }
 680              		.loc 1 395 12 is_stmt 0 view .LVU216
 681 004e 6FF00B00 		mvn	r0, #11
 682 0052 F5E7     		b	.L54
 683              	.LVL63:
 684              	.L58:
 371:Middlewares/Third_Party/LwIP/src/netif/slipif.c ****   }
 685              		.loc 1 371 12 view .LVU217
 686 0054 4FF0FF30 		mov	r0, #-1
 687              	.LVL64:
 371:Middlewares/Third_Party/LwIP/src/netif/slipif.c ****   }
 688              		.loc 1 371 12 view .LVU218
 689 0058 F2E7     		b	.L54
 690              	.L62:
 691 005a 00BF     		.align	2
 692              	.L61:
 693 005c 00000000 		.word	slipif_output_v4
 694              		.cfi_endproc
 695              	.LFE164:
 697              		.section	.text.slipif_poll,"ax",%progbits
 698              		.align	1
 699              		.global	slipif_poll
 700              		.syntax unified
 701              		.thumb
 702              		.thumb_func
 703              		.fpu fpv5-sp-d16
 705              	slipif_poll:
 706              	.LVL65:
 707              	.LFB165:
ARM GAS  /tmp/cctAVnoP.s 			page 22


 420:Middlewares/Third_Party/LwIP/src/netif/slipif.c **** 
 421:Middlewares/Third_Party/LwIP/src/netif/slipif.c **** /**
 422:Middlewares/Third_Party/LwIP/src/netif/slipif.c ****  * Polls the serial device and feeds the IP layer with incoming packets.
 423:Middlewares/Third_Party/LwIP/src/netif/slipif.c ****  *
 424:Middlewares/Third_Party/LwIP/src/netif/slipif.c ****  * @param netif The lwip network interface structure for this slipif
 425:Middlewares/Third_Party/LwIP/src/netif/slipif.c ****  */
 426:Middlewares/Third_Party/LwIP/src/netif/slipif.c **** void
 427:Middlewares/Third_Party/LwIP/src/netif/slipif.c **** slipif_poll(struct netif *netif)
 428:Middlewares/Third_Party/LwIP/src/netif/slipif.c **** {
 708              		.loc 1 428 1 is_stmt 1 view -0
 709              		.cfi_startproc
 710              		@ args = 0, pretend = 0, frame = 8
 711              		@ frame_needed = 0, uses_anonymous_args = 0
 712              		.loc 1 428 1 is_stmt 0 view .LVU220
 713 0000 30B5     		push	{r4, r5, lr}
 714              	.LCFI5:
 715              		.cfi_def_cfa_offset 12
 716              		.cfi_offset 4, -12
 717              		.cfi_offset 5, -8
 718              		.cfi_offset 14, -4
 719 0002 83B0     		sub	sp, sp, #12
 720              	.LCFI6:
 721              		.cfi_def_cfa_offset 24
 429:Middlewares/Third_Party/LwIP/src/netif/slipif.c ****   u8_t c;
 722              		.loc 1 429 3 is_stmt 1 view .LVU221
 430:Middlewares/Third_Party/LwIP/src/netif/slipif.c ****   struct slipif_priv *priv;
 723              		.loc 1 430 3 view .LVU222
 431:Middlewares/Third_Party/LwIP/src/netif/slipif.c **** 
 432:Middlewares/Third_Party/LwIP/src/netif/slipif.c ****   LWIP_ASSERT("netif != NULL", (netif != NULL));
 724              		.loc 1 432 3 view .LVU223
 725              		.loc 1 432 3 view .LVU224
 726 0004 0446     		mov	r4, r0
 727 0006 78B1     		cbz	r0, .L69
 728              	.LVL66:
 729              	.L64:
 433:Middlewares/Third_Party/LwIP/src/netif/slipif.c ****   LWIP_ASSERT("netif->state != NULL", (netif->state != NULL));
 730              		.loc 1 433 3 view .LVU225
 731              		.loc 1 433 3 view .LVU226
 732 0008 E369     		ldr	r3, [r4, #28]
 733 000a ABB1     		cbz	r3, .L70
 734              	.L65:
 434:Middlewares/Third_Party/LwIP/src/netif/slipif.c **** 
 435:Middlewares/Third_Party/LwIP/src/netif/slipif.c ****   priv = (struct slipif_priv *)netif->state;
 735              		.loc 1 435 3 view .LVU227
 736              		.loc 1 435 8 is_stmt 0 view .LVU228
 737 000c E569     		ldr	r5, [r4, #28]
 738              	.LVL67:
 436:Middlewares/Third_Party/LwIP/src/netif/slipif.c **** 
 437:Middlewares/Third_Party/LwIP/src/netif/slipif.c ****   while (sio_tryread(priv->sd, &c, 1) > 0) {
 739              		.loc 1 437 3 is_stmt 1 view .LVU229
 740              	.L66:
 741              		.loc 1 437 10 is_stmt 0 view .LVU230
 742 000e 0122     		movs	r2, #1
 743 0010 0DF10701 		add	r1, sp, #7
 744 0014 2868     		ldr	r0, [r5]
 745 0016 FFF7FEFF 		bl	sio_tryread
 746              	.LVL68:
ARM GAS  /tmp/cctAVnoP.s 			page 23


 747              		.loc 1 437 9 view .LVU231
 748 001a A8B1     		cbz	r0, .L71
 438:Middlewares/Third_Party/LwIP/src/netif/slipif.c ****     slipif_rxbyte_input(netif, c);
 749              		.loc 1 438 5 is_stmt 1 view .LVU232
 750 001c 9DF80710 		ldrb	r1, [sp, #7]	@ zero_extendqisi2
 751 0020 2046     		mov	r0, r4
 752 0022 FFF7FEFF 		bl	slipif_rxbyte_input
 753              	.LVL69:
 754 0026 F2E7     		b	.L66
 755              	.LVL70:
 756              	.L69:
 432:Middlewares/Third_Party/LwIP/src/netif/slipif.c ****   LWIP_ASSERT("netif->state != NULL", (netif->state != NULL));
 757              		.loc 1 432 3 discriminator 1 view .LVU233
 432:Middlewares/Third_Party/LwIP/src/netif/slipif.c ****   LWIP_ASSERT("netif->state != NULL", (netif->state != NULL));
 758              		.loc 1 432 3 discriminator 1 view .LVU234
 759 0028 084B     		ldr	r3, .L72
 760 002a 4FF4D872 		mov	r2, #432
 761 002e 0849     		ldr	r1, .L72+4
 762 0030 0848     		ldr	r0, .L72+8
 763              	.LVL71:
 432:Middlewares/Third_Party/LwIP/src/netif/slipif.c ****   LWIP_ASSERT("netif->state != NULL", (netif->state != NULL));
 764              		.loc 1 432 3 is_stmt 0 discriminator 1 view .LVU235
 765 0032 FFF7FEFF 		bl	printf
 766              	.LVL72:
 767 0036 E7E7     		b	.L64
 768              	.L70:
 433:Middlewares/Third_Party/LwIP/src/netif/slipif.c **** 
 769              		.loc 1 433 3 is_stmt 1 discriminator 1 view .LVU236
 433:Middlewares/Third_Party/LwIP/src/netif/slipif.c **** 
 770              		.loc 1 433 3 discriminator 1 view .LVU237
 771 0038 044B     		ldr	r3, .L72
 772 003a 40F2B112 		movw	r2, #433
 773 003e 0649     		ldr	r1, .L72+12
 774 0040 0448     		ldr	r0, .L72+8
 775 0042 FFF7FEFF 		bl	printf
 776              	.LVL73:
 777 0046 E1E7     		b	.L65
 778              	.LVL74:
 779              	.L71:
 439:Middlewares/Third_Party/LwIP/src/netif/slipif.c ****   }
 440:Middlewares/Third_Party/LwIP/src/netif/slipif.c **** }
 780              		.loc 1 440 1 is_stmt 0 view .LVU238
 781 0048 03B0     		add	sp, sp, #12
 782              	.LCFI7:
 783              		.cfi_def_cfa_offset 12
 784              		@ sp needed
 785 004a 30BD     		pop	{r4, r5, pc}
 786              	.LVL75:
 787              	.L73:
 788              		.loc 1 440 1 view .LVU239
 789              		.align	2
 790              	.L72:
 791 004c 00000000 		.word	.LC0
 792 0050 30000000 		.word	.LC1
 793 0054 40000000 		.word	.LC2
 794 0058 68000000 		.word	.LC3
 795              		.cfi_endproc
ARM GAS  /tmp/cctAVnoP.s 			page 24


 796              	.LFE165:
 798              		.section	.rodata.slipif_output.str1.4,"aMS",%progbits,1
 799              		.align	2
 800              	.LC0:
 801 0000 4D696464 		.ascii	"Middlewares/Third_Party/LwIP/src/netif/slipif.c\000"
 801      6C657761 
 801      7265732F 
 801      54686972 
 801      645F5061 
 802              	.LC1:
 803 0030 6E657469 		.ascii	"netif != NULL\000"
 803      6620213D 
 803      204E554C 
 803      4C00
 804 003e 0000     		.space	2
 805              	.LC2:
 806 0040 41737365 		.ascii	"Assertion \"%s\" failed at line %d in %s\012\000"
 806      7274696F 
 806      6E202225 
 806      73222066 
 806      61696C65 
 807              	.LC3:
 808 0068 6E657469 		.ascii	"netif->state != NULL\000"
 808      662D3E73 
 808      74617465 
 808      20213D20 
 808      4E554C4C 
 809 007d 000000   		.space	3
 810              	.LC4:
 811 0080 7020213D 		.ascii	"p != NULL\000"
 811      204E554C 
 811      4C00
 812              		.text
 813              	.Letext0:
 814              		.file 2 "/usr/arm-none-eabi/include/machine/_default_types.h"
 815              		.file 3 "/usr/arm-none-eabi/include/sys/_stdint.h"
 816              		.file 4 "Drivers/CMSIS/Include/core_cm7.h"
 817              		.file 5 "Drivers/CMSIS/Device/ST/STM32F7xx/Include/system_stm32f7xx.h"
 818              		.file 6 "/usr/arm-none-eabi/include/sys/lock.h"
 819              		.file 7 "/usr/arm-none-eabi/include/sys/_types.h"
 820              		.file 8 "/usr/lib/gcc/arm-none-eabi/8.3.0/include/stddef.h"
 821              		.file 9 "/usr/arm-none-eabi/include/sys/reent.h"
 822              		.file 10 "/usr/arm-none-eabi/include/stdlib.h"
 823              		.file 11 "/usr/arm-none-eabi/include/time.h"
 824              		.file 12 "Middlewares/Third_Party/LwIP/src/include/lwip/arch.h"
 825              		.file 13 "Middlewares/Third_Party/LwIP/src/include/lwip/err.h"
 826              		.file 14 "Middlewares/Third_Party/LwIP/src/include/lwip/ip4_addr.h"
 827              		.file 15 "Middlewares/Third_Party/LwIP/src/include/lwip/ip_addr.h"
 828              		.file 16 "Middlewares/Third_Party/LwIP/src/include/lwip/pbuf.h"
 829              		.file 17 "Middlewares/Third_Party/LwIP/src/include/lwip/priv/memp_priv.h"
 830              		.file 18 "Middlewares/Third_Party/LwIP/src/include/lwip/memp.h"
 831              		.file 19 "Middlewares/Third_Party/LwIP/src/include/lwip/netif.h"
 832              		.file 20 "Middlewares/Third_Party/LwIP/src/include/lwip/sio.h"
 833              		.file 21 "/usr/arm-none-eabi/include/stdio.h"
 834              		.file 22 "Middlewares/Third_Party/LwIP/src/include/lwip/mem.h"
ARM GAS  /tmp/cctAVnoP.s 			page 25


DEFINED SYMBOLS
                            *ABS*:0000000000000000 slipif.c
     /tmp/cctAVnoP.s:18     .text.slipif_output:0000000000000000 $t
     /tmp/cctAVnoP.s:25     .text.slipif_output:0000000000000000 slipif_output
     /tmp/cctAVnoP.s:195    .text.slipif_output:0000000000000098 $d
     /tmp/cctAVnoP.s:204    .text.slipif_output_v4:0000000000000000 $t
     /tmp/cctAVnoP.s:210    .text.slipif_output_v4:0000000000000000 slipif_output_v4
     /tmp/cctAVnoP.s:234    .text.slipif_rxbyte:0000000000000000 $t
     /tmp/cctAVnoP.s:240    .text.slipif_rxbyte:0000000000000000 slipif_rxbyte
     /tmp/cctAVnoP.s:504    .text.slipif_rxbyte:00000000000000f4 $d
     /tmp/cctAVnoP.s:512    .text.slipif_rxbyte_input:0000000000000000 $t
     /tmp/cctAVnoP.s:518    .text.slipif_rxbyte_input:0000000000000000 slipif_rxbyte_input
     /tmp/cctAVnoP.s:568    .text.slipif_init:0000000000000000 $t
     /tmp/cctAVnoP.s:575    .text.slipif_init:0000000000000000 slipif_init
     /tmp/cctAVnoP.s:693    .text.slipif_init:000000000000005c $d
     /tmp/cctAVnoP.s:698    .text.slipif_poll:0000000000000000 $t
     /tmp/cctAVnoP.s:705    .text.slipif_poll:0000000000000000 slipif_poll
     /tmp/cctAVnoP.s:791    .text.slipif_poll:000000000000004c $d
     /tmp/cctAVnoP.s:799    .rodata.slipif_output.str1.4:0000000000000000 $d

UNDEFINED SYMBOLS
sio_send
printf
pbuf_realloc
pbuf_alloc
pbuf_cat
pbuf_free
mem_malloc
sio_open
mem_free
sio_tryread
