ARM GAS  /tmp/ccT7ApZJ.s 			page 1


   1              		.cpu cortex-m7
   2              		.eabi_attribute 27, 1
   3              		.eabi_attribute 28, 1
   4              		.eabi_attribute 20, 1
   5              		.eabi_attribute 21, 1
   6              		.eabi_attribute 23, 3
   7              		.eabi_attribute 24, 1
   8              		.eabi_attribute 25, 1
   9              		.eabi_attribute 26, 1
  10              		.eabi_attribute 30, 1
  11              		.eabi_attribute 34, 1
  12              		.eabi_attribute 18, 4
  13              		.file	"stm32f7xx_hal_timebase_TIM.c"
  14              		.text
  15              	.Ltext0:
  16              		.cfi_sections	.debug_frame
  17              		.section	.text.HAL_InitTick,"ax",%progbits
  18              		.align	1
  19              		.global	HAL_InitTick
  20              		.arch armv7e-m
  21              		.syntax unified
  22              		.thumb
  23              		.thumb_func
  24              		.fpu fpv5-sp-d16
  26              	HAL_InitTick:
  27              	.LVL0:
  28              	.LFB138:
  29              		.file 1 "Src/stm32f7xx_hal_timebase_TIM.c"
   1:Src/stm32f7xx_hal_timebase_TIM.c **** /**
   2:Src/stm32f7xx_hal_timebase_TIM.c ****   ******************************************************************************
   3:Src/stm32f7xx_hal_timebase_TIM.c ****   * @file    stm32f7xx_hal_timebase_TIM.c 
   4:Src/stm32f7xx_hal_timebase_TIM.c ****   * @brief   HAL time base based on the hardware TIM.
   5:Src/stm32f7xx_hal_timebase_TIM.c ****   ******************************************************************************
   6:Src/stm32f7xx_hal_timebase_TIM.c ****   * This notice applies to any and all portions of this file
   7:Src/stm32f7xx_hal_timebase_TIM.c ****   * that are not between comment pairs USER CODE BEGIN and
   8:Src/stm32f7xx_hal_timebase_TIM.c ****   * USER CODE END. Other portions of this file, whether 
   9:Src/stm32f7xx_hal_timebase_TIM.c ****   * inserted by the user or by software development tools
  10:Src/stm32f7xx_hal_timebase_TIM.c ****   * are owned by their respective copyright owners.
  11:Src/stm32f7xx_hal_timebase_TIM.c ****   *
  12:Src/stm32f7xx_hal_timebase_TIM.c ****   * Copyright (c) 2019 STMicroelectronics International N.V. 
  13:Src/stm32f7xx_hal_timebase_TIM.c ****   * All rights reserved.
  14:Src/stm32f7xx_hal_timebase_TIM.c ****   *
  15:Src/stm32f7xx_hal_timebase_TIM.c ****   * Redistribution and use in source and binary forms, with or without 
  16:Src/stm32f7xx_hal_timebase_TIM.c ****   * modification, are permitted, provided that the following conditions are met:
  17:Src/stm32f7xx_hal_timebase_TIM.c ****   *
  18:Src/stm32f7xx_hal_timebase_TIM.c ****   * 1. Redistribution of source code must retain the above copyright notice, 
  19:Src/stm32f7xx_hal_timebase_TIM.c ****   *    this list of conditions and the following disclaimer.
  20:Src/stm32f7xx_hal_timebase_TIM.c ****   * 2. Redistributions in binary form must reproduce the above copyright notice,
  21:Src/stm32f7xx_hal_timebase_TIM.c ****   *    this list of conditions and the following disclaimer in the documentation
  22:Src/stm32f7xx_hal_timebase_TIM.c ****   *    and/or other materials provided with the distribution.
  23:Src/stm32f7xx_hal_timebase_TIM.c ****   * 3. Neither the name of STMicroelectronics nor the names of other 
  24:Src/stm32f7xx_hal_timebase_TIM.c ****   *    contributors to this software may be used to endorse or promote products 
  25:Src/stm32f7xx_hal_timebase_TIM.c ****   *    derived from this software without specific written permission.
  26:Src/stm32f7xx_hal_timebase_TIM.c ****   * 4. This software, including modifications and/or derivative works of this 
  27:Src/stm32f7xx_hal_timebase_TIM.c ****   *    software, must execute solely and exclusively on microcontroller or
  28:Src/stm32f7xx_hal_timebase_TIM.c ****   *    microprocessor devices manufactured by or for STMicroelectronics.
  29:Src/stm32f7xx_hal_timebase_TIM.c ****   * 5. Redistribution and use of this software other than as permitted under 
ARM GAS  /tmp/ccT7ApZJ.s 			page 2


  30:Src/stm32f7xx_hal_timebase_TIM.c ****   *    this license is void and will automatically terminate your rights under 
  31:Src/stm32f7xx_hal_timebase_TIM.c ****   *    this license. 
  32:Src/stm32f7xx_hal_timebase_TIM.c ****   *
  33:Src/stm32f7xx_hal_timebase_TIM.c ****   * THIS SOFTWARE IS PROVIDED BY STMICROELECTRONICS AND CONTRIBUTORS "AS IS" 
  34:Src/stm32f7xx_hal_timebase_TIM.c ****   * AND ANY EXPRESS, IMPLIED OR STATUTORY WARRANTIES, INCLUDING, BUT NOT 
  35:Src/stm32f7xx_hal_timebase_TIM.c ****   * LIMITED TO, THE IMPLIED WARRANTIES OF MERCHANTABILITY, FITNESS FOR A 
  36:Src/stm32f7xx_hal_timebase_TIM.c ****   * PARTICULAR PURPOSE AND NON-INFRINGEMENT OF THIRD PARTY INTELLECTUAL PROPERTY
  37:Src/stm32f7xx_hal_timebase_TIM.c ****   * RIGHTS ARE DISCLAIMED TO THE FULLEST EXTENT PERMITTED BY LAW. IN NO EVENT 
  38:Src/stm32f7xx_hal_timebase_TIM.c ****   * SHALL STMICROELECTRONICS OR CONTRIBUTORS BE LIABLE FOR ANY DIRECT, INDIRECT,
  39:Src/stm32f7xx_hal_timebase_TIM.c ****   * INCIDENTAL, SPECIAL, EXEMPLARY, OR CONSEQUENTIAL DAMAGES (INCLUDING, BUT NOT
  40:Src/stm32f7xx_hal_timebase_TIM.c ****   * LIMITED TO, PROCUREMENT OF SUBSTITUTE GOODS OR SERVICES; LOSS OF USE, DATA, 
  41:Src/stm32f7xx_hal_timebase_TIM.c ****   * OR PROFITS; OR BUSINESS INTERRUPTION) HOWEVER CAUSED AND ON ANY THEORY OF 
  42:Src/stm32f7xx_hal_timebase_TIM.c ****   * LIABILITY, WHETHER IN CONTRACT, STRICT LIABILITY, OR TORT (INCLUDING 
  43:Src/stm32f7xx_hal_timebase_TIM.c ****   * NEGLIGENCE OR OTHERWISE) ARISING IN ANY WAY OUT OF THE USE OF THIS SOFTWARE,
  44:Src/stm32f7xx_hal_timebase_TIM.c ****   * EVEN IF ADVISED OF THE POSSIBILITY OF SUCH DAMAGE.
  45:Src/stm32f7xx_hal_timebase_TIM.c ****   *
  46:Src/stm32f7xx_hal_timebase_TIM.c ****   ******************************************************************************
  47:Src/stm32f7xx_hal_timebase_TIM.c ****   */
  48:Src/stm32f7xx_hal_timebase_TIM.c **** 
  49:Src/stm32f7xx_hal_timebase_TIM.c **** /* Includes ------------------------------------------------------------------*/
  50:Src/stm32f7xx_hal_timebase_TIM.c **** #include "stm32f7xx_hal.h"
  51:Src/stm32f7xx_hal_timebase_TIM.c **** #include "stm32f7xx_hal_tim.h"
  52:Src/stm32f7xx_hal_timebase_TIM.c **** /** @addtogroup STM32F7xx_HAL_Examples
  53:Src/stm32f7xx_hal_timebase_TIM.c ****   * @{
  54:Src/stm32f7xx_hal_timebase_TIM.c ****   */
  55:Src/stm32f7xx_hal_timebase_TIM.c **** 
  56:Src/stm32f7xx_hal_timebase_TIM.c **** /** @addtogroup HAL_TimeBase
  57:Src/stm32f7xx_hal_timebase_TIM.c ****   * @{
  58:Src/stm32f7xx_hal_timebase_TIM.c ****   */ 
  59:Src/stm32f7xx_hal_timebase_TIM.c **** 
  60:Src/stm32f7xx_hal_timebase_TIM.c **** /* Private typedef -----------------------------------------------------------*/
  61:Src/stm32f7xx_hal_timebase_TIM.c **** /* Private define ------------------------------------------------------------*/
  62:Src/stm32f7xx_hal_timebase_TIM.c **** /* Private macro -------------------------------------------------------------*/
  63:Src/stm32f7xx_hal_timebase_TIM.c **** /* Private variables ---------------------------------------------------------*/
  64:Src/stm32f7xx_hal_timebase_TIM.c **** TIM_HandleTypeDef        htim6; 
  65:Src/stm32f7xx_hal_timebase_TIM.c **** uint32_t                 uwIncrementState = 0;
  66:Src/stm32f7xx_hal_timebase_TIM.c **** /* Private function prototypes -----------------------------------------------*/
  67:Src/stm32f7xx_hal_timebase_TIM.c **** /* Private functions ---------------------------------------------------------*/
  68:Src/stm32f7xx_hal_timebase_TIM.c **** 
  69:Src/stm32f7xx_hal_timebase_TIM.c **** /**
  70:Src/stm32f7xx_hal_timebase_TIM.c ****   * @brief  This function configures the TIM6 as a time base source. 
  71:Src/stm32f7xx_hal_timebase_TIM.c ****   *         The time source is configured  to have 1ms time base with a dedicated 
  72:Src/stm32f7xx_hal_timebase_TIM.c ****   *         Tick interrupt priority. 
  73:Src/stm32f7xx_hal_timebase_TIM.c ****   * @note   This function is called  automatically at the beginning of program after
  74:Src/stm32f7xx_hal_timebase_TIM.c ****   *         reset by HAL_Init() or at any time when clock is configured, by HAL_RCC_ClockConfig(). 
  75:Src/stm32f7xx_hal_timebase_TIM.c ****   * @param  TickPriority: Tick interrupt priorty.
  76:Src/stm32f7xx_hal_timebase_TIM.c ****   * @retval HAL status
  77:Src/stm32f7xx_hal_timebase_TIM.c ****   */
  78:Src/stm32f7xx_hal_timebase_TIM.c **** HAL_StatusTypeDef HAL_InitTick(uint32_t TickPriority)
  79:Src/stm32f7xx_hal_timebase_TIM.c **** {
  30              		.loc 1 79 1 view -0
  31              		.cfi_startproc
  32              		@ args = 0, pretend = 0, frame = 32
  33              		@ frame_needed = 0, uses_anonymous_args = 0
  34              		.loc 1 79 1 is_stmt 0 view .LVU1
  35 0000 00B5     		push	{lr}
  36              	.LCFI0:
ARM GAS  /tmp/ccT7ApZJ.s 			page 3


  37              		.cfi_def_cfa_offset 4
  38              		.cfi_offset 14, -4
  39 0002 89B0     		sub	sp, sp, #36
  40              	.LCFI1:
  41              		.cfi_def_cfa_offset 40
  80:Src/stm32f7xx_hal_timebase_TIM.c ****   RCC_ClkInitTypeDef    clkconfig;
  42              		.loc 1 80 3 is_stmt 1 view .LVU2
  81:Src/stm32f7xx_hal_timebase_TIM.c ****   uint32_t              uwTimclock = 0;
  43              		.loc 1 81 3 view .LVU3
  44              	.LVL1:
  82:Src/stm32f7xx_hal_timebase_TIM.c ****   uint32_t              uwPrescalerValue = 0;
  45              		.loc 1 82 3 view .LVU4
  83:Src/stm32f7xx_hal_timebase_TIM.c ****   uint32_t              pFLatency;
  46              		.loc 1 83 3 view .LVU5
  84:Src/stm32f7xx_hal_timebase_TIM.c ****   
  85:Src/stm32f7xx_hal_timebase_TIM.c ****   /*Configure the TIM6 IRQ priority */
  86:Src/stm32f7xx_hal_timebase_TIM.c ****   HAL_NVIC_SetPriority(TIM6_DAC_IRQn, TickPriority ,0); 
  47              		.loc 1 86 3 view .LVU6
  48 0004 0022     		movs	r2, #0
  49 0006 0146     		mov	r1, r0
  50 0008 3620     		movs	r0, #54
  51              	.LVL2:
  52              		.loc 1 86 3 is_stmt 0 view .LVU7
  53 000a FFF7FEFF 		bl	HAL_NVIC_SetPriority
  54              	.LVL3:
  87:Src/stm32f7xx_hal_timebase_TIM.c ****   
  88:Src/stm32f7xx_hal_timebase_TIM.c ****   /* Enable the TIM6 global Interrupt */
  89:Src/stm32f7xx_hal_timebase_TIM.c ****   HAL_NVIC_EnableIRQ(TIM6_DAC_IRQn); 
  55              		.loc 1 89 3 is_stmt 1 view .LVU8
  56 000e 3620     		movs	r0, #54
  57 0010 FFF7FEFF 		bl	HAL_NVIC_EnableIRQ
  58              	.LVL4:
  90:Src/stm32f7xx_hal_timebase_TIM.c ****   
  91:Src/stm32f7xx_hal_timebase_TIM.c ****   /* Enable TIM6 clock */
  92:Src/stm32f7xx_hal_timebase_TIM.c ****   __HAL_RCC_TIM6_CLK_ENABLE();
  59              		.loc 1 92 3 view .LVU9
  60              	.LBB2:
  61              		.loc 1 92 3 view .LVU10
  62              		.loc 1 92 3 view .LVU11
  63 0014 154B     		ldr	r3, .L6
  64 0016 1A6C     		ldr	r2, [r3, #64]
  65 0018 42F01002 		orr	r2, r2, #16
  66 001c 1A64     		str	r2, [r3, #64]
  67              		.loc 1 92 3 view .LVU12
  68 001e 1B6C     		ldr	r3, [r3, #64]
  69 0020 03F01003 		and	r3, r3, #16
  70 0024 0193     		str	r3, [sp, #4]
  71              		.loc 1 92 3 view .LVU13
  72 0026 019B     		ldr	r3, [sp, #4]
  73              	.LBE2:
  93:Src/stm32f7xx_hal_timebase_TIM.c ****   
  94:Src/stm32f7xx_hal_timebase_TIM.c ****   /* Get clock configuration */
  95:Src/stm32f7xx_hal_timebase_TIM.c ****   HAL_RCC_GetClockConfig(&clkconfig, &pFLatency);
  74              		.loc 1 95 3 view .LVU14
  75 0028 02A9     		add	r1, sp, #8
  76 002a 03A8     		add	r0, sp, #12
  77 002c FFF7FEFF 		bl	HAL_RCC_GetClockConfig
ARM GAS  /tmp/ccT7ApZJ.s 			page 4


  78              	.LVL5:
  96:Src/stm32f7xx_hal_timebase_TIM.c ****   
  97:Src/stm32f7xx_hal_timebase_TIM.c ****   /* Compute TIM6 clock */
  98:Src/stm32f7xx_hal_timebase_TIM.c ****   uwTimclock = 2*HAL_RCC_GetPCLK1Freq();
  79              		.loc 1 98 3 view .LVU15
  80              		.loc 1 98 18 is_stmt 0 view .LVU16
  81 0030 FFF7FEFF 		bl	HAL_RCC_GetPCLK1Freq
  82              	.LVL6:
  83              		.loc 1 98 14 view .LVU17
  84 0034 4300     		lsls	r3, r0, #1
  85              	.LVL7:
  99:Src/stm32f7xx_hal_timebase_TIM.c ****    
 100:Src/stm32f7xx_hal_timebase_TIM.c ****   /* Compute the prescaler value to have TIM6 counter clock equal to 1MHz */
 101:Src/stm32f7xx_hal_timebase_TIM.c ****   uwPrescalerValue = (uint32_t) ((uwTimclock / 1000000) - 1);
  86              		.loc 1 101 3 is_stmt 1 view .LVU18
  87              		.loc 1 101 46 is_stmt 0 view .LVU19
  88 0036 0E48     		ldr	r0, .L6+4
  89 0038 A0FB0323 		umull	r2, r3, r0, r3
  90              	.LVL8:
  91              		.loc 1 101 46 view .LVU20
  92 003c 9B0C     		lsrs	r3, r3, #18
  93              		.loc 1 101 20 view .LVU21
  94 003e 013B     		subs	r3, r3, #1
  95              	.LVL9:
 102:Src/stm32f7xx_hal_timebase_TIM.c ****   
 103:Src/stm32f7xx_hal_timebase_TIM.c ****   /* Initialize TIM6 */
 104:Src/stm32f7xx_hal_timebase_TIM.c ****   htim6.Instance = TIM6;
  96              		.loc 1 104 3 is_stmt 1 view .LVU22
  97              		.loc 1 104 18 is_stmt 0 view .LVU23
  98 0040 0C48     		ldr	r0, .L6+8
  99 0042 0D4A     		ldr	r2, .L6+12
 100 0044 0260     		str	r2, [r0]
 105:Src/stm32f7xx_hal_timebase_TIM.c ****   
 106:Src/stm32f7xx_hal_timebase_TIM.c ****   /* Initialize TIMx peripheral as follow:
 107:Src/stm32f7xx_hal_timebase_TIM.c ****   + Period = [(TIM6CLK/1000) - 1]. to have a (1/1000) s time base.
 108:Src/stm32f7xx_hal_timebase_TIM.c ****   + Prescaler = (uwTimclock/1000000 - 1) to have a 1MHz counter clock.
 109:Src/stm32f7xx_hal_timebase_TIM.c ****   + ClockDivision = 0
 110:Src/stm32f7xx_hal_timebase_TIM.c ****   + Counter direction = Up
 111:Src/stm32f7xx_hal_timebase_TIM.c ****   */
 112:Src/stm32f7xx_hal_timebase_TIM.c ****   htim6.Init.Period = (1000000 / 1000) - 1;
 101              		.loc 1 112 3 is_stmt 1 view .LVU24
 102              		.loc 1 112 21 is_stmt 0 view .LVU25
 103 0046 40F2E732 		movw	r2, #999
 104 004a C260     		str	r2, [r0, #12]
 113:Src/stm32f7xx_hal_timebase_TIM.c ****   htim6.Init.Prescaler = uwPrescalerValue;
 105              		.loc 1 113 3 is_stmt 1 view .LVU26
 106              		.loc 1 113 24 is_stmt 0 view .LVU27
 107 004c 4360     		str	r3, [r0, #4]
 114:Src/stm32f7xx_hal_timebase_TIM.c ****   htim6.Init.ClockDivision = 0;
 108              		.loc 1 114 3 is_stmt 1 view .LVU28
 109              		.loc 1 114 28 is_stmt 0 view .LVU29
 110 004e 0023     		movs	r3, #0
 111              	.LVL10:
 112              		.loc 1 114 28 view .LVU30
 113 0050 0361     		str	r3, [r0, #16]
 115:Src/stm32f7xx_hal_timebase_TIM.c ****   htim6.Init.CounterMode = TIM_COUNTERMODE_UP;
 114              		.loc 1 115 3 is_stmt 1 view .LVU31
ARM GAS  /tmp/ccT7ApZJ.s 			page 5


 115              		.loc 1 115 26 is_stmt 0 view .LVU32
 116 0052 8360     		str	r3, [r0, #8]
 116:Src/stm32f7xx_hal_timebase_TIM.c ****   if(HAL_TIM_Base_Init(&htim6) == HAL_OK)
 117              		.loc 1 116 3 is_stmt 1 view .LVU33
 118              		.loc 1 116 6 is_stmt 0 view .LVU34
 119 0054 FFF7FEFF 		bl	HAL_TIM_Base_Init
 120              	.LVL11:
 121              		.loc 1 116 5 view .LVU35
 122 0058 18B1     		cbz	r0, .L5
 117:Src/stm32f7xx_hal_timebase_TIM.c ****   {
 118:Src/stm32f7xx_hal_timebase_TIM.c ****     /* Start the TIM time Base generation in interrupt mode */
 119:Src/stm32f7xx_hal_timebase_TIM.c ****     return HAL_TIM_Base_Start_IT(&htim6);
 120:Src/stm32f7xx_hal_timebase_TIM.c ****   }
 121:Src/stm32f7xx_hal_timebase_TIM.c ****   
 122:Src/stm32f7xx_hal_timebase_TIM.c ****   /* Return function status */
 123:Src/stm32f7xx_hal_timebase_TIM.c ****   return HAL_ERROR;
 123              		.loc 1 123 10 view .LVU36
 124 005a 0120     		movs	r0, #1
 125              	.L2:
 124:Src/stm32f7xx_hal_timebase_TIM.c **** }
 126              		.loc 1 124 1 view .LVU37
 127 005c 09B0     		add	sp, sp, #36
 128              	.LCFI2:
 129              		.cfi_remember_state
 130              		.cfi_def_cfa_offset 4
 131              		@ sp needed
 132 005e 5DF804FB 		ldr	pc, [sp], #4
 133              	.L5:
 134              	.LCFI3:
 135              		.cfi_restore_state
 119:Src/stm32f7xx_hal_timebase_TIM.c ****   }
 136              		.loc 1 119 5 is_stmt 1 view .LVU38
 119:Src/stm32f7xx_hal_timebase_TIM.c ****   }
 137              		.loc 1 119 12 is_stmt 0 view .LVU39
 138 0062 0448     		ldr	r0, .L6+8
 139 0064 FFF7FEFF 		bl	HAL_TIM_Base_Start_IT
 140              	.LVL12:
 141 0068 F8E7     		b	.L2
 142              	.L7:
 143 006a 00BF     		.align	2
 144              	.L6:
 145 006c 00380240 		.word	1073887232
 146 0070 83DE1B43 		.word	1125899907
 147 0074 00000000 		.word	htim6
 148 0078 00100040 		.word	1073745920
 149              		.cfi_endproc
 150              	.LFE138:
 152              		.section	.text.HAL_SuspendTick,"ax",%progbits
 153              		.align	1
 154              		.global	HAL_SuspendTick
 155              		.syntax unified
 156              		.thumb
 157              		.thumb_func
 158              		.fpu fpv5-sp-d16
 160              	HAL_SuspendTick:
 161              	.LFB139:
 125:Src/stm32f7xx_hal_timebase_TIM.c **** 
ARM GAS  /tmp/ccT7ApZJ.s 			page 6


 126:Src/stm32f7xx_hal_timebase_TIM.c **** /**
 127:Src/stm32f7xx_hal_timebase_TIM.c ****   * @brief  Suspend Tick increment.
 128:Src/stm32f7xx_hal_timebase_TIM.c ****   * @note   Disable the tick increment by disabling TIM6 update interrupt.
 129:Src/stm32f7xx_hal_timebase_TIM.c ****   * @param  None
 130:Src/stm32f7xx_hal_timebase_TIM.c ****   * @retval None
 131:Src/stm32f7xx_hal_timebase_TIM.c ****   */
 132:Src/stm32f7xx_hal_timebase_TIM.c **** void HAL_SuspendTick(void)
 133:Src/stm32f7xx_hal_timebase_TIM.c **** {
 162              		.loc 1 133 1 is_stmt 1 view -0
 163              		.cfi_startproc
 164              		@ args = 0, pretend = 0, frame = 0
 165              		@ frame_needed = 0, uses_anonymous_args = 0
 166              		@ link register save eliminated.
 134:Src/stm32f7xx_hal_timebase_TIM.c ****   /* Disable TIM6 update Interrupt */
 135:Src/stm32f7xx_hal_timebase_TIM.c ****   __HAL_TIM_DISABLE_IT(&htim6, TIM_IT_UPDATE);                                                  
 167              		.loc 1 135 3 view .LVU41
 168 0000 034B     		ldr	r3, .L9
 169 0002 1A68     		ldr	r2, [r3]
 170 0004 D368     		ldr	r3, [r2, #12]
 171 0006 23F00103 		bic	r3, r3, #1
 172 000a D360     		str	r3, [r2, #12]
 136:Src/stm32f7xx_hal_timebase_TIM.c **** }
 173              		.loc 1 136 1 is_stmt 0 view .LVU42
 174 000c 7047     		bx	lr
 175              	.L10:
 176 000e 00BF     		.align	2
 177              	.L9:
 178 0010 00000000 		.word	htim6
 179              		.cfi_endproc
 180              	.LFE139:
 182              		.section	.text.HAL_ResumeTick,"ax",%progbits
 183              		.align	1
 184              		.global	HAL_ResumeTick
 185              		.syntax unified
 186              		.thumb
 187              		.thumb_func
 188              		.fpu fpv5-sp-d16
 190              	HAL_ResumeTick:
 191              	.LFB140:
 137:Src/stm32f7xx_hal_timebase_TIM.c **** 
 138:Src/stm32f7xx_hal_timebase_TIM.c **** /**
 139:Src/stm32f7xx_hal_timebase_TIM.c ****   * @brief  Resume Tick increment.
 140:Src/stm32f7xx_hal_timebase_TIM.c ****   * @note   Enable the tick increment by Enabling TIM6 update interrupt.
 141:Src/stm32f7xx_hal_timebase_TIM.c ****   * @param  None
 142:Src/stm32f7xx_hal_timebase_TIM.c ****   * @retval None
 143:Src/stm32f7xx_hal_timebase_TIM.c ****   */
 144:Src/stm32f7xx_hal_timebase_TIM.c **** void HAL_ResumeTick(void)
 145:Src/stm32f7xx_hal_timebase_TIM.c **** {
 192              		.loc 1 145 1 is_stmt 1 view -0
 193              		.cfi_startproc
 194              		@ args = 0, pretend = 0, frame = 0
 195              		@ frame_needed = 0, uses_anonymous_args = 0
 196              		@ link register save eliminated.
 146:Src/stm32f7xx_hal_timebase_TIM.c ****   /* Enable TIM6 Update interrupt */
 147:Src/stm32f7xx_hal_timebase_TIM.c ****   __HAL_TIM_ENABLE_IT(&htim6, TIM_IT_UPDATE);
 197              		.loc 1 147 3 view .LVU44
 198 0000 034B     		ldr	r3, .L12
ARM GAS  /tmp/ccT7ApZJ.s 			page 7


 199 0002 1A68     		ldr	r2, [r3]
 200 0004 D368     		ldr	r3, [r2, #12]
 201 0006 43F00103 		orr	r3, r3, #1
 202 000a D360     		str	r3, [r2, #12]
 148:Src/stm32f7xx_hal_timebase_TIM.c **** }
 203              		.loc 1 148 1 is_stmt 0 view .LVU45
 204 000c 7047     		bx	lr
 205              	.L13:
 206 000e 00BF     		.align	2
 207              	.L12:
 208 0010 00000000 		.word	htim6
 209              		.cfi_endproc
 210              	.LFE140:
 212              		.global	uwIncrementState
 213              		.comm	htim6,64,4
 214              		.section	.bss.uwIncrementState,"aw",%nobits
 215              		.align	2
 218              	uwIncrementState:
 219 0000 00000000 		.space	4
 220              		.text
 221              	.Letext0:
 222              		.file 2 "/usr/arm-none-eabi/include/machine/_default_types.h"
 223              		.file 3 "/usr/arm-none-eabi/include/sys/_stdint.h"
 224              		.file 4 "Drivers/CMSIS/Include/core_cm7.h"
 225              		.file 5 "Drivers/CMSIS/Device/ST/STM32F7xx/Include/system_stm32f7xx.h"
 226              		.file 6 "Drivers/CMSIS/Device/ST/STM32F7xx/Include/stm32f746xx.h"
 227              		.file 7 "/usr/arm-none-eabi/include/sys/lock.h"
 228              		.file 8 "/usr/arm-none-eabi/include/sys/_types.h"
 229              		.file 9 "/usr/lib/gcc/arm-none-eabi/8.3.0/include/stddef.h"
 230              		.file 10 "/usr/arm-none-eabi/include/sys/reent.h"
 231              		.file 11 "Drivers/STM32F7xx_HAL_Driver/Inc/stm32f7xx_hal_def.h"
 232              		.file 12 "Drivers/STM32F7xx_HAL_Driver/Inc/stm32f7xx_hal_rcc.h"
 233              		.file 13 "Drivers/STM32F7xx_HAL_Driver/Inc/stm32f7xx_hal_dma.h"
 234              		.file 14 "Drivers/STM32F7xx_HAL_Driver/Inc/stm32f7xx_hal_tim.h"
 235              		.file 15 "Drivers/STM32F7xx_HAL_Driver/Inc/stm32f7xx_hal_cortex.h"
ARM GAS  /tmp/ccT7ApZJ.s 			page 8


DEFINED SYMBOLS
                            *ABS*:0000000000000000 stm32f7xx_hal_timebase_TIM.c
     /tmp/ccT7ApZJ.s:18     .text.HAL_InitTick:0000000000000000 $t
     /tmp/ccT7ApZJ.s:26     .text.HAL_InitTick:0000000000000000 HAL_InitTick
     /tmp/ccT7ApZJ.s:145    .text.HAL_InitTick:000000000000006c $d
                            *COM*:0000000000000040 htim6
     /tmp/ccT7ApZJ.s:153    .text.HAL_SuspendTick:0000000000000000 $t
     /tmp/ccT7ApZJ.s:160    .text.HAL_SuspendTick:0000000000000000 HAL_SuspendTick
     /tmp/ccT7ApZJ.s:178    .text.HAL_SuspendTick:0000000000000010 $d
     /tmp/ccT7ApZJ.s:183    .text.HAL_ResumeTick:0000000000000000 $t
     /tmp/ccT7ApZJ.s:190    .text.HAL_ResumeTick:0000000000000000 HAL_ResumeTick
     /tmp/ccT7ApZJ.s:208    .text.HAL_ResumeTick:0000000000000010 $d
     /tmp/ccT7ApZJ.s:218    .bss.uwIncrementState:0000000000000000 uwIncrementState
     /tmp/ccT7ApZJ.s:215    .bss.uwIncrementState:0000000000000000 $d

UNDEFINED SYMBOLS
HAL_NVIC_SetPriority
HAL_NVIC_EnableIRQ
HAL_RCC_GetClockConfig
HAL_RCC_GetPCLK1Freq
HAL_TIM_Base_Init
HAL_TIM_Base_Start_IT
