ARM GAS  /tmp/ccnjuNHN.s 			page 1


   1              		.cpu cortex-m7
   2              		.eabi_attribute 27, 1
   3              		.eabi_attribute 28, 1
   4              		.eabi_attribute 20, 1
   5              		.eabi_attribute 21, 1
   6              		.eabi_attribute 23, 3
   7              		.eabi_attribute 24, 1
   8              		.eabi_attribute 25, 1
   9              		.eabi_attribute 26, 1
  10              		.eabi_attribute 30, 1
  11              		.eabi_attribute 34, 1
  12              		.eabi_attribute 18, 4
  13              		.file	"stm32f7xx_hal_pcd_ex.c"
  14              		.text
  15              	.Ltext0:
  16              		.cfi_sections	.debug_frame
  17              		.section	.text.HAL_PCDEx_SetTxFiFo,"ax",%progbits
  18              		.align	1
  19              		.global	HAL_PCDEx_SetTxFiFo
  20              		.arch armv7e-m
  21              		.syntax unified
  22              		.thumb
  23              		.thumb_func
  24              		.fpu fpv5-sp-d16
  26              	HAL_PCDEx_SetTxFiFo:
  27              	.LVL0:
  28              	.LFB138:
  29              		.file 1 "Drivers/STM32F7xx_HAL_Driver/Src/stm32f7xx_hal_pcd_ex.c"
   1:Drivers/STM32F7xx_HAL_Driver/Src/stm32f7xx_hal_pcd_ex.c **** /**
   2:Drivers/STM32F7xx_HAL_Driver/Src/stm32f7xx_hal_pcd_ex.c ****   ******************************************************************************
   3:Drivers/STM32F7xx_HAL_Driver/Src/stm32f7xx_hal_pcd_ex.c ****   * @file    stm32f7xx_hal_pcd_ex.c
   4:Drivers/STM32F7xx_HAL_Driver/Src/stm32f7xx_hal_pcd_ex.c ****   * @author  MCD Application Team
   5:Drivers/STM32F7xx_HAL_Driver/Src/stm32f7xx_hal_pcd_ex.c ****   * @brief   PCD Extended HAL module driver.
   6:Drivers/STM32F7xx_HAL_Driver/Src/stm32f7xx_hal_pcd_ex.c ****   *          This file provides firmware functions to manage the following
   7:Drivers/STM32F7xx_HAL_Driver/Src/stm32f7xx_hal_pcd_ex.c ****   *          functionalities of the USB Peripheral Controller:
   8:Drivers/STM32F7xx_HAL_Driver/Src/stm32f7xx_hal_pcd_ex.c ****   *           + Extended features functions
   9:Drivers/STM32F7xx_HAL_Driver/Src/stm32f7xx_hal_pcd_ex.c ****   *
  10:Drivers/STM32F7xx_HAL_Driver/Src/stm32f7xx_hal_pcd_ex.c ****   ******************************************************************************
  11:Drivers/STM32F7xx_HAL_Driver/Src/stm32f7xx_hal_pcd_ex.c ****   * @attention
  12:Drivers/STM32F7xx_HAL_Driver/Src/stm32f7xx_hal_pcd_ex.c ****   *
  13:Drivers/STM32F7xx_HAL_Driver/Src/stm32f7xx_hal_pcd_ex.c ****   * <h2><center>&copy; COPYRIGHT(c) 2017 STMicroelectronics</center></h2>
  14:Drivers/STM32F7xx_HAL_Driver/Src/stm32f7xx_hal_pcd_ex.c ****   *
  15:Drivers/STM32F7xx_HAL_Driver/Src/stm32f7xx_hal_pcd_ex.c ****   * Redistribution and use in source and binary forms, with or without modification,
  16:Drivers/STM32F7xx_HAL_Driver/Src/stm32f7xx_hal_pcd_ex.c ****   * are permitted provided that the following conditions are met:
  17:Drivers/STM32F7xx_HAL_Driver/Src/stm32f7xx_hal_pcd_ex.c ****   *   1. Redistributions of source code must retain the above copyright notice,
  18:Drivers/STM32F7xx_HAL_Driver/Src/stm32f7xx_hal_pcd_ex.c ****   *      this list of conditions and the following disclaimer.
  19:Drivers/STM32F7xx_HAL_Driver/Src/stm32f7xx_hal_pcd_ex.c ****   *   2. Redistributions in binary form must reproduce the above copyright notice,
  20:Drivers/STM32F7xx_HAL_Driver/Src/stm32f7xx_hal_pcd_ex.c ****   *      this list of conditions and the following disclaimer in the documentation
  21:Drivers/STM32F7xx_HAL_Driver/Src/stm32f7xx_hal_pcd_ex.c ****   *      and/or other materials provided with the distribution.
  22:Drivers/STM32F7xx_HAL_Driver/Src/stm32f7xx_hal_pcd_ex.c ****   *   3. Neither the name of STMicroelectronics nor the names of its contributors
  23:Drivers/STM32F7xx_HAL_Driver/Src/stm32f7xx_hal_pcd_ex.c ****   *      may be used to endorse or promote products derived from this software
  24:Drivers/STM32F7xx_HAL_Driver/Src/stm32f7xx_hal_pcd_ex.c ****   *      without specific prior written permission.
  25:Drivers/STM32F7xx_HAL_Driver/Src/stm32f7xx_hal_pcd_ex.c ****   *
  26:Drivers/STM32F7xx_HAL_Driver/Src/stm32f7xx_hal_pcd_ex.c ****   * THIS SOFTWARE IS PROVIDED BY THE COPYRIGHT HOLDERS AND CONTRIBUTORS "AS IS"
  27:Drivers/STM32F7xx_HAL_Driver/Src/stm32f7xx_hal_pcd_ex.c ****   * AND ANY EXPRESS OR IMPLIED WARRANTIES, INCLUDING, BUT NOT LIMITED TO, THE
  28:Drivers/STM32F7xx_HAL_Driver/Src/stm32f7xx_hal_pcd_ex.c ****   * IMPLIED WARRANTIES OF MERCHANTABILITY AND FITNESS FOR A PARTICULAR PURPOSE ARE
  29:Drivers/STM32F7xx_HAL_Driver/Src/stm32f7xx_hal_pcd_ex.c ****   * DISCLAIMED. IN NO EVENT SHALL THE COPYRIGHT HOLDER OR CONTRIBUTORS BE LIABLE
ARM GAS  /tmp/ccnjuNHN.s 			page 2


  30:Drivers/STM32F7xx_HAL_Driver/Src/stm32f7xx_hal_pcd_ex.c ****   * FOR ANY DIRECT, INDIRECT, INCIDENTAL, SPECIAL, EXEMPLARY, OR CONSEQUENTIAL
  31:Drivers/STM32F7xx_HAL_Driver/Src/stm32f7xx_hal_pcd_ex.c ****   * DAMAGES (INCLUDING, BUT NOT LIMITED TO, PROCUREMENT OF SUBSTITUTE GOODS OR
  32:Drivers/STM32F7xx_HAL_Driver/Src/stm32f7xx_hal_pcd_ex.c ****   * SERVICES; LOSS OF USE, DATA, OR PROFITS; OR BUSINESS INTERRUPTION) HOWEVER
  33:Drivers/STM32F7xx_HAL_Driver/Src/stm32f7xx_hal_pcd_ex.c ****   * CAUSED AND ON ANY THEORY OF LIABILITY, WHETHER IN CONTRACT, STRICT LIABILITY,
  34:Drivers/STM32F7xx_HAL_Driver/Src/stm32f7xx_hal_pcd_ex.c ****   * OR TORT (INCLUDING NEGLIGENCE OR OTHERWISE) ARISING IN ANY WAY OUT OF THE USE
  35:Drivers/STM32F7xx_HAL_Driver/Src/stm32f7xx_hal_pcd_ex.c ****   * OF THIS SOFTWARE, EVEN IF ADVISED OF THE POSSIBILITY OF SUCH DAMAGE.
  36:Drivers/STM32F7xx_HAL_Driver/Src/stm32f7xx_hal_pcd_ex.c ****   *
  37:Drivers/STM32F7xx_HAL_Driver/Src/stm32f7xx_hal_pcd_ex.c ****   ******************************************************************************
  38:Drivers/STM32F7xx_HAL_Driver/Src/stm32f7xx_hal_pcd_ex.c ****   */
  39:Drivers/STM32F7xx_HAL_Driver/Src/stm32f7xx_hal_pcd_ex.c **** 
  40:Drivers/STM32F7xx_HAL_Driver/Src/stm32f7xx_hal_pcd_ex.c **** /* Includes ------------------------------------------------------------------*/
  41:Drivers/STM32F7xx_HAL_Driver/Src/stm32f7xx_hal_pcd_ex.c **** #include "stm32f7xx_hal.h"
  42:Drivers/STM32F7xx_HAL_Driver/Src/stm32f7xx_hal_pcd_ex.c **** 
  43:Drivers/STM32F7xx_HAL_Driver/Src/stm32f7xx_hal_pcd_ex.c **** /** @addtogroup STM32F7xx_HAL_Driver
  44:Drivers/STM32F7xx_HAL_Driver/Src/stm32f7xx_hal_pcd_ex.c ****   * @{
  45:Drivers/STM32F7xx_HAL_Driver/Src/stm32f7xx_hal_pcd_ex.c ****   */
  46:Drivers/STM32F7xx_HAL_Driver/Src/stm32f7xx_hal_pcd_ex.c **** 
  47:Drivers/STM32F7xx_HAL_Driver/Src/stm32f7xx_hal_pcd_ex.c **** /** @defgroup PCDEx PCDEx
  48:Drivers/STM32F7xx_HAL_Driver/Src/stm32f7xx_hal_pcd_ex.c ****   * @brief PCD Extended HAL module driver
  49:Drivers/STM32F7xx_HAL_Driver/Src/stm32f7xx_hal_pcd_ex.c ****   * @{
  50:Drivers/STM32F7xx_HAL_Driver/Src/stm32f7xx_hal_pcd_ex.c ****   */
  51:Drivers/STM32F7xx_HAL_Driver/Src/stm32f7xx_hal_pcd_ex.c **** 
  52:Drivers/STM32F7xx_HAL_Driver/Src/stm32f7xx_hal_pcd_ex.c **** #ifdef HAL_PCD_MODULE_ENABLED
  53:Drivers/STM32F7xx_HAL_Driver/Src/stm32f7xx_hal_pcd_ex.c **** 
  54:Drivers/STM32F7xx_HAL_Driver/Src/stm32f7xx_hal_pcd_ex.c **** /* Private types -------------------------------------------------------------*/
  55:Drivers/STM32F7xx_HAL_Driver/Src/stm32f7xx_hal_pcd_ex.c **** /* Private variables ---------------------------------------------------------*/
  56:Drivers/STM32F7xx_HAL_Driver/Src/stm32f7xx_hal_pcd_ex.c **** /* Private constants ---------------------------------------------------------*/
  57:Drivers/STM32F7xx_HAL_Driver/Src/stm32f7xx_hal_pcd_ex.c **** /* Private macros ------------------------------------------------------------*/
  58:Drivers/STM32F7xx_HAL_Driver/Src/stm32f7xx_hal_pcd_ex.c **** /* Private functions ---------------------------------------------------------*/
  59:Drivers/STM32F7xx_HAL_Driver/Src/stm32f7xx_hal_pcd_ex.c **** /* Exported functions --------------------------------------------------------*/
  60:Drivers/STM32F7xx_HAL_Driver/Src/stm32f7xx_hal_pcd_ex.c **** 
  61:Drivers/STM32F7xx_HAL_Driver/Src/stm32f7xx_hal_pcd_ex.c **** /** @defgroup PCDEx_Exported_Functions PCDEx Exported Functions
  62:Drivers/STM32F7xx_HAL_Driver/Src/stm32f7xx_hal_pcd_ex.c ****   * @{
  63:Drivers/STM32F7xx_HAL_Driver/Src/stm32f7xx_hal_pcd_ex.c ****   */
  64:Drivers/STM32F7xx_HAL_Driver/Src/stm32f7xx_hal_pcd_ex.c **** 
  65:Drivers/STM32F7xx_HAL_Driver/Src/stm32f7xx_hal_pcd_ex.c **** /** @defgroup PCDEx_Exported_Functions_Group1 Peripheral Control functions
  66:Drivers/STM32F7xx_HAL_Driver/Src/stm32f7xx_hal_pcd_ex.c ****   * @brief    PCDEx control functions
  67:Drivers/STM32F7xx_HAL_Driver/Src/stm32f7xx_hal_pcd_ex.c ****  *
  68:Drivers/STM32F7xx_HAL_Driver/Src/stm32f7xx_hal_pcd_ex.c **** @verbatim
  69:Drivers/STM32F7xx_HAL_Driver/Src/stm32f7xx_hal_pcd_ex.c ****  ===============================================================================
  70:Drivers/STM32F7xx_HAL_Driver/Src/stm32f7xx_hal_pcd_ex.c ****                  ##### Extended features functions #####
  71:Drivers/STM32F7xx_HAL_Driver/Src/stm32f7xx_hal_pcd_ex.c ****  ===============================================================================
  72:Drivers/STM32F7xx_HAL_Driver/Src/stm32f7xx_hal_pcd_ex.c ****     [..]  This section provides functions allowing to:
  73:Drivers/STM32F7xx_HAL_Driver/Src/stm32f7xx_hal_pcd_ex.c ****       (+) Update FIFO configuration
  74:Drivers/STM32F7xx_HAL_Driver/Src/stm32f7xx_hal_pcd_ex.c **** 
  75:Drivers/STM32F7xx_HAL_Driver/Src/stm32f7xx_hal_pcd_ex.c **** @endverbatim
  76:Drivers/STM32F7xx_HAL_Driver/Src/stm32f7xx_hal_pcd_ex.c ****   * @{
  77:Drivers/STM32F7xx_HAL_Driver/Src/stm32f7xx_hal_pcd_ex.c ****   */
  78:Drivers/STM32F7xx_HAL_Driver/Src/stm32f7xx_hal_pcd_ex.c **** #if defined (USB_OTG_FS) || defined (USB_OTG_HS)
  79:Drivers/STM32F7xx_HAL_Driver/Src/stm32f7xx_hal_pcd_ex.c **** /**
  80:Drivers/STM32F7xx_HAL_Driver/Src/stm32f7xx_hal_pcd_ex.c ****   * @brief  Set Tx FIFO
  81:Drivers/STM32F7xx_HAL_Driver/Src/stm32f7xx_hal_pcd_ex.c ****   * @param  hpcd PCD handle
  82:Drivers/STM32F7xx_HAL_Driver/Src/stm32f7xx_hal_pcd_ex.c ****   * @param  fifo The number of Tx fifo
  83:Drivers/STM32F7xx_HAL_Driver/Src/stm32f7xx_hal_pcd_ex.c ****   * @param  size Fifo size
  84:Drivers/STM32F7xx_HAL_Driver/Src/stm32f7xx_hal_pcd_ex.c ****   * @retval HAL status
  85:Drivers/STM32F7xx_HAL_Driver/Src/stm32f7xx_hal_pcd_ex.c ****   */
  86:Drivers/STM32F7xx_HAL_Driver/Src/stm32f7xx_hal_pcd_ex.c **** HAL_StatusTypeDef HAL_PCDEx_SetTxFiFo(PCD_HandleTypeDef *hpcd, uint8_t fifo, uint16_t size)
ARM GAS  /tmp/ccnjuNHN.s 			page 3


  87:Drivers/STM32F7xx_HAL_Driver/Src/stm32f7xx_hal_pcd_ex.c **** {
  30              		.loc 1 87 1 view -0
  31              		.cfi_startproc
  32              		@ args = 0, pretend = 0, frame = 0
  33              		@ frame_needed = 0, uses_anonymous_args = 0
  34              		@ link register save eliminated.
  35              		.loc 1 87 1 is_stmt 0 view .LVU1
  36 0000 30B4     		push	{r4, r5}
  37              	.LCFI0:
  38              		.cfi_def_cfa_offset 8
  39              		.cfi_offset 4, -8
  40              		.cfi_offset 5, -4
  88:Drivers/STM32F7xx_HAL_Driver/Src/stm32f7xx_hal_pcd_ex.c ****   uint8_t i;
  41              		.loc 1 88 3 is_stmt 1 view .LVU2
  89:Drivers/STM32F7xx_HAL_Driver/Src/stm32f7xx_hal_pcd_ex.c ****   uint32_t Tx_Offset;
  42              		.loc 1 89 3 view .LVU3
  90:Drivers/STM32F7xx_HAL_Driver/Src/stm32f7xx_hal_pcd_ex.c **** 
  91:Drivers/STM32F7xx_HAL_Driver/Src/stm32f7xx_hal_pcd_ex.c ****   /*  TXn min size = 16 words. (n  : Transmit FIFO index)
  92:Drivers/STM32F7xx_HAL_Driver/Src/stm32f7xx_hal_pcd_ex.c ****       When a TxFIFO is not used, the Configuration should be as follows:
  93:Drivers/STM32F7xx_HAL_Driver/Src/stm32f7xx_hal_pcd_ex.c ****           case 1 :  n > m    and Txn is not used    (n,m  : Transmit FIFO indexes)
  94:Drivers/STM32F7xx_HAL_Driver/Src/stm32f7xx_hal_pcd_ex.c ****          --> Txm can use the space allocated for Txn.
  95:Drivers/STM32F7xx_HAL_Driver/Src/stm32f7xx_hal_pcd_ex.c ****          case2  :  n < m    and Txn is not used    (n,m  : Transmit FIFO indexes)
  96:Drivers/STM32F7xx_HAL_Driver/Src/stm32f7xx_hal_pcd_ex.c ****          --> Txn should be configured with the minimum space of 16 words
  97:Drivers/STM32F7xx_HAL_Driver/Src/stm32f7xx_hal_pcd_ex.c ****      The FIFO is used optimally when used TxFIFOs are allocated in the top
  98:Drivers/STM32F7xx_HAL_Driver/Src/stm32f7xx_hal_pcd_ex.c ****          of the FIFO.Ex: use EP1 and EP2 as IN instead of EP1 and EP3 as IN ones.
  99:Drivers/STM32F7xx_HAL_Driver/Src/stm32f7xx_hal_pcd_ex.c ****      When DMA is used 3n * FIFO locations should be reserved for internal DMA registers */
 100:Drivers/STM32F7xx_HAL_Driver/Src/stm32f7xx_hal_pcd_ex.c **** 
 101:Drivers/STM32F7xx_HAL_Driver/Src/stm32f7xx_hal_pcd_ex.c ****   Tx_Offset = hpcd->Instance->GRXFSIZ;
  43              		.loc 1 101 3 view .LVU4
  44              		.loc 1 101 19 is_stmt 0 view .LVU5
  45 0002 0468     		ldr	r4, [r0]
  46              		.loc 1 101 13 view .LVU6
  47 0004 606A     		ldr	r0, [r4, #36]
  48              	.LVL1:
 102:Drivers/STM32F7xx_HAL_Driver/Src/stm32f7xx_hal_pcd_ex.c **** 
 103:Drivers/STM32F7xx_HAL_Driver/Src/stm32f7xx_hal_pcd_ex.c ****   if(fifo == 0U)
  49              		.loc 1 103 3 is_stmt 1 view .LVU7
  50              		.loc 1 103 5 is_stmt 0 view .LVU8
  51 0006 29B9     		cbnz	r1, .L2
 104:Drivers/STM32F7xx_HAL_Driver/Src/stm32f7xx_hal_pcd_ex.c ****   {
 105:Drivers/STM32F7xx_HAL_Driver/Src/stm32f7xx_hal_pcd_ex.c ****     hpcd->Instance->DIEPTXF0_HNPTXFSIZ = ((uint32_t)size << 16) | Tx_Offset;
  52              		.loc 1 105 5 is_stmt 1 view .LVU9
  53              		.loc 1 105 65 is_stmt 0 view .LVU10
  54 0008 40EA0240 		orr	r0, r0, r2, lsl #16
  55              	.LVL2:
  56              		.loc 1 105 40 view .LVU11
  57 000c A062     		str	r0, [r4, #40]
  58              	.LVL3:
  59              	.L3:
 106:Drivers/STM32F7xx_HAL_Driver/Src/stm32f7xx_hal_pcd_ex.c ****   }
 107:Drivers/STM32F7xx_HAL_Driver/Src/stm32f7xx_hal_pcd_ex.c ****   else
 108:Drivers/STM32F7xx_HAL_Driver/Src/stm32f7xx_hal_pcd_ex.c ****   {
 109:Drivers/STM32F7xx_HAL_Driver/Src/stm32f7xx_hal_pcd_ex.c ****     Tx_Offset += (hpcd->Instance->DIEPTXF0_HNPTXFSIZ) >> 16;
 110:Drivers/STM32F7xx_HAL_Driver/Src/stm32f7xx_hal_pcd_ex.c ****     for (i = 0U; i < (fifo - 1U); i++)
 111:Drivers/STM32F7xx_HAL_Driver/Src/stm32f7xx_hal_pcd_ex.c ****     {
 112:Drivers/STM32F7xx_HAL_Driver/Src/stm32f7xx_hal_pcd_ex.c ****       Tx_Offset += (hpcd->Instance->DIEPTXF[i] >> 16);
 113:Drivers/STM32F7xx_HAL_Driver/Src/stm32f7xx_hal_pcd_ex.c ****     }
ARM GAS  /tmp/ccnjuNHN.s 			page 4


 114:Drivers/STM32F7xx_HAL_Driver/Src/stm32f7xx_hal_pcd_ex.c **** 
 115:Drivers/STM32F7xx_HAL_Driver/Src/stm32f7xx_hal_pcd_ex.c ****     /* Multiply Tx_Size by 2 to get higher performance */
 116:Drivers/STM32F7xx_HAL_Driver/Src/stm32f7xx_hal_pcd_ex.c ****     hpcd->Instance->DIEPTXF[fifo - 1U] = ((uint32_t)size << 16) | Tx_Offset;
 117:Drivers/STM32F7xx_HAL_Driver/Src/stm32f7xx_hal_pcd_ex.c ****   }
 118:Drivers/STM32F7xx_HAL_Driver/Src/stm32f7xx_hal_pcd_ex.c **** 
 119:Drivers/STM32F7xx_HAL_Driver/Src/stm32f7xx_hal_pcd_ex.c ****   return HAL_OK;
  60              		.loc 1 119 3 is_stmt 1 view .LVU12
 120:Drivers/STM32F7xx_HAL_Driver/Src/stm32f7xx_hal_pcd_ex.c **** }
  61              		.loc 1 120 1 is_stmt 0 view .LVU13
  62 000e 0020     		movs	r0, #0
  63 0010 30BC     		pop	{r4, r5}
  64              	.LCFI1:
  65              		.cfi_remember_state
  66              		.cfi_restore 5
  67              		.cfi_restore 4
  68              		.cfi_def_cfa_offset 0
  69 0012 7047     		bx	lr
  70              	.LVL4:
  71              	.L2:
  72              	.LCFI2:
  73              		.cfi_restore_state
  74              		.loc 1 120 1 view .LVU14
  75 0014 0D46     		mov	r5, r1
 109:Drivers/STM32F7xx_HAL_Driver/Src/stm32f7xx_hal_pcd_ex.c ****     for (i = 0U; i < (fifo - 1U); i++)
  76              		.loc 1 109 5 is_stmt 1 view .LVU15
 109:Drivers/STM32F7xx_HAL_Driver/Src/stm32f7xx_hal_pcd_ex.c ****     for (i = 0U; i < (fifo - 1U); i++)
  77              		.loc 1 109 33 is_stmt 0 view .LVU16
  78 0016 A36A     		ldr	r3, [r4, #40]
 109:Drivers/STM32F7xx_HAL_Driver/Src/stm32f7xx_hal_pcd_ex.c ****     for (i = 0U; i < (fifo - 1U); i++)
  79              		.loc 1 109 15 view .LVU17
  80 0018 00EB1340 		add	r0, r0, r3, lsr #16
  81              	.LVL5:
 110:Drivers/STM32F7xx_HAL_Driver/Src/stm32f7xx_hal_pcd_ex.c ****     {
  82              		.loc 1 110 5 is_stmt 1 view .LVU18
 110:Drivers/STM32F7xx_HAL_Driver/Src/stm32f7xx_hal_pcd_ex.c ****     {
  83              		.loc 1 110 12 is_stmt 0 view .LVU19
  84 001c 0023     		movs	r3, #0
  85              	.LVL6:
  86              	.L4:
 110:Drivers/STM32F7xx_HAL_Driver/Src/stm32f7xx_hal_pcd_ex.c ****     {
  87              		.loc 1 110 28 discriminator 1 view .LVU20
  88 001e 691E     		subs	r1, r5, #1
 110:Drivers/STM32F7xx_HAL_Driver/Src/stm32f7xx_hal_pcd_ex.c ****     {
  89              		.loc 1 110 5 discriminator 1 view .LVU21
  90 0020 8B42     		cmp	r3, r1
  91 0022 09D2     		bcs	.L7
 112:Drivers/STM32F7xx_HAL_Driver/Src/stm32f7xx_hal_pcd_ex.c ****     }
  92              		.loc 1 112 7 is_stmt 1 discriminator 3 view .LVU22
 112:Drivers/STM32F7xx_HAL_Driver/Src/stm32f7xx_hal_pcd_ex.c ****     }
  93              		.loc 1 112 44 is_stmt 0 discriminator 3 view .LVU23
  94 0024 03F14001 		add	r1, r3, #64
  95 0028 04EB8101 		add	r1, r4, r1, lsl #2
  96 002c 4968     		ldr	r1, [r1, #4]
 112:Drivers/STM32F7xx_HAL_Driver/Src/stm32f7xx_hal_pcd_ex.c ****     }
  97              		.loc 1 112 17 discriminator 3 view .LVU24
  98 002e 00EB1140 		add	r0, r0, r1, lsr #16
  99              	.LVL7:
ARM GAS  /tmp/ccnjuNHN.s 			page 5


 110:Drivers/STM32F7xx_HAL_Driver/Src/stm32f7xx_hal_pcd_ex.c ****     {
 100              		.loc 1 110 36 discriminator 3 view .LVU25
 101 0032 0133     		adds	r3, r3, #1
 102              	.LVL8:
 110:Drivers/STM32F7xx_HAL_Driver/Src/stm32f7xx_hal_pcd_ex.c ****     {
 103              		.loc 1 110 36 discriminator 3 view .LVU26
 104 0034 DBB2     		uxtb	r3, r3
 105              	.LVL9:
 110:Drivers/STM32F7xx_HAL_Driver/Src/stm32f7xx_hal_pcd_ex.c ****     {
 106              		.loc 1 110 36 discriminator 3 view .LVU27
 107 0036 F2E7     		b	.L4
 108              	.L7:
 116:Drivers/STM32F7xx_HAL_Driver/Src/stm32f7xx_hal_pcd_ex.c ****   }
 109              		.loc 1 116 5 is_stmt 1 view .LVU28
 116:Drivers/STM32F7xx_HAL_Driver/Src/stm32f7xx_hal_pcd_ex.c ****   }
 110              		.loc 1 116 65 is_stmt 0 view .LVU29
 111 0038 40EA0240 		orr	r0, r0, r2, lsl #16
 112              	.LVL10:
 116:Drivers/STM32F7xx_HAL_Driver/Src/stm32f7xx_hal_pcd_ex.c ****   }
 113              		.loc 1 116 40 view .LVU30
 114 003c 05F13F01 		add	r1, r5, #63
 115 0040 04EB8101 		add	r1, r4, r1, lsl #2
 116 0044 4860     		str	r0, [r1, #4]
 117 0046 E2E7     		b	.L3
 118              		.cfi_endproc
 119              	.LFE138:
 121              		.section	.text.HAL_PCDEx_SetRxFiFo,"ax",%progbits
 122              		.align	1
 123              		.global	HAL_PCDEx_SetRxFiFo
 124              		.syntax unified
 125              		.thumb
 126              		.thumb_func
 127              		.fpu fpv5-sp-d16
 129              	HAL_PCDEx_SetRxFiFo:
 130              	.LVL11:
 131              	.LFB139:
 121:Drivers/STM32F7xx_HAL_Driver/Src/stm32f7xx_hal_pcd_ex.c **** 
 122:Drivers/STM32F7xx_HAL_Driver/Src/stm32f7xx_hal_pcd_ex.c **** /**
 123:Drivers/STM32F7xx_HAL_Driver/Src/stm32f7xx_hal_pcd_ex.c ****   * @brief  Set Rx FIFO
 124:Drivers/STM32F7xx_HAL_Driver/Src/stm32f7xx_hal_pcd_ex.c ****   * @param  hpcd PCD handle
 125:Drivers/STM32F7xx_HAL_Driver/Src/stm32f7xx_hal_pcd_ex.c ****   * @param  size Size of Rx fifo
 126:Drivers/STM32F7xx_HAL_Driver/Src/stm32f7xx_hal_pcd_ex.c ****   * @retval HAL status
 127:Drivers/STM32F7xx_HAL_Driver/Src/stm32f7xx_hal_pcd_ex.c ****   */
 128:Drivers/STM32F7xx_HAL_Driver/Src/stm32f7xx_hal_pcd_ex.c **** HAL_StatusTypeDef HAL_PCDEx_SetRxFiFo(PCD_HandleTypeDef *hpcd, uint16_t size)
 129:Drivers/STM32F7xx_HAL_Driver/Src/stm32f7xx_hal_pcd_ex.c **** {
 132              		.loc 1 129 1 is_stmt 1 view -0
 133              		.cfi_startproc
 134              		@ args = 0, pretend = 0, frame = 0
 135              		@ frame_needed = 0, uses_anonymous_args = 0
 136              		@ link register save eliminated.
 130:Drivers/STM32F7xx_HAL_Driver/Src/stm32f7xx_hal_pcd_ex.c ****   hpcd->Instance->GRXFSIZ = size;
 137              		.loc 1 130 3 view .LVU32
 138              		.loc 1 130 7 is_stmt 0 view .LVU33
 139 0000 0368     		ldr	r3, [r0]
 140              		.loc 1 130 27 view .LVU34
 141 0002 5962     		str	r1, [r3, #36]
 131:Drivers/STM32F7xx_HAL_Driver/Src/stm32f7xx_hal_pcd_ex.c **** 
ARM GAS  /tmp/ccnjuNHN.s 			page 6


 132:Drivers/STM32F7xx_HAL_Driver/Src/stm32f7xx_hal_pcd_ex.c ****   return HAL_OK;
 142              		.loc 1 132 3 is_stmt 1 view .LVU35
 133:Drivers/STM32F7xx_HAL_Driver/Src/stm32f7xx_hal_pcd_ex.c **** }
 143              		.loc 1 133 1 is_stmt 0 view .LVU36
 144 0004 0020     		movs	r0, #0
 145              	.LVL12:
 146              		.loc 1 133 1 view .LVU37
 147 0006 7047     		bx	lr
 148              		.cfi_endproc
 149              	.LFE139:
 151              		.section	.text.HAL_PCDEx_ActivateLPM,"ax",%progbits
 152              		.align	1
 153              		.global	HAL_PCDEx_ActivateLPM
 154              		.syntax unified
 155              		.thumb
 156              		.thumb_func
 157              		.fpu fpv5-sp-d16
 159              	HAL_PCDEx_ActivateLPM:
 160              	.LVL13:
 161              	.LFB140:
 134:Drivers/STM32F7xx_HAL_Driver/Src/stm32f7xx_hal_pcd_ex.c **** 
 135:Drivers/STM32F7xx_HAL_Driver/Src/stm32f7xx_hal_pcd_ex.c **** /**
 136:Drivers/STM32F7xx_HAL_Driver/Src/stm32f7xx_hal_pcd_ex.c ****   * @brief  Activate LPM feature.
 137:Drivers/STM32F7xx_HAL_Driver/Src/stm32f7xx_hal_pcd_ex.c ****   * @param  hpcd PCD handle
 138:Drivers/STM32F7xx_HAL_Driver/Src/stm32f7xx_hal_pcd_ex.c ****   * @retval HAL status
 139:Drivers/STM32F7xx_HAL_Driver/Src/stm32f7xx_hal_pcd_ex.c ****   */
 140:Drivers/STM32F7xx_HAL_Driver/Src/stm32f7xx_hal_pcd_ex.c **** HAL_StatusTypeDef HAL_PCDEx_ActivateLPM(PCD_HandleTypeDef *hpcd)
 141:Drivers/STM32F7xx_HAL_Driver/Src/stm32f7xx_hal_pcd_ex.c **** {
 162              		.loc 1 141 1 is_stmt 1 view -0
 163              		.cfi_startproc
 164              		@ args = 0, pretend = 0, frame = 0
 165              		@ frame_needed = 0, uses_anonymous_args = 0
 166              		@ link register save eliminated.
 167              		.loc 1 141 1 is_stmt 0 view .LVU39
 168 0000 0246     		mov	r2, r0
 142:Drivers/STM32F7xx_HAL_Driver/Src/stm32f7xx_hal_pcd_ex.c ****   USB_OTG_GlobalTypeDef *USBx = hpcd->Instance;
 169              		.loc 1 142 3 is_stmt 1 view .LVU40
 170              		.loc 1 142 26 is_stmt 0 view .LVU41
 171 0002 0368     		ldr	r3, [r0]
 172              	.LVL14:
 143:Drivers/STM32F7xx_HAL_Driver/Src/stm32f7xx_hal_pcd_ex.c **** 
 144:Drivers/STM32F7xx_HAL_Driver/Src/stm32f7xx_hal_pcd_ex.c ****   hpcd->lpm_active = 1U;
 173              		.loc 1 144 3 is_stmt 1 view .LVU42
 174              		.loc 1 144 20 is_stmt 0 view .LVU43
 175 0004 0121     		movs	r1, #1
 176 0006 C0F8F813 		str	r1, [r0, #1016]
 145:Drivers/STM32F7xx_HAL_Driver/Src/stm32f7xx_hal_pcd_ex.c ****   hpcd->LPM_State = LPM_L0;
 177              		.loc 1 145 3 is_stmt 1 view .LVU44
 178              		.loc 1 145 19 is_stmt 0 view .LVU45
 179 000a 0020     		movs	r0, #0
 180              	.LVL15:
 181              		.loc 1 145 19 view .LVU46
 182 000c 82F8F003 		strb	r0, [r2, #1008]
 146:Drivers/STM32F7xx_HAL_Driver/Src/stm32f7xx_hal_pcd_ex.c ****   USBx->GINTMSK |= USB_OTG_GINTMSK_LPMINTM;
 183              		.loc 1 146 3 is_stmt 1 view .LVU47
 184              		.loc 1 146 17 is_stmt 0 view .LVU48
 185 0010 9A69     		ldr	r2, [r3, #24]
ARM GAS  /tmp/ccnjuNHN.s 			page 7


 186              	.LVL16:
 187              		.loc 1 146 17 view .LVU49
 188 0012 42F00062 		orr	r2, r2, #134217728
 189 0016 9A61     		str	r2, [r3, #24]
 147:Drivers/STM32F7xx_HAL_Driver/Src/stm32f7xx_hal_pcd_ex.c ****   USBx->GLPMCFG |= (USB_OTG_GLPMCFG_LPMEN | USB_OTG_GLPMCFG_LPMACK | USB_OTG_GLPMCFG_ENBESL);
 190              		.loc 1 147 3 is_stmt 1 view .LVU50
 191              		.loc 1 147 17 is_stmt 0 view .LVU51
 192 0018 596D     		ldr	r1, [r3, #84]
 193 001a 024A     		ldr	r2, .L10
 194 001c 0A43     		orrs	r2, r2, r1
 195 001e 5A65     		str	r2, [r3, #84]
 148:Drivers/STM32F7xx_HAL_Driver/Src/stm32f7xx_hal_pcd_ex.c **** 
 149:Drivers/STM32F7xx_HAL_Driver/Src/stm32f7xx_hal_pcd_ex.c ****   return HAL_OK;
 196              		.loc 1 149 3 is_stmt 1 view .LVU52
 150:Drivers/STM32F7xx_HAL_Driver/Src/stm32f7xx_hal_pcd_ex.c **** }
 197              		.loc 1 150 1 is_stmt 0 view .LVU53
 198 0020 7047     		bx	lr
 199              	.L11:
 200 0022 00BF     		.align	2
 201              	.L10:
 202 0024 03000010 		.word	268435459
 203              		.cfi_endproc
 204              	.LFE140:
 206              		.section	.text.HAL_PCDEx_DeActivateLPM,"ax",%progbits
 207              		.align	1
 208              		.global	HAL_PCDEx_DeActivateLPM
 209              		.syntax unified
 210              		.thumb
 211              		.thumb_func
 212              		.fpu fpv5-sp-d16
 214              	HAL_PCDEx_DeActivateLPM:
 215              	.LVL17:
 216              	.LFB141:
 151:Drivers/STM32F7xx_HAL_Driver/Src/stm32f7xx_hal_pcd_ex.c **** 
 152:Drivers/STM32F7xx_HAL_Driver/Src/stm32f7xx_hal_pcd_ex.c **** /**
 153:Drivers/STM32F7xx_HAL_Driver/Src/stm32f7xx_hal_pcd_ex.c ****   * @brief  Deactivate LPM feature.
 154:Drivers/STM32F7xx_HAL_Driver/Src/stm32f7xx_hal_pcd_ex.c ****   * @param  hpcd PCD handle
 155:Drivers/STM32F7xx_HAL_Driver/Src/stm32f7xx_hal_pcd_ex.c ****   * @retval HAL status
 156:Drivers/STM32F7xx_HAL_Driver/Src/stm32f7xx_hal_pcd_ex.c ****   */
 157:Drivers/STM32F7xx_HAL_Driver/Src/stm32f7xx_hal_pcd_ex.c **** HAL_StatusTypeDef HAL_PCDEx_DeActivateLPM(PCD_HandleTypeDef *hpcd)
 158:Drivers/STM32F7xx_HAL_Driver/Src/stm32f7xx_hal_pcd_ex.c **** {
 217              		.loc 1 158 1 is_stmt 1 view -0
 218              		.cfi_startproc
 219              		@ args = 0, pretend = 0, frame = 0
 220              		@ frame_needed = 0, uses_anonymous_args = 0
 221              		@ link register save eliminated.
 159:Drivers/STM32F7xx_HAL_Driver/Src/stm32f7xx_hal_pcd_ex.c ****   USB_OTG_GlobalTypeDef *USBx = hpcd->Instance;
 222              		.loc 1 159 3 view .LVU55
 223              		.loc 1 159 26 is_stmt 0 view .LVU56
 224 0000 0368     		ldr	r3, [r0]
 225              	.LVL18:
 160:Drivers/STM32F7xx_HAL_Driver/Src/stm32f7xx_hal_pcd_ex.c **** 
 161:Drivers/STM32F7xx_HAL_Driver/Src/stm32f7xx_hal_pcd_ex.c ****   hpcd->lpm_active = 0U;
 226              		.loc 1 161 3 is_stmt 1 view .LVU57
 227              		.loc 1 161 20 is_stmt 0 view .LVU58
 228 0002 0021     		movs	r1, #0
 229 0004 C0F8F813 		str	r1, [r0, #1016]
ARM GAS  /tmp/ccnjuNHN.s 			page 8


 162:Drivers/STM32F7xx_HAL_Driver/Src/stm32f7xx_hal_pcd_ex.c ****   USBx->GINTMSK &= ~USB_OTG_GINTMSK_LPMINTM;
 230              		.loc 1 162 3 is_stmt 1 view .LVU59
 231              		.loc 1 162 17 is_stmt 0 view .LVU60
 232 0008 9A69     		ldr	r2, [r3, #24]
 233 000a 22F00062 		bic	r2, r2, #134217728
 234 000e 9A61     		str	r2, [r3, #24]
 163:Drivers/STM32F7xx_HAL_Driver/Src/stm32f7xx_hal_pcd_ex.c ****   USBx->GLPMCFG &= ~(USB_OTG_GLPMCFG_LPMEN | USB_OTG_GLPMCFG_LPMACK | USB_OTG_GLPMCFG_ENBESL);
 235              		.loc 1 163 3 is_stmt 1 view .LVU61
 236              		.loc 1 163 17 is_stmt 0 view .LVU62
 237 0010 586D     		ldr	r0, [r3, #84]
 238              	.LVL19:
 239              		.loc 1 163 17 view .LVU63
 240 0012 024A     		ldr	r2, .L13
 241 0014 0240     		ands	r2, r2, r0
 242 0016 5A65     		str	r2, [r3, #84]
 164:Drivers/STM32F7xx_HAL_Driver/Src/stm32f7xx_hal_pcd_ex.c **** 
 165:Drivers/STM32F7xx_HAL_Driver/Src/stm32f7xx_hal_pcd_ex.c ****   return HAL_OK;
 243              		.loc 1 165 3 is_stmt 1 view .LVU64
 166:Drivers/STM32F7xx_HAL_Driver/Src/stm32f7xx_hal_pcd_ex.c **** }
 244              		.loc 1 166 1 is_stmt 0 view .LVU65
 245 0018 0846     		mov	r0, r1
 246 001a 7047     		bx	lr
 247              	.L14:
 248              		.align	2
 249              	.L13:
 250 001c FCFFFFEF 		.word	-268435460
 251              		.cfi_endproc
 252              	.LFE141:
 254              		.section	.text.HAL_PCDEx_LPM_Callback,"ax",%progbits
 255              		.align	1
 256              		.weak	HAL_PCDEx_LPM_Callback
 257              		.syntax unified
 258              		.thumb
 259              		.thumb_func
 260              		.fpu fpv5-sp-d16
 262              	HAL_PCDEx_LPM_Callback:
 263              	.LVL20:
 264              	.LFB142:
 167:Drivers/STM32F7xx_HAL_Driver/Src/stm32f7xx_hal_pcd_ex.c **** #endif /* USB_OTG_FS || USB_OTG_HS */
 168:Drivers/STM32F7xx_HAL_Driver/Src/stm32f7xx_hal_pcd_ex.c **** 
 169:Drivers/STM32F7xx_HAL_Driver/Src/stm32f7xx_hal_pcd_ex.c **** 
 170:Drivers/STM32F7xx_HAL_Driver/Src/stm32f7xx_hal_pcd_ex.c **** /**
 171:Drivers/STM32F7xx_HAL_Driver/Src/stm32f7xx_hal_pcd_ex.c ****   * @brief  Send LPM message to user layer callback.
 172:Drivers/STM32F7xx_HAL_Driver/Src/stm32f7xx_hal_pcd_ex.c ****   * @param  hpcd PCD handle
 173:Drivers/STM32F7xx_HAL_Driver/Src/stm32f7xx_hal_pcd_ex.c ****   * @param  msg LPM message
 174:Drivers/STM32F7xx_HAL_Driver/Src/stm32f7xx_hal_pcd_ex.c ****   * @retval HAL status
 175:Drivers/STM32F7xx_HAL_Driver/Src/stm32f7xx_hal_pcd_ex.c ****   */
 176:Drivers/STM32F7xx_HAL_Driver/Src/stm32f7xx_hal_pcd_ex.c **** __weak void HAL_PCDEx_LPM_Callback(PCD_HandleTypeDef *hpcd, PCD_LPM_MsgTypeDef msg)
 177:Drivers/STM32F7xx_HAL_Driver/Src/stm32f7xx_hal_pcd_ex.c **** {
 265              		.loc 1 177 1 is_stmt 1 view -0
 266              		.cfi_startproc
 267              		@ args = 0, pretend = 0, frame = 0
 268              		@ frame_needed = 0, uses_anonymous_args = 0
 269              		@ link register save eliminated.
 178:Drivers/STM32F7xx_HAL_Driver/Src/stm32f7xx_hal_pcd_ex.c ****   /* Prevent unused argument(s) compilation warning */
 179:Drivers/STM32F7xx_HAL_Driver/Src/stm32f7xx_hal_pcd_ex.c ****   UNUSED(hpcd);
 270              		.loc 1 179 3 view .LVU67
ARM GAS  /tmp/ccnjuNHN.s 			page 9


 180:Drivers/STM32F7xx_HAL_Driver/Src/stm32f7xx_hal_pcd_ex.c ****   UNUSED(msg);
 271              		.loc 1 180 3 view .LVU68
 181:Drivers/STM32F7xx_HAL_Driver/Src/stm32f7xx_hal_pcd_ex.c **** 
 182:Drivers/STM32F7xx_HAL_Driver/Src/stm32f7xx_hal_pcd_ex.c ****   /* NOTE : This function should not be modified, when the callback is needed,
 183:Drivers/STM32F7xx_HAL_Driver/Src/stm32f7xx_hal_pcd_ex.c ****             the HAL_PCDEx_LPM_Callback could be implemented in the user file
 184:Drivers/STM32F7xx_HAL_Driver/Src/stm32f7xx_hal_pcd_ex.c ****    */
 185:Drivers/STM32F7xx_HAL_Driver/Src/stm32f7xx_hal_pcd_ex.c **** }
 272              		.loc 1 185 1 is_stmt 0 view .LVU69
 273 0000 7047     		bx	lr
 274              		.cfi_endproc
 275              	.LFE142:
 277              		.section	.text.HAL_PCDEx_BCD_Callback,"ax",%progbits
 278              		.align	1
 279              		.weak	HAL_PCDEx_BCD_Callback
 280              		.syntax unified
 281              		.thumb
 282              		.thumb_func
 283              		.fpu fpv5-sp-d16
 285              	HAL_PCDEx_BCD_Callback:
 286              	.LVL21:
 287              	.LFB143:
 186:Drivers/STM32F7xx_HAL_Driver/Src/stm32f7xx_hal_pcd_ex.c **** 
 187:Drivers/STM32F7xx_HAL_Driver/Src/stm32f7xx_hal_pcd_ex.c **** /**
 188:Drivers/STM32F7xx_HAL_Driver/Src/stm32f7xx_hal_pcd_ex.c ****   * @brief  Send BatteryCharging message to user layer callback.
 189:Drivers/STM32F7xx_HAL_Driver/Src/stm32f7xx_hal_pcd_ex.c ****   * @param  hpcd PCD handle
 190:Drivers/STM32F7xx_HAL_Driver/Src/stm32f7xx_hal_pcd_ex.c ****   * @param  msg LPM message
 191:Drivers/STM32F7xx_HAL_Driver/Src/stm32f7xx_hal_pcd_ex.c ****   * @retval HAL status
 192:Drivers/STM32F7xx_HAL_Driver/Src/stm32f7xx_hal_pcd_ex.c ****   */
 193:Drivers/STM32F7xx_HAL_Driver/Src/stm32f7xx_hal_pcd_ex.c **** __weak void HAL_PCDEx_BCD_Callback(PCD_HandleTypeDef *hpcd, PCD_BCD_MsgTypeDef msg)
 194:Drivers/STM32F7xx_HAL_Driver/Src/stm32f7xx_hal_pcd_ex.c **** {
 288              		.loc 1 194 1 is_stmt 1 view -0
 289              		.cfi_startproc
 290              		@ args = 0, pretend = 0, frame = 0
 291              		@ frame_needed = 0, uses_anonymous_args = 0
 292              		@ link register save eliminated.
 195:Drivers/STM32F7xx_HAL_Driver/Src/stm32f7xx_hal_pcd_ex.c ****   /* Prevent unused argument(s) compilation warning */
 196:Drivers/STM32F7xx_HAL_Driver/Src/stm32f7xx_hal_pcd_ex.c ****   UNUSED(hpcd);
 293              		.loc 1 196 3 view .LVU71
 197:Drivers/STM32F7xx_HAL_Driver/Src/stm32f7xx_hal_pcd_ex.c ****   UNUSED(msg);
 294              		.loc 1 197 3 view .LVU72
 198:Drivers/STM32F7xx_HAL_Driver/Src/stm32f7xx_hal_pcd_ex.c **** 
 199:Drivers/STM32F7xx_HAL_Driver/Src/stm32f7xx_hal_pcd_ex.c ****   /* NOTE : This function should not be modified, when the callback is needed,
 200:Drivers/STM32F7xx_HAL_Driver/Src/stm32f7xx_hal_pcd_ex.c ****             the HAL_PCDEx_BCD_Callback could be implemented in the user file
 201:Drivers/STM32F7xx_HAL_Driver/Src/stm32f7xx_hal_pcd_ex.c ****    */
 202:Drivers/STM32F7xx_HAL_Driver/Src/stm32f7xx_hal_pcd_ex.c **** }
 295              		.loc 1 202 1 is_stmt 0 view .LVU73
 296 0000 7047     		bx	lr
 297              		.cfi_endproc
 298              	.LFE143:
 300              		.text
 301              	.Letext0:
 302              		.file 2 "/usr/arm-none-eabi/include/machine/_default_types.h"
 303              		.file 3 "/usr/arm-none-eabi/include/sys/_stdint.h"
 304              		.file 4 "Drivers/CMSIS/Include/core_cm7.h"
 305              		.file 5 "Drivers/CMSIS/Device/ST/STM32F7xx/Include/system_stm32f7xx.h"
 306              		.file 6 "Drivers/CMSIS/Device/ST/STM32F7xx/Include/stm32f746xx.h"
 307              		.file 7 "/usr/arm-none-eabi/include/sys/lock.h"
ARM GAS  /tmp/ccnjuNHN.s 			page 10


 308              		.file 8 "/usr/arm-none-eabi/include/sys/_types.h"
 309              		.file 9 "/usr/lib/gcc/arm-none-eabi/8.3.0/include/stddef.h"
 310              		.file 10 "/usr/arm-none-eabi/include/sys/reent.h"
 311              		.file 11 "Drivers/STM32F7xx_HAL_Driver/Inc/stm32f7xx_hal_def.h"
 312              		.file 12 "Drivers/STM32F7xx_HAL_Driver/Inc/stm32f7xx_ll_usb.h"
 313              		.file 13 "Drivers/STM32F7xx_HAL_Driver/Inc/stm32f7xx_hal_pcd.h"
 314              		.file 14 "Drivers/STM32F7xx_HAL_Driver/Inc/stm32f7xx_hal_pcd_ex.h"
ARM GAS  /tmp/ccnjuNHN.s 			page 11


DEFINED SYMBOLS
                            *ABS*:0000000000000000 stm32f7xx_hal_pcd_ex.c
     /tmp/ccnjuNHN.s:18     .text.HAL_PCDEx_SetTxFiFo:0000000000000000 $t
     /tmp/ccnjuNHN.s:26     .text.HAL_PCDEx_SetTxFiFo:0000000000000000 HAL_PCDEx_SetTxFiFo
     /tmp/ccnjuNHN.s:122    .text.HAL_PCDEx_SetRxFiFo:0000000000000000 $t
     /tmp/ccnjuNHN.s:129    .text.HAL_PCDEx_SetRxFiFo:0000000000000000 HAL_PCDEx_SetRxFiFo
     /tmp/ccnjuNHN.s:152    .text.HAL_PCDEx_ActivateLPM:0000000000000000 $t
     /tmp/ccnjuNHN.s:159    .text.HAL_PCDEx_ActivateLPM:0000000000000000 HAL_PCDEx_ActivateLPM
     /tmp/ccnjuNHN.s:202    .text.HAL_PCDEx_ActivateLPM:0000000000000024 $d
     /tmp/ccnjuNHN.s:207    .text.HAL_PCDEx_DeActivateLPM:0000000000000000 $t
     /tmp/ccnjuNHN.s:214    .text.HAL_PCDEx_DeActivateLPM:0000000000000000 HAL_PCDEx_DeActivateLPM
     /tmp/ccnjuNHN.s:250    .text.HAL_PCDEx_DeActivateLPM:000000000000001c $d
     /tmp/ccnjuNHN.s:255    .text.HAL_PCDEx_LPM_Callback:0000000000000000 $t
     /tmp/ccnjuNHN.s:262    .text.HAL_PCDEx_LPM_Callback:0000000000000000 HAL_PCDEx_LPM_Callback
     /tmp/ccnjuNHN.s:278    .text.HAL_PCDEx_BCD_Callback:0000000000000000 $t
     /tmp/ccnjuNHN.s:285    .text.HAL_PCDEx_BCD_Callback:0000000000000000 HAL_PCDEx_BCD_Callback

NO UNDEFINED SYMBOLS
