ARM GAS  /tmp/ccBO6AHe.s 			page 1


   1              		.cpu cortex-m7
   2              		.eabi_attribute 27, 1
   3              		.eabi_attribute 28, 1
   4              		.eabi_attribute 20, 1
   5              		.eabi_attribute 21, 1
   6              		.eabi_attribute 23, 3
   7              		.eabi_attribute 24, 1
   8              		.eabi_attribute 25, 1
   9              		.eabi_attribute 26, 1
  10              		.eabi_attribute 30, 1
  11              		.eabi_attribute 34, 1
  12              		.eabi_attribute 18, 4
  13              		.file	"usbd_cdc_if.c"
  14              		.text
  15              	.Ltext0:
  16              		.cfi_sections	.debug_frame
  17              		.section	.text.CDC_DeInit_FS,"ax",%progbits
  18              		.align	1
  19              		.arch armv7e-m
  20              		.syntax unified
  21              		.thumb
  22              		.thumb_func
  23              		.fpu fpv5-sp-d16
  25              	CDC_DeInit_FS:
  26              	.LFB139:
  27              		.file 1 "Src/usbd_cdc_if.c"
   1:Src/usbd_cdc_if.c **** /**
   2:Src/usbd_cdc_if.c ****   ******************************************************************************
   3:Src/usbd_cdc_if.c ****   * @file           : usbd_cdc_if.c
   4:Src/usbd_cdc_if.c ****   * @version        : v1.0_Cube
   5:Src/usbd_cdc_if.c ****   * @brief          : Usb device for Virtual Com Port.
   6:Src/usbd_cdc_if.c ****   ******************************************************************************
   7:Src/usbd_cdc_if.c ****   * This notice applies to any and all portions of this file
   8:Src/usbd_cdc_if.c ****   * that are not between comment pairs USER CODE BEGIN and
   9:Src/usbd_cdc_if.c ****   * USER CODE END. Other portions of this file, whether 
  10:Src/usbd_cdc_if.c ****   * inserted by the user or by software development tools
  11:Src/usbd_cdc_if.c ****   * are owned by their respective copyright owners.
  12:Src/usbd_cdc_if.c ****   *
  13:Src/usbd_cdc_if.c ****   * Copyright (c) 2019 STMicroelectronics International N.V. 
  14:Src/usbd_cdc_if.c ****   * All rights reserved.
  15:Src/usbd_cdc_if.c ****   *
  16:Src/usbd_cdc_if.c ****   * Redistribution and use in source and binary forms, with or without 
  17:Src/usbd_cdc_if.c ****   * modification, are permitted, provided that the following conditions are met:
  18:Src/usbd_cdc_if.c ****   *
  19:Src/usbd_cdc_if.c ****   * 1. Redistribution of source code must retain the above copyright notice, 
  20:Src/usbd_cdc_if.c ****   *    this list of conditions and the following disclaimer.
  21:Src/usbd_cdc_if.c ****   * 2. Redistributions in binary form must reproduce the above copyright notice,
  22:Src/usbd_cdc_if.c ****   *    this list of conditions and the following disclaimer in the documentation
  23:Src/usbd_cdc_if.c ****   *    and/or other materials provided with the distribution.
  24:Src/usbd_cdc_if.c ****   * 3. Neither the name of STMicroelectronics nor the names of other 
  25:Src/usbd_cdc_if.c ****   *    contributors to this software may be used to endorse or promote products 
  26:Src/usbd_cdc_if.c ****   *    derived from this software without specific written permission.
  27:Src/usbd_cdc_if.c ****   * 4. This software, including modifications and/or derivative works of this 
  28:Src/usbd_cdc_if.c ****   *    software, must execute solely and exclusively on microcontroller or
  29:Src/usbd_cdc_if.c ****   *    microprocessor devices manufactured by or for STMicroelectronics.
  30:Src/usbd_cdc_if.c ****   * 5. Redistribution and use of this software other than as permitted under 
  31:Src/usbd_cdc_if.c ****   *    this license is void and will automatically terminate your rights under 
ARM GAS  /tmp/ccBO6AHe.s 			page 2


  32:Src/usbd_cdc_if.c ****   *    this license. 
  33:Src/usbd_cdc_if.c ****   *
  34:Src/usbd_cdc_if.c ****   * THIS SOFTWARE IS PROVIDED BY STMICROELECTRONICS AND CONTRIBUTORS "AS IS" 
  35:Src/usbd_cdc_if.c ****   * AND ANY EXPRESS, IMPLIED OR STATUTORY WARRANTIES, INCLUDING, BUT NOT 
  36:Src/usbd_cdc_if.c ****   * LIMITED TO, THE IMPLIED WARRANTIES OF MERCHANTABILITY, FITNESS FOR A 
  37:Src/usbd_cdc_if.c ****   * PARTICULAR PURPOSE AND NON-INFRINGEMENT OF THIRD PARTY INTELLECTUAL PROPERTY
  38:Src/usbd_cdc_if.c ****   * RIGHTS ARE DISCLAIMED TO THE FULLEST EXTENT PERMITTED BY LAW. IN NO EVENT 
  39:Src/usbd_cdc_if.c ****   * SHALL STMICROELECTRONICS OR CONTRIBUTORS BE LIABLE FOR ANY DIRECT, INDIRECT,
  40:Src/usbd_cdc_if.c ****   * INCIDENTAL, SPECIAL, EXEMPLARY, OR CONSEQUENTIAL DAMAGES (INCLUDING, BUT NOT
  41:Src/usbd_cdc_if.c ****   * LIMITED TO, PROCUREMENT OF SUBSTITUTE GOODS OR SERVICES; LOSS OF USE, DATA, 
  42:Src/usbd_cdc_if.c ****   * OR PROFITS; OR BUSINESS INTERRUPTION) HOWEVER CAUSED AND ON ANY THEORY OF 
  43:Src/usbd_cdc_if.c ****   * LIABILITY, WHETHER IN CONTRACT, STRICT LIABILITY, OR TORT (INCLUDING 
  44:Src/usbd_cdc_if.c ****   * NEGLIGENCE OR OTHERWISE) ARISING IN ANY WAY OUT OF THE USE OF THIS SOFTWARE,
  45:Src/usbd_cdc_if.c ****   * EVEN IF ADVISED OF THE POSSIBILITY OF SUCH DAMAGE.
  46:Src/usbd_cdc_if.c ****   *
  47:Src/usbd_cdc_if.c ****   ******************************************************************************
  48:Src/usbd_cdc_if.c ****   */
  49:Src/usbd_cdc_if.c **** 
  50:Src/usbd_cdc_if.c **** /* Includes ------------------------------------------------------------------*/
  51:Src/usbd_cdc_if.c **** #include "usbd_cdc_if.h"
  52:Src/usbd_cdc_if.c **** 
  53:Src/usbd_cdc_if.c **** /* USER CODE BEGIN INCLUDE */
  54:Src/usbd_cdc_if.c **** 
  55:Src/usbd_cdc_if.c **** /* USER CODE END INCLUDE */
  56:Src/usbd_cdc_if.c **** 
  57:Src/usbd_cdc_if.c **** /* Private typedef -----------------------------------------------------------*/
  58:Src/usbd_cdc_if.c **** /* Private define ------------------------------------------------------------*/
  59:Src/usbd_cdc_if.c **** /* Private macro -------------------------------------------------------------*/
  60:Src/usbd_cdc_if.c **** 
  61:Src/usbd_cdc_if.c **** /* USER CODE BEGIN PV */
  62:Src/usbd_cdc_if.c **** /* Private variables ---------------------------------------------------------*/
  63:Src/usbd_cdc_if.c **** 
  64:Src/usbd_cdc_if.c **** /* USER CODE END PV */
  65:Src/usbd_cdc_if.c **** 
  66:Src/usbd_cdc_if.c **** /** @addtogroup STM32_USB_OTG_DEVICE_LIBRARY
  67:Src/usbd_cdc_if.c ****   * @brief Usb device library.
  68:Src/usbd_cdc_if.c ****   * @{
  69:Src/usbd_cdc_if.c ****   */
  70:Src/usbd_cdc_if.c **** 
  71:Src/usbd_cdc_if.c **** /** @addtogroup USBD_CDC_IF
  72:Src/usbd_cdc_if.c ****   * @{
  73:Src/usbd_cdc_if.c ****   */
  74:Src/usbd_cdc_if.c **** 
  75:Src/usbd_cdc_if.c **** /** @defgroup USBD_CDC_IF_Private_TypesDefinitions USBD_CDC_IF_Private_TypesDefinitions
  76:Src/usbd_cdc_if.c ****   * @brief Private types.
  77:Src/usbd_cdc_if.c ****   * @{
  78:Src/usbd_cdc_if.c ****   */
  79:Src/usbd_cdc_if.c **** 
  80:Src/usbd_cdc_if.c **** /* USER CODE BEGIN PRIVATE_TYPES */
  81:Src/usbd_cdc_if.c **** 
  82:Src/usbd_cdc_if.c **** /* USER CODE END PRIVATE_TYPES */
  83:Src/usbd_cdc_if.c **** 
  84:Src/usbd_cdc_if.c **** /**
  85:Src/usbd_cdc_if.c ****   * @}
  86:Src/usbd_cdc_if.c ****   */
  87:Src/usbd_cdc_if.c **** 
  88:Src/usbd_cdc_if.c **** /** @defgroup USBD_CDC_IF_Private_Defines USBD_CDC_IF_Private_Defines
ARM GAS  /tmp/ccBO6AHe.s 			page 3


  89:Src/usbd_cdc_if.c ****   * @brief Private defines.
  90:Src/usbd_cdc_if.c ****   * @{
  91:Src/usbd_cdc_if.c ****   */
  92:Src/usbd_cdc_if.c **** 
  93:Src/usbd_cdc_if.c **** /* USER CODE BEGIN PRIVATE_DEFINES */
  94:Src/usbd_cdc_if.c **** /* Define size for the receive and transmit buffer over CDC */
  95:Src/usbd_cdc_if.c **** /* It's up to user to redefine and/or remove those define */
  96:Src/usbd_cdc_if.c **** #define APP_RX_DATA_SIZE  2048
  97:Src/usbd_cdc_if.c **** #define APP_TX_DATA_SIZE  2048
  98:Src/usbd_cdc_if.c **** /* USER CODE END PRIVATE_DEFINES */
  99:Src/usbd_cdc_if.c **** 
 100:Src/usbd_cdc_if.c **** /**
 101:Src/usbd_cdc_if.c ****   * @}
 102:Src/usbd_cdc_if.c ****   */
 103:Src/usbd_cdc_if.c **** 
 104:Src/usbd_cdc_if.c **** /** @defgroup USBD_CDC_IF_Private_Macros USBD_CDC_IF_Private_Macros
 105:Src/usbd_cdc_if.c ****   * @brief Private macros.
 106:Src/usbd_cdc_if.c ****   * @{
 107:Src/usbd_cdc_if.c ****   */
 108:Src/usbd_cdc_if.c **** 
 109:Src/usbd_cdc_if.c **** /* USER CODE BEGIN PRIVATE_MACRO */
 110:Src/usbd_cdc_if.c **** 
 111:Src/usbd_cdc_if.c **** /* USER CODE END PRIVATE_MACRO */
 112:Src/usbd_cdc_if.c **** 
 113:Src/usbd_cdc_if.c **** /**
 114:Src/usbd_cdc_if.c ****   * @}
 115:Src/usbd_cdc_if.c ****   */
 116:Src/usbd_cdc_if.c **** 
 117:Src/usbd_cdc_if.c **** /** @defgroup USBD_CDC_IF_Private_Variables USBD_CDC_IF_Private_Variables
 118:Src/usbd_cdc_if.c ****   * @brief Private variables.
 119:Src/usbd_cdc_if.c ****   * @{
 120:Src/usbd_cdc_if.c ****   */
 121:Src/usbd_cdc_if.c **** /* Create buffer for reception and transmission           */
 122:Src/usbd_cdc_if.c **** /* It's up to user to redefine and/or remove those define */
 123:Src/usbd_cdc_if.c **** /** Received data over USB are stored in this buffer      */
 124:Src/usbd_cdc_if.c **** uint8_t UserRxBufferFS[APP_RX_DATA_SIZE];
 125:Src/usbd_cdc_if.c **** 
 126:Src/usbd_cdc_if.c **** /** Data to send over USB CDC are stored in this buffer   */
 127:Src/usbd_cdc_if.c **** uint8_t UserTxBufferFS[APP_TX_DATA_SIZE];
 128:Src/usbd_cdc_if.c **** 
 129:Src/usbd_cdc_if.c **** /* USER CODE BEGIN PRIVATE_VARIABLES */
 130:Src/usbd_cdc_if.c **** 
 131:Src/usbd_cdc_if.c **** /* USER CODE END PRIVATE_VARIABLES */
 132:Src/usbd_cdc_if.c **** 
 133:Src/usbd_cdc_if.c **** /**
 134:Src/usbd_cdc_if.c ****   * @}
 135:Src/usbd_cdc_if.c ****   */
 136:Src/usbd_cdc_if.c **** 
 137:Src/usbd_cdc_if.c **** /** @defgroup USBD_CDC_IF_Exported_Variables USBD_CDC_IF_Exported_Variables
 138:Src/usbd_cdc_if.c ****   * @brief Public variables.
 139:Src/usbd_cdc_if.c ****   * @{
 140:Src/usbd_cdc_if.c ****   */
 141:Src/usbd_cdc_if.c **** 
 142:Src/usbd_cdc_if.c **** extern USBD_HandleTypeDef hUsbDeviceFS;
 143:Src/usbd_cdc_if.c **** 
 144:Src/usbd_cdc_if.c **** /* USER CODE BEGIN EXPORTED_VARIABLES */
 145:Src/usbd_cdc_if.c **** 
ARM GAS  /tmp/ccBO6AHe.s 			page 4


 146:Src/usbd_cdc_if.c **** /* USER CODE END EXPORTED_VARIABLES */
 147:Src/usbd_cdc_if.c **** 
 148:Src/usbd_cdc_if.c **** /**
 149:Src/usbd_cdc_if.c ****   * @}
 150:Src/usbd_cdc_if.c ****   */
 151:Src/usbd_cdc_if.c **** 
 152:Src/usbd_cdc_if.c **** /** @defgroup USBD_CDC_IF_Private_FunctionPrototypes USBD_CDC_IF_Private_FunctionPrototypes
 153:Src/usbd_cdc_if.c ****   * @brief Private functions declaration.
 154:Src/usbd_cdc_if.c ****   * @{
 155:Src/usbd_cdc_if.c ****   */
 156:Src/usbd_cdc_if.c **** 
 157:Src/usbd_cdc_if.c **** static int8_t CDC_Init_FS(void);
 158:Src/usbd_cdc_if.c **** static int8_t CDC_DeInit_FS(void);
 159:Src/usbd_cdc_if.c **** static int8_t CDC_Control_FS(uint8_t cmd, uint8_t* pbuf, uint16_t length);
 160:Src/usbd_cdc_if.c **** static int8_t CDC_Receive_FS(uint8_t* pbuf, uint32_t *Len);
 161:Src/usbd_cdc_if.c **** 
 162:Src/usbd_cdc_if.c **** /* USER CODE BEGIN PRIVATE_FUNCTIONS_DECLARATION */
 163:Src/usbd_cdc_if.c **** 
 164:Src/usbd_cdc_if.c **** /* USER CODE END PRIVATE_FUNCTIONS_DECLARATION */
 165:Src/usbd_cdc_if.c **** 
 166:Src/usbd_cdc_if.c **** /**
 167:Src/usbd_cdc_if.c ****   * @}
 168:Src/usbd_cdc_if.c ****   */
 169:Src/usbd_cdc_if.c **** 
 170:Src/usbd_cdc_if.c **** USBD_CDC_ItfTypeDef USBD_Interface_fops_FS =
 171:Src/usbd_cdc_if.c **** {
 172:Src/usbd_cdc_if.c ****   CDC_Init_FS,
 173:Src/usbd_cdc_if.c ****   CDC_DeInit_FS,
 174:Src/usbd_cdc_if.c ****   CDC_Control_FS,
 175:Src/usbd_cdc_if.c ****   CDC_Receive_FS
 176:Src/usbd_cdc_if.c **** };
 177:Src/usbd_cdc_if.c **** 
 178:Src/usbd_cdc_if.c **** /* Private functions ---------------------------------------------------------*/
 179:Src/usbd_cdc_if.c **** /**
 180:Src/usbd_cdc_if.c ****   * @brief  Initializes the CDC media low layer over the FS USB IP
 181:Src/usbd_cdc_if.c ****   * @retval USBD_OK if all operations are OK else USBD_FAIL
 182:Src/usbd_cdc_if.c ****   */
 183:Src/usbd_cdc_if.c **** static int8_t CDC_Init_FS(void)
 184:Src/usbd_cdc_if.c **** {
 185:Src/usbd_cdc_if.c ****   /* USER CODE BEGIN 3 */
 186:Src/usbd_cdc_if.c ****   /* Set Application Buffers */
 187:Src/usbd_cdc_if.c ****   USBD_CDC_SetTxBuffer(&hUsbDeviceFS, UserTxBufferFS, 0);
 188:Src/usbd_cdc_if.c ****   USBD_CDC_SetRxBuffer(&hUsbDeviceFS, UserRxBufferFS);
 189:Src/usbd_cdc_if.c ****   return (USBD_OK);
 190:Src/usbd_cdc_if.c ****   /* USER CODE END 3 */
 191:Src/usbd_cdc_if.c **** }
 192:Src/usbd_cdc_if.c **** 
 193:Src/usbd_cdc_if.c **** /**
 194:Src/usbd_cdc_if.c ****   * @brief  DeInitializes the CDC media low layer
 195:Src/usbd_cdc_if.c ****   * @retval USBD_OK if all operations are OK else USBD_FAIL
 196:Src/usbd_cdc_if.c ****   */
 197:Src/usbd_cdc_if.c **** static int8_t CDC_DeInit_FS(void)
 198:Src/usbd_cdc_if.c **** {
  28              		.loc 1 198 1 view -0
  29              		.cfi_startproc
  30              		@ args = 0, pretend = 0, frame = 0
  31              		@ frame_needed = 0, uses_anonymous_args = 0
ARM GAS  /tmp/ccBO6AHe.s 			page 5


  32              		@ link register save eliminated.
 199:Src/usbd_cdc_if.c ****   /* USER CODE BEGIN 4 */
 200:Src/usbd_cdc_if.c ****   return (USBD_OK);
  33              		.loc 1 200 3 view .LVU1
 201:Src/usbd_cdc_if.c ****   /* USER CODE END 4 */
 202:Src/usbd_cdc_if.c **** }
  34              		.loc 1 202 1 is_stmt 0 view .LVU2
  35 0000 0020     		movs	r0, #0
  36 0002 7047     		bx	lr
  37              		.cfi_endproc
  38              	.LFE139:
  40              		.section	.text.CDC_Control_FS,"ax",%progbits
  41              		.align	1
  42              		.syntax unified
  43              		.thumb
  44              		.thumb_func
  45              		.fpu fpv5-sp-d16
  47              	CDC_Control_FS:
  48              	.LVL0:
  49              	.LFB140:
 203:Src/usbd_cdc_if.c **** 
 204:Src/usbd_cdc_if.c **** /**
 205:Src/usbd_cdc_if.c ****   * @brief  Manage the CDC class requests
 206:Src/usbd_cdc_if.c ****   * @param  cmd: Command code
 207:Src/usbd_cdc_if.c ****   * @param  pbuf: Buffer containing command data (request parameters)
 208:Src/usbd_cdc_if.c ****   * @param  length: Number of data to be sent (in bytes)
 209:Src/usbd_cdc_if.c ****   * @retval Result of the operation: USBD_OK if all operations are OK else USBD_FAIL
 210:Src/usbd_cdc_if.c ****   */
 211:Src/usbd_cdc_if.c **** static int8_t CDC_Control_FS(uint8_t cmd, uint8_t* pbuf, uint16_t length)
 212:Src/usbd_cdc_if.c **** {
  50              		.loc 1 212 1 is_stmt 1 view -0
  51              		.cfi_startproc
  52              		@ args = 0, pretend = 0, frame = 0
  53              		@ frame_needed = 0, uses_anonymous_args = 0
  54              		@ link register save eliminated.
 213:Src/usbd_cdc_if.c ****   /* USER CODE BEGIN 5 */
 214:Src/usbd_cdc_if.c ****   switch(cmd)
  55              		.loc 1 214 3 view .LVU4
 215:Src/usbd_cdc_if.c ****   {
 216:Src/usbd_cdc_if.c ****     case CDC_SEND_ENCAPSULATED_COMMAND:
 217:Src/usbd_cdc_if.c **** 
 218:Src/usbd_cdc_if.c ****     break;
 219:Src/usbd_cdc_if.c **** 
 220:Src/usbd_cdc_if.c ****     case CDC_GET_ENCAPSULATED_RESPONSE:
 221:Src/usbd_cdc_if.c **** 
 222:Src/usbd_cdc_if.c ****     break;
 223:Src/usbd_cdc_if.c **** 
 224:Src/usbd_cdc_if.c ****     case CDC_SET_COMM_FEATURE:
 225:Src/usbd_cdc_if.c **** 
 226:Src/usbd_cdc_if.c ****     break;
 227:Src/usbd_cdc_if.c **** 
 228:Src/usbd_cdc_if.c ****     case CDC_GET_COMM_FEATURE:
 229:Src/usbd_cdc_if.c **** 
 230:Src/usbd_cdc_if.c ****     break;
 231:Src/usbd_cdc_if.c **** 
 232:Src/usbd_cdc_if.c ****     case CDC_CLEAR_COMM_FEATURE:
 233:Src/usbd_cdc_if.c **** 
ARM GAS  /tmp/ccBO6AHe.s 			page 6


 234:Src/usbd_cdc_if.c ****     break;
 235:Src/usbd_cdc_if.c **** 
 236:Src/usbd_cdc_if.c ****   /*******************************************************************************/
 237:Src/usbd_cdc_if.c ****   /* Line Coding Structure                                                       */
 238:Src/usbd_cdc_if.c ****   /*-----------------------------------------------------------------------------*/
 239:Src/usbd_cdc_if.c ****   /* Offset | Field       | Size | Value  | Description                          */
 240:Src/usbd_cdc_if.c ****   /* 0      | dwDTERate   |   4  | Number |Data terminal rate, in bits per second*/
 241:Src/usbd_cdc_if.c ****   /* 4      | bCharFormat |   1  | Number | Stop bits                            */
 242:Src/usbd_cdc_if.c ****   /*                                        0 - 1 Stop bit                       */
 243:Src/usbd_cdc_if.c ****   /*                                        1 - 1.5 Stop bits                    */
 244:Src/usbd_cdc_if.c ****   /*                                        2 - 2 Stop bits                      */
 245:Src/usbd_cdc_if.c ****   /* 5      | bParityType |  1   | Number | Parity                               */
 246:Src/usbd_cdc_if.c ****   /*                                        0 - None                             */
 247:Src/usbd_cdc_if.c ****   /*                                        1 - Odd                              */
 248:Src/usbd_cdc_if.c ****   /*                                        2 - Even                             */
 249:Src/usbd_cdc_if.c ****   /*                                        3 - Mark                             */
 250:Src/usbd_cdc_if.c ****   /*                                        4 - Space                            */
 251:Src/usbd_cdc_if.c ****   /* 6      | bDataBits  |   1   | Number Data bits (5, 6, 7, 8 or 16).          */
 252:Src/usbd_cdc_if.c ****   /*******************************************************************************/
 253:Src/usbd_cdc_if.c ****     case CDC_SET_LINE_CODING:
 254:Src/usbd_cdc_if.c **** 
 255:Src/usbd_cdc_if.c ****     break;
 256:Src/usbd_cdc_if.c **** 
 257:Src/usbd_cdc_if.c ****     case CDC_GET_LINE_CODING:
 258:Src/usbd_cdc_if.c **** 
 259:Src/usbd_cdc_if.c ****     break;
 260:Src/usbd_cdc_if.c **** 
 261:Src/usbd_cdc_if.c ****     case CDC_SET_CONTROL_LINE_STATE:
 262:Src/usbd_cdc_if.c **** 
 263:Src/usbd_cdc_if.c ****     break;
 264:Src/usbd_cdc_if.c **** 
 265:Src/usbd_cdc_if.c ****     case CDC_SEND_BREAK:
 266:Src/usbd_cdc_if.c **** 
 267:Src/usbd_cdc_if.c ****     break;
 268:Src/usbd_cdc_if.c **** 
 269:Src/usbd_cdc_if.c ****   default:
 270:Src/usbd_cdc_if.c ****     break;
 271:Src/usbd_cdc_if.c ****   }
 272:Src/usbd_cdc_if.c **** 
 273:Src/usbd_cdc_if.c ****   return (USBD_OK);
  56              		.loc 1 273 3 view .LVU5
 274:Src/usbd_cdc_if.c ****   /* USER CODE END 5 */
 275:Src/usbd_cdc_if.c **** }
  57              		.loc 1 275 1 is_stmt 0 view .LVU6
  58 0000 0020     		movs	r0, #0
  59              	.LVL1:
  60              		.loc 1 275 1 view .LVU7
  61 0002 7047     		bx	lr
  62              		.cfi_endproc
  63              	.LFE140:
  65              		.section	.text.CDC_Init_FS,"ax",%progbits
  66              		.align	1
  67              		.syntax unified
  68              		.thumb
  69              		.thumb_func
  70              		.fpu fpv5-sp-d16
  72              	CDC_Init_FS:
ARM GAS  /tmp/ccBO6AHe.s 			page 7


  73              	.LFB138:
 184:Src/usbd_cdc_if.c ****   /* USER CODE BEGIN 3 */
  74              		.loc 1 184 1 is_stmt 1 view -0
  75              		.cfi_startproc
  76              		@ args = 0, pretend = 0, frame = 0
  77              		@ frame_needed = 0, uses_anonymous_args = 0
  78 0000 10B5     		push	{r4, lr}
  79              	.LCFI0:
  80              		.cfi_def_cfa_offset 8
  81              		.cfi_offset 4, -8
  82              		.cfi_offset 14, -4
 187:Src/usbd_cdc_if.c ****   USBD_CDC_SetRxBuffer(&hUsbDeviceFS, UserRxBufferFS);
  83              		.loc 1 187 3 view .LVU9
  84 0002 064C     		ldr	r4, .L5
  85 0004 0022     		movs	r2, #0
  86 0006 0649     		ldr	r1, .L5+4
  87 0008 2046     		mov	r0, r4
  88 000a FFF7FEFF 		bl	USBD_CDC_SetTxBuffer
  89              	.LVL2:
 188:Src/usbd_cdc_if.c ****   return (USBD_OK);
  90              		.loc 1 188 3 view .LVU10
  91 000e 0549     		ldr	r1, .L5+8
  92 0010 2046     		mov	r0, r4
  93 0012 FFF7FEFF 		bl	USBD_CDC_SetRxBuffer
  94              	.LVL3:
 189:Src/usbd_cdc_if.c ****   /* USER CODE END 3 */
  95              		.loc 1 189 3 view .LVU11
 191:Src/usbd_cdc_if.c **** 
  96              		.loc 1 191 1 is_stmt 0 view .LVU12
  97 0016 0020     		movs	r0, #0
  98 0018 10BD     		pop	{r4, pc}
  99              	.L6:
 100 001a 00BF     		.align	2
 101              	.L5:
 102 001c 00000000 		.word	hUsbDeviceFS
 103 0020 00000000 		.word	UserTxBufferFS
 104 0024 00000000 		.word	UserRxBufferFS
 105              		.cfi_endproc
 106              	.LFE138:
 108              		.section	.text.CDC_Transmit_FS,"ax",%progbits
 109              		.align	1
 110              		.global	CDC_Transmit_FS
 111              		.syntax unified
 112              		.thumb
 113              		.thumb_func
 114              		.fpu fpv5-sp-d16
 116              	CDC_Transmit_FS:
 117              	.LVL4:
 118              	.LFB142:
 276:Src/usbd_cdc_if.c **** 
 277:Src/usbd_cdc_if.c **** /**
 278:Src/usbd_cdc_if.c ****   * @brief  Data received over USB OUT endpoint are sent over CDC interface
 279:Src/usbd_cdc_if.c ****   *         through this function.
 280:Src/usbd_cdc_if.c ****   *
 281:Src/usbd_cdc_if.c ****   *         @note
 282:Src/usbd_cdc_if.c ****   *         This function will block any OUT packet reception on USB endpoint
 283:Src/usbd_cdc_if.c ****   *         untill exiting this function. If you exit this function before transfer
ARM GAS  /tmp/ccBO6AHe.s 			page 8


 284:Src/usbd_cdc_if.c ****   *         is complete on CDC interface (ie. using DMA controller) it will result
 285:Src/usbd_cdc_if.c ****   *         in receiving more data while previous ones are still not sent.
 286:Src/usbd_cdc_if.c ****   *
 287:Src/usbd_cdc_if.c ****   * @param  Buf: Buffer of data to be received
 288:Src/usbd_cdc_if.c ****   * @param  Len: Number of data received (in bytes)
 289:Src/usbd_cdc_if.c ****   * @retval Result of the operation: USBD_OK if all operations are OK else USBD_FAIL
 290:Src/usbd_cdc_if.c ****   */
 291:Src/usbd_cdc_if.c **** static int8_t CDC_Receive_FS(uint8_t* Buf, uint32_t *Len)
 292:Src/usbd_cdc_if.c **** {
 293:Src/usbd_cdc_if.c ****   /* USER CODE BEGIN 6 */
 294:Src/usbd_cdc_if.c ****   CDC_Transmit_FS(Buf, *Len);
 295:Src/usbd_cdc_if.c ****   USBD_CDC_SetRxBuffer(&hUsbDeviceFS, &Buf[0]);
 296:Src/usbd_cdc_if.c ****   USBD_CDC_ReceivePacket(&hUsbDeviceFS);
 297:Src/usbd_cdc_if.c ****   return (USBD_OK);
 298:Src/usbd_cdc_if.c ****   /* USER CODE END 6 */
 299:Src/usbd_cdc_if.c **** }
 300:Src/usbd_cdc_if.c **** 
 301:Src/usbd_cdc_if.c **** /**
 302:Src/usbd_cdc_if.c ****   * @brief  CDC_Transmit_FS
 303:Src/usbd_cdc_if.c ****   *         Data to send over USB IN endpoint are sent over CDC interface
 304:Src/usbd_cdc_if.c ****   *         through this function.
 305:Src/usbd_cdc_if.c ****   *         @note
 306:Src/usbd_cdc_if.c ****   *
 307:Src/usbd_cdc_if.c ****   *
 308:Src/usbd_cdc_if.c ****   * @param  Buf: Buffer of data to be sent
 309:Src/usbd_cdc_if.c ****   * @param  Len: Number of data to be sent (in bytes)
 310:Src/usbd_cdc_if.c ****   * @retval USBD_OK if all operations are OK else USBD_FAIL or USBD_BUSY
 311:Src/usbd_cdc_if.c ****   */
 312:Src/usbd_cdc_if.c **** uint8_t CDC_Transmit_FS(uint8_t* Buf, uint16_t Len)
 313:Src/usbd_cdc_if.c **** {
 119              		.loc 1 313 1 is_stmt 1 view -0
 120              		.cfi_startproc
 121              		@ args = 0, pretend = 0, frame = 0
 122              		@ frame_needed = 0, uses_anonymous_args = 0
 314:Src/usbd_cdc_if.c ****   uint8_t result = USBD_OK;
 123              		.loc 1 314 3 view .LVU14
 315:Src/usbd_cdc_if.c ****   /* USER CODE BEGIN 7 */
 316:Src/usbd_cdc_if.c ****   USBD_CDC_HandleTypeDef *hcdc = (USBD_CDC_HandleTypeDef*)hUsbDeviceFS.pClassData;
 124              		.loc 1 316 3 view .LVU15
 125              		.loc 1 316 27 is_stmt 0 view .LVU16
 126 0000 094B     		ldr	r3, .L15
 127 0002 D3F89032 		ldr	r3, [r3, #656]
 128              	.LVL5:
 317:Src/usbd_cdc_if.c ****   if (hcdc->TxState != 0){
 129              		.loc 1 317 3 is_stmt 1 view .LVU17
 130              		.loc 1 317 11 is_stmt 0 view .LVU18
 131 0006 D3F81432 		ldr	r3, [r3, #532]
 132              	.LVL6:
 133              		.loc 1 317 6 view .LVU19
 134 000a 0BB1     		cbz	r3, .L14
 318:Src/usbd_cdc_if.c ****     return USBD_BUSY;
 135              		.loc 1 318 12 view .LVU20
 136 000c 0120     		movs	r0, #1
 137              	.LVL7:
 319:Src/usbd_cdc_if.c ****   }
 320:Src/usbd_cdc_if.c ****   USBD_CDC_SetTxBuffer(&hUsbDeviceFS, Buf, Len);
 321:Src/usbd_cdc_if.c ****   result = USBD_CDC_TransmitPacket(&hUsbDeviceFS);
ARM GAS  /tmp/ccBO6AHe.s 			page 9


 322:Src/usbd_cdc_if.c ****   /* USER CODE END 7 */
 323:Src/usbd_cdc_if.c ****   return result;
 324:Src/usbd_cdc_if.c **** }
 138              		.loc 1 324 1 view .LVU21
 139 000e 7047     		bx	lr
 140              	.LVL8:
 141              	.L14:
 313:Src/usbd_cdc_if.c ****   uint8_t result = USBD_OK;
 142              		.loc 1 313 1 view .LVU22
 143 0010 10B5     		push	{r4, lr}
 144              	.LCFI1:
 145              		.cfi_def_cfa_offset 8
 146              		.cfi_offset 4, -8
 147              		.cfi_offset 14, -4
 148 0012 0A46     		mov	r2, r1
 149 0014 0146     		mov	r1, r0
 150              	.LVL9:
 320:Src/usbd_cdc_if.c ****   result = USBD_CDC_TransmitPacket(&hUsbDeviceFS);
 151              		.loc 1 320 3 is_stmt 1 view .LVU23
 152 0016 044C     		ldr	r4, .L15
 153              	.LVL10:
 320:Src/usbd_cdc_if.c ****   result = USBD_CDC_TransmitPacket(&hUsbDeviceFS);
 154              		.loc 1 320 3 is_stmt 0 view .LVU24
 155 0018 2046     		mov	r0, r4
 156              	.LVL11:
 320:Src/usbd_cdc_if.c ****   result = USBD_CDC_TransmitPacket(&hUsbDeviceFS);
 157              		.loc 1 320 3 view .LVU25
 158 001a FFF7FEFF 		bl	USBD_CDC_SetTxBuffer
 159              	.LVL12:
 321:Src/usbd_cdc_if.c ****   /* USER CODE END 7 */
 160              		.loc 1 321 3 is_stmt 1 view .LVU26
 321:Src/usbd_cdc_if.c ****   /* USER CODE END 7 */
 161              		.loc 1 321 12 is_stmt 0 view .LVU27
 162 001e 2046     		mov	r0, r4
 163 0020 FFF7FEFF 		bl	USBD_CDC_TransmitPacket
 164              	.LVL13:
 323:Src/usbd_cdc_if.c **** }
 165              		.loc 1 323 3 is_stmt 1 view .LVU28
 166              		.loc 1 324 1 is_stmt 0 view .LVU29
 167 0024 10BD     		pop	{r4, pc}
 168              	.L16:
 169 0026 00BF     		.align	2
 170              	.L15:
 171 0028 00000000 		.word	hUsbDeviceFS
 172              		.cfi_endproc
 173              	.LFE142:
 175              		.section	.text.CDC_Receive_FS,"ax",%progbits
 176              		.align	1
 177              		.syntax unified
 178              		.thumb
 179              		.thumb_func
 180              		.fpu fpv5-sp-d16
 182              	CDC_Receive_FS:
 183              	.LVL14:
 184              	.LFB141:
 292:Src/usbd_cdc_if.c ****   /* USER CODE BEGIN 6 */
 185              		.loc 1 292 1 is_stmt 1 view -0
ARM GAS  /tmp/ccBO6AHe.s 			page 10


 186              		.cfi_startproc
 187              		@ args = 0, pretend = 0, frame = 0
 188              		@ frame_needed = 0, uses_anonymous_args = 0
 292:Src/usbd_cdc_if.c ****   /* USER CODE BEGIN 6 */
 189              		.loc 1 292 1 is_stmt 0 view .LVU31
 190 0000 38B5     		push	{r3, r4, r5, lr}
 191              	.LCFI2:
 192              		.cfi_def_cfa_offset 16
 193              		.cfi_offset 3, -16
 194              		.cfi_offset 4, -12
 195              		.cfi_offset 5, -8
 196              		.cfi_offset 14, -4
 197 0002 0546     		mov	r5, r0
 294:Src/usbd_cdc_if.c ****   USBD_CDC_SetRxBuffer(&hUsbDeviceFS, &Buf[0]);
 198              		.loc 1 294 3 is_stmt 1 view .LVU32
 199 0004 0988     		ldrh	r1, [r1]
 200              	.LVL15:
 294:Src/usbd_cdc_if.c ****   USBD_CDC_SetRxBuffer(&hUsbDeviceFS, &Buf[0]);
 201              		.loc 1 294 3 is_stmt 0 view .LVU33
 202 0006 FFF7FEFF 		bl	CDC_Transmit_FS
 203              	.LVL16:
 295:Src/usbd_cdc_if.c ****   USBD_CDC_ReceivePacket(&hUsbDeviceFS);
 204              		.loc 1 295 3 is_stmt 1 view .LVU34
 205 000a 054C     		ldr	r4, .L19
 206 000c 2946     		mov	r1, r5
 207 000e 2046     		mov	r0, r4
 208 0010 FFF7FEFF 		bl	USBD_CDC_SetRxBuffer
 209              	.LVL17:
 296:Src/usbd_cdc_if.c ****   return (USBD_OK);
 210              		.loc 1 296 3 view .LVU35
 211 0014 2046     		mov	r0, r4
 212 0016 FFF7FEFF 		bl	USBD_CDC_ReceivePacket
 213              	.LVL18:
 297:Src/usbd_cdc_if.c ****   /* USER CODE END 6 */
 214              		.loc 1 297 3 view .LVU36
 299:Src/usbd_cdc_if.c **** 
 215              		.loc 1 299 1 is_stmt 0 view .LVU37
 216 001a 0020     		movs	r0, #0
 217 001c 38BD     		pop	{r3, r4, r5, pc}
 218              	.LVL19:
 219              	.L20:
 299:Src/usbd_cdc_if.c **** 
 220              		.loc 1 299 1 view .LVU38
 221 001e 00BF     		.align	2
 222              	.L19:
 223 0020 00000000 		.word	hUsbDeviceFS
 224              		.cfi_endproc
 225              	.LFE141:
 227              		.section	.text.usb_send_data,"ax",%progbits
 228              		.align	1
 229              		.global	usb_send_data
 230              		.syntax unified
 231              		.thumb
 232              		.thumb_func
 233              		.fpu fpv5-sp-d16
 235              	usb_send_data:
 236              	.LVL20:
ARM GAS  /tmp/ccBO6AHe.s 			page 11


 237              	.LFB143:
 325:Src/usbd_cdc_if.c **** 
 326:Src/usbd_cdc_if.c **** /* USER CODE BEGIN PRIVATE_FUNCTIONS_IMPLEMENTATION */
 327:Src/usbd_cdc_if.c **** 
 328:Src/usbd_cdc_if.c **** void usb_send_data(char* Buf, uint16_t Len,uint16_t timeout){
 238              		.loc 1 328 61 is_stmt 1 view -0
 239              		.cfi_startproc
 240              		@ args = 0, pretend = 0, frame = 0
 241              		@ frame_needed = 0, uses_anonymous_args = 0
 242              		.loc 1 328 61 is_stmt 0 view .LVU40
 243 0000 F8B5     		push	{r3, r4, r5, r6, r7, lr}
 244              	.LCFI3:
 245              		.cfi_def_cfa_offset 24
 246              		.cfi_offset 3, -24
 247              		.cfi_offset 4, -20
 248              		.cfi_offset 5, -16
 249              		.cfi_offset 6, -12
 250              		.cfi_offset 7, -8
 251              		.cfi_offset 14, -4
 252 0002 0646     		mov	r6, r0
 253 0004 0D46     		mov	r5, r1
 254 0006 1746     		mov	r7, r2
 329:Src/usbd_cdc_if.c ****     uint16_t t = 0;
 255              		.loc 1 329 5 is_stmt 1 view .LVU41
 256              	.LVL21:
 330:Src/usbd_cdc_if.c ****     while(CDC_Transmit_FS((uint8_t*)Buf, Len) == USBD_BUSY && t < timeout){
 257              		.loc 1 330 5 view .LVU42
 329:Src/usbd_cdc_if.c ****     uint16_t t = 0;
 258              		.loc 1 329 14 is_stmt 0 view .LVU43
 259 0008 0024     		movs	r4, #0
 260              	.LVL22:
 261              	.L22:
 262              		.loc 1 330 11 view .LVU44
 263 000a 2946     		mov	r1, r5
 264 000c 3046     		mov	r0, r6
 265 000e FFF7FEFF 		bl	CDC_Transmit_FS
 266              	.LVL23:
 267              		.loc 1 330 10 view .LVU45
 268 0012 0128     		cmp	r0, #1
 269 0014 04D1     		bne	.L21
 270              		.loc 1 330 60 discriminator 1 view .LVU46
 271 0016 BC42     		cmp	r4, r7
 272 0018 02D2     		bcs	.L21
 331:Src/usbd_cdc_if.c ****         t++;
 273              		.loc 1 331 9 is_stmt 1 view .LVU47
 274              		.loc 1 331 10 is_stmt 0 view .LVU48
 275 001a 0134     		adds	r4, r4, #1
 276              	.LVL24:
 277              		.loc 1 331 10 view .LVU49
 278 001c A4B2     		uxth	r4, r4
 279              	.LVL25:
 280              		.loc 1 331 10 view .LVU50
 281 001e F4E7     		b	.L22
 282              	.L21:
 332:Src/usbd_cdc_if.c ****     }
 333:Src/usbd_cdc_if.c **** }
 283              		.loc 1 333 1 view .LVU51
ARM GAS  /tmp/ccBO6AHe.s 			page 12


 284 0020 F8BD     		pop	{r3, r4, r5, r6, r7, pc}
 285              		.loc 1 333 1 view .LVU52
 286              		.cfi_endproc
 287              	.LFE143:
 289              		.global	USBD_Interface_fops_FS
 290              		.comm	UserTxBufferFS,2048,4
 291              		.comm	UserRxBufferFS,2048,4
 292              		.section	.data.USBD_Interface_fops_FS,"aw"
 293              		.align	2
 296              	USBD_Interface_fops_FS:
 297 0000 00000000 		.word	CDC_Init_FS
 298 0004 00000000 		.word	CDC_DeInit_FS
 299 0008 00000000 		.word	CDC_Control_FS
 300 000c 00000000 		.word	CDC_Receive_FS
 301              		.text
 302              	.Letext0:
 303              		.file 2 "/usr/arm-none-eabi/include/machine/_default_types.h"
 304              		.file 3 "/usr/arm-none-eabi/include/sys/lock.h"
 305              		.file 4 "/usr/arm-none-eabi/include/sys/_types.h"
 306              		.file 5 "/usr/lib/gcc/arm-none-eabi/8.3.0/include/stddef.h"
 307              		.file 6 "/usr/arm-none-eabi/include/sys/reent.h"
 308              		.file 7 "/usr/arm-none-eabi/include/sys/_stdint.h"
 309              		.file 8 "/usr/arm-none-eabi/include/stdlib.h"
 310              		.file 9 "Drivers/CMSIS/Include/core_cm7.h"
 311              		.file 10 "Drivers/CMSIS/Device/ST/STM32F7xx/Include/system_stm32f7xx.h"
 312              		.file 11 "Middlewares/ST/STM32_USB_Device_Library/Core/Inc/usbd_def.h"
 313              		.file 12 "Middlewares/ST/STM32_USB_Device_Library/Class/CDC/Inc/usbd_cdc.h"
 314              		.file 13 "Inc/usbd_cdc_if.h"
ARM GAS  /tmp/ccBO6AHe.s 			page 13


DEFINED SYMBOLS
                            *ABS*:0000000000000000 usbd_cdc_if.c
     /tmp/ccBO6AHe.s:18     .text.CDC_DeInit_FS:0000000000000000 $t
     /tmp/ccBO6AHe.s:25     .text.CDC_DeInit_FS:0000000000000000 CDC_DeInit_FS
     /tmp/ccBO6AHe.s:41     .text.CDC_Control_FS:0000000000000000 $t
     /tmp/ccBO6AHe.s:47     .text.CDC_Control_FS:0000000000000000 CDC_Control_FS
     /tmp/ccBO6AHe.s:66     .text.CDC_Init_FS:0000000000000000 $t
     /tmp/ccBO6AHe.s:72     .text.CDC_Init_FS:0000000000000000 CDC_Init_FS
     /tmp/ccBO6AHe.s:102    .text.CDC_Init_FS:000000000000001c $d
                            *COM*:0000000000000800 UserTxBufferFS
                            *COM*:0000000000000800 UserRxBufferFS
     /tmp/ccBO6AHe.s:109    .text.CDC_Transmit_FS:0000000000000000 $t
     /tmp/ccBO6AHe.s:116    .text.CDC_Transmit_FS:0000000000000000 CDC_Transmit_FS
     /tmp/ccBO6AHe.s:171    .text.CDC_Transmit_FS:0000000000000028 $d
     /tmp/ccBO6AHe.s:176    .text.CDC_Receive_FS:0000000000000000 $t
     /tmp/ccBO6AHe.s:182    .text.CDC_Receive_FS:0000000000000000 CDC_Receive_FS
     /tmp/ccBO6AHe.s:223    .text.CDC_Receive_FS:0000000000000020 $d
     /tmp/ccBO6AHe.s:228    .text.usb_send_data:0000000000000000 $t
     /tmp/ccBO6AHe.s:235    .text.usb_send_data:0000000000000000 usb_send_data
     /tmp/ccBO6AHe.s:296    .data.USBD_Interface_fops_FS:0000000000000000 USBD_Interface_fops_FS
     /tmp/ccBO6AHe.s:293    .data.USBD_Interface_fops_FS:0000000000000000 $d

UNDEFINED SYMBOLS
USBD_CDC_SetTxBuffer
USBD_CDC_SetRxBuffer
hUsbDeviceFS
USBD_CDC_TransmitPacket
USBD_CDC_ReceivePacket
