ARM GAS  /tmp/ccGD7s0N.s 			page 1


   1              		.cpu cortex-m7
   2              		.eabi_attribute 27, 1
   3              		.eabi_attribute 28, 1
   4              		.eabi_attribute 20, 1
   5              		.eabi_attribute 21, 1
   6              		.eabi_attribute 23, 3
   7              		.eabi_attribute 24, 1
   8              		.eabi_attribute 25, 1
   9              		.eabi_attribute 26, 1
  10              		.eabi_attribute 30, 1
  11              		.eabi_attribute 34, 1
  12              		.eabi_attribute 18, 4
  13              		.file	"usbd_ioreq.c"
  14              		.text
  15              	.Ltext0:
  16              		.cfi_sections	.debug_frame
  17              		.section	.text.USBD_CtlSendData,"ax",%progbits
  18              		.align	1
  19              		.global	USBD_CtlSendData
  20              		.arch armv7e-m
  21              		.syntax unified
  22              		.thumb
  23              		.thumb_func
  24              		.fpu fpv5-sp-d16
  26              	USBD_CtlSendData:
  27              	.LVL0:
  28              	.LFB138:
  29              		.file 1 "Middlewares/ST/STM32_USB_Device_Library/Core/Src/usbd_ioreq.c"
   1:Middlewares/ST/STM32_USB_Device_Library/Core/Src/usbd_ioreq.c **** /**
   2:Middlewares/ST/STM32_USB_Device_Library/Core/Src/usbd_ioreq.c ****   ******************************************************************************
   3:Middlewares/ST/STM32_USB_Device_Library/Core/Src/usbd_ioreq.c ****   * @file    usbd_ioreq.c
   4:Middlewares/ST/STM32_USB_Device_Library/Core/Src/usbd_ioreq.c ****   * @author  MCD Application Team
   5:Middlewares/ST/STM32_USB_Device_Library/Core/Src/usbd_ioreq.c ****   * @brief   This file provides the IO requests APIs for control endpoints.
   6:Middlewares/ST/STM32_USB_Device_Library/Core/Src/usbd_ioreq.c ****   ******************************************************************************
   7:Middlewares/ST/STM32_USB_Device_Library/Core/Src/usbd_ioreq.c ****   * @attention
   8:Middlewares/ST/STM32_USB_Device_Library/Core/Src/usbd_ioreq.c ****   *
   9:Middlewares/ST/STM32_USB_Device_Library/Core/Src/usbd_ioreq.c ****   * <h2><center>&copy; Copyright (c) 2017 STMicroelectronics International N.V.
  10:Middlewares/ST/STM32_USB_Device_Library/Core/Src/usbd_ioreq.c ****   * All rights reserved.</center></h2>
  11:Middlewares/ST/STM32_USB_Device_Library/Core/Src/usbd_ioreq.c ****   *
  12:Middlewares/ST/STM32_USB_Device_Library/Core/Src/usbd_ioreq.c ****   * Redistribution and use in source and binary forms, with or without
  13:Middlewares/ST/STM32_USB_Device_Library/Core/Src/usbd_ioreq.c ****   * modification, are permitted, provided that the following conditions are met:
  14:Middlewares/ST/STM32_USB_Device_Library/Core/Src/usbd_ioreq.c ****   *
  15:Middlewares/ST/STM32_USB_Device_Library/Core/Src/usbd_ioreq.c ****   * 1. Redistribution of source code must retain the above copyright notice,
  16:Middlewares/ST/STM32_USB_Device_Library/Core/Src/usbd_ioreq.c ****   *    this list of conditions and the following disclaimer.
  17:Middlewares/ST/STM32_USB_Device_Library/Core/Src/usbd_ioreq.c ****   * 2. Redistributions in binary form must reproduce the above copyright notice,
  18:Middlewares/ST/STM32_USB_Device_Library/Core/Src/usbd_ioreq.c ****   *    this list of conditions and the following disclaimer in the documentation
  19:Middlewares/ST/STM32_USB_Device_Library/Core/Src/usbd_ioreq.c ****   *    and/or other materials provided with the distribution.
  20:Middlewares/ST/STM32_USB_Device_Library/Core/Src/usbd_ioreq.c ****   * 3. Neither the name of STMicroelectronics nor the names of other
  21:Middlewares/ST/STM32_USB_Device_Library/Core/Src/usbd_ioreq.c ****   *    contributors to this software may be used to endorse or promote products
  22:Middlewares/ST/STM32_USB_Device_Library/Core/Src/usbd_ioreq.c ****   *    derived from this software without specific written permission.
  23:Middlewares/ST/STM32_USB_Device_Library/Core/Src/usbd_ioreq.c ****   * 4. This software, including modifications and/or derivative works of this
  24:Middlewares/ST/STM32_USB_Device_Library/Core/Src/usbd_ioreq.c ****   *    software, must execute solely and exclusively on microcontroller or
  25:Middlewares/ST/STM32_USB_Device_Library/Core/Src/usbd_ioreq.c ****   *    microprocessor devices manufactured by or for STMicroelectronics.
  26:Middlewares/ST/STM32_USB_Device_Library/Core/Src/usbd_ioreq.c ****   * 5. Redistribution and use of this software other than as permitted under
  27:Middlewares/ST/STM32_USB_Device_Library/Core/Src/usbd_ioreq.c ****   *    this license is void and will automatically terminate your rights under
  28:Middlewares/ST/STM32_USB_Device_Library/Core/Src/usbd_ioreq.c ****   *    this license.
  29:Middlewares/ST/STM32_USB_Device_Library/Core/Src/usbd_ioreq.c ****   *
ARM GAS  /tmp/ccGD7s0N.s 			page 2


  30:Middlewares/ST/STM32_USB_Device_Library/Core/Src/usbd_ioreq.c ****   * THIS SOFTWARE IS PROVIDED BY STMICROELECTRONICS AND CONTRIBUTORS "AS IS"
  31:Middlewares/ST/STM32_USB_Device_Library/Core/Src/usbd_ioreq.c ****   * AND ANY EXPRESS, IMPLIED OR STATUTORY WARRANTIES, INCLUDING, BUT NOT
  32:Middlewares/ST/STM32_USB_Device_Library/Core/Src/usbd_ioreq.c ****   * LIMITED TO, THE IMPLIED WARRANTIES OF MERCHANTABILITY, FITNESS FOR A
  33:Middlewares/ST/STM32_USB_Device_Library/Core/Src/usbd_ioreq.c ****   * PARTICULAR PURPOSE AND NON-INFRINGEMENT OF THIRD PARTY INTELLECTUAL PROPERTY
  34:Middlewares/ST/STM32_USB_Device_Library/Core/Src/usbd_ioreq.c ****   * RIGHTS ARE DISCLAIMED TO THE FULLEST EXTENT PERMITTED BY LAW. IN NO EVENT
  35:Middlewares/ST/STM32_USB_Device_Library/Core/Src/usbd_ioreq.c ****   * SHALL STMICROELECTRONICS OR CONTRIBUTORS BE LIABLE FOR ANY DIRECT, INDIRECT,
  36:Middlewares/ST/STM32_USB_Device_Library/Core/Src/usbd_ioreq.c ****   * INCIDENTAL, SPECIAL, EXEMPLARY, OR CONSEQUENTIAL DAMAGES (INCLUDING, BUT NOT
  37:Middlewares/ST/STM32_USB_Device_Library/Core/Src/usbd_ioreq.c ****   * LIMITED TO, PROCUREMENT OF SUBSTITUTE GOODS OR SERVICES; LOSS OF USE, DATA,
  38:Middlewares/ST/STM32_USB_Device_Library/Core/Src/usbd_ioreq.c ****   * OR PROFITS; OR BUSINESS INTERRUPTION) HOWEVER CAUSED AND ON ANY THEORY OF
  39:Middlewares/ST/STM32_USB_Device_Library/Core/Src/usbd_ioreq.c ****   * LIABILITY, WHETHER IN CONTRACT, STRICT LIABILITY, OR TORT (INCLUDING
  40:Middlewares/ST/STM32_USB_Device_Library/Core/Src/usbd_ioreq.c ****   * NEGLIGENCE OR OTHERWISE) ARISING IN ANY WAY OUT OF THE USE OF THIS SOFTWARE,
  41:Middlewares/ST/STM32_USB_Device_Library/Core/Src/usbd_ioreq.c ****   * EVEN IF ADVISED OF THE POSSIBILITY OF SUCH DAMAGE.
  42:Middlewares/ST/STM32_USB_Device_Library/Core/Src/usbd_ioreq.c ****   *
  43:Middlewares/ST/STM32_USB_Device_Library/Core/Src/usbd_ioreq.c ****   ******************************************************************************
  44:Middlewares/ST/STM32_USB_Device_Library/Core/Src/usbd_ioreq.c ****   */
  45:Middlewares/ST/STM32_USB_Device_Library/Core/Src/usbd_ioreq.c **** 
  46:Middlewares/ST/STM32_USB_Device_Library/Core/Src/usbd_ioreq.c **** /* Includes ------------------------------------------------------------------*/
  47:Middlewares/ST/STM32_USB_Device_Library/Core/Src/usbd_ioreq.c **** #include "usbd_ioreq.h"
  48:Middlewares/ST/STM32_USB_Device_Library/Core/Src/usbd_ioreq.c **** 
  49:Middlewares/ST/STM32_USB_Device_Library/Core/Src/usbd_ioreq.c **** /** @addtogroup STM32_USB_DEVICE_LIBRARY
  50:Middlewares/ST/STM32_USB_Device_Library/Core/Src/usbd_ioreq.c ****   * @{
  51:Middlewares/ST/STM32_USB_Device_Library/Core/Src/usbd_ioreq.c ****   */
  52:Middlewares/ST/STM32_USB_Device_Library/Core/Src/usbd_ioreq.c **** 
  53:Middlewares/ST/STM32_USB_Device_Library/Core/Src/usbd_ioreq.c **** 
  54:Middlewares/ST/STM32_USB_Device_Library/Core/Src/usbd_ioreq.c **** /** @defgroup USBD_IOREQ
  55:Middlewares/ST/STM32_USB_Device_Library/Core/Src/usbd_ioreq.c ****   * @brief control I/O requests module
  56:Middlewares/ST/STM32_USB_Device_Library/Core/Src/usbd_ioreq.c ****   * @{
  57:Middlewares/ST/STM32_USB_Device_Library/Core/Src/usbd_ioreq.c ****   */
  58:Middlewares/ST/STM32_USB_Device_Library/Core/Src/usbd_ioreq.c **** 
  59:Middlewares/ST/STM32_USB_Device_Library/Core/Src/usbd_ioreq.c **** /** @defgroup USBD_IOREQ_Private_TypesDefinitions
  60:Middlewares/ST/STM32_USB_Device_Library/Core/Src/usbd_ioreq.c ****   * @{
  61:Middlewares/ST/STM32_USB_Device_Library/Core/Src/usbd_ioreq.c ****   */
  62:Middlewares/ST/STM32_USB_Device_Library/Core/Src/usbd_ioreq.c **** /**
  63:Middlewares/ST/STM32_USB_Device_Library/Core/Src/usbd_ioreq.c ****   * @}
  64:Middlewares/ST/STM32_USB_Device_Library/Core/Src/usbd_ioreq.c ****   */
  65:Middlewares/ST/STM32_USB_Device_Library/Core/Src/usbd_ioreq.c **** 
  66:Middlewares/ST/STM32_USB_Device_Library/Core/Src/usbd_ioreq.c **** 
  67:Middlewares/ST/STM32_USB_Device_Library/Core/Src/usbd_ioreq.c **** /** @defgroup USBD_IOREQ_Private_Defines
  68:Middlewares/ST/STM32_USB_Device_Library/Core/Src/usbd_ioreq.c ****   * @{
  69:Middlewares/ST/STM32_USB_Device_Library/Core/Src/usbd_ioreq.c ****   */
  70:Middlewares/ST/STM32_USB_Device_Library/Core/Src/usbd_ioreq.c **** 
  71:Middlewares/ST/STM32_USB_Device_Library/Core/Src/usbd_ioreq.c **** /**
  72:Middlewares/ST/STM32_USB_Device_Library/Core/Src/usbd_ioreq.c ****   * @}
  73:Middlewares/ST/STM32_USB_Device_Library/Core/Src/usbd_ioreq.c ****   */
  74:Middlewares/ST/STM32_USB_Device_Library/Core/Src/usbd_ioreq.c **** 
  75:Middlewares/ST/STM32_USB_Device_Library/Core/Src/usbd_ioreq.c **** 
  76:Middlewares/ST/STM32_USB_Device_Library/Core/Src/usbd_ioreq.c **** /** @defgroup USBD_IOREQ_Private_Macros
  77:Middlewares/ST/STM32_USB_Device_Library/Core/Src/usbd_ioreq.c ****   * @{
  78:Middlewares/ST/STM32_USB_Device_Library/Core/Src/usbd_ioreq.c ****   */
  79:Middlewares/ST/STM32_USB_Device_Library/Core/Src/usbd_ioreq.c **** /**
  80:Middlewares/ST/STM32_USB_Device_Library/Core/Src/usbd_ioreq.c ****   * @}
  81:Middlewares/ST/STM32_USB_Device_Library/Core/Src/usbd_ioreq.c ****   */
  82:Middlewares/ST/STM32_USB_Device_Library/Core/Src/usbd_ioreq.c **** 
  83:Middlewares/ST/STM32_USB_Device_Library/Core/Src/usbd_ioreq.c **** 
  84:Middlewares/ST/STM32_USB_Device_Library/Core/Src/usbd_ioreq.c **** /** @defgroup USBD_IOREQ_Private_Variables
  85:Middlewares/ST/STM32_USB_Device_Library/Core/Src/usbd_ioreq.c ****   * @{
  86:Middlewares/ST/STM32_USB_Device_Library/Core/Src/usbd_ioreq.c ****   */
ARM GAS  /tmp/ccGD7s0N.s 			page 3


  87:Middlewares/ST/STM32_USB_Device_Library/Core/Src/usbd_ioreq.c **** 
  88:Middlewares/ST/STM32_USB_Device_Library/Core/Src/usbd_ioreq.c **** /**
  89:Middlewares/ST/STM32_USB_Device_Library/Core/Src/usbd_ioreq.c ****   * @}
  90:Middlewares/ST/STM32_USB_Device_Library/Core/Src/usbd_ioreq.c ****   */
  91:Middlewares/ST/STM32_USB_Device_Library/Core/Src/usbd_ioreq.c **** 
  92:Middlewares/ST/STM32_USB_Device_Library/Core/Src/usbd_ioreq.c **** 
  93:Middlewares/ST/STM32_USB_Device_Library/Core/Src/usbd_ioreq.c **** /** @defgroup USBD_IOREQ_Private_FunctionPrototypes
  94:Middlewares/ST/STM32_USB_Device_Library/Core/Src/usbd_ioreq.c ****   * @{
  95:Middlewares/ST/STM32_USB_Device_Library/Core/Src/usbd_ioreq.c ****   */
  96:Middlewares/ST/STM32_USB_Device_Library/Core/Src/usbd_ioreq.c **** /**
  97:Middlewares/ST/STM32_USB_Device_Library/Core/Src/usbd_ioreq.c ****   * @}
  98:Middlewares/ST/STM32_USB_Device_Library/Core/Src/usbd_ioreq.c ****   */
  99:Middlewares/ST/STM32_USB_Device_Library/Core/Src/usbd_ioreq.c **** 
 100:Middlewares/ST/STM32_USB_Device_Library/Core/Src/usbd_ioreq.c **** 
 101:Middlewares/ST/STM32_USB_Device_Library/Core/Src/usbd_ioreq.c **** /** @defgroup USBD_IOREQ_Private_Functions
 102:Middlewares/ST/STM32_USB_Device_Library/Core/Src/usbd_ioreq.c ****   * @{
 103:Middlewares/ST/STM32_USB_Device_Library/Core/Src/usbd_ioreq.c ****   */
 104:Middlewares/ST/STM32_USB_Device_Library/Core/Src/usbd_ioreq.c **** 
 105:Middlewares/ST/STM32_USB_Device_Library/Core/Src/usbd_ioreq.c **** /**
 106:Middlewares/ST/STM32_USB_Device_Library/Core/Src/usbd_ioreq.c **** * @brief  USBD_CtlSendData
 107:Middlewares/ST/STM32_USB_Device_Library/Core/Src/usbd_ioreq.c **** *         send data on the ctl pipe
 108:Middlewares/ST/STM32_USB_Device_Library/Core/Src/usbd_ioreq.c **** * @param  pdev: device instance
 109:Middlewares/ST/STM32_USB_Device_Library/Core/Src/usbd_ioreq.c **** * @param  buff: pointer to data buffer
 110:Middlewares/ST/STM32_USB_Device_Library/Core/Src/usbd_ioreq.c **** * @param  len: length of data to be sent
 111:Middlewares/ST/STM32_USB_Device_Library/Core/Src/usbd_ioreq.c **** * @retval status
 112:Middlewares/ST/STM32_USB_Device_Library/Core/Src/usbd_ioreq.c **** */
 113:Middlewares/ST/STM32_USB_Device_Library/Core/Src/usbd_ioreq.c **** USBD_StatusTypeDef USBD_CtlSendData (USBD_HandleTypeDef *pdev, uint8_t *pbuf,
 114:Middlewares/ST/STM32_USB_Device_Library/Core/Src/usbd_ioreq.c ****                                      uint16_t len)
 115:Middlewares/ST/STM32_USB_Device_Library/Core/Src/usbd_ioreq.c **** {
  30              		.loc 1 115 1 view -0
  31              		.cfi_startproc
  32              		@ args = 0, pretend = 0, frame = 0
  33              		@ frame_needed = 0, uses_anonymous_args = 0
  34              		.loc 1 115 1 is_stmt 0 view .LVU1
  35 0000 10B5     		push	{r4, lr}
  36              	.LCFI0:
  37              		.cfi_def_cfa_offset 8
  38              		.cfi_offset 4, -8
  39              		.cfi_offset 14, -4
  40 0002 1346     		mov	r3, r2
 116:Middlewares/ST/STM32_USB_Device_Library/Core/Src/usbd_ioreq.c ****   /* Set EP0 State */
 117:Middlewares/ST/STM32_USB_Device_Library/Core/Src/usbd_ioreq.c ****   pdev->ep0_state = USBD_EP0_DATA_IN;
  41              		.loc 1 117 3 is_stmt 1 view .LVU2
  42              		.loc 1 117 19 is_stmt 0 view .LVU3
  43 0004 0222     		movs	r2, #2
  44              	.LVL1:
  45              		.loc 1 117 19 view .LVU4
  46 0006 C0F86C22 		str	r2, [r0, #620]
 118:Middlewares/ST/STM32_USB_Device_Library/Core/Src/usbd_ioreq.c ****   pdev->ep_in[0].total_length = len;
  47              		.loc 1 118 3 is_stmt 1 view .LVU5
  48              		.loc 1 118 31 is_stmt 0 view .LVU6
  49 000a C361     		str	r3, [r0, #28]
 119:Middlewares/ST/STM32_USB_Device_Library/Core/Src/usbd_ioreq.c ****   pdev->ep_in[0].rem_length   = len;
  50              		.loc 1 119 3 is_stmt 1 view .LVU7
  51              		.loc 1 119 31 is_stmt 0 view .LVU8
  52 000c 0362     		str	r3, [r0, #32]
 120:Middlewares/ST/STM32_USB_Device_Library/Core/Src/usbd_ioreq.c **** 
ARM GAS  /tmp/ccGD7s0N.s 			page 4


 121:Middlewares/ST/STM32_USB_Device_Library/Core/Src/usbd_ioreq.c ****  /* Start the transfer */
 122:Middlewares/ST/STM32_USB_Device_Library/Core/Src/usbd_ioreq.c ****   USBD_LL_Transmit (pdev, 0x00U, pbuf, len);
  53              		.loc 1 122 3 is_stmt 1 view .LVU9
  54 000e 0A46     		mov	r2, r1
  55 0010 0021     		movs	r1, #0
  56              	.LVL2:
  57              		.loc 1 122 3 is_stmt 0 view .LVU10
  58 0012 FFF7FEFF 		bl	USBD_LL_Transmit
  59              	.LVL3:
 123:Middlewares/ST/STM32_USB_Device_Library/Core/Src/usbd_ioreq.c **** 
 124:Middlewares/ST/STM32_USB_Device_Library/Core/Src/usbd_ioreq.c ****   return USBD_OK;
  60              		.loc 1 124 3 is_stmt 1 view .LVU11
 125:Middlewares/ST/STM32_USB_Device_Library/Core/Src/usbd_ioreq.c **** }
  61              		.loc 1 125 1 is_stmt 0 view .LVU12
  62 0016 0020     		movs	r0, #0
  63 0018 10BD     		pop	{r4, pc}
  64              		.cfi_endproc
  65              	.LFE138:
  67              		.section	.text.USBD_CtlContinueSendData,"ax",%progbits
  68              		.align	1
  69              		.global	USBD_CtlContinueSendData
  70              		.syntax unified
  71              		.thumb
  72              		.thumb_func
  73              		.fpu fpv5-sp-d16
  75              	USBD_CtlContinueSendData:
  76              	.LVL4:
  77              	.LFB139:
 126:Middlewares/ST/STM32_USB_Device_Library/Core/Src/usbd_ioreq.c **** 
 127:Middlewares/ST/STM32_USB_Device_Library/Core/Src/usbd_ioreq.c **** /**
 128:Middlewares/ST/STM32_USB_Device_Library/Core/Src/usbd_ioreq.c **** * @brief  USBD_CtlContinueSendData
 129:Middlewares/ST/STM32_USB_Device_Library/Core/Src/usbd_ioreq.c **** *         continue sending data on the ctl pipe
 130:Middlewares/ST/STM32_USB_Device_Library/Core/Src/usbd_ioreq.c **** * @param  pdev: device instance
 131:Middlewares/ST/STM32_USB_Device_Library/Core/Src/usbd_ioreq.c **** * @param  buff: pointer to data buffer
 132:Middlewares/ST/STM32_USB_Device_Library/Core/Src/usbd_ioreq.c **** * @param  len: length of data to be sent
 133:Middlewares/ST/STM32_USB_Device_Library/Core/Src/usbd_ioreq.c **** * @retval status
 134:Middlewares/ST/STM32_USB_Device_Library/Core/Src/usbd_ioreq.c **** */
 135:Middlewares/ST/STM32_USB_Device_Library/Core/Src/usbd_ioreq.c **** USBD_StatusTypeDef USBD_CtlContinueSendData (USBD_HandleTypeDef *pdev,
 136:Middlewares/ST/STM32_USB_Device_Library/Core/Src/usbd_ioreq.c ****                                              uint8_t *pbuf, uint16_t len)
 137:Middlewares/ST/STM32_USB_Device_Library/Core/Src/usbd_ioreq.c **** {
  78              		.loc 1 137 1 is_stmt 1 view -0
  79              		.cfi_startproc
  80              		@ args = 0, pretend = 0, frame = 0
  81              		@ frame_needed = 0, uses_anonymous_args = 0
  82              		.loc 1 137 1 is_stmt 0 view .LVU14
  83 0000 08B5     		push	{r3, lr}
  84              	.LCFI1:
  85              		.cfi_def_cfa_offset 8
  86              		.cfi_offset 3, -8
  87              		.cfi_offset 14, -4
 138:Middlewares/ST/STM32_USB_Device_Library/Core/Src/usbd_ioreq.c ****  /* Start the next transfer */
 139:Middlewares/ST/STM32_USB_Device_Library/Core/Src/usbd_ioreq.c ****   USBD_LL_Transmit (pdev, 0x00U, pbuf, len);
  88              		.loc 1 139 3 is_stmt 1 view .LVU15
  89 0002 1346     		mov	r3, r2
  90 0004 0A46     		mov	r2, r1
  91              	.LVL5:
  92              		.loc 1 139 3 is_stmt 0 view .LVU16
ARM GAS  /tmp/ccGD7s0N.s 			page 5


  93 0006 0021     		movs	r1, #0
  94              	.LVL6:
  95              		.loc 1 139 3 view .LVU17
  96 0008 FFF7FEFF 		bl	USBD_LL_Transmit
  97              	.LVL7:
 140:Middlewares/ST/STM32_USB_Device_Library/Core/Src/usbd_ioreq.c **** 
 141:Middlewares/ST/STM32_USB_Device_Library/Core/Src/usbd_ioreq.c ****   return USBD_OK;
  98              		.loc 1 141 3 is_stmt 1 view .LVU18
 142:Middlewares/ST/STM32_USB_Device_Library/Core/Src/usbd_ioreq.c **** }
  99              		.loc 1 142 1 is_stmt 0 view .LVU19
 100 000c 0020     		movs	r0, #0
 101 000e 08BD     		pop	{r3, pc}
 102              		.cfi_endproc
 103              	.LFE139:
 105              		.section	.text.USBD_CtlPrepareRx,"ax",%progbits
 106              		.align	1
 107              		.global	USBD_CtlPrepareRx
 108              		.syntax unified
 109              		.thumb
 110              		.thumb_func
 111              		.fpu fpv5-sp-d16
 113              	USBD_CtlPrepareRx:
 114              	.LVL8:
 115              	.LFB140:
 143:Middlewares/ST/STM32_USB_Device_Library/Core/Src/usbd_ioreq.c **** 
 144:Middlewares/ST/STM32_USB_Device_Library/Core/Src/usbd_ioreq.c **** /**
 145:Middlewares/ST/STM32_USB_Device_Library/Core/Src/usbd_ioreq.c **** * @brief  USBD_CtlPrepareRx
 146:Middlewares/ST/STM32_USB_Device_Library/Core/Src/usbd_ioreq.c **** *         receive data on the ctl pipe
 147:Middlewares/ST/STM32_USB_Device_Library/Core/Src/usbd_ioreq.c **** * @param  pdev: device instance
 148:Middlewares/ST/STM32_USB_Device_Library/Core/Src/usbd_ioreq.c **** * @param  buff: pointer to data buffer
 149:Middlewares/ST/STM32_USB_Device_Library/Core/Src/usbd_ioreq.c **** * @param  len: length of data to be received
 150:Middlewares/ST/STM32_USB_Device_Library/Core/Src/usbd_ioreq.c **** * @retval status
 151:Middlewares/ST/STM32_USB_Device_Library/Core/Src/usbd_ioreq.c **** */
 152:Middlewares/ST/STM32_USB_Device_Library/Core/Src/usbd_ioreq.c **** USBD_StatusTypeDef USBD_CtlPrepareRx (USBD_HandleTypeDef *pdev, uint8_t *pbuf,
 153:Middlewares/ST/STM32_USB_Device_Library/Core/Src/usbd_ioreq.c ****                                       uint16_t len)
 154:Middlewares/ST/STM32_USB_Device_Library/Core/Src/usbd_ioreq.c **** {
 116              		.loc 1 154 1 is_stmt 1 view -0
 117              		.cfi_startproc
 118              		@ args = 0, pretend = 0, frame = 0
 119              		@ frame_needed = 0, uses_anonymous_args = 0
 120              		.loc 1 154 1 is_stmt 0 view .LVU21
 121 0000 10B5     		push	{r4, lr}
 122              	.LCFI2:
 123              		.cfi_def_cfa_offset 8
 124              		.cfi_offset 4, -8
 125              		.cfi_offset 14, -4
 126 0002 1346     		mov	r3, r2
 155:Middlewares/ST/STM32_USB_Device_Library/Core/Src/usbd_ioreq.c ****   /* Set EP0 State */
 156:Middlewares/ST/STM32_USB_Device_Library/Core/Src/usbd_ioreq.c ****   pdev->ep0_state = USBD_EP0_DATA_OUT;
 127              		.loc 1 156 3 is_stmt 1 view .LVU22
 128              		.loc 1 156 19 is_stmt 0 view .LVU23
 129 0004 0322     		movs	r2, #3
 130              	.LVL9:
 131              		.loc 1 156 19 view .LVU24
 132 0006 C0F86C22 		str	r2, [r0, #620]
 157:Middlewares/ST/STM32_USB_Device_Library/Core/Src/usbd_ioreq.c ****   pdev->ep_out[0].total_length = len;
 133              		.loc 1 157 3 is_stmt 1 view .LVU25
ARM GAS  /tmp/ccGD7s0N.s 			page 6


 134              		.loc 1 157 32 is_stmt 0 view .LVU26
 135 000a C0F84831 		str	r3, [r0, #328]
 158:Middlewares/ST/STM32_USB_Device_Library/Core/Src/usbd_ioreq.c ****   pdev->ep_out[0].rem_length   = len;
 136              		.loc 1 158 3 is_stmt 1 view .LVU27
 137              		.loc 1 158 32 is_stmt 0 view .LVU28
 138 000e C0F84C31 		str	r3, [r0, #332]
 159:Middlewares/ST/STM32_USB_Device_Library/Core/Src/usbd_ioreq.c **** 
 160:Middlewares/ST/STM32_USB_Device_Library/Core/Src/usbd_ioreq.c ****   /* Start the transfer */
 161:Middlewares/ST/STM32_USB_Device_Library/Core/Src/usbd_ioreq.c ****   USBD_LL_PrepareReceive (pdev, 0U, pbuf, len);
 139              		.loc 1 161 3 is_stmt 1 view .LVU29
 140 0012 0A46     		mov	r2, r1
 141 0014 0021     		movs	r1, #0
 142              	.LVL10:
 143              		.loc 1 161 3 is_stmt 0 view .LVU30
 144 0016 FFF7FEFF 		bl	USBD_LL_PrepareReceive
 145              	.LVL11:
 162:Middlewares/ST/STM32_USB_Device_Library/Core/Src/usbd_ioreq.c **** 
 163:Middlewares/ST/STM32_USB_Device_Library/Core/Src/usbd_ioreq.c ****   return USBD_OK;
 146              		.loc 1 163 3 is_stmt 1 view .LVU31
 164:Middlewares/ST/STM32_USB_Device_Library/Core/Src/usbd_ioreq.c **** }
 147              		.loc 1 164 1 is_stmt 0 view .LVU32
 148 001a 0020     		movs	r0, #0
 149 001c 10BD     		pop	{r4, pc}
 150              		.cfi_endproc
 151              	.LFE140:
 153              		.section	.text.USBD_CtlContinueRx,"ax",%progbits
 154              		.align	1
 155              		.global	USBD_CtlContinueRx
 156              		.syntax unified
 157              		.thumb
 158              		.thumb_func
 159              		.fpu fpv5-sp-d16
 161              	USBD_CtlContinueRx:
 162              	.LVL12:
 163              	.LFB141:
 165:Middlewares/ST/STM32_USB_Device_Library/Core/Src/usbd_ioreq.c **** 
 166:Middlewares/ST/STM32_USB_Device_Library/Core/Src/usbd_ioreq.c **** /**
 167:Middlewares/ST/STM32_USB_Device_Library/Core/Src/usbd_ioreq.c **** * @brief  USBD_CtlContinueRx
 168:Middlewares/ST/STM32_USB_Device_Library/Core/Src/usbd_ioreq.c **** *         continue receive data on the ctl pipe
 169:Middlewares/ST/STM32_USB_Device_Library/Core/Src/usbd_ioreq.c **** * @param  pdev: device instance
 170:Middlewares/ST/STM32_USB_Device_Library/Core/Src/usbd_ioreq.c **** * @param  buff: pointer to data buffer
 171:Middlewares/ST/STM32_USB_Device_Library/Core/Src/usbd_ioreq.c **** * @param  len: length of data to be received
 172:Middlewares/ST/STM32_USB_Device_Library/Core/Src/usbd_ioreq.c **** * @retval status
 173:Middlewares/ST/STM32_USB_Device_Library/Core/Src/usbd_ioreq.c **** */
 174:Middlewares/ST/STM32_USB_Device_Library/Core/Src/usbd_ioreq.c **** USBD_StatusTypeDef USBD_CtlContinueRx (USBD_HandleTypeDef *pdev, uint8_t *pbuf,
 175:Middlewares/ST/STM32_USB_Device_Library/Core/Src/usbd_ioreq.c ****                                        uint16_t len)
 176:Middlewares/ST/STM32_USB_Device_Library/Core/Src/usbd_ioreq.c **** {
 164              		.loc 1 176 1 is_stmt 1 view -0
 165              		.cfi_startproc
 166              		@ args = 0, pretend = 0, frame = 0
 167              		@ frame_needed = 0, uses_anonymous_args = 0
 168              		.loc 1 176 1 is_stmt 0 view .LVU34
 169 0000 08B5     		push	{r3, lr}
 170              	.LCFI3:
 171              		.cfi_def_cfa_offset 8
 172              		.cfi_offset 3, -8
 173              		.cfi_offset 14, -4
ARM GAS  /tmp/ccGD7s0N.s 			page 7


 177:Middlewares/ST/STM32_USB_Device_Library/Core/Src/usbd_ioreq.c ****   USBD_LL_PrepareReceive(pdev, 0U, pbuf, len);
 174              		.loc 1 177 3 is_stmt 1 view .LVU35
 175 0002 1346     		mov	r3, r2
 176 0004 0A46     		mov	r2, r1
 177              	.LVL13:
 178              		.loc 1 177 3 is_stmt 0 view .LVU36
 179 0006 0021     		movs	r1, #0
 180              	.LVL14:
 181              		.loc 1 177 3 view .LVU37
 182 0008 FFF7FEFF 		bl	USBD_LL_PrepareReceive
 183              	.LVL15:
 178:Middlewares/ST/STM32_USB_Device_Library/Core/Src/usbd_ioreq.c **** 
 179:Middlewares/ST/STM32_USB_Device_Library/Core/Src/usbd_ioreq.c ****   return USBD_OK;
 184              		.loc 1 179 3 is_stmt 1 view .LVU38
 180:Middlewares/ST/STM32_USB_Device_Library/Core/Src/usbd_ioreq.c **** }
 185              		.loc 1 180 1 is_stmt 0 view .LVU39
 186 000c 0020     		movs	r0, #0
 187 000e 08BD     		pop	{r3, pc}
 188              		.cfi_endproc
 189              	.LFE141:
 191              		.section	.text.USBD_CtlSendStatus,"ax",%progbits
 192              		.align	1
 193              		.global	USBD_CtlSendStatus
 194              		.syntax unified
 195              		.thumb
 196              		.thumb_func
 197              		.fpu fpv5-sp-d16
 199              	USBD_CtlSendStatus:
 200              	.LVL16:
 201              	.LFB142:
 181:Middlewares/ST/STM32_USB_Device_Library/Core/Src/usbd_ioreq.c **** 
 182:Middlewares/ST/STM32_USB_Device_Library/Core/Src/usbd_ioreq.c **** /**
 183:Middlewares/ST/STM32_USB_Device_Library/Core/Src/usbd_ioreq.c **** * @brief  USBD_CtlSendStatus
 184:Middlewares/ST/STM32_USB_Device_Library/Core/Src/usbd_ioreq.c **** *         send zero lzngth packet on the ctl pipe
 185:Middlewares/ST/STM32_USB_Device_Library/Core/Src/usbd_ioreq.c **** * @param  pdev: device instance
 186:Middlewares/ST/STM32_USB_Device_Library/Core/Src/usbd_ioreq.c **** * @retval status
 187:Middlewares/ST/STM32_USB_Device_Library/Core/Src/usbd_ioreq.c **** */
 188:Middlewares/ST/STM32_USB_Device_Library/Core/Src/usbd_ioreq.c **** USBD_StatusTypeDef USBD_CtlSendStatus (USBD_HandleTypeDef *pdev)
 189:Middlewares/ST/STM32_USB_Device_Library/Core/Src/usbd_ioreq.c **** {
 202              		.loc 1 189 1 is_stmt 1 view -0
 203              		.cfi_startproc
 204              		@ args = 0, pretend = 0, frame = 0
 205              		@ frame_needed = 0, uses_anonymous_args = 0
 206              		.loc 1 189 1 is_stmt 0 view .LVU41
 207 0000 08B5     		push	{r3, lr}
 208              	.LCFI4:
 209              		.cfi_def_cfa_offset 8
 210              		.cfi_offset 3, -8
 211              		.cfi_offset 14, -4
 190:Middlewares/ST/STM32_USB_Device_Library/Core/Src/usbd_ioreq.c ****   /* Set EP0 State */
 191:Middlewares/ST/STM32_USB_Device_Library/Core/Src/usbd_ioreq.c ****   pdev->ep0_state = USBD_EP0_STATUS_IN;
 212              		.loc 1 191 3 is_stmt 1 view .LVU42
 213              		.loc 1 191 19 is_stmt 0 view .LVU43
 214 0002 0423     		movs	r3, #4
 215 0004 C0F86C32 		str	r3, [r0, #620]
 192:Middlewares/ST/STM32_USB_Device_Library/Core/Src/usbd_ioreq.c **** 
 193:Middlewares/ST/STM32_USB_Device_Library/Core/Src/usbd_ioreq.c ****   /* Start the transfer */
ARM GAS  /tmp/ccGD7s0N.s 			page 8


 194:Middlewares/ST/STM32_USB_Device_Library/Core/Src/usbd_ioreq.c ****   USBD_LL_Transmit(pdev, 0x00U, NULL, 0U);
 216              		.loc 1 194 3 is_stmt 1 view .LVU44
 217 0008 0023     		movs	r3, #0
 218 000a 1A46     		mov	r2, r3
 219 000c 1946     		mov	r1, r3
 220 000e FFF7FEFF 		bl	USBD_LL_Transmit
 221              	.LVL17:
 195:Middlewares/ST/STM32_USB_Device_Library/Core/Src/usbd_ioreq.c **** 
 196:Middlewares/ST/STM32_USB_Device_Library/Core/Src/usbd_ioreq.c ****   return USBD_OK;
 222              		.loc 1 196 3 view .LVU45
 197:Middlewares/ST/STM32_USB_Device_Library/Core/Src/usbd_ioreq.c **** }
 223              		.loc 1 197 1 is_stmt 0 view .LVU46
 224 0012 0020     		movs	r0, #0
 225 0014 08BD     		pop	{r3, pc}
 226              		.cfi_endproc
 227              	.LFE142:
 229              		.section	.text.USBD_CtlReceiveStatus,"ax",%progbits
 230              		.align	1
 231              		.global	USBD_CtlReceiveStatus
 232              		.syntax unified
 233              		.thumb
 234              		.thumb_func
 235              		.fpu fpv5-sp-d16
 237              	USBD_CtlReceiveStatus:
 238              	.LVL18:
 239              	.LFB143:
 198:Middlewares/ST/STM32_USB_Device_Library/Core/Src/usbd_ioreq.c **** 
 199:Middlewares/ST/STM32_USB_Device_Library/Core/Src/usbd_ioreq.c **** /**
 200:Middlewares/ST/STM32_USB_Device_Library/Core/Src/usbd_ioreq.c **** * @brief  USBD_CtlReceiveStatus
 201:Middlewares/ST/STM32_USB_Device_Library/Core/Src/usbd_ioreq.c **** *         receive zero lzngth packet on the ctl pipe
 202:Middlewares/ST/STM32_USB_Device_Library/Core/Src/usbd_ioreq.c **** * @param  pdev: device instance
 203:Middlewares/ST/STM32_USB_Device_Library/Core/Src/usbd_ioreq.c **** * @retval status
 204:Middlewares/ST/STM32_USB_Device_Library/Core/Src/usbd_ioreq.c **** */
 205:Middlewares/ST/STM32_USB_Device_Library/Core/Src/usbd_ioreq.c **** USBD_StatusTypeDef USBD_CtlReceiveStatus (USBD_HandleTypeDef *pdev)
 206:Middlewares/ST/STM32_USB_Device_Library/Core/Src/usbd_ioreq.c **** {
 240              		.loc 1 206 1 is_stmt 1 view -0
 241              		.cfi_startproc
 242              		@ args = 0, pretend = 0, frame = 0
 243              		@ frame_needed = 0, uses_anonymous_args = 0
 244              		.loc 1 206 1 is_stmt 0 view .LVU48
 245 0000 08B5     		push	{r3, lr}
 246              	.LCFI5:
 247              		.cfi_def_cfa_offset 8
 248              		.cfi_offset 3, -8
 249              		.cfi_offset 14, -4
 207:Middlewares/ST/STM32_USB_Device_Library/Core/Src/usbd_ioreq.c ****   /* Set EP0 State */
 208:Middlewares/ST/STM32_USB_Device_Library/Core/Src/usbd_ioreq.c ****   pdev->ep0_state = USBD_EP0_STATUS_OUT;
 250              		.loc 1 208 3 is_stmt 1 view .LVU49
 251              		.loc 1 208 19 is_stmt 0 view .LVU50
 252 0002 0523     		movs	r3, #5
 253 0004 C0F86C32 		str	r3, [r0, #620]
 209:Middlewares/ST/STM32_USB_Device_Library/Core/Src/usbd_ioreq.c **** 
 210:Middlewares/ST/STM32_USB_Device_Library/Core/Src/usbd_ioreq.c ****  /* Start the transfer */
 211:Middlewares/ST/STM32_USB_Device_Library/Core/Src/usbd_ioreq.c ****   USBD_LL_PrepareReceive (pdev, 0U, NULL, 0U);
 254              		.loc 1 211 3 is_stmt 1 view .LVU51
 255 0008 0023     		movs	r3, #0
 256 000a 1A46     		mov	r2, r3
ARM GAS  /tmp/ccGD7s0N.s 			page 9


 257 000c 1946     		mov	r1, r3
 258 000e FFF7FEFF 		bl	USBD_LL_PrepareReceive
 259              	.LVL19:
 212:Middlewares/ST/STM32_USB_Device_Library/Core/Src/usbd_ioreq.c **** 
 213:Middlewares/ST/STM32_USB_Device_Library/Core/Src/usbd_ioreq.c ****   return USBD_OK;
 260              		.loc 1 213 3 view .LVU52
 214:Middlewares/ST/STM32_USB_Device_Library/Core/Src/usbd_ioreq.c **** }
 261              		.loc 1 214 1 is_stmt 0 view .LVU53
 262 0012 0020     		movs	r0, #0
 263 0014 08BD     		pop	{r3, pc}
 264              		.cfi_endproc
 265              	.LFE143:
 267              		.section	.text.USBD_GetRxCount,"ax",%progbits
 268              		.align	1
 269              		.global	USBD_GetRxCount
 270              		.syntax unified
 271              		.thumb
 272              		.thumb_func
 273              		.fpu fpv5-sp-d16
 275              	USBD_GetRxCount:
 276              	.LVL20:
 277              	.LFB144:
 215:Middlewares/ST/STM32_USB_Device_Library/Core/Src/usbd_ioreq.c **** 
 216:Middlewares/ST/STM32_USB_Device_Library/Core/Src/usbd_ioreq.c **** /**
 217:Middlewares/ST/STM32_USB_Device_Library/Core/Src/usbd_ioreq.c **** * @brief  USBD_GetRxCount
 218:Middlewares/ST/STM32_USB_Device_Library/Core/Src/usbd_ioreq.c **** *         returns the received data length
 219:Middlewares/ST/STM32_USB_Device_Library/Core/Src/usbd_ioreq.c **** * @param  pdev: device instance
 220:Middlewares/ST/STM32_USB_Device_Library/Core/Src/usbd_ioreq.c **** * @param  ep_addr: endpoint address
 221:Middlewares/ST/STM32_USB_Device_Library/Core/Src/usbd_ioreq.c **** * @retval Rx Data blength
 222:Middlewares/ST/STM32_USB_Device_Library/Core/Src/usbd_ioreq.c **** */
 223:Middlewares/ST/STM32_USB_Device_Library/Core/Src/usbd_ioreq.c **** uint32_t USBD_GetRxCount (USBD_HandleTypeDef *pdev, uint8_t ep_addr)
 224:Middlewares/ST/STM32_USB_Device_Library/Core/Src/usbd_ioreq.c **** {
 278              		.loc 1 224 1 is_stmt 1 view -0
 279              		.cfi_startproc
 280              		@ args = 0, pretend = 0, frame = 0
 281              		@ frame_needed = 0, uses_anonymous_args = 0
 282              		.loc 1 224 1 is_stmt 0 view .LVU55
 283 0000 08B5     		push	{r3, lr}
 284              	.LCFI6:
 285              		.cfi_def_cfa_offset 8
 286              		.cfi_offset 3, -8
 287              		.cfi_offset 14, -4
 225:Middlewares/ST/STM32_USB_Device_Library/Core/Src/usbd_ioreq.c ****   return USBD_LL_GetRxDataSize(pdev, ep_addr);
 288              		.loc 1 225 3 is_stmt 1 view .LVU56
 289              		.loc 1 225 10 is_stmt 0 view .LVU57
 290 0002 FFF7FEFF 		bl	USBD_LL_GetRxDataSize
 291              	.LVL21:
 226:Middlewares/ST/STM32_USB_Device_Library/Core/Src/usbd_ioreq.c **** }
 292              		.loc 1 226 1 view .LVU58
 293 0006 08BD     		pop	{r3, pc}
 294              		.cfi_endproc
 295              	.LFE144:
 297              		.text
 298              	.Letext0:
 299              		.file 2 "/usr/arm-none-eabi/include/machine/_default_types.h"
 300              		.file 3 "/usr/arm-none-eabi/include/sys/lock.h"
 301              		.file 4 "/usr/arm-none-eabi/include/sys/_types.h"
ARM GAS  /tmp/ccGD7s0N.s 			page 10


 302              		.file 5 "/usr/lib/gcc/arm-none-eabi/8.3.0/include/stddef.h"
 303              		.file 6 "/usr/arm-none-eabi/include/sys/reent.h"
 304              		.file 7 "/usr/arm-none-eabi/include/sys/_stdint.h"
 305              		.file 8 "/usr/arm-none-eabi/include/stdlib.h"
 306              		.file 9 "Drivers/CMSIS/Include/core_cm7.h"
 307              		.file 10 "Drivers/CMSIS/Device/ST/STM32F7xx/Include/system_stm32f7xx.h"
 308              		.file 11 "Middlewares/ST/STM32_USB_Device_Library/Core/Inc/usbd_def.h"
 309              		.file 12 "Middlewares/ST/STM32_USB_Device_Library/Core/Inc/usbd_core.h"
ARM GAS  /tmp/ccGD7s0N.s 			page 11


DEFINED SYMBOLS
                            *ABS*:0000000000000000 usbd_ioreq.c
     /tmp/ccGD7s0N.s:18     .text.USBD_CtlSendData:0000000000000000 $t
     /tmp/ccGD7s0N.s:26     .text.USBD_CtlSendData:0000000000000000 USBD_CtlSendData
     /tmp/ccGD7s0N.s:68     .text.USBD_CtlContinueSendData:0000000000000000 $t
     /tmp/ccGD7s0N.s:75     .text.USBD_CtlContinueSendData:0000000000000000 USBD_CtlContinueSendData
     /tmp/ccGD7s0N.s:106    .text.USBD_CtlPrepareRx:0000000000000000 $t
     /tmp/ccGD7s0N.s:113    .text.USBD_CtlPrepareRx:0000000000000000 USBD_CtlPrepareRx
     /tmp/ccGD7s0N.s:154    .text.USBD_CtlContinueRx:0000000000000000 $t
     /tmp/ccGD7s0N.s:161    .text.USBD_CtlContinueRx:0000000000000000 USBD_CtlContinueRx
     /tmp/ccGD7s0N.s:192    .text.USBD_CtlSendStatus:0000000000000000 $t
     /tmp/ccGD7s0N.s:199    .text.USBD_CtlSendStatus:0000000000000000 USBD_CtlSendStatus
     /tmp/ccGD7s0N.s:230    .text.USBD_CtlReceiveStatus:0000000000000000 $t
     /tmp/ccGD7s0N.s:237    .text.USBD_CtlReceiveStatus:0000000000000000 USBD_CtlReceiveStatus
     /tmp/ccGD7s0N.s:268    .text.USBD_GetRxCount:0000000000000000 $t
     /tmp/ccGD7s0N.s:275    .text.USBD_GetRxCount:0000000000000000 USBD_GetRxCount

UNDEFINED SYMBOLS
USBD_LL_Transmit
USBD_LL_PrepareReceive
USBD_LL_GetRxDataSize
